parameters: n=7 l=3 k=1 p=5 q=2 m=9
TOTAL 1000 solutions found
SOLN: CORRECT | POS/NEG | INT/FRA | OBJ-SCORE | TRUE-ANS | ANS | INFIX | POSTFIX | TYPED-POSTFIX
EXPR: 0 | POS | INT | 0 | 100 | 60 | x=((39+41)-20) | x 39 41 + 20 - = | x:tree 39:tree 41:tree +:tree 20:tree -:tree =:tree
EXPR: 0 | POS | INT | 0 | 100 | 1600 | x=((39+41)*20) | x 39 41 + 20 * = | x:tree 39:tree 41:tree +:tree 20:tree *:tree =:tree
EXPR: 0 | POS | INT | 0 | 100 | 2379 | x=(39*(41+20)) | x 39 41 20 + * = | x:tree 39:tree 41:tree 20:tree +:tree *:tree =:tree
EXPR: 1 | POS | INT | 0 | 100 | 100 | x=(39+(41+20)) | x 39 41 20 + + = | x:tree 39:tree 41:tree 20:tree +:tree +:tree =:tree
EXPR: 0 | POS | INT | 0 | 100 | 819 | x=(39*(41-20)) | x 39 41 20 - * = | x:tree 39:tree 41:tree 20:tree -:tree *:tree =:tree
EXPR: 0 | POS | INT | 0 | 100 | 18 | x=(39-(41-20)) | x 39 41 20 - - = | x:tree 39:tree 41:tree 20:tree -:tree -:tree =:tree
EXPR: 0 | POS | INT | 0 | 100 | 1579 | x=((39*41)-20) | x 39 41 * 20 - = | x:tree 39:tree 41:tree *:tree 20:tree -:tree =:tree
EXPR: 0 | POS | INT | 0 | 100 | 60 | x=(39+(41-20)) | x 39 41 20 - + = | x:tree 39:tree 41:tree 20:tree -:tree +:tree =:tree
EXPR: 0 | POS | INT | 0 | 100 | 4 | x=((39+41)/20) | x 39 41 + 20 / = | x:tree 39:tree 41:tree +:tree 20:tree /:tree =:tree
EXPR: 0 | POS | INT | 0 | 100 | 859 | x=(39+(41*20)) | x 39 41 20 * + = | x:tree 39:tree 41:tree 20:tree *:tree +:tree =:tree
EXPR: 0 | POS | INT | 0 | 100 | 18 | x=((39-41)+20) | x 39 41 - 20 + = | x:tree 39:tree 41:tree -:tree 20:tree +:tree =:tree
EXPR: 0 | POS | INT | 0 | 100 | 60 | ((39+41)-20)=x | 39 41 + 20 - x = | 39:tree 41:tree +:tree 20:tree -:tree x:tree =:tree
EXPR: 1 | POS | INT | 0 | 100 | 100 | x=((39+41)+20) | x 39 41 + 20 + = | x:tree 39:tree 41:tree +:tree 20:tree +:tree =:tree
EXPR: 0 | POS | INT | 0 | 100 | 1619 | x=((39*41)+20) | x 39 41 * 20 + = | x:tree 39:tree 41:tree *:tree 20:tree +:tree =:tree
EXPR: 0 | POS | INT | 0 | 100 | 1579 | ((39*41)-20)=x | 39 41 * 20 - x = | 39:tree 41:tree *:tree 20:tree -:tree x:tree =:tree
EXPR: 0 | POS | INT | 0 | 100 | 18 | ((39-41)+20)=x | 39 41 - 20 + x = | 39:tree 41:tree -:tree 20:tree +:tree x:tree =:tree
EXPR: 1 | POS | INT | 0 | 100 | 100 | ((39+41)+20)=x | 39 41 + 20 + x = | 39:tree 41:tree +:tree 20:tree +:tree x:tree =:tree
EXPR: 0 | POS | INT | 0 | 100 | 1600 | ((39+41)*20)=x | 39 41 + 20 * x = | 39:tree 41:tree +:tree 20:tree *:tree x:tree =:tree
EXPR: 0 | POS | INT | 0 | 100 | 4 | ((39+41)/20)=x | 39 41 + 20 / x = | 39:tree 41:tree +:tree 20:tree /:tree x:tree =:tree
EXPR: 0 | POS | INT | 0 | 100 | 1619 | ((39*41)+20)=x | 39 41 * 20 + x = | 39:tree 41:tree *:tree 20:tree +:tree x:tree =:tree
EXPR: 0 | POS | INT | 0 | 100 | 60 | (39+(41-20))=x | 39 41 20 - + x = | 39:tree 41:tree 20:tree -:tree +:tree x:tree =:tree
EXPR: 0 | POS | INT | 0 | 100 | 819 | (39*(41-20))=x | 39 41 20 - * x = | 39:tree 41:tree 20:tree -:tree *:tree x:tree =:tree
EXPR: 0 | POS | INT | 0 | 100 | 18 | (39-(41-20))=x | 39 41 20 - - x = | 39:tree 41:tree 20:tree -:tree -:tree x:tree =:tree
EXPR: 0 | POS | INT | 0 | 100 | 859 | (39+(41*20))=x | 39 41 20 * + x = | 39:tree 41:tree 20:tree *:tree +:tree x:tree =:tree
EXPR: 0 | POS | INT | 0 | 100 | 2379 | (39*(41+20))=x | 39 41 20 + * x = | 39:tree 41:tree 20:tree +:tree *:tree x:tree =:tree
EXPR: 1 | POS | INT | 0 | 100 | 100 | (39+(41+20))=x | 39 41 20 + + x = | 39:tree 41:tree 20:tree +:tree +:tree x:tree =:tree
EXPR: 0 | POS | INT | 2 | 100 | 22 | 39=(41+(20-x)) | 39 41 20 x - + = | 39:tree 41:tree 20:tree x:tree -:tree +:tree =:tree
EXPR: 0 | POS | INT | 2 | 100 | 60 | x=(39-(20-41)) | x 39 20 41 - - = | x:tree 39:tree 20:tree 41:tree -:tree -:tree =:tree
EXPR: 0 | POS | INT | 2 | 100 | 2419 | x=((39+20)*41) | x 39 20 + 41 * = | x:tree 39:tree 20:tree +:tree 41:tree *:tree =:tree
EXPR: 0 | POS | INT | 2 | 100 | 739 | x=((39*20)-41) | x 39 20 * 41 - = | x:tree 39:tree 20:tree *:tree 41:tree -:tree =:tree
EXPR: 0 | POS | INT | 2 | 100 | 18 | x=((39+20)-41) | x 39 20 + 41 - = | x:tree 39:tree 20:tree +:tree 41:tree -:tree =:tree
EXPR: 0 | POS | INT | 2 | 100 | 18 | x=(39+(20-41)) | x 39 20 41 - + = | x:tree 39:tree 20:tree 41:tree -:tree +:tree =:tree
EXPR: 0 | POS | INT | 2 | 100 | 18 | 39=((41-20)+x) | 39 41 20 - x + = | 39:tree 41:tree 20:tree -:tree x:tree +:tree =:tree
EXPR: 0 | POS | INT | 2 | 100 | 779 | x=((39-20)*41) | x 39 20 - 41 * = | x:tree 39:tree 20:tree -:tree 41:tree *:tree =:tree
EXPR: 0 | POS | INT | 2 | 100 | 18 | ((39+20)-41)=x | 39 20 + 41 - x = | 39:tree 20:tree +:tree 41:tree -:tree x:tree =:tree
EXPR: 0 | POS | INT | 2 | 100 | 60 | ((39-20)+41)=x | 39 20 - 41 + x = | 39:tree 20:tree -:tree 41:tree +:tree x:tree =:tree
EXPR: 0 | POS | INT | 2 | 100 | 821 | x=((39*20)+41) | x 39 20 * 41 + = | x:tree 39:tree 20:tree *:tree 41:tree +:tree =:tree
EXPR: 0 | POS | INT | 2 | 100 | 779 | ((39-20)*41)=x | 39 20 - 41 * x = | 39:tree 20:tree -:tree 41:tree *:tree x:tree =:tree
EXPR: 1 | POS | INT | 2 | 100 | 100 | ((39+20)+41)=x | 39 20 + 41 + x = | 39:tree 20:tree +:tree 41:tree +:tree x:tree =:tree
EXPR: 0 | POS | INT | 2 | 100 | 60 | x=((39-20)+41) | x 39 20 - 41 + = | x:tree 39:tree 20:tree -:tree 41:tree +:tree =:tree
EXPR: 0 | POS | INT | 2 | 100 | 40 | ((41-39)*20)=x | 41 39 - 20 * x = | 41:tree 39:tree -:tree 20:tree *:tree x:tree =:tree
EXPR: 0 | POS | INT | 2 | 100 | 18 | 39=((x+41)-20) | 39 x 41 + 20 - = | 39:tree x:tree 41:tree +:tree 20:tree -:tree =:tree
EXPR: 0 | POS | INT | 2 | 100 | 2419 | ((39+20)*41)=x | 39 20 + 41 * x = | 39:tree 20:tree +:tree 41:tree *:tree x:tree =:tree
EXPR: 0 | POS | INT | 2 | 100 | 22 | ((41-39)+20)=x | 41 39 - 20 + x = | 41:tree 39:tree -:tree 20:tree +:tree x:tree =:tree
EXPR: 1 | POS | INT | 2 | 100 | 100 | x=((39+20)+41) | x 39 20 + 41 + = | x:tree 39:tree 20:tree +:tree 41:tree +:tree =:tree
EXPR: 0 | POS | INT | 2 | 100 | 821 | ((39*20)+41)=x | 39 20 * 41 + x = | 39:tree 20:tree *:tree 41:tree +:tree x:tree =:tree
EXPR: 0 | POS | INT | 2 | 100 | 739 | ((39*20)-41)=x | 39 20 * 41 - x = | 39:tree 20:tree *:tree 41:tree -:tree x:tree =:tree
EXPR: 0 | POS | INT | 2 | 100 | 60 | ((39-x)+41)=20 | 39 x - 41 + 20 = | 39:tree x:tree -:tree 41:tree +:tree 20:tree =:tree
EXPR: 0 | POS | INT | 2 | 100 | 22 | ((39+x)-41)=20 | 39 x + 41 - 20 = | 39:tree x:tree +:tree 41:tree -:tree 20:tree =:tree
EXPR: 0 | POS | INT | 2 | 100 | 781 | ((x+39)/41)=20 | x 39 + 41 / 20 = | x:tree 39:tree +:tree 41:tree /:tree 20:tree =:tree
EXPR: 0 | POS | INT | 2 | 100 | 60 | (41+(39-20))=x | 41 39 20 - + x = | 41:tree 39:tree 20:tree -:tree +:tree x:tree =:tree
EXPR: 0 | POS | INT | 2 | 100 | 22 | x=((41-39)+20) | x 41 39 - 20 + = | x:tree 41:tree 39:tree -:tree 20:tree +:tree =:tree
EXPR: 1 | POS | INT | 2 | 100 | 100 | (x-(39+41))=20 | x 39 41 + - 20 = | x:tree 39:tree 41:tree +:tree -:tree 20:tree =:tree
EXPR: 0 | POS | INT | 2 | 100 | 859 | ((x-39)/41)=20 | x 39 - 41 / 20 = | x:tree 39:tree -:tree 41:tree /:tree 20:tree =:tree
EXPR: 0 | POS | INT | 2 | 100 | 22 | (41-(39-20))=x | 41 39 20 - - x = | 41:tree 39:tree 20:tree -:tree -:tree x:tree =:tree
EXPR: 0 | POS | INT | 2 | 100 | 2419 | 39=((x/41)-20) | 39 x 41 / 20 - = | 39:tree x:tree 41:tree /:tree 20:tree -:tree =:tree
EXPR: 0 | POS | INT | 2 | 100 | 1619 | (x-(39*41))=20 | x 39 41 * - 20 = | x:tree 39:tree 41:tree *:tree -:tree 20:tree =:tree
EXPR: 0 | POS | INT | 2 | 100 | 22 | ((x+39)-41)=20 | x 39 + 41 - 20 = | x:tree 39:tree +:tree 41:tree -:tree 20:tree =:tree
EXPR: 0 | POS | INT | 2 | 100 | 739 | 39=((41+x)/20) | 39 41 x + 20 / = | 39:tree 41:tree x:tree +:tree 20:tree /:tree =:tree
EXPR: 1 | POS | INT | 2 | 100 | 100 | 39=((x-41)-20) | 39 x 41 - 20 - = | 39:tree x:tree 41:tree -:tree 20:tree -:tree =:tree
EXPR: 0 | POS | INT | 2 | 100 | 779 | (41*(39-20))=x | 41 39 20 - * x = | 41:tree 39:tree 20:tree -:tree *:tree x:tree =:tree
EXPR: 0 | POS | INT | 2 | 100 | 60 | (39-(20-41))=x | 39 20 41 - - x = | 39:tree 20:tree 41:tree -:tree -:tree x:tree =:tree
EXPR: 0 | POS | INT | 2 | 100 | 2379 | ((x/39)-41)=20 | x 39 / 41 - 20 = | x:tree 39:tree /:tree 41:tree -:tree 20:tree =:tree
EXPR: 1 | POS | INT | 2 | 100 | 100 | (41+(39+20))=x | 41 39 20 + + x = | 41:tree 39:tree 20:tree +:tree +:tree x:tree =:tree
EXPR: 1 | POS | INT | 2 | 100 | 100 | ((x-39)-41)=20 | x 39 - 41 - 20 = | x:tree 39:tree -:tree 41:tree -:tree 20:tree =:tree
EXPR: 0 | POS | INT | 2 | 100 | 40 | x=((41-39)*20) | x 41 39 - 20 * = | x:tree 41:tree 39:tree -:tree 20:tree *:tree =:tree
EXPR: 0 | POS | INT | 2 | 100 | 2419 | x=(41*(39+20)) | x 41 39 20 + * = | x:tree 41:tree 39:tree 20:tree +:tree *:tree =:tree
EXPR: 0 | POS | INT | 2 | 100 | 60 | ((39+41)-x)=20 | 39 41 + x - 20 = | 39:tree 41:tree +:tree x:tree -:tree 20:tree =:tree
EXPR: 0 | POS | INT | 2 | 100 | 821 | (41+(39*20))=x | 41 39 20 * + x = | 41:tree 39:tree 20:tree *:tree +:tree x:tree =:tree
EXPR: 0 | POS | INT | 2 | 100 | 18 | 39=(41-(20-x)) | 39 41 20 x - - = | 39:tree 41:tree 20:tree x:tree -:tree -:tree =:tree
EXPR: 0 | POS | INT | 2 | 100 | 22 | ((39-41)+x)=20 | 39 41 - x + 20 = | 39:tree 41:tree -:tree x:tree +:tree 20:tree =:tree
EXPR: 0 | POS | INT | 2 | 100 | 60 | (39-(x-41))=20 | 39 x 41 - - 20 = | 39:tree x:tree 41:tree -:tree -:tree 20:tree =:tree
EXPR: 0 | POS | INT | 2 | 100 | 18 | 39=((41+x)-20) | 39 41 x + 20 - = | 39:tree 41:tree x:tree +:tree 20:tree -:tree =:tree
EXPR: 0 | POS | INT | 2 | 100 | 60 | 39=((x-41)+20) | 39 x 41 - 20 + = | 39:tree x:tree 41:tree -:tree 20:tree +:tree =:tree
EXPR: 0 | POS | INT | 2 | 100 | 1579 | ((39*41)-x)=20 | 39 41 * x - 20 = | 39:tree 41:tree *:tree x:tree -:tree 20:tree =:tree
EXPR: 0 | POS | INT | 2 | 100 | 779 | (39-(x/41))=20 | 39 x 41 / - 20 = | 39:tree x:tree 41:tree /:tree -:tree 20:tree =:tree
EXPR: 0 | POS | INT | 2 | 100 | 10 | 39=(41-(20/x)) | 39 41 20 x / - = | 39:tree 41:tree 20:tree x:tree /:tree -:tree =:tree
EXPR: 0 | POS | INT | 2 | 100 | 22 | 39=((41+20)-x) | 39 41 20 + x - = | 39:tree 41:tree 20:tree +:tree x:tree -:tree =:tree
EXPR: 0 | POS | INT | 2 | 100 | 18 | (39+(20-41))=x | 39 20 41 - + x = | 39:tree 20:tree 41:tree -:tree +:tree x:tree =:tree
EXPR: 1 | POS | INT | 2 | 100 | 100 | x=(41+(39+20)) | x 41 39 20 + + = | x:tree 41:tree 39:tree 20:tree +:tree +:tree =:tree
EXPR: 0 | POS | INT | 2 | 100 | 22 | x=(41-(39-20)) | x 41 39 20 - - = | x:tree 41:tree 39:tree 20:tree -:tree -:tree =:tree
EXPR: 0 | POS | INT | 2 | 100 | 18 | (x-(39-41))=20 | x 39 41 - - 20 = | x:tree 39:tree 41:tree -:tree -:tree 20:tree =:tree
EXPR: 0 | POS | INT | 2 | 100 | 22 | (x+(39-41))=20 | x 39 41 - + 20 = | x:tree 39:tree 41:tree -:tree +:tree 20:tree =:tree
EXPR: 0 | POS | INT | 2 | 100 | 821 | 39=((x-41)/20) | 39 x 41 - 20 / = | 39:tree x:tree 41:tree -:tree 20:tree /:tree =:tree
EXPR: 0 | POS | INT | 2 | 100 | 18 | ((x-39)+41)=20 | x 39 - 41 + 20 = | x:tree 39:tree -:tree 41:tree +:tree 20:tree =:tree
EXPR: 0 | POS | INT | 2 | 100 | 22 | (39+(x-41))=20 | 39 x 41 - + 20 = | 39:tree x:tree 41:tree -:tree +:tree 20:tree =:tree
EXPR: 0 | POS | INT | 2 | 100 | 22 | 39=((41-x)+20) | 39 41 x - 20 + = | 39:tree 41:tree x:tree -:tree 20:tree +:tree =:tree
EXPR: 0 | POS | INT | 2 | 100 | 18 | 39=(x+(41-20)) | 39 x 41 20 - + = | 39:tree x:tree 41:tree 20:tree -:tree +:tree =:tree
EXPR: 0 | POS | INT | 2 | 100 | 739 | 39=((x+41)/20) | 39 x 41 + 20 / = | 39:tree x:tree 41:tree +:tree 20:tree /:tree =:tree
EXPR: 0 | POS | INT | 2 | 100 | 2419 | (41*(39+20))=x | 41 39 20 + * x = | 41:tree 39:tree 20:tree +:tree *:tree x:tree =:tree
EXPR: 0 | POS | INT | 2 | 100 | 781 | 39=((41*20)-x) | 39 41 20 * x - = | 39:tree 41:tree 20:tree *:tree x:tree -:tree =:tree
EXPR: 1 | POS | INT | 2 | 100 | 100 | 39=(x-(41+20)) | 39 x 41 20 + - = | 39:tree x:tree 41:tree 20:tree +:tree -:tree =:tree
EXPR: 0 | POS | INT | 2 | 100 | 1600 | (x/(39+41))=20 | x 39 41 + / 20 = | x:tree 39:tree 41:tree +:tree /:tree 20:tree =:tree
EXPR: 0 | POS | INT | 2 | 100 | 781 | ((39+x)/41)=20 | 39 x + 41 / 20 = | 39:tree x:tree +:tree 41:tree /:tree 20:tree =:tree
EXPR: 0 | POS | INT | 2 | 100 | 859 | 39=(x-(41*20)) | 39 x 41 20 * - = | 39:tree x:tree 41:tree 20:tree *:tree -:tree =:tree
EXPR: 0 | POS | INT | 2 | 100 | 779 | x=(41*(39-20)) | x 41 39 20 - * = | x:tree 41:tree 39:tree 20:tree -:tree *:tree =:tree
EXPR: 0 | POS | INT | 2 | 100 | 4 | ((39+41)/x)=20 | 39 41 + x / 20 = | 39:tree 41:tree +:tree x:tree /:tree 20:tree =:tree
EXPR: 0 | POS | INT | 2 | 100 | 22 | (39-(41-x))=20 | 39 41 x - - 20 = | 39:tree 41:tree x:tree -:tree -:tree 20:tree =:tree
EXPR: 0 | POS | INT | 2 | 100 | 60 | x=(41+(39-20)) | x 41 39 20 - + = | x:tree 41:tree 39:tree 20:tree -:tree +:tree =:tree
EXPR: 0 | POS | INT | 2 | 100 | 60 | 39=(x-(41-20)) | 39 x 41 20 - - = | 39:tree x:tree 41:tree 20:tree -:tree -:tree =:tree
EXPR: 0 | POS | INT | 2 | 100 | 821 | x=(41+(39*20)) | x 41 39 20 * + = | x:tree 41:tree 39:tree 20:tree *:tree +:tree =:tree
EXPR: 0 | POS | INT | 2 | 100 | 18 | 39=(41+(x-20)) | 39 41 x 20 - + = | 39:tree 41:tree x:tree 20:tree -:tree +:tree =:tree
EXPR: 0 | POS | INT | 2 | 100 | 819 | 39=(x/(41-20)) | 39 x 41 20 - / = | 39:tree x:tree 41:tree 20:tree -:tree /:tree =:tree
EXPR: 0 | POS | INT | 2 | 100 | 60 | (39+(41-x))=20 | 39 41 x - + 20 = | 39:tree 41:tree x:tree -:tree +:tree 20:tree =:tree
EXPR: 0 | POS | INT | 2 | 100 | 779 | 39=((x/41)+20) | 39 x 41 / 20 + = | 39:tree x:tree 41:tree /:tree 20:tree +:tree =:tree
EXPR: 0 | POS | INT | 2 | 100 | 40 | 39=(41-(x/20)) | 39 41 x 20 / - = | 39:tree 41:tree x:tree 20:tree /:tree -:tree =:tree
EXPR: 0 | POS | INT | 2 | 100 | 22 | 39=(41-(x-20)) | 39 41 x 20 - - = | 39:tree 41:tree x:tree 20:tree -:tree -:tree =:tree
EXPR: 0 | POS | INT | 2 | 100 | 2379 | 39=(x/(41+20)) | 39 x 41 20 + / = | 39:tree x:tree 41:tree 20:tree +:tree /:tree =:tree
EXPR: 0 | POS | INT | 4 | 100 | 18 | 41=(39+(20-x)) | 41 39 20 x - + = | 41:tree 39:tree 20:tree x:tree -:tree +:tree =:tree
EXPR: 0 | POS | INT | 4 | 100 | 22 | 41=(x+(39-20)) | 41 x 39 20 - + = | 41:tree x:tree 39:tree 20:tree -:tree +:tree =:tree
EXPR: 0 | POS | INT | 4 | 100 | 781 | 41=((39+x)/20) | 41 39 x + 20 / = | 41:tree 39:tree x:tree +:tree 20:tree /:tree =:tree
EXPR: 0 | POS | INT | 4 | 100 | 22 | 41=((39+x)-20) | 41 39 x + 20 - = | 41:tree 39:tree x:tree +:tree 20:tree -:tree =:tree
EXPR: 0 | POS | INT | 4 | 100 | 18 | 41=((39+20)-x) | 41 39 20 + x - = | 41:tree 39:tree 20:tree +:tree x:tree -:tree =:tree
EXPR: 0 | POS | INT | 4 | 100 | 10 | (x*(41-39))=20 | x 41 39 - * 20 = | x:tree 41:tree 39:tree -:tree *:tree 20:tree =:tree
EXPR: 0 | POS | INT | 4 | 100 | 22 | (x-(41-39))=20 | x 41 39 - - 20 = | x:tree 41:tree 39:tree -:tree -:tree 20:tree =:tree
EXPR: 0 | POS | INT | 4 | 100 | 18 | (x+(41-39))=20 | x 41 39 - + 20 = | x:tree 41:tree 39:tree -:tree +:tree 20:tree =:tree
EXPR: 0 | POS | INT | 4 | 100 | 18 | ((39-x)+20)=41 | 39 x - 20 + 41 = | 39:tree x:tree -:tree 20:tree +:tree 41:tree =:tree
EXPR: 0 | POS | INT | 4 | 100 | 22 | ((39+x)-20)=41 | 39 x + 20 - 41 = | 39:tree x:tree +:tree 20:tree -:tree 41:tree =:tree
EXPR: 0 | POS | INT | 4 | 100 | 18 | 41=((39-x)+20) | 41 39 x - 20 + = | 41:tree 39:tree x:tree -:tree 20:tree +:tree =:tree
EXPR: 0 | POS | INT | 4 | 100 | 1600 | 39=((x/20)-41) | 39 x 20 / 41 - = | 39:tree x:tree 20:tree /:tree 41:tree -:tree =:tree
EXPR: 0 | POS | INT | 4 | 100 | 10 | ((41-39)*x)=20 | 41 39 - x * 20 = | 41:tree 39:tree -:tree x:tree *:tree 20:tree =:tree
EXPR: 0 | POS | INT | 4 | 100 | 821 | (x-(39*20))=41 | x 39 20 * - 41 = | x:tree 39:tree 20:tree *:tree -:tree 41:tree =:tree
EXPR: 0 | POS | INT | 4 | 100 | 1579 | 39=((20+x)/41) | 39 20 x + 41 / = | 39:tree 20:tree x:tree +:tree 41:tree /:tree =:tree
EXPR: 0 | POS | INT | 4 | 100 | 60 | (41-(x-39))=20 | 41 x 39 - - 20 = | 41:tree x:tree 39:tree -:tree -:tree 20:tree =:tree
EXPR: 1 | POS | INT | 4 | 100 | 100 | 39=((x-20)-41) | 39 x 20 - 41 - = | 39:tree x:tree 20:tree -:tree 41:tree -:tree =:tree
EXPR: 1 | POS | INT | 4 | 100 | 100 | (x-(39+20))=41 | x 39 20 + - 41 = | x:tree 39:tree 20:tree +:tree -:tree 41:tree =:tree
EXPR: 0 | POS | INT | 4 | 100 | 22 | 41=((x+39)-20) | 41 x 39 + 20 - = | 41:tree x:tree 39:tree +:tree 20:tree -:tree =:tree
EXPR: 0 | POS | INT | 4 | 100 | 10 | 41=(39+(20/x)) | 41 39 20 x / + = | 41:tree 39:tree 20:tree x:tree /:tree +:tree =:tree
EXPR: 0 | POS | INT | 4 | 100 | 819 | ((x/39)+20)=41 | x 39 / 20 + 41 = | x:tree 39:tree /:tree 20:tree +:tree 41:tree =:tree
EXPR: 1 | POS | INT | 4 | 100 | 100 | 41=((x-39)-20) | 41 x 39 - 20 - = | 41:tree x:tree 39:tree -:tree 20:tree -:tree =:tree
EXPR: 0 | POS | INT | 4 | 100 | 18 | ((39+20)-x)=41 | 39 20 + x - 41 = | 39:tree 20:tree +:tree x:tree -:tree 41:tree =:tree
EXPR: 0 | POS | INT | 4 | 100 | 2379 | 41=((x/39)-20) | 41 x 39 / 20 - = | 41:tree x:tree 39:tree /:tree 20:tree -:tree =:tree
EXPR: 0 | POS | INT | 4 | 100 | 2379 | ((x/39)-20)=41 | x 39 / 20 - 41 = | x:tree 39:tree /:tree 20:tree -:tree 41:tree =:tree
EXPR: 0 | POS | INT | 4 | 100 | 60 | 39=((20-41)+x) | 39 20 41 - x + = | 39:tree 20:tree 41:tree -:tree x:tree +:tree =:tree
EXPR: 0 | POS | INT | 4 | 100 | 22 | 41=(39-(20-x)) | 41 39 20 x - - = | 41:tree 39:tree 20:tree x:tree -:tree -:tree =:tree
EXPR: 0 | POS | INT | 4 | 100 | 18 | (39-(x-20))=41 | 39 x 20 - - 41 = | 39:tree x:tree 20:tree -:tree -:tree 41:tree =:tree
EXPR: 0 | POS | INT | 4 | 100 | 739 | ((x+41)/39)=20 | x 41 + 39 / 20 = | x:tree 41:tree +:tree 39:tree /:tree 20:tree =:tree
EXPR: 0 | POS | INT | 4 | 100 | 18 | 39=((x-20)+41) | 39 x 20 - 41 + = | 39:tree x:tree 20:tree -:tree 41:tree +:tree =:tree
EXPR: 0 | POS | INT | 4 | 100 | 60 | 39=((20+x)-41) | 39 20 x + 41 - = | 39:tree 20:tree x:tree +:tree 41:tree -:tree =:tree
EXPR: 0 | POS | INT | 4 | 100 | 819 | (41-(x/39))=20 | 41 x 39 / - 20 = | 41:tree x:tree 39:tree /:tree -:tree 20:tree =:tree
EXPR: 0 | POS | INT | 4 | 100 | 18 | ((x+41)-39)=20 | x 41 + 39 - 20 = | x:tree 41:tree +:tree 39:tree -:tree 20:tree =:tree
EXPR: 0 | POS | INT | 4 | 100 | 40 | (39+(x/20))=41 | 39 x 20 / + 41 = | 39:tree x:tree 20:tree /:tree +:tree 41:tree =:tree
EXPR: 0 | POS | INT | 4 | 100 | 22 | 41=((39-20)+x) | 41 39 20 - x + = | 41:tree 39:tree 20:tree -:tree x:tree +:tree =:tree
EXPR: 0 | POS | INT | 4 | 100 | 22 | ((39-20)+x)=41 | 39 20 - x + 41 = | 39:tree 20:tree -:tree x:tree +:tree 41:tree =:tree
EXPR: 0 | POS | INT | 4 | 100 | 60 | 39=((x+20)-41) | 39 x 20 + 41 - = | 39:tree x:tree 20:tree +:tree 41:tree -:tree =:tree
EXPR: 0 | POS | INT | 4 | 100 | 739 | ((39*20)-x)=41 | 39 20 * x - 41 = | 39:tree 20:tree *:tree x:tree -:tree 41:tree =:tree
EXPR: 0 | POS | INT | 4 | 100 | 4 | 39=((x*20)-41) | 39 x 20 * 41 - = | 39:tree x:tree 20:tree *:tree 41:tree -:tree =:tree
EXPR: 0 | POS | INT | 4 | 100 | 781 | ((39+x)/20)=41 | 39 x + 20 / 41 = | 39:tree x:tree +:tree 20:tree /:tree 41:tree =:tree
EXPR: 0 | POS | INT | 4 | 100 | 18 | ((41-39)+x)=20 | 41 39 - x + 20 = | 41:tree 39:tree -:tree x:tree +:tree 20:tree =:tree
EXPR: 0 | POS | INT | 4 | 100 | 18 | ((41+x)-39)=20 | 41 x + 39 - 20 = | 41:tree x:tree +:tree 39:tree -:tree 20:tree =:tree
EXPR: 0 | POS | INT | 4 | 100 | 18 | (41-(39-x))=20 | 41 39 x - - 20 = | 41:tree 39:tree x:tree -:tree -:tree 20:tree =:tree
EXPR: 0 | POS | INT | 4 | 100 | 821 | ((x-41)/39)=20 | x 41 - 39 / 20 = | x:tree 41:tree -:tree 39:tree /:tree 20:tree =:tree
EXPR: 0 | POS | INT | 4 | 100 | 60 | 41=((x-39)+20) | 41 x 39 - 20 + = | 41:tree x:tree 39:tree -:tree 20:tree +:tree =:tree
EXPR: 0 | POS | INT | 4 | 100 | 60 | (x-(39-20))=41 | x 39 20 - - 41 = | x:tree 39:tree 20:tree -:tree -:tree 41:tree =:tree
EXPR: 0 | POS | INT | 4 | 100 | 60 | ((41-x)+39)=20 | 41 x - 39 + 20 = | 41:tree x:tree -:tree 39:tree +:tree 20:tree =:tree
EXPR: 0 | POS | INT | 4 | 100 | 22 | ((x-41)+39)=20 | x 41 - 39 + 20 = | x:tree 41:tree -:tree 39:tree +:tree 20:tree =:tree
EXPR: 0 | POS | INT | 4 | 100 | 22 | (39+(x-20))=41 | 39 x 20 - + 41 = | 39:tree x:tree 20:tree -:tree +:tree 41:tree =:tree
EXPR: 0 | POS | INT | 4 | 100 | 10 | (39+(20/x))=41 | 39 20 x / + 41 = | 39:tree 20:tree x:tree /:tree +:tree 41:tree =:tree
EXPR: 0 | POS | INT | 4 | 100 | 22 | 39=((20-x)+41) | 39 20 x - 41 + = | 39:tree 20:tree x:tree -:tree 41:tree +:tree =:tree
EXPR: 0 | POS | INT | 4 | 100 | 22 | 39=(20+(41-x)) | 39 20 41 x - + = | 39:tree 20:tree 41:tree x:tree -:tree +:tree =:tree
EXPR: 0 | POS | INT | 4 | 100 | 1619 | 39=((x-20)/41) | 39 x 20 - 41 / = | 39:tree x:tree 20:tree -:tree 41:tree /:tree =:tree
EXPR: 0 | POS | INT | 4 | 100 | 22 | 41=(39+(x-20)) | 41 39 x 20 - + = | 41:tree 39:tree x:tree 20:tree -:tree +:tree =:tree
EXPR: 1 | POS | INT | 4 | 100 | 100 | ((x-41)-39)=20 | x 41 - 39 - 20 = | x:tree 41:tree -:tree 39:tree -:tree 20:tree =:tree
EXPR: 0 | POS | INT | 4 | 100 | 40 | 41=(39+(x/20)) | 41 39 x 20 / + = | 41:tree 39:tree x:tree 20:tree /:tree +:tree =:tree
EXPR: 0 | POS | INT | 4 | 100 | 781 | ((x+39)/20)=41 | x 39 + 20 / 41 = | x:tree 39:tree +:tree 20:tree /:tree 41:tree =:tree
EXPR: 0 | POS | INT | 4 | 100 | 739 | 41=((39*20)-x) | 41 39 20 * x - = | 41:tree 39:tree 20:tree *:tree x:tree -:tree =:tree
EXPR: 0 | POS | INT | 4 | 100 | 60 | (41+(39-x))=20 | 41 39 x - + 20 = | 41:tree 39:tree x:tree -:tree +:tree 20:tree =:tree
EXPR: 0 | POS | INT | 4 | 100 | 2419 | ((x/41)-39)=20 | x 41 / 39 - 20 = | x:tree 41:tree /:tree 39:tree -:tree 20:tree =:tree
EXPR: 0 | POS | INT | 4 | 100 | 2419 | (x/(39+20))=41 | x 39 20 + / 41 = | x:tree 39:tree 20:tree +:tree /:tree 41:tree =:tree
EXPR: 0 | POS | INT | 4 | 100 | 60 | 39=(x+(20-41)) | 39 x 20 41 - + = | 39:tree x:tree 20:tree 41:tree -:tree +:tree =:tree
EXPR: 0 | POS | INT | 4 | 100 | 779 | 41=(x/(39-20)) | 41 x 39 20 - / = | 41:tree x:tree 39:tree 20:tree -:tree /:tree =:tree
EXPR: 0 | POS | INT | 4 | 100 | 2419 | 41=(x/(39+20)) | 41 x 39 20 + / = | 41:tree x:tree 39:tree 20:tree +:tree /:tree =:tree
EXPR: 0 | POS | INT | 4 | 100 | 859 | 41=((x-39)/20) | 41 x 39 - 20 / = | 41:tree x:tree 39:tree -:tree 20:tree /:tree =:tree
EXPR: 0 | POS | INT | 4 | 100 | 1579 | 39=((x+20)/41) | 39 x 20 + 41 / = | 39:tree x:tree 20:tree +:tree 41:tree /:tree =:tree
EXPR: 0 | POS | INT | 4 | 100 | 4 | 39=((20*x)-41) | 39 20 x * 41 - = | 39:tree 20:tree x:tree *:tree 41:tree -:tree =:tree
EXPR: 0 | POS | INT | 4 | 100 | 60 | 39=(20-(41-x)) | 39 20 41 x - - = | 39:tree 20:tree 41:tree x:tree -:tree -:tree =:tree
EXPR: 0 | POS | INT | 4 | 100 | 60 | ((x-39)+20)=41 | x 39 - 20 + 41 = | x:tree 39:tree -:tree 20:tree +:tree 41:tree =:tree
EXPR: 0 | POS | INT | 4 | 100 | 779 | (x/(39-20))=41 | x 39 20 - / 41 = | x:tree 39:tree 20:tree -:tree /:tree 41:tree =:tree
EXPR: 0 | POS | INT | 4 | 100 | 859 | ((x-39)/20)=41 | x 39 - 20 / 41 = | x:tree 39:tree -:tree 20:tree /:tree 41:tree =:tree
EXPR: 0 | POS | INT | 4 | 100 | 22 | (x+(39-20))=41 | x 39 20 - + 41 = | x:tree 39:tree 20:tree -:tree +:tree 41:tree =:tree
EXPR: 0 | POS | INT | 4 | 100 | 821 | 41=(x-(39*20)) | 41 x 39 20 * - = | 41:tree x:tree 39:tree 20:tree *:tree -:tree =:tree
EXPR: 0 | POS | INT | 4 | 100 | 739 | ((41+x)/39)=20 | 41 x + 39 / 20 = | 41:tree x:tree +:tree 39:tree /:tree 20:tree =:tree
EXPR: 0 | POS | INT | 4 | 100 | 22 | (39-(20-x))=41 | 39 20 x - - 41 = | 39:tree 20:tree x:tree -:tree -:tree 41:tree =:tree
EXPR: 0 | POS | INT | 4 | 100 | 18 | 39=(x-(20-41)) | 39 x 20 41 - - = | 39:tree x:tree 20:tree 41:tree -:tree -:tree =:tree
EXPR: 0 | POS | INT | 4 | 100 | 60 | 39=(20+(x-41)) | 39 20 x 41 - + = | 39:tree 20:tree x:tree 41:tree -:tree +:tree =:tree
EXPR: 0 | POS | INT | 4 | 100 | 779 | 39=(20+(x/41)) | 39 20 x 41 / + = | 39:tree 20:tree x:tree 41:tree /:tree +:tree =:tree
EXPR: 0 | POS | INT | 4 | 100 | 60 | 41=(x-(39-20)) | 41 x 39 20 - - = | 41:tree x:tree 39:tree 20:tree -:tree -:tree =:tree
EXPR: 1 | POS | INT | 4 | 100 | 100 | 41=(x-(39+20)) | 41 x 39 20 + - = | 41:tree x:tree 39:tree 20:tree +:tree -:tree =:tree
EXPR: 0 | POS | INT | 4 | 100 | 781 | 41=((x+39)/20) | 41 x 39 + 20 / = | 41:tree x:tree 39:tree +:tree 20:tree /:tree =:tree
EXPR: 0 | POS | INT | 4 | 100 | 22 | 39=(20-(x-41)) | 39 20 x 41 - - = | 39:tree 20:tree x:tree 41:tree -:tree -:tree =:tree
EXPR: 0 | POS | INT | 4 | 100 | 40 | (x/(41-39))=20 | x 41 39 - / 20 = | x:tree 41:tree 39:tree -:tree /:tree 20:tree =:tree
EXPR: 0 | POS | INT | 4 | 100 | 18 | 41=(39-(x-20)) | 41 39 x 20 - - = | 41:tree 39:tree x:tree 20:tree -:tree -:tree =:tree
EXPR: 0 | POS | INT | 4 | 100 | 18 | (41+(x-39))=20 | 41 x 39 - + 20 = | 41:tree x:tree 39:tree -:tree +:tree 20:tree =:tree
EXPR: 0 | POS | INT | 4 | 100 | 22 | ((x+39)-20)=41 | x 39 + 20 - 41 = | x:tree 39:tree +:tree 20:tree -:tree 41:tree =:tree
EXPR: 0 | POS | INT | 4 | 100 | 18 | (39+(20-x))=41 | 39 20 x - + 41 = | 39:tree 20:tree x:tree -:tree +:tree 41:tree =:tree
EXPR: 0 | POS | INT | 4 | 100 | 819 | 41=((x/39)+20) | 41 x 39 / 20 + = | 41:tree x:tree 39:tree /:tree 20:tree +:tree =:tree
EXPR: 1 | POS | INT | 4 | 100 | 100 | ((x-39)-20)=41 | x 39 - 20 - 41 = | x:tree 39:tree -:tree 20:tree -:tree 41:tree =:tree
EXPR: 0 | POS | INT | 5 | 100 | 2379 | x=((41+20)*39) | x 41 20 + 39 * = | x:tree 41:tree 20:tree +:tree 39:tree *:tree =:tree
EXPR: 0 | POS | INT | 5 | 100 | 60 | x=(41-(20-39)) | x 41 20 39 - - = | x:tree 41:tree 20:tree 39:tree -:tree -:tree =:tree
EXPR: 0 | POS | INT | 5 | 100 | 781 | x=((41*20)-39) | x 41 20 * 39 - = | x:tree 41:tree 20:tree *:tree 39:tree -:tree =:tree
EXPR: 0 | POS | INT | 5 | 100 | 22 | x=(41+(20-39)) | x 41 20 39 - + = | x:tree 41:tree 20:tree 39:tree -:tree +:tree =:tree
EXPR: 0 | POS | INT | 5 | 100 | 22 | x=((41+20)-39) | x 41 20 + 39 - = | x:tree 41:tree 20:tree +:tree 39:tree -:tree =:tree
EXPR: 1 | POS | INT | 5 | 100 | 100 | x=((41+20)+39) | x 41 20 + 39 + = | x:tree 41:tree 20:tree +:tree 39:tree +:tree =:tree
EXPR: 0 | POS | INT | 5 | 100 | 819 | x=((41-20)*39) | x 41 20 - 39 * = | x:tree 41:tree 20:tree -:tree 39:tree *:tree =:tree
EXPR: 0 | POS | INT | 5 | 100 | 60 | x=((41-20)+39) | x 41 20 - 39 + = | x:tree 41:tree 20:tree -:tree 39:tree +:tree =:tree
EXPR: 0 | POS | INT | 5 | 100 | 859 | x=((41*20)+39) | x 41 20 * 39 + = | x:tree 41:tree 20:tree *:tree 39:tree +:tree =:tree
EXPR: 0 | POS | INT | 5 | 100 | 18 | (20+(39-41))=x | 20 39 41 - + x = | 20:tree 39:tree 41:tree -:tree +:tree x:tree =:tree
EXPR: 0 | POS | INT | 5 | 100 | 1600 | (20*(39+41))=x | 20 39 41 + * x = | 20:tree 39:tree 41:tree +:tree *:tree x:tree =:tree
EXPR: 0 | POS | INT | 5 | 100 | 1619 | (20+(39*41))=x | 20 39 41 * + x = | 20:tree 39:tree 41:tree *:tree +:tree x:tree =:tree
EXPR: 0 | POS | INT | 5 | 100 | 22 | x=((20-39)+41) | x 20 39 - 41 + = | x:tree 20:tree 39:tree -:tree 41:tree +:tree =:tree
EXPR: 1 | POS | INT | 5 | 100 | 100 | (20+(39+41))=x | 20 39 41 + + x = | 20:tree 39:tree 41:tree +:tree +:tree x:tree =:tree
EXPR: 0 | POS | INT | 5 | 100 | 22 | (20-(39-41))=x | 20 39 41 - - x = | 20:tree 39:tree 41:tree -:tree -:tree x:tree =:tree
EXPR: 0 | POS | INT | 5 | 100 | 1600 | x=(20*(39+41)) | x 20 39 41 + * = | x:tree 20:tree 39:tree 41:tree +:tree *:tree =:tree
EXPR: 0 | POS | INT | 5 | 100 | 60 | ((41-20)+39)=x | 41 20 - 39 + x = | 41:tree 20:tree -:tree 39:tree +:tree x:tree =:tree
EXPR: 1 | POS | INT | 5 | 100 | 100 | ((41+20)+39)=x | 41 20 + 39 + x = | 41:tree 20:tree +:tree 39:tree +:tree x:tree =:tree
EXPR: 0 | POS | INT | 5 | 100 | 2379 | ((41+20)*39)=x | 41 20 + 39 * x = | 41:tree 20:tree +:tree 39:tree *:tree x:tree =:tree
EXPR: 0 | POS | INT | 5 | 100 | 22 | ((20-39)+41)=x | 20 39 - 41 + x = | 20:tree 39:tree -:tree 41:tree +:tree x:tree =:tree
EXPR: 0 | POS | INT | 5 | 100 | 781 | ((41*20)-39)=x | 41 20 * 39 - x = | 41:tree 20:tree *:tree 39:tree -:tree x:tree =:tree
EXPR: 0 | POS | INT | 5 | 100 | 859 | ((41*20)+39)=x | 41 20 * 39 + x = | 41:tree 20:tree *:tree 39:tree +:tree x:tree =:tree
EXPR: 1 | POS | INT | 5 | 100 | 100 | x=(20+(39+41)) | x 20 39 41 + + = | x:tree 20:tree 39:tree 41:tree +:tree +:tree =:tree
EXPR: 0 | POS | INT | 5 | 100 | 22 | x=(20-(39-41)) | x 20 39 41 - - = | x:tree 20:tree 39:tree 41:tree -:tree -:tree =:tree
EXPR: 0 | POS | INT | 5 | 100 | 60 | (41-(20-39))=x | 41 20 39 - - x = | 41:tree 20:tree 39:tree -:tree -:tree x:tree =:tree
EXPR: 0 | POS | INT | 5 | 100 | 22 | (41+(20-39))=x | 41 20 39 - + x = | 41:tree 20:tree 39:tree -:tree +:tree x:tree =:tree
EXPR: 0 | POS | INT | 5 | 100 | 18 | x=(20+(39-41)) | x 20 39 41 - + = | x:tree 20:tree 39:tree 41:tree -:tree +:tree =:tree
EXPR: 0 | POS | INT | 5 | 100 | 1619 | x=(20+(39*41)) | x 20 39 41 * + = | x:tree 20:tree 39:tree 41:tree *:tree +:tree =:tree
EXPR: 0 | POS | INT | 5 | 100 | 22 | ((41+20)-39)=x | 41 20 + 39 - x = | 41:tree 20:tree +:tree 39:tree -:tree x:tree =:tree
EXPR: 0 | POS | INT | 5 | 100 | 819 | ((41-20)*39)=x | 41 20 - 39 * x = | 41:tree 20:tree -:tree 39:tree *:tree x:tree =:tree
EXPR: 0 | POS | INT | 7 | 100 | 10 | 41=((20/x)+39) | 41 20 x / 39 + = | 41:tree 20:tree x:tree /:tree 39:tree +:tree =:tree
EXPR: 0 | POS | INT | 7 | 100 | 60 | 41=((x+20)-39) | 41 x 20 + 39 - = | 41:tree x:tree 20:tree +:tree 39:tree -:tree =:tree
EXPR: 0 | POS | INT | 7 | 100 | 781 | 20=((39+x)/41) | 20 39 x + 41 / = | 20:tree 39:tree x:tree +:tree 41:tree /:tree =:tree
EXPR: 0 | POS | INT | 7 | 100 | 10 | x=(20/(41-39)) | x 20 41 39 - / = | x:tree 20:tree 41:tree 39:tree -:tree /:tree =:tree
EXPR: 0 | POS | INT | 7 | 100 | 22 | 20=((39+x)-41) | 20 39 x + 41 - = | 20:tree 39:tree x:tree +:tree 41:tree -:tree =:tree
EXPR: 0 | POS | INT | 7 | 100 | 60 | 20=(39+(41-x)) | 20 39 41 x - + = | 20:tree 39:tree 41:tree x:tree -:tree +:tree =:tree
EXPR: 0 | POS | INT | 7 | 100 | 4 | 20=((39+41)/x) | 20 39 41 + x / = | 20:tree 39:tree 41:tree +:tree x:tree /:tree =:tree
EXPR: 0 | POS | INT | 7 | 100 | 60 | 20=((39+41)-x) | 20 39 41 + x - = | 20:tree 39:tree 41:tree +:tree x:tree -:tree =:tree
EXPR: 0 | POS | INT | 7 | 100 | 4 | 41=((x*20)-39) | 41 x 20 * 39 - = | 41:tree x:tree 20:tree *:tree 39:tree -:tree =:tree
EXPR: 0 | POS | INT | 7 | 100 | 18 | (20-(41-39))=x | 20 41 39 - - x = | 20:tree 41:tree 39:tree -:tree -:tree x:tree =:tree
EXPR: 0 | POS | INT | 7 | 100 | 22 | (20+(41-39))=x | 20 41 39 - + x = | 20:tree 41:tree 39:tree -:tree +:tree x:tree =:tree
EXPR: 0 | POS | INT | 7 | 100 | 22 | (x-(20-39))=41 | x 20 39 - - 41 = | x:tree 20:tree 39:tree -:tree -:tree 41:tree =:tree
EXPR: 0 | POS | INT | 7 | 100 | 60 | (x+(20-39))=41 | x 20 39 - + 41 = | x:tree 20:tree 39:tree -:tree +:tree 41:tree =:tree
EXPR: 0 | POS | INT | 7 | 100 | 22 | ((41-x)+20)=39 | 41 x - 20 + 39 = | 41:tree x:tree -:tree 20:tree +:tree 39:tree =:tree
EXPR: 0 | POS | INT | 7 | 100 | 18 | ((41+x)-20)=39 | 41 x + 20 - 39 = | 41:tree x:tree +:tree 20:tree -:tree 39:tree =:tree
EXPR: 0 | POS | INT | 7 | 100 | 60 | 20=((39-x)+41) | 20 39 x - 41 + = | 20:tree 39:tree x:tree -:tree 41:tree +:tree =:tree
EXPR: 0 | POS | INT | 7 | 100 | 1600 | 41=((x/20)-39) | 41 x 20 / 39 - = | 41:tree x:tree 20:tree /:tree 39:tree -:tree =:tree
EXPR: 0 | POS | INT | 7 | 100 | 859 | (x-(41*20))=39 | x 41 20 * - 39 = | x:tree 41:tree 20:tree *:tree -:tree 39:tree =:tree
EXPR: 0 | POS | INT | 7 | 100 | 1579 | 41=((20+x)/39) | 41 20 x + 39 / = | 41:tree 20:tree x:tree +:tree 39:tree /:tree =:tree
EXPR: 0 | POS | INT | 7 | 100 | 18 | (20-(x-39))=41 | 20 x 39 - - 41 = | 20:tree x:tree 39:tree -:tree -:tree 41:tree =:tree
EXPR: 1 | POS | INT | 7 | 100 | 100 | 41=((x-20)-39) | 41 x 20 - 39 - = | 41:tree x:tree 20:tree -:tree 39:tree -:tree =:tree
EXPR: 0 | POS | INT | 7 | 100 | 22 | 20=((x+39)-41) | 20 x 39 + 41 - = | 20:tree x:tree 39:tree +:tree 41:tree -:tree =:tree
EXPR: 0 | POS | INT | 7 | 100 | 10 | (20/(41-39))=x | 20 41 39 - / x = | 20:tree 41:tree 39:tree -:tree /:tree x:tree =:tree
EXPR: 1 | POS | INT | 7 | 100 | 100 | 20=(x-(39+41)) | 20 x 39 41 + - = | 20:tree x:tree 39:tree 41:tree +:tree -:tree =:tree
EXPR: 0 | POS | INT | 7 | 100 | 779 | ((x/41)+20)=39 | x 41 / 20 + 39 = | x:tree 41:tree /:tree 20:tree +:tree 39:tree =:tree
EXPR: 1 | POS | INT | 7 | 100 | 100 | 20=((x-39)-41) | 20 x 39 - 41 - = | 20:tree x:tree 39:tree -:tree 41:tree -:tree =:tree
EXPR: 0 | POS | INT | 7 | 100 | 22 | ((41+20)-x)=39 | 41 20 + x - 39 = | 41:tree 20:tree +:tree x:tree -:tree 39:tree =:tree
EXPR: 0 | POS | INT | 7 | 100 | 4 | ((x*20)-39)=41 | x 20 * 39 - 41 = | x:tree 20:tree *:tree 39:tree -:tree 41:tree =:tree
EXPR: 0 | POS | INT | 7 | 100 | 2379 | 20=((x/39)-41) | 20 x 39 / 41 - = | 20:tree x:tree 39:tree /:tree 41:tree -:tree =:tree
EXPR: 0 | POS | INT | 7 | 100 | 2419 | ((x/41)-20)=39 | x 41 / 20 - 39 = | x:tree 41:tree /:tree 20:tree -:tree 39:tree =:tree
EXPR: 0 | POS | INT | 7 | 100 | 22 | 20=(39-(41-x)) | 20 39 41 x - - = | 20:tree 39:tree 41:tree x:tree -:tree -:tree =:tree
EXPR: 0 | POS | INT | 7 | 100 | 60 | 41=(x+(20-39)) | 41 x 20 39 - + = | 41:tree x:tree 20:tree 39:tree -:tree +:tree =:tree
EXPR: 0 | POS | INT | 7 | 100 | 40 | ((x/20)+39)=41 | x 20 / 39 + 41 = | x:tree 20:tree /:tree 39:tree +:tree 41:tree =:tree
EXPR: 0 | POS | INT | 7 | 100 | 18 | ((41-20)+x)=39 | 41 20 - x + 39 = | 41:tree 20:tree -:tree x:tree +:tree 39:tree =:tree
EXPR: 0 | POS | INT | 7 | 100 | 22 | (41-(x-20))=39 | 41 x 20 - - 39 = | 41:tree x:tree 20:tree -:tree -:tree 39:tree =:tree
EXPR: 0 | POS | INT | 7 | 100 | 1579 | ((x+20)/39)=41 | x 20 + 39 / 41 = | x:tree 20:tree +:tree 39:tree /:tree 41:tree =:tree
EXPR: 0 | POS | INT | 7 | 100 | 60 | 41=((20+x)-39) | 41 20 x + 39 - = | 41:tree 20:tree x:tree +:tree 39:tree -:tree =:tree
EXPR: 0 | POS | INT | 7 | 100 | 22 | 41=((x-20)+39) | 41 x 20 - 39 + = | 41:tree x:tree 20:tree -:tree 39:tree +:tree =:tree
EXPR: 0 | POS | INT | 7 | 100 | 781 | ((41*20)-x)=39 | 41 20 * x - 39 = | 41:tree 20:tree *:tree x:tree -:tree 39:tree =:tree
EXPR: 0 | POS | INT | 7 | 100 | 40 | (41-(x/20))=39 | 41 x 20 / - 39 = | 41:tree x:tree 20:tree /:tree -:tree 39:tree =:tree
EXPR: 0 | POS | INT | 7 | 100 | 18 | 20=(x-(39-41)) | 20 x 39 41 - - = | 20:tree x:tree 39:tree 41:tree -:tree -:tree =:tree
EXPR: 0 | POS | INT | 7 | 100 | 60 | ((x+20)-39)=41 | x 20 + 39 - 41 = | x:tree 20:tree +:tree 39:tree -:tree 41:tree =:tree
EXPR: 0 | POS | INT | 7 | 100 | 819 | (20+(x/39))=41 | 20 x 39 / + 41 = | 20:tree x:tree 39:tree /:tree +:tree 41:tree =:tree
EXPR: 0 | POS | INT | 7 | 100 | 22 | 41=(x-(20-39)) | 41 x 20 39 - - = | 41:tree x:tree 20:tree 39:tree -:tree -:tree =:tree
EXPR: 1 | POS | INT | 7 | 100 | 100 | (x-(41+20))=39 | x 41 20 + - 39 = | x:tree 41:tree 20:tree +:tree -:tree 39:tree =:tree
EXPR: 0 | POS | INT | 7 | 100 | 739 | ((41+x)/20)=39 | 41 x + 20 / 39 = | 41:tree x:tree +:tree 20:tree /:tree 39:tree =:tree
EXPR: 0 | POS | INT | 7 | 100 | 18 | ((20-41)+39)=x | 20 41 - 39 + x = | 20:tree 41:tree -:tree 39:tree +:tree x:tree =:tree
EXPR: 0 | POS | INT | 7 | 100 | 60 | ((20-39)+x)=41 | 20 39 - x + 41 = | 20:tree 39:tree -:tree x:tree +:tree 41:tree =:tree
EXPR: 0 | POS | INT | 7 | 100 | 60 | ((20+x)-39)=41 | 20 x + 39 - 41 = | 20:tree x:tree +:tree 39:tree -:tree 41:tree =:tree
EXPR: 0 | POS | INT | 7 | 100 | 60 | 41=((20-39)+x) | 41 20 39 - x + = | 41:tree 20:tree 39:tree -:tree x:tree +:tree =:tree
EXPR: 0 | POS | INT | 7 | 100 | 60 | (20-(39-x))=41 | 20 39 x - - 41 = | 20:tree 39:tree x:tree -:tree -:tree 41:tree =:tree
EXPR: 0 | POS | INT | 7 | 100 | 1619 | ((x-20)/39)=41 | x 20 - 39 / 41 = | x:tree 20:tree -:tree 39:tree /:tree 41:tree =:tree
EXPR: 0 | POS | INT | 7 | 100 | 10 | ((20/x)+39)=41 | 20 x / 39 + 41 = | 20:tree x:tree /:tree 39:tree +:tree 41:tree =:tree
EXPR: 0 | POS | INT | 7 | 100 | 18 | x=(20-(41-39)) | x 20 41 39 - - = | x:tree 20:tree 41:tree 39:tree -:tree -:tree =:tree
EXPR: 0 | POS | INT | 7 | 100 | 18 | 20=((x-39)+41) | 20 x 39 - 41 + = | 20:tree x:tree 39:tree -:tree 41:tree +:tree =:tree
EXPR: 0 | POS | INT | 7 | 100 | 60 | (x-(41-20))=39 | x 41 20 - - 39 = | x:tree 41:tree 20:tree -:tree -:tree 39:tree =:tree
EXPR: 0 | POS | INT | 7 | 100 | 18 | ((20-x)+39)=41 | 20 x - 39 + 41 = | 20:tree x:tree -:tree 39:tree +:tree 41:tree =:tree
EXPR: 0 | POS | INT | 7 | 100 | 1619 | 41=((x-20)/39) | 41 x 20 - 39 / = | 41:tree x:tree 20:tree -:tree 39:tree /:tree =:tree
EXPR: 0 | POS | INT | 7 | 100 | 18 | (41+(x-20))=39 | 41 x 20 - + 39 = | 41:tree x:tree 20:tree -:tree +:tree 39:tree =:tree
EXPR: 0 | POS | INT | 7 | 100 | 22 | 20=((39-41)+x) | 20 39 41 - x + = | 20:tree 39:tree 41:tree -:tree x:tree +:tree =:tree
EXPR: 0 | POS | INT | 7 | 100 | 18 | 41=((20-x)+39) | 41 20 x - 39 + = | 41:tree 20:tree x:tree -:tree 39:tree +:tree =:tree
EXPR: 0 | POS | INT | 7 | 100 | 10 | (41-(20/x))=39 | 41 20 x / - 39 = | 41:tree 20:tree x:tree /:tree -:tree 39:tree =:tree
EXPR: 0 | POS | INT | 7 | 100 | 1579 | 41=((x+20)/39) | 41 x 20 + 39 / = | 41:tree x:tree 20:tree +:tree 39:tree /:tree =:tree
EXPR: 0 | POS | INT | 7 | 100 | 22 | 20=(x+(39-41)) | 20 x 39 41 - + = | 20:tree x:tree 39:tree 41:tree -:tree +:tree =:tree
EXPR: 0 | POS | INT | 7 | 100 | 22 | 20=(39+(x-41)) | 20 39 x 41 - + = | 20:tree 39:tree x:tree 41:tree -:tree +:tree =:tree
EXPR: 1 | POS | INT | 7 | 100 | 100 | ((x-20)-39)=41 | x 20 - 39 - 41 = | x:tree 20:tree -:tree 39:tree -:tree 41:tree =:tree
EXPR: 0 | POS | INT | 7 | 100 | 739 | ((x+41)/20)=39 | x 41 + 20 / 39 = | x:tree 41:tree +:tree 20:tree /:tree 39:tree =:tree
EXPR: 0 | POS | INT | 7 | 100 | 4 | 41=((20*x)-39) | 41 20 x * 39 - = | 41:tree 20:tree x:tree *:tree 39:tree -:tree =:tree
EXPR: 0 | POS | INT | 7 | 100 | 18 | (20+(39-x))=41 | 20 39 x - + 41 = | 20:tree 39:tree x:tree -:tree +:tree 41:tree =:tree
EXPR: 0 | POS | INT | 7 | 100 | 22 | ((x-20)+39)=41 | x 20 - 39 + 41 = | x:tree 20:tree -:tree 39:tree +:tree 41:tree =:tree
EXPR: 0 | POS | INT | 7 | 100 | 779 | 20=(39-(x/41)) | 20 39 x 41 / - = | 20:tree 39:tree x:tree 41:tree /:tree -:tree =:tree
EXPR: 0 | POS | INT | 7 | 100 | 1619 | 20=(x-(39*41)) | 20 x 39 41 * - = | 20:tree x:tree 39:tree 41:tree *:tree -:tree =:tree
EXPR: 0 | POS | INT | 7 | 100 | 2379 | (x/(41+20))=39 | x 41 20 + / 39 = | x:tree 41:tree 20:tree +:tree /:tree 39:tree =:tree
NET 300 unique, non-negative, integer-valued solutions found out of 1000 total solutions
