parameters: n=9 l=4 k=1 p=5 q=1 m=10
TOTAL 1000 solutions found
SOLN: CORRECT | POS/NEG | INT/FRA | OBJ-SCORE | TRUE-ANS | ANS | INFIX | POSTFIX | TYPED-POSTFIX
EXPR: 1 | POS | FRA | 0 | 6.65 | 6.65 | x=((0.15+1.3)+(0.7+4.5)) | x 0.15 1.3 + 0.7 4.5 + + = | x:money 0.15:money 1.3:money +:money 0.7:money 4.5:money +:money +:money =:money
EXPR: 0 | POS | FRA | 0 | 6.65 | 2.85714285714286 | (((0.15-1.3)/0.7)+4.5)=x | 0.15 1.3 - 0.7 / 4.5 + x = | 0.15:money 1.3:money -:money 0.7:money /:money 4.5:money +:money x:money =:money
EXPR: 0 | POS | FRA | 0 | 6.65 | 1.014 | x=((0.15*1.3)*(0.7+4.5)) | x 0.15 1.3 * 0.7 4.5 + * = | x:money 0.15:money 1.3:money *:money 0.7:money 4.5:money +:money *:money =:money
EXPR: 0 | POS | FRA | 0 | 6.65 | 0.0375 | x=((0.15*1.3)/(0.7+4.5)) | x 0.15 1.3 * 0.7 4.5 + / = | x:money 0.15:money 1.3:money *:money 0.7:money 4.5:money +:money /:money =:money
EXPR: 0 | POS | FRA | 0 | 6.65 | 5.395 | x=((0.15*1.3)+(0.7+4.5)) | x 0.15 1.3 * 0.7 4.5 + + = | x:money 0.15:money 1.3:money *:money 0.7:money 4.5:money +:money +:money =:money
EXPR: 0 | POS | FRA | 0 | 6.65 | 0.166666666666667 | (((0.15+1.3)-0.7)/4.5)=x | 0.15 1.3 + 0.7 - 4.5 / x = | 0.15:money 1.3:money +:money 0.7:money -:money 4.5:money /:money x:money =:money
EXPR: 0 | POS | FRA | 0 | 6.65 | 0.198888888888889 | (((0.15*1.3)+0.7)/4.5)=x | 0.15 1.3 * 0.7 + 4.5 / x = | 0.15:money 1.3:money *:money 0.7:money +:money 4.5:money /:money x:money =:money
EXPR: 0 | POS | FRA | 0 | 6.65 | 3.375 | (((0.15+1.3)-0.7)*4.5)=x | 0.15 1.3 + 0.7 - 4.5 * x = | 0.15:money 1.3:money +:money 0.7:money -:money 4.5:money *:money x:money =:money
EXPR: 0 | POS | FRA | 0 | 6.65 | 0.8115 | x=(0.15*((1.3*0.7)+4.5)) | x 0.15 1.3 0.7 * 4.5 + * = | x:money 0.15:money 1.3:money 0.7:money *:money 4.5:money +:money *:money =:money
EXPR: 0 | POS | FRA | 0 | 6.65 | 4.0275 | (((0.15*1.3)+0.7)*4.5)=x | 0.15 1.3 * 0.7 + 4.5 * x = | 0.15:money 1.3:money *:money 0.7:money +:money 4.5:money *:money x:money =:money
EXPR: 0 | POS | FRA | 0 | 6.65 | 3.345 | x=((0.15*1.3)+(0.7*4.5)) | x 0.15 1.3 * 0.7 4.5 * + = | x:money 0.15:money 1.3:money *:money 0.7:money 4.5:money *:money +:money =:money
EXPR: 0 | POS | FRA | 0 | 6.65 | 0.181196581196581 | (((0.15/1.3)+0.7)/4.5)=x | 0.15 1.3 / 0.7 + 4.5 / x = | 0.15:money 1.3:money /:money 0.7:money +:money 4.5:money /:money x:money =:money
EXPR: 0 | POS | FRA | 0 | 6.65 | 3.66923076923077 | (((0.15/1.3)+0.7)*4.5)=x | 0.15 1.3 / 0.7 + 4.5 * x = | 0.15:money 1.3:money /:money 0.7:money +:money 4.5:money *:money x:money =:money
EXPR: 0 | POS | FRA | 0 | 6.65 | 0.0277264325323475 | x=(0.15/((1.3*0.7)+4.5)) | x 0.15 1.3 0.7 * 4.5 + / = | x:money 0.15:money 1.3:money 0.7:money *:money 4.5:money +:money /:money =:money
EXPR: 0 | POS | FRA | 0 | 6.65 | 9.675 | (((0.15+1.3)+0.7)*4.5)=x | 0.15 1.3 + 0.7 + 4.5 * x = | 0.15:money 1.3:money +:money 0.7:money +:money 4.5:money *:money x:money =:money
EXPR: 0 | POS | FRA | 0 | 6.65 | 4.8 | ((0.15*(1.3+0.7))+4.5)=x | 0.15 1.3 0.7 + * 4.5 + x = | 0.15:money 1.3:money 0.7:money +:money *:money 4.5:money +:money x:money =:money
EXPR: 0 | POS | FRA | 0 | 6.65 | 5.56 | x=(0.15+((1.3*0.7)+4.5)) | x 0.15 1.3 0.7 * 4.5 + + = | x:money 0.15:money 1.3:money 0.7:money *:money 4.5:money +:money +:money =:money
EXPR: 0 | POS | FRA | 0 | 6.65 | 0.477777777777778 | (((0.15+1.3)+0.7)/4.5)=x | 0.15 1.3 + 0.7 + 4.5 / x = | 0.15:money 1.3:money +:money 0.7:money +:money 4.5:money /:money x:money =:money
EXPR: 0 | POS | FRA | 0 | 6.65 | 0.350555555555556 | x=((0.15*1.3)+(0.7/4.5)) | x 0.15 1.3 * 0.7 4.5 / + = | x:money 0.15:money 1.3:money *:money 0.7:money 4.5:money /:money +:money =:money
EXPR: 1 | POS | FRA | 0 | 6.65 | 6.65 | ((0.15+1.3)+(0.7+4.5))=x | 0.15 1.3 + 0.7 4.5 + + x = | 0.15:money 1.3:money +:money 0.7:money 4.5:money +:money +:money x:money =:money
EXPR: 0 | POS | FRA | 0 | 6.65 | 4.59 | ((0.15*(1.3-0.7))+4.5)=x | 0.15 1.3 0.7 - * 4.5 + x = | 0.15:money 1.3:money 0.7:money -:money *:money 4.5:money +:money x:money =:money
EXPR: 0 | POS | FRA | 0 | 6.65 | 5.25 | (0.15+(1.3-(0.7-4.5)))=x | 0.15 1.3 0.7 4.5 - - + x = | 0.15:money 1.3:money 0.7:money 4.5:money -:money -:money +:money x:money =:money
EXPR: 1 | POS | FRA | 0 | 6.65 | 6.65 | (((0.15+1.3)+0.7)+4.5)=x | 0.15 1.3 + 0.7 + 4.5 + x = | 0.15:money 1.3:money +:money 0.7:money +:money 4.5:money +:money x:money =:money
EXPR: 1 | POS | FRA | 0 | 6.65 | 6.65 | (0.15+(1.3+(0.7+4.5)))=x | 0.15 1.3 0.7 4.5 + + + x = | 0.15:money 1.3:money 0.7:money 4.5:money +:money +:money +:money x:money =:money
EXPR: 0 | POS | FRA | 0 | 6.65 | 6.50714285714286 | ((0.15+(1.3/0.7))+4.5)=x | 0.15 1.3 0.7 / + 4.5 + x = | 0.15:money 1.3:money 0.7:money /:money +:money 4.5:money +:money x:money =:money
EXPR: 0 | POS | FRA | 0 | 6.65 | 3.375 | ((0.15+(1.3-0.7))*4.5)=x | 0.15 1.3 0.7 - + 4.5 * x = | 0.15:money 1.3:money 0.7:money -:money +:money 4.5:money *:money x:money =:money
EXPR: 0 | POS | FRA | 0 | 6.65 | 1.60555555555556 | ((0.15+1.3)+(0.7/4.5))=x | 0.15 1.3 + 0.7 4.5 / + x = | 0.15:money 1.3:money +:money 0.7:money 4.5:money /:money +:money x:money =:money
EXPR: 0 | POS | FRA | 0 | 6.65 | 4.05 | (0.15-(1.3-(0.7+4.5)))=x | 0.15 1.3 0.7 4.5 + - - x = | 0.15:money 1.3:money 0.7:money 4.5:money +:money -:money -:money x:money =:money
EXPR: 0 | POS | FRA | 0 | 6.65 | 0.270940170940171 | ((0.15/1.3)+(0.7/4.5))=x | 0.15 1.3 / 0.7 4.5 / + x = | 0.15:money 1.3:money /:money 0.7:money 4.5:money /:money +:money x:money =:money
EXPR: 0 | POS | FRA | 0 | 6.65 | 9.03214285714286 | ((0.15+(1.3/0.7))*4.5)=x | 0.15 1.3 0.7 / + 4.5 * x = | 0.15:money 1.3:money 0.7:money /:money +:money 4.5:money *:money x:money =:money
EXPR: 0 | POS | FRA | 0 | 6.65 | 0.278846153846154 | ((0.15+1.3)/(0.7+4.5))=x | 0.15 1.3 + 0.7 4.5 + / x = | 0.15:money 1.3:money +:money 0.7:money 4.5:money +:money /:money x:money =:money
EXPR: 0 | POS | FRA | 0 | 6.65 | 0.953571428571429 | x=(0.15*((1.3/0.7)+4.5)) | x 0.15 1.3 0.7 / 4.5 + * = | x:money 0.15:money 1.3:money 0.7:money /:money 4.5:money +:money *:money =:money
EXPR: 0 | POS | FRA | 0 | 6.65 | 0.350555555555556 | ((0.15*1.3)+(0.7/4.5))=x | 0.15 1.3 * 0.7 4.5 / + x = | 0.15:money 1.3:money *:money 0.7:money 4.5:money /:money +:money x:money =:money
EXPR: 0 | POS | FRA | 0 | 6.65 | 0.0235955056179775 | x=(0.15/((1.3/0.7)+4.5)) | x 0.15 1.3 0.7 / 4.5 + / = | x:money 0.15:money 1.3:money 0.7:money /:money 4.5:money +:money /:money =:money
EXPR: 0 | POS | FRA | 0 | 6.65 | 4.05 | x=(0.15-((1.3-0.7)-4.5)) | x 0.15 1.3 0.7 - 4.5 - - = | x:money 0.15:money 1.3:money 0.7:money -:money 4.5:money -:money -:money =:money
EXPR: 0 | POS | FRA | 0 | 6.65 | 1.014 | ((0.15*1.3)*(0.7+4.5))=x | 0.15 1.3 * 0.7 4.5 + * x = | 0.15:money 1.3:money *:money 0.7:money 4.5:money +:money *:money x:money =:money
EXPR: 0 | POS | FRA | 0 | 6.65 | 2.65 | x=(0.15-((1.3+0.7)-4.5)) | x 0.15 1.3 0.7 + 4.5 - - = | x:money 0.15:money 1.3:money 0.7:money +:money 4.5:money -:money -:money =:money
EXPR: 0 | POS | FRA | 0 | 6.65 | 0.022189349112426 | ((0.15/1.3)/(0.7+4.5))=x | 0.15 1.3 / 0.7 4.5 + / x = | 0.15:money 1.3:money /:money 0.7:money 4.5:money +:money /:money x:money =:money
EXPR: 0 | POS | FRA | 0 | 6.65 | 5.31538461538462 | ((0.15/1.3)+(0.7+4.5))=x | 0.15 1.3 / 0.7 4.5 + + x = | 0.15:money 1.3:money /:money 0.7:money 4.5:money +:money +:money x:money =:money
EXPR: 0 | POS | FRA | 0 | 6.65 | 0.975 | (0.15*(1.3+(0.7+4.5)))=x | 0.15 1.3 0.7 4.5 + + * x = | 0.15:money 1.3:money 0.7:money 4.5:money +:money +:money *:money x:money =:money
EXPR: 0 | POS | FRA | 0 | 6.65 | 2.65 | (0.15-(1.3+(0.7-4.5)))=x | 0.15 1.3 0.7 4.5 - + - x = | 0.15:money 1.3:money 0.7:money 4.5:money -:money +:money -:money x:money =:money
EXPR: 0 | POS | FRA | 0 | 6.65 | 0.765 | (0.15*(1.3-(0.7-4.5)))=x | 0.15 1.3 0.7 4.5 - - * x = | 0.15:money 1.3:money 0.7:money 4.5:money -:money -:money *:money x:money =:money
EXPR: 0 | POS | FRA | 0 | 6.65 | 0.0394444444444444 | x=((0.15*1.3)-(0.7/4.5)) | x 0.15 1.3 * 0.7 4.5 / - = | x:money 0.15:money 1.3:money *:money 0.7:money 4.5:money /:money -:money =:money
EXPR: 0 | POS | FRA | 0 | 6.65 | 5.25 | ((0.15+(1.3-0.7))+4.5)=x | 0.15 1.3 0.7 - + 4.5 + x = | 0.15:money 1.3:money 0.7:money -:money +:money 4.5:money +:money x:money =:money
EXPR: 0 | POS | FRA | 0 | 6.65 | 3.995 | x=((0.15*1.3)-(0.7-4.5)) | x 0.15 1.3 * 0.7 4.5 - - = | x:money 0.15:money 1.3:money *:money 0.7:money 4.5:money -:money -:money =:money
EXPR: 0 | POS | FRA | 0 | 6.65 | 0.975 | x=(0.15*((1.3+0.7)+4.5)) | x 0.15 1.3 0.7 + 4.5 + * = | x:money 0.15:money 1.3:money 0.7:money +:money 4.5:money +:money *:money =:money
EXPR: 0 | POS | FRA | 0 | 6.65 | 4.05 | ((0.15-1.3)+(0.7+4.5))=x | 0.15 1.3 - 0.7 4.5 + + x = | 0.15:money 1.3:money -:money 0.7:money 4.5:money +:money +:money x:money =:money
EXPR: 0 | POS | FRA | 0 | 6.65 | 0.594444444444444 | x=(0.15+((1.3+0.7)/4.5)) | x 0.15 1.3 0.7 + 4.5 / + = | x:money 0.15:money 1.3:money 0.7:money +:money 4.5:money /:money +:money =:money
EXPR: 0 | POS | FRA | 0 | 6.65 | 5.25 | (((0.15+1.3)-0.7)+4.5)=x | 0.15 1.3 + 0.7 - 4.5 + x = | 0.15:money 1.3:money +:money 0.7:money -:money 4.5:money +:money x:money =:money
EXPR: 0 | POS | FRA | 0 | 6.65 | 4.37 | x=((0.15-1.3)*(0.7-4.5)) | x 0.15 1.3 - 0.7 4.5 - * = | x:money 0.15:money 1.3:money -:money 0.7:money 4.5:money -:money *:money =:money
EXPR: 1 | POS | FRA | 0 | 6.65 | 6.65 | ((0.15+(1.3+0.7))+4.5)=x | 0.15 1.3 0.7 + + 4.5 + x = | 0.15:money 1.3:money 0.7:money +:money +:money 4.5:money +:money x:money =:money
EXPR: 0 | POS | FRA | 0 | 6.65 | 0.4 | (0.15+(1.3/(0.7+4.5)))=x | 0.15 1.3 0.7 4.5 + / + x = | 0.15:money 1.3:money 0.7:money 4.5:money +:money /:money +:money x:money =:money
EXPR: 0 | POS | FRA | 0 | 6.65 | 4.75 | ((0.15/(1.3-0.7))+4.5)=x | 0.15 1.3 0.7 - / 4.5 + x = | 0.15:money 1.3:money 0.7:money -:money /:money 4.5:money +:money x:money =:money
EXPR: 0 | POS | FRA | 0 | 6.65 | 1.29444444444444 | (0.15+(1.3-(0.7/4.5)))=x | 0.15 1.3 0.7 4.5 / - + x = | 0.15:money 1.3:money 0.7:money 4.5:money /:money -:money +:money x:money =:money
EXPR: 0 | POS | FRA | 0 | 6.65 | 9.15 | x=(0.15+((1.3+0.7)*4.5)) | x 0.15 1.3 0.7 + 4.5 * + = | x:money 0.15:money 1.3:money 0.7:money +:money 4.5:money *:money +:money =:money
EXPR: 0 | POS | FRA | 0 | 6.65 | 7.54 | x=((0.15+1.3)*(0.7+4.5)) | x 0.15 1.3 + 0.7 4.5 + * = | x:money 0.15:money 1.3:money +:money 0.7:money 4.5:money +:money *:money =:money
EXPR: 0 | POS | FRA | 0 | 6.65 | 4.6 | x=((0.15+1.3)+(0.7*4.5)) | x 0.15 1.3 + 0.7 4.5 * + = | x:money 0.15:money 1.3:money +:money 0.7:money 4.5:money *:money +:money =:money
EXPR: 0 | POS | FRA | 0 | 6.65 | 5.395 | ((0.15*1.3)+(0.7+4.5))=x | 0.15 1.3 * 0.7 4.5 + + x = | 0.15:money 1.3:money *:money 0.7:money 4.5:money +:money +:money x:money =:money
EXPR: 0 | POS | FRA | 0 | 6.65 | 0.0375 | ((0.15*1.3)/(0.7+4.5))=x | 0.15 1.3 * 0.7 4.5 + / x = | 0.15:money 1.3:money *:money 0.7:money 4.5:money +:money /:money x:money =:money
EXPR: 0 | POS | FRA | 0 | 6.65 | 0.765 | x=(0.15*((1.3-0.7)+4.5)) | x 0.15 1.3 0.7 - 4.5 + * = | x:money 0.15:money 1.3:money 0.7:money -:money 4.5:money +:money *:money =:money
EXPR: 0 | POS | INT | 0 | 6.65 | 2 | ((0.15-1.3)+(0.7*4.5))=x | 0.15 1.3 - 0.7 4.5 * + x = | 0.15:money 1.3:money -:money 0.7:money 4.5:money *:money +:money x:money =:money
EXPR: 0 | POS | FRA | 0 | 6.65 | 0.0294117647058824 | x=(0.15/((1.3-0.7)+4.5)) | x 0.15 1.3 0.7 - 4.5 + / = | x:money 0.15:money 1.3:money 0.7:money -:money 4.5:money +:money /:money =:money
EXPR: 1 | POS | FRA | 0 | 6.65 | 6.65 | x=(0.15+((1.3+0.7)+4.5)) | x 0.15 1.3 0.7 + 4.5 + + = | x:money 0.15:money 1.3:money 0.7:money +:money 4.5:money +:money +:money =:money
EXPR: 0 | POS | FRA | 0 | 6.65 | 6.91 | (0.15+(1.3*(0.7+4.5)))=x | 0.15 1.3 0.7 4.5 + * + x = | 0.15:money 1.3:money 0.7:money 4.5:money +:money *:money +:money x:money =:money
EXPR: 0 | POS | FRA | 0 | 6.65 | 1.60555555555556 | (0.15+(1.3+(0.7/4.5)))=x | 0.15 1.3 0.7 4.5 / + + x = | 0.15:money 1.3:money 0.7:money 4.5:money /:money +:money +:money x:money =:money
EXPR: 0 | POS | FRA | 0 | 6.65 | 0.0230769230769231 | x=(0.15/((1.3+0.7)+4.5)) | x 0.15 1.3 0.7 + 4.5 + / = | x:money 0.15:money 1.3:money 0.7:money +:money 4.5:money +:money /:money =:money
EXPR: 0 | POS | FRA | 0 | 6.65 | 4.37 | ((0.15-1.3)*(0.7-4.5))=x | 0.15 1.3 - 0.7 4.5 - * x = | 0.15:money 1.3:money -:money 0.7:money 4.5:money -:money *:money x:money =:money
EXPR: 0 | POS | FRA | 0 | 6.65 | 3.995 | ((0.15*1.3)-(0.7-4.5))=x | 0.15 1.3 * 0.7 4.5 - - x = | 0.15:money 1.3:money *:money 0.7:money 4.5:money -:money -:money x:money =:money
EXPR: 0 | POS | FRA | 0 | 6.65 | 3.26538461538462 | ((0.15/1.3)+(0.7*4.5))=x | 0.15 1.3 / 0.7 4.5 * + x = | 0.15:money 1.3:money /:money 0.7:money 4.5:money *:money +:money x:money =:money
EXPR: 0 | POS | FRA | 0 | 6.65 | 0.283333333333333 | x=(0.15+((1.3-0.7)/4.5)) | x 0.15 1.3 0.7 - 4.5 / + = | x:money 0.15:money 1.3:money 0.7:money -:money 4.5:money /:money +:money =:money
EXPR: 0 | POS | FRA | 0 | 6.65 | 0.0294117647058824 | (0.15/((1.3-0.7)+4.5))=x | 0.15 1.3 0.7 - 4.5 + / x = | 0.15:money 1.3:money 0.7:money -:money 4.5:money +:money /:money x:money =:money
EXPR: 0 | POS | FRA | 0 | 6.65 | 3.995 | (((0.15*1.3)-0.7)+4.5)=x | 0.15 1.3 * 0.7 - 4.5 + x = | 0.15:money 1.3:money *:money 0.7:money -:money 4.5:money +:money x:money =:money
EXPR: 0 | POS | FRA | 0 | 6.65 | 3.91538461538462 | (((0.15/1.3)-0.7)+4.5)=x | 0.15 1.3 / 0.7 - 4.5 + x = | 0.15:money 1.3:money /:money 0.7:money -:money 4.5:money +:money x:money =:money
EXPR: 0 | POS | FRA | 0 | 6.65 | 2.85 | (0.15+((1.3-0.7)*4.5))=x | 0.15 1.3 0.7 - 4.5 * + x = | 0.15:money 1.3:money 0.7:money -:money 4.5:money *:money +:money x:money =:money
EXPR: 0 | POS | FRA | 0 | 6.65 | 3.345 | ((0.15*1.3)+(0.7*4.5))=x | 0.15 1.3 * 0.7 4.5 * + x = | 0.15:money 1.3:money *:money 0.7:money 4.5:money *:money +:money x:money =:money
EXPR: 0 | POS | FRA | 0 | 6.65 | 0.278846153846154 | x=((0.15+1.3)/(0.7+4.5)) | x 0.15 1.3 + 0.7 4.5 + / = | x:money 0.15:money 1.3:money +:money 0.7:money 4.5:money +:money /:money =:money
EXPR: 0 | POS | FRA | 0 | 6.65 | 2.65 | (((0.15-1.3)-0.7)+4.5)=x | 0.15 1.3 - 0.7 - 4.5 + x = | 0.15:money 1.3:money -:money 0.7:money -:money 4.5:money +:money x:money =:money
EXPR: 0 | POS | FRA | 0 | 6.65 | 1.60555555555556 | x=((0.15+1.3)+(0.7/4.5)) | x 0.15 1.3 + 0.7 4.5 / + = | x:money 0.15:money 1.3:money +:money 0.7:money 4.5:money /:money +:money =:money
EXPR: 0 | POS | FRA | 0 | 6.65 | 2.79285714285714 | ((0.15-(1.3/0.7))+4.5)=x | 0.15 1.3 0.7 / - 4.5 + x = | 0.15:money 1.3:money 0.7:money /:money -:money 4.5:money +:money x:money =:money
EXPR: 0 | POS | FRA | 0 | 6.65 | 0.477777777777778 | ((0.15+(1.3+0.7))/4.5)=x | 0.15 1.3 0.7 + + 4.5 / x = | 0.15:money 1.3:money 0.7:money +:money +:money 4.5:money /:money x:money =:money
EXPR: 0 | POS | FRA | 0 | 6.65 | 0.492105263157895 | (0.15-(1.3/(0.7-4.5)))=x | 0.15 1.3 0.7 4.5 - / - x = | 0.15:money 1.3:money 0.7:money 4.5:money -:money /:money -:money x:money =:money
EXPR: 0 | POS | FRA | 0 | 6.65 | 5.31538461538462 | x=((0.15/1.3)+(0.7+4.5)) | x 0.15 1.3 / 0.7 4.5 + + = | x:money 0.15:money 1.3:money /:money 0.7:money 4.5:money +:money +:money =:money
EXPR: 0 | POS | FRA | 0 | 6.65 | 1.29444444444444 | ((0.15+1.3)-(0.7/4.5))=x | 0.15 1.3 + 0.7 4.5 / - x = | 0.15:money 1.3:money +:money 0.7:money 4.5:money /:money -:money x:money =:money
EXPR: 0 | POS | FRA | 0 | 6.65 | 3.74 | x=(0.15-((1.3*0.7)-4.5)) | x 0.15 1.3 0.7 * 4.5 - - = | x:money 0.15:money 1.3:money 0.7:money *:money 4.5:money -:money -:money =:money
EXPR: 0 | POS | FRA | 0 | 6.65 | 6.57142857142857 | (((0.15+1.3)/0.7)+4.5)=x | 0.15 1.3 + 0.7 / 4.5 + x = | 0.15:money 1.3:money +:money 0.7:money /:money 4.5:money +:money x:money =:money
EXPR: 0 | POS | FRA | 0 | 6.65 | 4.575 | ((0.15/(1.3+0.7))+4.5)=x | 0.15 1.3 0.7 + / 4.5 + x = | 0.15:money 1.3:money 0.7:money +:money /:money 4.5:money +:money x:money =:money
EXPR: 0 | POS | FRA | 0 | 6.65 | 3.91538461538462 | ((0.15/1.3)-(0.7-4.5))=x | 0.15 1.3 / 0.7 4.5 - - x = | 0.15:money 1.3:money /:money 0.7:money 4.5:money -:money -:money x:money =:money
EXPR: 0 | POS | FRA | 0 | 6.65 | 0.270940170940171 | x=((0.15/1.3)+(0.7/4.5)) | x 0.15 1.3 / 0.7 4.5 / + = | x:money 0.15:money 1.3:money /:money 0.7:money 4.5:money /:money +:money =:money
EXPR: 0 | POS | FRA | 0 | 6.65 | 4.05 | (((0.15-1.3)+0.7)+4.5)=x | 0.15 1.3 - 0.7 + 4.5 + x = | 0.15:money 1.3:money -:money 0.7:money +:money 4.5:money +:money x:money =:money
EXPR: 0 | POS | FRA | 0 | 6.65 | 5.31538461538462 | (((0.15/1.3)+0.7)+4.5)=x | 0.15 1.3 / 0.7 + 4.5 + x = | 0.15:money 1.3:money /:money 0.7:money +:money 4.5:money +:money x:money =:money
EXPR: 0 | POS | FRA | 0 | 6.65 | 0.6 | ((0.15/1.3)*(0.7+4.5))=x | 0.15 1.3 / 0.7 4.5 + * x = | 0.15:money 1.3:money /:money 0.7:money 4.5:money +:money *:money x:money =:money
EXPR: 0 | POS | FRA | 0 | 6.65 | 2.79285714285714 | x=(0.15-((1.3/0.7)-4.5)) | x 0.15 1.3 0.7 / 4.5 - - = | x:money 0.15:money 1.3:money 0.7:money /:money 4.5:money -:money -:money =:money
EXPR: 0 | POS | FRA | 0 | 6.65 | 0.302631578947368 | ((0.15-1.3)/(0.7-4.5))=x | 0.15 1.3 - 0.7 4.5 - / x = | 0.15:money 1.3:money -:money 0.7:money 4.5:money -:money /:money x:money =:money
EXPR: 0 | POS | FRA | 0 | 6.65 | 5.09 | (0.15-(1.3*(0.7-4.5)))=x | 0.15 1.3 0.7 4.5 - * - x = | 0.15:money 1.3:money 0.7:money 4.5:money -:money *:money -:money x:money =:money
EXPR: 0 | POS | FRA | 0 | 6.65 | 5.25 | x=(0.15+((1.3-0.7)+4.5)) | x 0.15 1.3 0.7 - 4.5 + + = | x:money 0.15:money 1.3:money 0.7:money -:money 4.5:money +:money +:money =:money
EXPR: 0 | POS | FRA | 0 | 6.65 | 0.166666666666667 | ((0.15+(1.3-0.7))/4.5)=x | 0.15 1.3 0.7 - + 4.5 / x = | 0.15:money 1.3:money 0.7:money -:money +:money 4.5:money /:money x:money =:money
EXPR: 0 | POS | FRA | 0 | 6.65 | 0.6 | x=((0.15/1.3)*(0.7+4.5)) | x 0.15 1.3 / 0.7 4.5 + * = | x:money 0.15:money 1.3:money /:money 0.7:money 4.5:money +:money *:money =:money
EXPR: 0 | POS | FRA | 0 | 6.65 | 0.8115 | (0.15*((1.3*0.7)+4.5))=x | 0.15 1.3 0.7 * 4.5 + * x = | 0.15:money 1.3:money 0.7:money *:money 4.5:money +:money *:money x:money =:money
EXPR: 0 | POS | INT | 0 | 6.65 | 2 | x=((0.15-1.3)+(0.7*4.5)) | x 0.15 1.3 - 0.7 4.5 * + = | x:money 0.15:money 1.3:money -:money 0.7:money 4.5:money *:money +:money =:money
EXPR: 0 | POS | FRA | 0 | 6.65 | 0.594444444444444 | (0.15+((1.3+0.7)/4.5))=x | 0.15 1.3 0.7 + 4.5 / + x = | 0.15:money 1.3:money 0.7:money +:money 4.5:money /:money +:money x:money =:money
EXPR: 0 | POS | FRA | 0 | 6.65 | 9.675 | x=((0.15+(1.3+0.7))*4.5) | x 0.15 1.3 0.7 + + 4.5 * = | x:money 0.15:money 1.3:money 0.7:money +:money +:money 4.5:money *:money =:money
EXPR: 0 | POS | FRA | 0 | 6.65 | 0.0230769230769231 | (0.15/((1.3+0.7)+4.5))=x | 0.15 1.3 0.7 + 4.5 + / x = | 0.15:money 1.3:money 0.7:money +:money 4.5:money +:money /:money x:money =:money
EXPR: 0 | POS | FRA | 0 | 6.65 | 0.0235955056179775 | (0.15/((1.3/0.7)+4.5))=x | 0.15 1.3 0.7 / 4.5 + / x = | 0.15:money 1.3:money 0.7:money /:money 4.5:money +:money /:money x:money =:money
EXPR: 0 | POS | FRA | 0 | 6.65 | 0.765 | (0.15*((1.3-0.7)+4.5))=x | 0.15 1.3 0.7 - 4.5 + * x = | 0.15:money 1.3:money 0.7:money -:money 4.5:money +:money *:money x:money =:money
EXPR: 0 | POS | FRA | 0 | 6.65 | 3.74 | ((0.15-(1.3*0.7))+4.5)=x | 0.15 1.3 0.7 * - 4.5 + x = | 0.15:money 1.3:money 0.7:money *:money -:money 4.5:money +:money x:money =:money
EXPR: 0 | POS | FRA | 0 | 6.65 | 9.15 | (0.15+((1.3+0.7)*4.5))=x | 0.15 1.3 0.7 + 4.5 * + x = | 0.15:money 1.3:money 0.7:money +:money 4.5:money *:money +:money x:money =:money
EXPR: 0 | POS | FRA | 0 | 6.65 | 4.05 | ((0.15-(1.3-0.7))+4.5)=x | 0.15 1.3 0.7 - - 4.5 + x = | 0.15:money 1.3:money 0.7:money -:money -:money 4.5:money +:money x:money =:money
EXPR: 0 | POS | FRA | 0 | 6.65 | 5.25 | ((0.15+1.3)-(0.7-4.5))=x | 0.15 1.3 + 0.7 4.5 - - x = | 0.15:money 1.3:money +:money 0.7:money 4.5:money -:money -:money x:money =:money
EXPR: 0 | POS | FRA | 0 | 6.65 | 0.477777777777778 | x=((0.15+(1.3+0.7))/4.5) | x 0.15 1.3 0.7 + + 4.5 / = | x:money 0.15:money 1.3:money 0.7:money +:money +:money 4.5:money /:money =:money
EXPR: 0 | POS | FRA | 0 | 6.65 | 0.0394444444444444 | ((0.15*1.3)-(0.7/4.5))=x | 0.15 1.3 * 0.7 4.5 / - x = | 0.15:money 1.3:money *:money 0.7:money 4.5:money /:money -:money x:money =:money
EXPR: 0 | POS | FRA | 0 | 6.65 | 2.85 | x=(0.15+((1.3-0.7)*4.5)) | x 0.15 1.3 0.7 - 4.5 * + = | x:money 0.15:money 1.3:money 0.7:money -:money 4.5:money *:money +:money =:money
EXPR: 0 | POS | FRA | 0 | 6.65 | 6.50714285714286 | x=(0.15+((1.3/0.7)+4.5)) | x 0.15 1.3 0.7 / 4.5 + + = | x:money 0.15:money 1.3:money 0.7:money /:money 4.5:money +:money +:money =:money
EXPR: 0 | POS | FRA | 0 | 6.65 | 0.0277264325323475 | (0.15/((1.3*0.7)+4.5))=x | 0.15 1.3 0.7 * 4.5 + / x = | 0.15:money 1.3:money 0.7:money *:money 4.5:money +:money /:money x:money =:money
EXPR: 0 | POS | FRA | 0 | 6.65 | 5.56 | ((0.15+(1.3*0.7))+4.5)=x | 0.15 1.3 0.7 * + 4.5 + x = | 0.15:money 1.3:money 0.7:money *:money +:money 4.5:money +:money x:money =:money
EXPR: 0 | POS | FRA | 0 | 6.65 | 2.65 | x=((0.15-1.3)-(0.7-4.5)) | x 0.15 1.3 - 0.7 4.5 - - = | x:money 0.15:money 1.3:money -:money 0.7:money 4.5:money -:money -:money =:money
EXPR: 0 | POS | FRA | 0 | 6.65 | 2.65 | x=((0.15-(1.3+0.7))+4.5) | x 0.15 1.3 0.7 + - 4.5 + = | x:money 0.15:money 1.3:money 0.7:money +:money -:money 4.5:money +:money =:money
EXPR: 0 | POS | FRA | 0 | 6.65 | 0.283333333333333 | (0.15+((1.3-0.7)/4.5))=x | 0.15 1.3 0.7 - 4.5 / + x = | 0.15:money 1.3:money 0.7:money -:money 4.5:money /:money +:money x:money =:money
EXPR: 0 | POS | FRA | 0 | 6.65 | 2.79285714285714 | x=((0.15-(1.3/0.7))+4.5) | x 0.15 1.3 0.7 / - 4.5 + = | x:money 0.15:money 1.3:money 0.7:money /:money -:money 4.5:money +:money =:money
EXPR: 0 | POS | FRA | 0 | 6.65 | 3.695 | (((0.15-1.3)*0.7)+4.5)=x | 0.15 1.3 - 0.7 * 4.5 + x = | 0.15:money 1.3:money -:money 0.7:money *:money 4.5:money +:money x:money =:money
EXPR: 1 | POS | FRA | 0 | 6.65 | 6.65 | x=((0.15+(1.3+0.7))+4.5) | x 0.15 1.3 0.7 + + 4.5 + = | x:money 0.15:money 1.3:money 0.7:money +:money +:money 4.5:money +:money =:money
EXPR: 0 | POS | FRA | 0 | 6.65 | 0.022189349112426 | x=((0.15/1.3)/(0.7+4.5)) | x 0.15 1.3 / 0.7 4.5 + / = | x:money 0.15:money 1.3:money /:money 0.7:money 4.5:money +:money /:money =:money
EXPR: 0 | POS | FRA | 0 | 6.65 | 4.575 | x=((0.15/(1.3+0.7))+4.5) | x 0.15 1.3 0.7 + / 4.5 + = | x:money 0.15:money 1.3:money 0.7:money +:money /:money 4.5:money +:money =:money
EXPR: 0 | POS | FRA | 0 | 6.65 | 9.675 | ((0.15+(1.3+0.7))*4.5)=x | 0.15 1.3 0.7 + + 4.5 * x = | 0.15:money 1.3:money 0.7:money +:money +:money 4.5:money *:money x:money =:money
EXPR: 0 | POS | FRA | 0 | 6.65 | 4.77 | ((0.15+(1.3*0.7))*4.5)=x | 0.15 1.3 0.7 * + 4.5 * x = | 0.15:money 1.3:money 0.7:money *:money +:money 4.5:money *:money x:money =:money
EXPR: 0 | POS | FRA | 0 | 6.65 | 0.235555555555556 | ((0.15+(1.3*0.7))/4.5)=x | 0.15 1.3 0.7 * + 4.5 / x = | 0.15:money 1.3:money 0.7:money *:money +:money 4.5:money /:money x:money =:money
EXPR: 0 | POS | FRA | 0 | 6.65 | 2.65 | ((0.15-1.3)-(0.7-4.5))=x | 0.15 1.3 - 0.7 4.5 - - x = | 0.15:money 1.3:money -:money 0.7:money 4.5:money -:money -:money x:money =:money
EXPR: 0 | POS | FRA | 0 | 6.65 | 4.77 | x=((0.15+(1.3*0.7))*4.5) | x 0.15 1.3 0.7 * + 4.5 * = | x:money 0.15:money 1.3:money 0.7:money *:money +:money 4.5:money *:money =:money
EXPR: 0 | POS | FRA | 0 | 6.65 | 3.66923076923077 | x=(((0.15/1.3)+0.7)*4.5) | x 0.15 1.3 / 0.7 + 4.5 * = | x:money 0.15:money 1.3:money /:money 0.7:money +:money 4.5:money *:money =:money
EXPR: 0 | POS | FRA | 0 | 6.65 | 7.54 | ((0.15+1.3)*(0.7+4.5))=x | 0.15 1.3 + 0.7 4.5 + * x = | 0.15:money 1.3:money +:money 0.7:money 4.5:money +:money *:money x:money =:money
EXPR: 0 | POS | FRA | 0 | 6.65 | 0.975 | (0.15*((1.3+0.7)+4.5))=x | 0.15 1.3 0.7 + 4.5 + * x = | 0.15:money 1.3:money 0.7:money +:money 4.5:money +:money *:money x:money =:money
EXPR: 0 | POS | FRA | 0 | 6.65 | 3.375 | x=((0.15+(1.3-0.7))*4.5) | x 0.15 1.3 0.7 - + 4.5 * = | x:money 0.15:money 1.3:money 0.7:money -:money +:money 4.5:money *:money =:money
EXPR: 0 | POS | FRA | 0 | 6.65 | 5.56 | x=((0.15+(1.3*0.7))+4.5) | x 0.15 1.3 0.7 * + 4.5 + = | x:money 0.15:money 1.3:money 0.7:money *:money +:money 4.5:money +:money =:money
EXPR: 0 | POS | FRA | 0 | 6.65 | 0.235555555555556 | x=((0.15+(1.3*0.7))/4.5) | x 0.15 1.3 0.7 * + 4.5 / = | x:money 0.15:money 1.3:money 0.7:money *:money +:money 4.5:money /:money =:money
EXPR: 0 | POS | FRA | 0 | 6.65 | 4.05 | x=((0.15-(1.3-0.7))+4.5) | x 0.15 1.3 0.7 - - 4.5 + = | x:money 0.15:money 1.3:money 0.7:money -:money -:money 4.5:money +:money =:money
EXPR: 0 | POS | FRA | 0 | 6.65 | 0.166666666666667 | x=((0.15+(1.3-0.7))/4.5) | x 0.15 1.3 0.7 - + 4.5 / = | x:money 0.15:money 1.3:money 0.7:money -:money +:money 4.5:money /:money =:money
EXPR: 0 | POS | FRA | 0 | 6.65 | 6.50714285714286 | x=((0.15+(1.3/0.7))+4.5) | x 0.15 1.3 0.7 / + 4.5 + = | x:money 0.15:money 1.3:money 0.7:money /:money +:money 4.5:money +:money =:money
EXPR: 0 | POS | FRA | 0 | 6.65 | 5.395 | (((0.15*1.3)+0.7)+4.5)=x | 0.15 1.3 * 0.7 + 4.5 + x = | 0.15:money 1.3:money *:money 0.7:money +:money 4.5:money +:money x:money =:money
EXPR: 0 | POS | FRA | 0 | 6.65 | 3.26538461538462 | x=((0.15/1.3)+(0.7*4.5)) | x 0.15 1.3 / 0.7 4.5 * + = | x:money 0.15:money 1.3:money /:money 0.7:money 4.5:money *:money +:money =:money
EXPR: 0 | POS | FRA | 0 | 6.65 | 3.91538461538462 | x=((0.15/1.3)-(0.7-4.5)) | x 0.15 1.3 / 0.7 4.5 - - = | x:money 0.15:money 1.3:money /:money 0.7:money 4.5:money -:money -:money =:money
EXPR: 0 | POS | FRA | 0 | 6.65 | 0.953571428571429 | (0.15*((1.3/0.7)+4.5))=x | 0.15 1.3 0.7 / 4.5 + * x = | 0.15:money 1.3:money 0.7:money /:money 4.5:money +:money *:money x:money =:money
EXPR: 0 | POS | FRA | 0 | 6.65 | 2.65 | ((0.15-(1.3+0.7))+4.5)=x | 0.15 1.3 0.7 + - 4.5 + x = | 0.15:money 1.3:money 0.7:money +:money -:money 4.5:money +:money x:money =:money
EXPR: 0 | POS | FRA | 0 | 6.65 | 2.65 | (0.15-((1.3+0.7)-4.5))=x | 0.15 1.3 0.7 + 4.5 - - x = | 0.15:money 1.3:money 0.7:money +:money 4.5:money -:money -:money x:money =:money
EXPR: 0 | POS | FRA | 0 | 6.65 | 2.79285714285714 | (0.15-((1.3/0.7)-4.5))=x | 0.15 1.3 0.7 / 4.5 - - x = | 0.15:money 1.3:money 0.7:money /:money 4.5:money -:money -:money x:money =:money
EXPR: 0 | POS | FRA | 0 | 6.65 | 3.74 | (0.15-((1.3*0.7)-4.5))=x | 0.15 1.3 0.7 * 4.5 - - x = | 0.15:money 1.3:money 0.7:money *:money 4.5:money -:money -:money x:money =:money
EXPR: 0 | POS | FRA | 0 | 6.65 | 4.05 | x=(((0.15-1.3)+0.7)+4.5) | x 0.15 1.3 - 0.7 + 4.5 + = | x:money 0.15:money 1.3:money -:money 0.7:money +:money 4.5:money +:money =:money
EXPR: 1 | POS | FRA | 0 | 6.65 | 6.65 | x=(((0.15+1.3)+0.7)+4.5) | x 0.15 1.3 + 0.7 + 4.5 + = | x:money 0.15:money 1.3:money +:money 0.7:money +:money 4.5:money +:money =:money
EXPR: 0 | POS | FRA | 0 | 6.65 | 5.56 | (0.15+((1.3*0.7)+4.5))=x | 0.15 1.3 0.7 * 4.5 + + x = | 0.15:money 1.3:money 0.7:money *:money 4.5:money +:money +:money x:money =:money
EXPR: 0 | POS | FRA | 0 | 6.65 | 5.25 | x=(((0.15+1.3)-0.7)+4.5) | x 0.15 1.3 + 0.7 - 4.5 + = | x:money 0.15:money 1.3:money +:money 0.7:money -:money 4.5:money +:money =:money
EXPR: 0 | POS | FRA | 0 | 6.65 | 4.59 | x=((0.15*(1.3-0.7))+4.5) | x 0.15 1.3 0.7 - * 4.5 + = | x:money 0.15:money 1.3:money 0.7:money -:money *:money 4.5:money +:money =:money
EXPR: 0 | POS | FRA | 0 | 6.65 | 4.0275 | x=(((0.15*1.3)+0.7)*4.5) | x 0.15 1.3 * 0.7 + 4.5 * = | x:money 0.15:money 1.3:money *:money 0.7:money +:money 4.5:money *:money =:money
EXPR: 0 | POS | FRA | 0 | 6.65 | 5.515 | (((0.15+1.3)*0.7)+4.5)=x | 0.15 1.3 + 0.7 * 4.5 + x = | 0.15:money 1.3:money +:money 0.7:money *:money 4.5:money +:money x:money =:money
EXPR: 0 | POS | FRA | 0 | 6.65 | 4.05 | x=((0.15-1.3)+(0.7+4.5)) | x 0.15 1.3 - 0.7 4.5 + + = | x:money 0.15:money 1.3:money -:money 0.7:money 4.5:money +:money +:money =:money
EXPR: 0 | POS | FRA | 0 | 6.65 | 3.695 | x=(((0.15-1.3)*0.7)+4.5) | x 0.15 1.3 - 0.7 * 4.5 + = | x:money 0.15:money 1.3:money -:money 0.7:money *:money 4.5:money +:money =:money
EXPR: 0 | POS | FRA | 0 | 6.65 | 6.50714285714286 | (0.15+((1.3/0.7)+4.5))=x | 0.15 1.3 0.7 / 4.5 + + x = | 0.15:money 1.3:money 0.7:money /:money 4.5:money +:money +:money x:money =:money
EXPR: 0 | POS | FRA | 0 | 6.65 | 5.515 | x=(((0.15+1.3)*0.7)+4.5) | x 0.15 1.3 + 0.7 * 4.5 + = | x:money 0.15:money 1.3:money +:money 0.7:money *:money 4.5:money +:money =:money
EXPR: 0 | POS | FRA | 0 | 6.65 | 0.0166666666666667 | (0.15-((1.3-0.7)/4.5))=x | 0.15 1.3 0.7 - 4.5 / - x = | 0.15:money 1.3:money 0.7:money -:money 4.5:money /:money -:money x:money =:money
EXPR: 0 | POS | FRA | 0 | 6.65 | 0.0166666666666667 | x=(0.15-((1.3-0.7)/4.5)) | x 0.15 1.3 0.7 - 4.5 / - = | x:money 0.15:money 1.3:money 0.7:money -:money 4.5:money /:money -:money =:money
EXPR: 0 | POS | FRA | 0 | 6.65 | 9.03214285714286 | x=((0.15+(1.3/0.7))*4.5) | x 0.15 1.3 0.7 / + 4.5 * = | x:money 0.15:money 1.3:money 0.7:money /:money +:money 4.5:money *:money =:money
EXPR: 0 | POS | FRA | 0 | 6.65 | 4.8 | x=((0.15*(1.3+0.7))+4.5) | x 0.15 1.3 0.7 + * 4.5 + = | x:money 0.15:money 1.3:money 0.7:money +:money *:money 4.5:money +:money =:money
EXPR: 0 | POS | FRA | 0 | 6.65 | 0.0294117647058824 | (0.15/(1.3-(0.7-4.5)))=x | 0.15 1.3 0.7 4.5 - - / x = | 0.15:money 1.3:money 0.7:money 4.5:money -:money -:money /:money x:money =:money
EXPR: 0 | POS | FRA | 0 | 6.65 | 4.05 | (0.15-((1.3-0.7)-4.5))=x | 0.15 1.3 0.7 - 4.5 - - x = | 0.15:money 1.3:money 0.7:money -:money 4.5:money -:money -:money x:money =:money
EXPR: 0 | POS | FRA | 0 | 6.65 | 0.446031746031746 | x=((0.15+(1.3/0.7))/4.5) | x 0.15 1.3 0.7 / + 4.5 / = | x:money 0.15:money 1.3:money 0.7:money /:money +:money 4.5:money /:money =:money
EXPR: 0 | POS | FRA | 0 | 6.65 | 4.75 | x=((0.15/(1.3-0.7))+4.5) | x 0.15 1.3 0.7 - / 4.5 + = | x:money 0.15:money 1.3:money 0.7:money -:money /:money 4.5:money +:money =:money
EXPR: 1 | POS | FRA | 0 | 6.65 | 6.65 | (0.15+((1.3+0.7)+4.5))=x | 0.15 1.3 0.7 + 4.5 + + x = | 0.15:money 1.3:money 0.7:money +:money 4.5:money +:money +:money x:money =:money
EXPR: 0 | POS | FRA | 0 | 6.65 | 4.6 | ((0.15+1.3)+(0.7*4.5))=x | 0.15 1.3 + 0.7 4.5 * + x = | 0.15:money 1.3:money +:money 0.7:money 4.5:money *:money +:money x:money =:money
EXPR: 0 | POS | FRA | 0 | 6.65 | 5.31538461538462 | x=(((0.15/1.3)+0.7)+4.5) | x 0.15 1.3 / 0.7 + 4.5 + = | x:money 0.15:money 1.3:money /:money 0.7:money +:money 4.5:money +:money =:money
EXPR: 0 | POS | FRA | 0 | 6.65 | 5.25 | x=((0.15+(1.3-0.7))+4.5) | x 0.15 1.3 0.7 - + 4.5 + = | x:money 0.15:money 1.3:money 0.7:money -:money +:money 4.5:money +:money =:money
EXPR: 0 | POS | FRA | 0 | 6.65 | 5.25 | (0.15+((1.3-0.7)+4.5))=x | 0.15 1.3 0.7 - 4.5 + + x = | 0.15:money 1.3:money 0.7:money -:money 4.5:money +:money +:money x:money =:money
EXPR: 0 | POS | FRA | 0 | 6.65 | 0.446031746031746 | ((0.15+(1.3/0.7))/4.5)=x | 0.15 1.3 0.7 / + 4.5 / x = | 0.15:money 1.3:money 0.7:money /:money +:money 4.5:money /:money x:money =:money
EXPR: 0 | POS | FRA | 0 | 6.65 | 6.57142857142857 | x=(((0.15+1.3)/0.7)+4.5) | x 0.15 1.3 + 0.7 / 4.5 + = | x:money 0.15:money 1.3:money +:money 0.7:money /:money 4.5:money +:money =:money
EXPR: 0 | POS | INT | 0 | 6.65 | 2 | (0.15-(1.3-(0.7*4.5)))=x | 0.15 1.3 0.7 4.5 * - - x = | 0.15:money 1.3:money 0.7:money 4.5:money *:money -:money -:money x:money =:money
EXPR: 0 | POS | FRA | 0 | 6.65 | 0.302631578947368 | x=((0.15-1.3)/(0.7-4.5)) | x 0.15 1.3 - 0.7 4.5 - / = | x:money 0.15:money 1.3:money -:money 0.7:money 4.5:money -:money /:money =:money
EXPR: 0 | POS | FRA | 0 | 6.65 | 4.6 | (0.15+(1.3+(0.7*4.5)))=x | 0.15 1.3 0.7 4.5 * + + x = | 0.15:money 1.3:money 0.7:money 4.5:money *:money +:money +:money x:money =:money
EXPR: 0 | POS | FRA | 0 | 6.65 | 2.85714285714286 | x=(((0.15-1.3)/0.7)+4.5) | x 0.15 1.3 - 0.7 / 4.5 + = | x:money 0.15:money 1.3:money -:money 0.7:money /:money 4.5:money +:money =:money
EXPR: 0 | POS | FRA | 0 | 6.65 | 5.25 | x=((0.15+1.3)-(0.7-4.5)) | x 0.15 1.3 + 0.7 4.5 - - = | x:money 0.15:money 1.3:money +:money 0.7:money 4.5:money -:money -:money =:money
EXPR: 0 | POS | FRA | 0 | 6.65 | 3.375 | x=(((0.15+1.3)-0.7)*4.5) | x 0.15 1.3 + 0.7 - 4.5 * = | x:money 0.15:money 1.3:money +:money 0.7:money -:money 4.5:money *:money =:money
EXPR: 0 | POS | FRA | 0 | 6.65 | 0.198888888888889 | x=(((0.15*1.3)+0.7)/4.5) | x 0.15 1.3 * 0.7 + 4.5 / = | x:money 0.15:money 1.3:money *:money 0.7:money +:money 4.5:money /:money =:money
EXPR: 0 | POS | FRA | 0 | 6.65 | 3.74 | x=((0.15-(1.3*0.7))+4.5) | x 0.15 1.3 0.7 * - 4.5 + = | x:money 0.15:money 1.3:money 0.7:money *:money -:money 4.5:money +:money =:money
EXPR: 0 | POS | FRA | 0 | 6.65 | 9.675 | x=(((0.15+1.3)+0.7)*4.5) | x 0.15 1.3 + 0.7 + 4.5 * = | x:money 0.15:money 1.3:money +:money 0.7:money +:money 4.5:money *:money =:money
EXPR: 0 | POS | FRA | 0 | 6.65 | 0.477777777777778 | x=(((0.15+1.3)+0.7)/4.5) | x 0.15 1.3 + 0.7 + 4.5 / = | x:money 0.15:money 1.3:money +:money 0.7:money +:money 4.5:money /:money =:money
EXPR: 0 | POS | FRA | 0 | 6.65 | 3.995 | x=(((0.15*1.3)-0.7)+4.5) | x 0.15 1.3 * 0.7 - 4.5 + = | x:money 0.15:money 1.3:money *:money 0.7:money -:money 4.5:money +:money =:money
EXPR: 0 | POS | FRA | 0 | 6.65 | 1.29444444444444 | x=((0.15+1.3)-(0.7/4.5)) | x 0.15 1.3 + 0.7 4.5 / - = | x:money 0.15:money 1.3:money +:money 0.7:money 4.5:money /:money -:money =:money
EXPR: 0 | POS | FRA | 0 | 6.65 | 5.395 | x=(((0.15*1.3)+0.7)+4.5) | x 0.15 1.3 * 0.7 + 4.5 + = | x:money 0.15:money 1.3:money *:money 0.7:money +:money 4.5:money +:money =:money
EXPR: 0 | POS | FRA | 0 | 6.65 | 0.0230769230769231 | (0.15/(1.3+(0.7+4.5)))=x | 0.15 1.3 0.7 4.5 + + / x = | 0.15:money 1.3:money 0.7:money 4.5:money +:money +:money /:money x:money =:money
EXPR: 0 | POS | FRA | 0 | 6.65 | 2.65 | x=(((0.15-1.3)-0.7)+4.5) | x 0.15 1.3 - 0.7 - 4.5 + = | x:money 0.15:money 1.3:money -:money 0.7:money -:money 4.5:money +:money =:money
EXPR: 0 | POS | FRA | 0 | 6.65 | 0.181196581196581 | x=(((0.15/1.3)+0.7)/4.5) | x 0.15 1.3 / 0.7 + 4.5 / = | x:money 0.15:money 1.3:money /:money 0.7:money +:money 4.5:money /:money =:money
EXPR: 0 | POS | FRA | 0 | 6.65 | 0.166666666666667 | x=(((0.15+1.3)-0.7)/4.5) | x 0.15 1.3 + 0.7 - 4.5 / = | x:money 0.15:money 1.3:money +:money 0.7:money -:money 4.5:money /:money =:money
EXPR: 0 | POS | FRA | 2 | 6.65 | 6.955 | x=(1.3*(0.15+(0.7+4.5))) | x 1.3 0.15 0.7 4.5 + + * = | x:money 1.3:money 0.15:money 0.7:money 4.5:money +:money +:money *:money =:money
EXPR: 0 | POS | FRA | 2 | 6.65 | 6.14285714285714 | (((0.15-1.3)/0.7)+x)=4.5 | 0.15 1.3 - 0.7 / x + 4.5 = | 0.15:money 1.3:money -:money 0.7:money /:money x:money +:money 4.5:money =:money
EXPR: 0 | POS | FRA | 2 | 6.65 | 6.81428571428571 | x=((1.3+(0.15/0.7))*4.5) | x 1.3 0.15 0.7 / + 4.5 * = | x:money 1.3:money 0.15:money 0.7:money /:money +:money 4.5:money *:money =:money
EXPR: 0 | POS | FRA | 2 | 6.65 | 4.07692307692308 | (((0.15-0.7)/1.3)+4.5)=x | 0.15 0.7 - 1.3 / 4.5 + x = | 0.15:money 0.7:money -:money 1.3:money /:money 4.5:money +:money x:money =:money
EXPR: 0 | POS | FRA | 2 | 6.65 | 0.444444444444444 | (((0.15-1.3)/4.5)+0.7)=x | 0.15 1.3 - 4.5 / 0.7 + x = | 0.15:money 1.3:money -:money 4.5:money /:money 0.7:money +:money x:money =:money
EXPR: 0 | POS | FRA | 2 | 6.65 | 3.995 | x=((0.15*1.3)+(4.5-0.7)) | x 0.15 1.3 * 4.5 0.7 - + = | x:money 0.15:money 1.3:money *:money 4.5:money 0.7:money -:money +:money =:money
EXPR: 0 | POS | FRA | 2 | 6.65 | 2.49285714285714 | ((x+0.15)+(1.3/0.7))=4.5 | x 0.15 + 1.3 0.7 / + 4.5 = | x:money 0.15:money +:money 1.3:money 0.7:money /:money +:money 4.5:money =:money
EXPR: 0 | POS | FRA | 2 | 6.65 | 2.09302325581395 | (((0.15+1.3)+0.7)*x)=4.5 | 0.15 1.3 + 0.7 + x * 4.5 = | 0.15:money 1.3:money +:money 0.7:money +:money x:money *:money 4.5:money =:money
EXPR: 0 | POS | FRA | 2 | 6.65 | 0.741 | x=((0.15*1.3)*(4.5-0.7)) | x 0.15 1.3 * 4.5 0.7 - * = | x:money 0.15:money 1.3:money *:money 4.5:money 0.7:money -:money *:money =:money
EXPR: 0 | POS | FRA | 2 | 6.65 | 0.0513157894736842 | x=((0.15*1.3)/(4.5-0.7)) | x 0.15 1.3 * 4.5 0.7 - / = | x:money 0.15:money 1.3:money *:money 4.5:money 0.7:money -:money /:money =:money
EXPR: 0 | POS | FRA | 2 | 6.65 | 0.312222222222222 | (((0.15*0.7)+1.3)/4.5)=x | 0.15 0.7 * 1.3 + 4.5 / x = | 0.15:money 0.7:money *:money 1.3:money +:money 4.5:money /:money x:money =:money
EXPR: 0 | POS | FRA | 2 | 6.65 | 6.70714285714286 | (((0.15*1.3)+4.5)/0.7)=x | 0.15 1.3 * 4.5 + 0.7 / x = | 0.15:money 1.3:money *:money 4.5:money +:money 0.7:money /:money x:money =:money
EXPR: 0 | POS | FRA | 2 | 6.65 | 0.393888888888889 | x=((0.15*0.7)+(1.3/4.5)) | x 0.15 0.7 * 1.3 4.5 / + = | x:money 0.15:money 0.7:money *:money 1.3:money 4.5:money /:money +:money =:money
EXPR: 0 | POS | FRA | 2 | 6.65 | 3.375 | (((0.15-0.7)+1.3)*4.5)=x | 0.15 0.7 - 1.3 + 4.5 * x = | 0.15:money 0.7:money -:money 1.3:money +:money 4.5:money *:money x:money =:money
EXPR: 0 | POS | FRA | 2 | 6.65 | 2.345 | (((0.15-1.3)+4.5)*0.7)=x | 0.15 1.3 - 4.5 + 0.7 * x = | 0.15:money 1.3:money -:money 4.5:money +:money 0.7:money *:money x:money =:money
EXPR: 0 | POS | FRA | 2 | 6.65 | 5.955 | x=((0.15*0.7)+(1.3*4.5)) | x 0.15 0.7 * 1.3 4.5 * + = | x:money 0.15:money 0.7:money *:money 1.3:money 4.5:money *:money +:money =:money
EXPR: 0 | POS | FRA | 2 | 6.65 | 6.81428571428571 | (((0.15/0.7)+1.3)*4.5)=x | 0.15 0.7 / 1.3 + 4.5 * x = | 0.15:money 0.7:money /:money 1.3:money +:money 4.5:money *:money x:money =:money
EXPR: 0 | POS | FRA | 2 | 6.65 | 3.23076923076923 | (((0.15/1.3)+4.5)*0.7)=x | 0.15 1.3 / 4.5 + 0.7 * x = | 0.15:money 1.3:money /:money 4.5:money +:money 0.7:money *:money x:money =:money
EXPR: 0 | POS | FRA | 2 | 6.65 | 0.336507936507937 | (((0.15/0.7)+1.3)/4.5)=x | 0.15 0.7 / 1.3 + 4.5 / x = | 0.15:money 0.7:money /:money 1.3:money +:money 4.5:money /:money x:money =:money
EXPR: 0 | POS | FRA | 2 | 6.65 | 6.59340659340659 | (((0.15/1.3)+4.5)/0.7)=x | 0.15 1.3 / 4.5 + 0.7 / x = | 0.15:money 1.3:money /:money 4.5:money +:money 0.7:money /:money x:money =:money
EXPR: 0 | POS | FRA | 2 | 6.65 | 2.49285714285714 | ((0.15+(1.3/0.7))+x)=4.5 | 0.15 1.3 0.7 / + x + 4.5 = | 0.15:money 1.3:money 0.7:money /:money +:money x:money +:money 4.5:money =:money
EXPR: 0 | POS | FRA | 2 | 6.65 | 4.2 | ((0.15*(1.3+0.7))+x)=4.5 | 0.15 1.3 0.7 + * x + 4.5 = | 0.15:money 1.3:money 0.7:money +:money *:money x:money +:money 4.5:money =:money
EXPR: 0 | POS | FRA | 2 | 6.65 | 6.3225 | (((0.15*0.7)+1.3)*4.5)=x | 0.15 0.7 * 1.3 + 4.5 * x = | 0.15:money 0.7:money *:money 1.3:money +:money 4.5:money *:money x:money =:money
EXPR: 0 | POS | FRA | 2 | 6.65 | 3.2865 | (((0.15*1.3)+4.5)*0.7)=x | 0.15 1.3 * 4.5 + 0.7 * x = | 0.15:money 1.3:money *:money 4.5:money +:money 0.7:money *:money x:money =:money
EXPR: 0 | POS | FRA | 2 | 6.65 | 5.25 | (((0.15+1.3)+4.5)-0.7)=x | 0.15 1.3 + 4.5 + 0.7 - x = | 0.15:money 1.3:money +:money 4.5:money +:money 0.7:money -:money x:money =:money
EXPR: 0 | POS | FRA | 2 | 6.65 | 9.675 | (((0.15+0.7)+1.3)*4.5)=x | 0.15 0.7 + 1.3 + 4.5 * x = | 0.15:money 0.7:money +:money 1.3:money +:money 4.5:money *:money x:money =:money
EXPR: 0 | POS | FRA | 2 | 6.65 | 4.165 | (((0.15+1.3)+4.5)*0.7)=x | 0.15 1.3 + 4.5 + 0.7 * x = | 0.15:money 1.3:money +:money 4.5:money +:money 0.7:money *:money x:money =:money
EXPR: 0 | POS | FRA | 2 | 6.65 | 1.57 | ((0.15*(1.3+4.5))+0.7)=x | 0.15 1.3 4.5 + * 0.7 + x = | 0.15:money 1.3:money 4.5:money +:money *:money 0.7:money +:money x:money =:money
EXPR: 0 | POS | FRA | 2 | 6.65 | 6.7 | x=(0.15+((1.3*4.5)+0.7)) | x 0.15 1.3 4.5 * 0.7 + + = | x:money 0.15:money 1.3:money 4.5:money *:money 0.7:money +:money +:money =:money
EXPR: 0 | POS | FRA | 2 | 6.65 | 0.477777777777778 | (((0.15+0.7)+1.3)/4.5)=x | 0.15 0.7 + 1.3 + 4.5 / x = | 0.15:money 0.7:money +:money 1.3:money +:money 4.5:money /:money x:money =:money
EXPR: 0 | POS | FRA | 2 | 6.65 | 8.5 | (((0.15+1.3)+4.5)/0.7)=x | 0.15 1.3 + 4.5 + 0.7 / x = | 0.15:money 1.3:money +:money 4.5:money +:money 0.7:money /:money x:money =:money
EXPR: 0 | POS | FRA | 2 | 6.65 | 0.0229007633587786 | x=(0.15/((1.3*4.5)+0.7)) | x 0.15 1.3 4.5 * 0.7 + / = | x:money 0.15:money 1.3:money 4.5:money *:money 0.7:money +:money /:money =:money
EXPR: 0 | POS | FRA | 2 | 6.65 | 6.35 | ((1.3-0.15)+(0.7+4.5))=x | 1.3 0.15 - 0.7 4.5 + + x = | 1.3:money 0.15:money -:money 0.7:money 4.5:money +:money +:money x:money =:money
EXPR: 0 | POS | FRA | 2 | 6.65 | 6.20714285714286 | 0.15=(((1.3/0.7)-x)+4.5) | 0.15 1.3 0.7 / x - 4.5 + = | 0.15:money 1.3:money 0.7:money /:money x:money -:money 4.5:money +:money =:money
EXPR: 1 | POS | FRA | 2 | 6.65 | 6.65 | (((0.15+0.7)+1.3)+4.5)=x | 0.15 0.7 + 1.3 + 4.5 + x = | 0.15:money 0.7:money +:money 1.3:money +:money 4.5:money +:money x:money =:money
EXPR: 1 | POS | FRA | 2 | 6.65 | 6.65 | (((0.15+1.3)+4.5)+0.7)=x | 0.15 1.3 + 4.5 + 0.7 + x = | 0.15:money 1.3:money +:money 4.5:money +:money 0.7:money +:money x:money =:money
EXPR: 0 | POS | FRA | 2 | 6.65 | 4.05 | (x-(0.15-(1.3-0.7)))=4.5 | x 0.15 1.3 0.7 - - - 4.5 = | x:money 0.15:money 1.3:money 0.7:money -:money -:money -:money 4.5:money =:money
EXPR: 0 | POS | FRA | 2 | 6.65 | 0.166666666666667 | (((0.15-0.7)+1.3)/4.5)=x | 0.15 0.7 - 1.3 + 4.5 / x = | 0.15:money 0.7:money -:money 1.3:money +:money 4.5:money /:money x:money =:money
EXPR: 0 | POS | FRA | 2 | 6.65 | 4.78571428571429 | (((0.15-1.3)+4.5)/0.7)=x | 0.15 1.3 - 4.5 + 0.7 / x = | 0.15:money 1.3:money -:money 4.5:money +:money 0.7:money /:money x:money =:money
EXPR: 0 | POS | FRA | 2 | 6.65 | 1.13888888888889 | ((0.15+(1.3/4.5))+0.7)=x | 0.15 1.3 4.5 / + 0.7 + x = | 0.15:money 1.3:money 4.5:money /:money +:money 0.7:money +:money x:money =:money
EXPR: 0 | POS | FRA | 2 | 6.65 | 0.307222222222222 | ((0.15+(1.3/4.5))*0.7)=x | 0.15 1.3 4.5 / + 0.7 * x = | 0.15:money 1.3:money 4.5:money /:money +:money 0.7:money *:money x:money =:money
EXPR: 0 | POS | FRA | 2 | 6.65 | 0.029126213592233 | x=(0.15/((1.3*4.5)-0.7)) | x 0.15 1.3 4.5 * 0.7 - / = | x:money 0.15:money 1.3:money 4.5:money *:money 0.7:money -:money /:money =:money
EXPR: 0 | POS | FRA | 2 | 6.65 | 0.22 | ((0.15*(1.3-4.5))+0.7)=x | 0.15 1.3 4.5 - * 0.7 + x = | 0.15:money 1.3:money 4.5:money -:money *:money 0.7:money +:money x:money =:money
EXPR: 0 | POS | FRA | 2 | 6.65 | 0.9825 | x=(0.15*((1.3*4.5)+0.7)) | x 0.15 1.3 4.5 * 0.7 + * = | x:money 0.15:money 1.3:money 4.5:money *:money 0.7:money +:money *:money =:money
EXPR: 0 | POS | FRA | 2 | 6.65 | 0.7725 | x=(0.15*((1.3*4.5)-0.7)) | x 0.15 1.3 4.5 * 0.7 - * = | x:money 0.15:money 1.3:money 4.5:money *:money 0.7:money -:money *:money =:money
EXPR: 0 | POS | FRA | 2 | 6.65 | 45.0666666666667 | ((1.3/0.15)*(0.7+4.5))=x | 1.3 0.15 / 0.7 4.5 + * x = | 1.3:money 0.15:money /:money 0.7:money 4.5:money +:money *:money x:money =:money
EXPR: 0 | POS | FRA | 2 | 6.65 | 0.0294117647058824 | (0.15/((1.3+4.5)-0.7))=x | 0.15 1.3 4.5 + 0.7 - / x = | 0.15:money 1.3:money 4.5:money +:money 0.7:money -:money /:money x:money =:money
EXPR: 0 | POS | FRA | 2 | 6.65 | 0.221153846153846 | ((1.3-0.15)/(0.7+4.5))=x | 1.3 0.15 - 0.7 4.5 + / x = | 1.3:money 0.15:money -:money 0.7:money 4.5:money +:money /:money x:money =:money
EXPR: 0 | POS | FRA | 2 | 6.65 | 5.25 | (1.3+(0.15-(0.7-4.5)))=x | 1.3 0.15 0.7 4.5 - - + x = | 1.3:money 0.15:money 0.7:money 4.5:money -:money -:money +:money x:money =:money
EXPR: 0 | POS | FRA | 2 | 6.65 | 1.30555555555556 | ((1.3-0.15)+(0.7/4.5))=x | 1.3 0.15 - 0.7 4.5 / + x = | 1.3:money 0.15:money -:money 0.7:money 4.5:money /:money +:money x:money =:money
EXPR: 0 | POS | FRA | 2 | 6.65 | 5.25 | x=(0.15-((0.7-1.3)-4.5)) | x 0.15 0.7 1.3 - 4.5 - - = | x:money 0.15:money 0.7:money 1.3:money -:money 4.5:money -:money -:money =:money
EXPR: 0 | POS | FRA | 2 | 6.65 | 4.05 | x=(0.15-((1.3-4.5)-0.7)) | x 0.15 1.3 4.5 - 0.7 - - = | x:money 0.15:money 1.3:money 4.5:money -:money 0.7:money -:money -:money =:money
EXPR: 0 | POS | FRA | 2 | 6.65 | 0.765 | (0.15*(1.3+(4.5-0.7)))=x | 0.15 1.3 4.5 0.7 - + * x = | 0.15:money 1.3:money 4.5:money 0.7:money -:money +:money *:money x:money =:money
EXPR: 0 | POS | FRA | 2 | 6.65 | 0.765 | x=(0.15*((1.3+4.5)-0.7)) | x 0.15 1.3 4.5 + 0.7 - * = | x:money 0.15:money 1.3:money 4.5:money +:money 0.7:money -:money *:money =:money
EXPR: 0 | POS | FRA | 2 | 6.65 | 0.17 | ((0.15*(1.3+4.5))-0.7)=x | 0.15 1.3 4.5 + * 0.7 - x = | 0.15:money 1.3:money 4.5:money +:money *:money 0.7:money -:money x:money =:money
EXPR: 0 | POS | FRA | 2 | 6.65 | 5.09 | (0.15+(1.3*(4.5-0.7)))=x | 0.15 1.3 4.5 0.7 - * + x = | 0.15:money 1.3:money 4.5:money 0.7:money -:money *:money +:money x:money =:money
EXPR: 0 | POS | FRA | 2 | 6.65 | 4.05 | (((0.15+0.7)-1.3)+4.5)=x | 0.15 0.7 + 1.3 - 4.5 + x = | 0.15:money 0.7:money +:money 1.3:money -:money 4.5:money +:money x:money =:money
EXPR: 0 | POS | FRA | 2 | 6.65 | 0.975 | x=(0.15*((1.3+4.5)+0.7)) | x 0.15 1.3 4.5 + 0.7 + * = | x:money 0.15:money 1.3:money 4.5:money +:money 0.7:money +:money *:money =:money
EXPR: 0 | POS | FRA | 2 | 6.65 | 0.653125 | ((0.15/(1.3-4.5))+0.7)=x | 0.15 1.3 4.5 - / 0.7 + x = | 0.15:money 1.3:money 4.5:money -:money /:money 0.7:money +:money x:money =:money
EXPR: 0 | POS | FRA | 2 | 6.65 | 4.21 | x=(0.15+((1.3+4.5)*0.7)) | x 0.15 1.3 4.5 + 0.7 * + = | x:money 0.15:money 1.3:money 4.5:money +:money 0.7:money *:money +:money =:money
EXPR: 0 | POS | FRA | 2 | 6.65 | 5.25 | x=(0.15+((1.3+4.5)-0.7)) | x 0.15 1.3 4.5 + 0.7 - + = | x:money 0.15:money 1.3:money 4.5:money +:money 0.7:money -:money +:money =:money
EXPR: 0 | POS | FRA | 2 | 6.65 | 8.43571428571429 | x=(0.15+((1.3+4.5)/0.7)) | x 0.15 1.3 4.5 + 0.7 / + = | x:money 0.15:money 1.3:money 4.5:money +:money 0.7:money /:money +:money =:money
EXPR: 0 | POS | FRA | 2 | 6.65 | 0.585 | x=(0.15*((0.7-1.3)+4.5)) | x 0.15 0.7 1.3 - 4.5 + * = | x:money 0.15:money 0.7:money 1.3:money -:money 4.5:money +:money *:money =:money
EXPR: 0 | POS | FRA | 2 | 6.65 | 0.477777777777778 | (((0.15+1.3)+0.7)/x)=4.5 | 0.15 1.3 + 0.7 + x / 4.5 = | 0.15:money 1.3:money +:money 0.7:money +:money x:money /:money 4.5:money =:money
EXPR: 1 | POS | FRA | 2 | 6.65 | 6.65 | x=(0.15+((1.3+4.5)+0.7)) | x 0.15 1.3 4.5 + 0.7 + + = | x:money 0.15:money 1.3:money 4.5:money +:money 0.7:money +:money +:money =:money
EXPR: 0 | POS | FRA | 2 | 6.65 | 0.73 | (1.3+(0.15*(0.7-4.5)))=x | 1.3 0.15 0.7 4.5 - * + x = | 1.3:money 0.15:money 0.7:money 4.5:money -:money *:money +:money x:money =:money
EXPR: 0 | POS | FRA | 2 | 6.65 | 5.25 | (0.15+(1.3+(4.5-0.7)))=x | 0.15 1.3 4.5 0.7 - + + x = | 0.15:money 1.3:money 4.5:money 0.7:money -:money +:money +:money x:money =:money
EXPR: 0 | POS | FRA | 2 | 6.65 | 0.492105263157895 | (0.15+(1.3/(4.5-0.7)))=x | 0.15 1.3 4.5 0.7 - / + x = | 0.15:money 1.3:money 4.5:money 0.7:money -:money /:money +:money x:money =:money
EXPR: 0 | POS | FRA | 2 | 6.65 | 2.65 | (0.15-((1.3-4.5)+0.7))=x | 0.15 1.3 4.5 - 0.7 + - x = | 0.15:money 1.3:money 4.5:money -:money 0.7:money +:money -:money x:money =:money
EXPR: 1 | POS | FRA | 2 | 6.65 | 6.65 | ((0.15+(1.3+4.5))+0.7)=x | 0.15 1.3 4.5 + + 0.7 + x = | 0.15:money 1.3:money 4.5:money +:money +:money 0.7:money +:money x:money =:money
EXPR: 0 | POS | FRA | 2 | 6.65 | 0.0297709923664122 | x=(0.15/((0.7/1.3)+4.5)) | x 0.15 0.7 1.3 / 4.5 + / = | x:money 0.15:money 0.7:money 1.3:money /:money 4.5:money +:money /:money =:money
EXPR: 0 | POS | FRA | 2 | 6.65 | 0.151685393258427 | x=(0.15/((1.3/4.5)+0.7)) | x 0.15 1.3 4.5 / 0.7 + / = | x:money 0.15:money 1.3:money 4.5:money /:money 0.7:money +:money /:money =:money
EXPR: 0 | POS | FRA | 2 | 6.65 | 3.305 | (((0.15*0.7)-1.3)+4.5)=x | 0.15 0.7 * 1.3 - 4.5 + x = | 0.15:money 0.7:money *:money 1.3:money -:money 4.5:money +:money x:money =:money
EXPR: 0 | POS | FRA | 2 | 6.65 | 2.65 | x=(0.15-((1.3-4.5)+0.7)) | x 0.15 1.3 4.5 - 0.7 + - = | x:money 0.15:money 1.3:money 4.5:money -:money 0.7:money +:money -:money =:money
EXPR: 0 | POS | FRA | 2 | 6.65 | 0.0230769230769231 | x=(0.15/((1.3+4.5)+0.7)) | x 0.15 1.3 4.5 + 0.7 + / = | x:money 0.15:money 1.3:money 4.5:money +:money 0.7:money +:money /:money =:money
EXPR: 0 | POS | FRA | 2 | 6.65 | 7.87857142857143 | (0.15+(1.3+(4.5/0.7)))=x | 0.15 1.3 4.5 0.7 / + + x = | 0.15:money 1.3:money 4.5:money 0.7:money /:money +:money +:money x:money =:money
EXPR: 0 | POS | FRA | 2 | 6.65 | 0.0166666666666667 | x=(0.15+((0.7-1.3)/4.5)) | x 0.15 0.7 1.3 - 4.5 / + = | x:money 0.15:money 0.7:money 1.3:money -:money 4.5:money /:money +:money =:money
EXPR: 0 | POS | FRA | 2 | 6.65 | 0.561111111111111 | ((0.15-(1.3/4.5))+0.7)=x | 0.15 1.3 4.5 / - 0.7 + x = | 0.15:money 1.3:money 4.5:money /:money -:money 0.7:money +:money x:money =:money
EXPR: 0 | POS | FRA | 2 | 6.65 | 2.65 | (((0.15-0.7)-1.3)+4.5)=x | 0.15 0.7 - 1.3 - 4.5 + x = | 0.15:money 0.7:money -:money 1.3:money -:money 4.5:money +:money x:money =:money
EXPR: 0 | POS | FRA | 2 | 6.65 | 8.5 | ((0.15+(1.3+4.5))/0.7)=x | 0.15 1.3 4.5 + + 0.7 / x = | 0.15:money 1.3:money 4.5:money +:money +:money 0.7:money /:money x:money =:money
EXPR: 0 | POS | FRA | 2 | 6.65 | 4.95 | ((1.3-0.15)-(0.7-4.5))=x | 1.3 0.15 - 0.7 4.5 - - x = | 1.3:money 0.15:money -:money 0.7:money 4.5:money -:money -:money x:money =:money
EXPR: 0 | POS | FRA | 2 | 6.65 | 12.4666666666667 | ((1.3/0.15)-(0.7-4.5))=x | 1.3 0.15 / 0.7 4.5 - - x = | 1.3:money 0.15:money /:money 0.7:money 4.5:money -:money -:money x:money =:money
EXPR: 0 | POS | FRA | 2 | 6.65 | 0.725862068965517 | ((0.15/(1.3+4.5))+0.7)=x | 0.15 1.3 4.5 + / 0.7 + x = | 0.15:money 1.3:money 4.5:money +:money /:money 0.7:money +:money x:money =:money
EXPR: 0 | POS | FRA | 2 | 6.65 | 0.0230769230769231 | 0.15=((1.3+(0.7+4.5))*x) | 0.15 1.3 0.7 4.5 + + x * = | 0.15:money 1.3:money 0.7:money 4.5:money +:money +:money x:money *:money =:money
EXPR: 0 | POS | FRA | 2 | 6.65 | 43.3333333333333 | 0.15=((1.3+(0.7+4.5))/x) | 0.15 1.3 0.7 4.5 + + x / = | 0.15:money 1.3:money 0.7:money 4.5:money +:money +:money x:money /:money =:money
EXPR: 0 | POS | FRA | 2 | 6.65 | 5.25 | (((0.15-0.7)+1.3)+4.5)=x | 0.15 0.7 - 1.3 + 4.5 + x = | 0.15:money 0.7:money -:money 1.3:money +:money 4.5:money +:money x:money =:money
EXPR: 0 | POS | FRA | 2 | 6.65 | 4.05 | (((0.15-1.3)+4.5)+0.7)=x | 0.15 1.3 - 4.5 + 0.7 + x = | 0.15:money 1.3:money -:money 4.5:money +:money 0.7:money +:money x:money =:money
EXPR: 0 | POS | FRA | 2 | 6.65 | 0.0294117647058824 | x=(0.15/((1.3+4.5)-0.7)) | x 0.15 1.3 4.5 + 0.7 - / = | x:money 0.15:money 1.3:money 4.5:money +:money 0.7:money -:money /:money =:money
EXPR: 0 | POS | FRA | 2 | 6.65 | 4.11153846153846 | x=(0.15-((0.7/1.3)-4.5)) | x 0.15 0.7 1.3 / 4.5 - - = | x:money 0.15:money 0.7:money 1.3:money /:money 4.5:money -:money -:money =:money
EXPR: 0 | POS | FRA | 2 | 6.65 | 0.561111111111111 | x=(0.15-((1.3/4.5)-0.7)) | x 0.15 1.3 4.5 / 0.7 - - = | x:money 0.15:money 1.3:money 4.5:money /:money 0.7:money -:money -:money =:money
EXPR: 0 | POS | FRA | 2 | 6.65 | 5.25 | (0.15+((1.3+4.5)-0.7))=x | 0.15 1.3 4.5 + 0.7 - + x = | 0.15:money 1.3:money 4.5:money +:money 0.7:money -:money +:money x:money =:money
EXPR: 0 | POS | FRA | 2 | 6.65 | 5.27857142857143 | (0.15-(1.3-(4.5/0.7)))=x | 0.15 1.3 4.5 0.7 / - - x = | 0.15:money 1.3:money 4.5:money 0.7:money /:money -:money -:money x:money =:money
EXPR: 0 | POS | FRA | 2 | 6.65 | 0.9825 | (0.15*((1.3*4.5)+0.7))=x | 0.15 1.3 4.5 * 0.7 + * x = | 0.15:money 1.3:money 4.5:money *:money 0.7:money +:money *:money x:money =:money
EXPR: 0 | POS | FRA | 2 | 6.65 | 8.43571428571429 | (0.15+((1.3+4.5)/0.7))=x | 0.15 1.3 4.5 + 0.7 / + x = | 0.15:money 1.3:money 4.5:money +:money 0.7:money /:money +:money x:money =:money
EXPR: 0 | POS | FRA | 2 | 6.65 | 0.0230769230769231 | (0.15/((1.3+4.5)+0.7))=x | 0.15 1.3 4.5 + 0.7 + / x = | 0.15:money 1.3:money 4.5:money +:money 0.7:money +:money /:money x:money =:money
EXPR: 0 | POS | FRA | 2 | 6.65 | 5.15384615384615 | (((0.15+0.7)/1.3)+4.5)=x | 0.15 0.7 + 1.3 / 4.5 + x = | 0.15:money 0.7:money +:money 1.3:money /:money 4.5:money +:money x:money =:money
EXPR: 0 | POS | FRA | 2 | 6.65 | 1.02222222222222 | (((0.15+1.3)/4.5)+0.7)=x | 0.15 1.3 + 4.5 / 0.7 + x = | 0.15:money 1.3:money +:money 4.5:money /:money 0.7:money +:money x:money =:money
EXPR: 0 | POS | FRA | 2 | 6.65 | 5.25 | ((0.15+(1.3+4.5))-0.7)=x | 0.15 1.3 4.5 + + 0.7 - x = | 0.15:money 1.3:money 4.5:money +:money +:money 0.7:money -:money x:money =:money
EXPR: 0 | POS | FRA | 2 | 6.65 | 0.765 | (0.15*((1.3+4.5)-0.7))=x | 0.15 1.3 4.5 + 0.7 - * x = | 0.15:money 1.3:money 4.5:money +:money 0.7:money -:money *:money x:money =:money
EXPR: 0 | POS | FRA | 2 | 6.65 | 2.65 | (0.15-(1.3-(4.5-0.7)))=x | 0.15 1.3 4.5 0.7 - - - x = | 0.15:money 1.3:money 4.5:money 0.7:money -:money -:money -:money x:money =:money
EXPR: 0 | POS | FRA | 2 | 6.65 | 0.7725 | (0.15*((1.3*4.5)-0.7))=x | 0.15 1.3 4.5 * 0.7 - * x = | 0.15:money 1.3:money 4.5:money *:money 0.7:money -:money *:money x:money =:money
EXPR: 0 | POS | FRA | 2 | 6.65 | 0.151685393258427 | (0.15/((1.3/4.5)+0.7))=x | 0.15 1.3 4.5 / 0.7 + / x = | 0.15:money 1.3:money 4.5:money /:money 0.7:money +:money /:money x:money =:money
EXPR: 0 | POS | FRA | 2 | 6.65 | 4.21 | (0.15+((1.3+4.5)*0.7))=x | 0.15 1.3 4.5 + 0.7 * + x = | 0.15:money 1.3:money 4.5:money +:money 0.7:money *:money +:money x:money =:money
EXPR: 0 | POS | FRA | 2 | 6.65 | 5.26 | ((0.15-(1.3*0.7))+x)=4.5 | 0.15 1.3 0.7 * - x + 4.5 = | 0.15:money 1.3:money 0.7:money *:money -:money x:money +:money 4.5:money =:money
EXPR: 0 | POS | FRA | 2 | 6.65 | 8.5 | x=((0.15+(1.3+4.5))/0.7) | x 0.15 1.3 4.5 + + 0.7 / = | x:money 0.15:money 1.3:money 4.5:money +:money +:money 0.7:money /:money =:money
EXPR: 0 | POS | FRA | 2 | 6.65 | 6.01428571428571 | (((0.15/0.7)+1.3)+4.5)=x | 0.15 0.7 / 1.3 + 4.5 + x = | 0.15:money 0.7:money /:money 1.3:money +:money 4.5:money +:money x:money =:money
EXPR: 0 | POS | FRA | 2 | 6.65 | 5.31538461538462 | (((0.15/1.3)+4.5)+0.7)=x | 0.15 1.3 / 4.5 + 0.7 + x = | 0.15:money 1.3:money /:money 4.5:money +:money 0.7:money +:money x:money =:money
EXPR: 0 | POS | FRA | 2 | 6.65 | 0.029126213592233 | (0.15/((1.3*4.5)-0.7))=x | 0.15 1.3 4.5 * 0.7 - / x = | 0.15:money 1.3:money 4.5:money *:money 0.7:money -:money /:money x:money =:money
EXPR: 0 | POS | FRA | 2 | 6.65 | 2.85 | x=(0.15-((0.7-1.3)*4.5)) | x 0.15 0.7 1.3 - 4.5 * - = | x:money 0.15:money 0.7:money 1.3:money -:money 4.5:money *:money -:money =:money
EXPR: 0 | POS | FRA | 2 | 6.65 | 2.39 | x=(0.15-((1.3-4.5)*0.7)) | x 0.15 1.3 4.5 - 0.7 * - = | x:money 0.15:money 1.3:money 4.5:money -:money 0.7:money *:money -:money =:money
EXPR: 0 | POS | FRA | 2 | 6.65 | 6.7 | ((0.15+(1.3*4.5))+0.7)=x | 0.15 1.3 4.5 * + 0.7 + x = | 0.15:money 1.3:money 4.5:money *:money +:money 0.7:money +:money x:money =:money
EXPR: 0 | POS | FRA | 2 | 6.65 | 4.11153846153846 | x=((0.15-(0.7/1.3))+4.5) | x 0.15 0.7 1.3 / - 4.5 + = | x:money 0.15:money 0.7:money 1.3:money /:money -:money 4.5:money +:money =:money
EXPR: 0 | POS | FRA | 2 | 6.65 | 0.561111111111111 | x=((0.15-(1.3/4.5))+0.7) | x 0.15 1.3 4.5 / - 0.7 + = | x:money 0.15:money 1.3:money 4.5:money /:money -:money 0.7:money +:money =:money
EXPR: 0 | POS | FRA | 2 | 6.65 | 4.78571428571429 | ((0.15-(1.3-4.5))/0.7)=x | 0.15 1.3 4.5 - - 0.7 / x = | 0.15:money 1.3:money 4.5:money -:money -:money 0.7:money /:money x:money =:money
EXPR: 0 | POS | FRA | 2 | 6.65 | 3.375 | x=((0.15-(0.7-1.3))*4.5) | x 0.15 0.7 1.3 - - 4.5 * = | x:money 0.15:money 0.7:money 1.3:money -:money -:money 4.5:money *:money =:money
EXPR: 0 | POS | FRA | 2 | 6.65 | 1.32884615384615 | (1.3+(0.15/(0.7+4.5)))=x | 1.3 0.15 0.7 4.5 + / + x = | 1.3:money 0.15:money 0.7:money 4.5:money +:money /:money +:money x:money =:money
EXPR: 0 | POS | FRA | 2 | 6.65 | 2.345 | x=((0.15-(1.3-4.5))*0.7) | x 0.15 1.3 4.5 - - 0.7 * = | x:money 0.15:money 1.3:money 4.5:money -:money -:money 0.7:money *:money =:money
EXPR: 1 | POS | FRA | 2 | 6.65 | 6.65 | x=((0.15+(1.3+4.5))+0.7) | x 0.15 1.3 4.5 + + 0.7 + = | x:money 0.15:money 1.3:money 4.5:money +:money +:money 0.7:money +:money =:money
EXPR: 0 | POS | FRA | 2 | 6.65 | 0.725862068965517 | x=((0.15/(1.3+4.5))+0.7) | x 0.15 1.3 4.5 + / 0.7 + = | x:money 0.15:money 1.3:money 4.5:money +:money /:money 0.7:money +:money =:money
EXPR: 0 | POS | FRA | 2 | 6.65 | 3.41428571428571 | (((0.15/0.7)-1.3)+4.5)=x | 0.15 0.7 / 1.3 - 4.5 + x = | 0.15:money 0.7:money /:money 1.3:money -:money 4.5:money +:money x:money =:money
EXPR: 0 | POS | FRA | 2 | 6.65 | 0.755769230769231 | x=(0.15*((0.7/1.3)+4.5)) | x 0.15 0.7 1.3 / 4.5 + * = | x:money 0.15:money 0.7:money 1.3:money /:money 4.5:money +:money *:money =:money
EXPR: 0 | POS | FRA | 2 | 6.65 | 4.2 | ((0.15+(1.3*4.5))*0.7)=x | 0.15 1.3 4.5 * + 0.7 * x = | 0.15:money 1.3:money 4.5:money *:money +:money 0.7:money *:money x:money =:money
EXPR: 0 | POS | FRA | 2 | 6.65 | 5.3 | x=((0.15+(1.3*4.5))-0.7) | x 0.15 1.3 4.5 * + 0.7 - = | x:money 0.15:money 1.3:money 4.5:money *:money +:money 0.7:money -:money =:money
EXPR: 0 | POS | FRA | 2 | 6.65 | 3.785 | (((0.15-0.7)*1.3)+4.5)=x | 0.15 0.7 - 1.3 * 4.5 + x = | 0.15:money 0.7:money -:money 1.3:money *:money 4.5:money +:money x:money =:money
EXPR: 0 | POS | FRA | 2 | 6.65 | 4.05 | x=(0.15+((0.7-1.3)+4.5)) | x 0.15 0.7 1.3 - 4.5 + + = | x:money 0.15:money 0.7:money 1.3:money -:money 4.5:money +:money +:money =:money
EXPR: 0 | POS | FRA | 2 | 6.65 | 2.65 | ((0.15-(1.3-4.5))-0.7)=x | 0.15 1.3 4.5 - - 0.7 - x = | 0.15:money 1.3:money 4.5:money -:money -:money 0.7:money -:money x:money =:money
EXPR: 0 | POS | FRA | 2 | 6.65 | 4.05 | ((0.15-(1.3-4.5))+0.7)=x | 0.15 1.3 4.5 - - 0.7 + x = | 0.15:money 1.3:money 4.5:money -:money -:money 0.7:money +:money x:money =:money
EXPR: 0 | POS | FRA | 2 | 6.65 | 0.235555555555556 | ((0.15+(1.3*0.7))/x)=4.5 | 0.15 1.3 0.7 * + x / 4.5 = | 0.15:money 1.3:money 0.7:money *:money +:money x:money /:money 4.5:money =:money
EXPR: 0 | POS | FRA | 2 | 6.65 | 5.25 | x=((0.15+(1.3+4.5))-0.7) | x 0.15 1.3 4.5 + + 0.7 - = | x:money 0.15:money 1.3:money 4.5:money +:money +:money 0.7:money -:money =:money
EXPR: 0 | POS | FRA | 2 | 6.65 | 4.2 | x=((0.15+(1.3*4.5))*0.7) | x 0.15 1.3 4.5 * + 0.7 * = | x:money 0.15:money 1.3:money 4.5:money *:money +:money 0.7:money *:money =:money
EXPR: 0 | POS | FRA | 2 | 6.65 | 2.345 | ((0.15-(1.3-4.5))*0.7)=x | 0.15 1.3 4.5 - - 0.7 * x = | 0.15:money 1.3:money 4.5:money -:money -:money 0.7:money *:money x:money =:money
EXPR: 0 | POS | FRA | 2 | 6.65 | 0.975 | (0.15*((1.3+4.5)+0.7))=x | 0.15 1.3 4.5 + 0.7 + * x = | 0.15:money 1.3:money 4.5:money +:money 0.7:money +:money *:money x:money =:money
EXPR: 0 | POS | FRA | 2 | 6.65 | 5.18846153846154 | x=(0.15+((0.7/1.3)+4.5)) | x 0.15 0.7 1.3 / 4.5 + + = | x:money 0.15:money 0.7:money 1.3:money /:money 4.5:money +:money +:money =:money
EXPR: 0 | POS | FRA | 2 | 6.65 | 1.13888888888889 | x=(0.15+((1.3/4.5)+0.7)) | x 0.15 1.3 4.5 / 0.7 + + = | x:money 0.15:money 1.3:money 4.5:money /:money 0.7:money +:money +:money =:money
EXPR: 0 | POS | FRA | 2 | 6.65 | 5.3 | x=(0.15+((1.3*4.5)-0.7)) | x 0.15 1.3 4.5 * 0.7 - + = | x:money 0.15:money 1.3:money 4.5:money *:money 0.7:money -:money +:money =:money
EXPR: 0 | POS | FRA | 2 | 6.65 | 0.17 | x=((0.15*(1.3+4.5))-0.7) | x 0.15 1.3 4.5 + * 0.7 - = | x:money 0.15:money 1.3:money 4.5:money +:money *:money 0.7:money -:money =:money
EXPR: 0 | POS | FRA | 2 | 6.65 | 3.375 | x=(((0.15-0.7)+1.3)*4.5) | x 0.15 0.7 - 1.3 + 4.5 * = | x:money 0.15:money 0.7:money -:money 1.3:money +:money 4.5:money *:money =:money
EXPR: 0 | POS | FRA | 2 | 6.65 | 2.345 | x=(((0.15-1.3)+4.5)*0.7) | x 0.15 1.3 - 4.5 + 0.7 * = | x:money 0.15:money 1.3:money -:money 4.5:money +:money 0.7:money *:money =:money
EXPR: 0 | POS | FRA | 2 | 6.65 | 6.7 | x=((0.15+(1.3*4.5))+0.7) | x 0.15 1.3 4.5 * + 0.7 + = | x:money 0.15:money 1.3:money 4.5:money *:money +:money 0.7:money +:money =:money
EXPR: 0 | POS | FRA | 2 | 6.65 | 8.57142857142857 | ((0.15+(1.3*4.5))/0.7)=x | 0.15 1.3 4.5 * + 0.7 / x = | 0.15:money 1.3:money 4.5:money *:money +:money 0.7:money /:money x:money =:money
EXPR: 0 | POS | FRA | 2 | 6.65 | 5.905 | (((0.15*0.7)+1.3)+4.5)=x | 0.15 0.7 * 1.3 + 4.5 + x = | 0.15:money 0.7:money *:money 1.3:money +:money 4.5:money +:money x:money =:money
EXPR: 0 | POS | FRA | 2 | 6.65 | 5.395 | (((0.15*1.3)+4.5)+0.7)=x | 0.15 1.3 * 4.5 + 0.7 + x = | 0.15:money 1.3:money *:money 4.5:money +:money 0.7:money +:money x:money =:money
EXPR: 0 | POS | FRA | 2 | 6.65 | 0.148333333333333 | (0.15*((1.3/4.5)+0.7))=x | 0.15 1.3 4.5 / 0.7 + * x = | 0.15:money 1.3:money 4.5:money /:money 0.7:money +:money *:money x:money =:money
EXPR: 0 | POS | FRA | 2 | 6.65 | 4.05 | x=((0.15+(0.7-1.3))+4.5) | x 0.15 0.7 1.3 - + 4.5 + = | x:money 0.15:money 0.7:money 1.3:money -:money +:money 4.5:money +:money =:money
EXPR: 0 | POS | FRA | 2 | 6.65 | 0.561111111111111 | (0.15-((1.3/4.5)-0.7))=x | 0.15 1.3 4.5 / 0.7 - - x = | 0.15:money 1.3:money 4.5:money /:money 0.7:money -:money -:money x:money =:money
EXPR: 0 | POS | FRA | 2 | 6.65 | 5.3 | ((0.15+(1.3*4.5))-0.7)=x | 0.15 1.3 4.5 * + 0.7 - x = | 0.15:money 1.3:money 4.5:money *:money +:money 0.7:money -:money x:money =:money
EXPR: 0 | POS | FRA | 2 | 6.65 | 2.65 | (((0.15-1.3)+4.5)-0.7)=x | 0.15 1.3 - 4.5 + 0.7 - x = | 0.15:money 1.3:money -:money 4.5:money +:money 0.7:money -:money x:money =:money
EXPR: 0 | POS | FRA | 2 | 6.65 | 6.7 | (0.15+((1.3*4.5)+0.7))=x | 0.15 1.3 4.5 * 0.7 + + x = | 0.15:money 1.3:money 4.5:money *:money 0.7:money +:money +:money x:money =:money
EXPR: 0 | POS | FRA | 2 | 6.65 | 4.05 | x=((0.15-(1.3-4.5))+0.7) | x 0.15 1.3 4.5 - - 0.7 + = | x:money 0.15:money 1.3:money 4.5:money -:money -:money 0.7:money +:money =:money
EXPR: 0 | POS | FRA | 2 | 6.65 | 4.05 | x=(((0.15+0.7)-1.3)+4.5) | x 0.15 0.7 + 1.3 - 4.5 + = | x:money 0.15:money 0.7:money +:money 1.3:money -:money 4.5:money +:money =:money
EXPR: 0 | POS | FRA | 2 | 6.65 | 4.41 | x=((0.15*(0.7-1.3))+4.5) | x 0.15 0.7 1.3 - * 4.5 + = | x:money 0.15:money 0.7:money 1.3:money -:money *:money 4.5:money +:money =:money
EXPR: 0 | POS | FRA | 2 | 6.65 | 6.91000000000001 | (((x-0.15)/1.3)-0.7)=4.5 | x 0.15 - 1.3 / 0.7 - 4.5 = | x:money 0.15:money -:money 1.3:money /:money 0.7:money -:money 4.5:money =:money
NET 339 unique, non-negative solutions found out of 1000 total solutions
