parameters: n=9 l=4 k=1 p=5 q=2 m=10
TOTAL 1000 solutions found
SOLN: CORRECT | POS/NEG | INT/FRA | OBJ-SCORE | TRUE-ANS | ANS | INFIX | POSTFIX | TYPED-POSTFIX
EXPR: 0 | POS | FRA | 0 | 36.78 | 33.6 | ((10.62*2)-(1.59-13.95))=x | 10.62 2 * 1.59 13.95 - - x = | 10.62:dollar 2:ticket *:dollar 1.59:dollar 13.95:dollar -:dollar -:dollar x:dollar =:dollar
EXPR: 0 | POS | FRA | 0 | 36.78 | 17.67 | ((10.62/2)-(1.59-13.95))=x | 10.62 2 / 1.59 13.95 - - x = | 10.62:dollar 2:ticket /:dollar 1.59:dollar 13.95:dollar -:dollar -:dollar x:dollar =:dollar
EXPR: 0 | POS | FRA | 0 | 36.78 | 21.39 | ((10.62-(2*1.59))+13.95)=x | 10.62 2 1.59 * - 13.95 + x = | 10.62:dollar 2:ticket 1.59:dollar *:dollar -:dollar 13.95:dollar +:dollar x:dollar =:dollar
EXPR: 0 | POS | FRA | 0 | 36.78 | 8.88 | ((10.62*2)+(1.59-13.95))=x | 10.62 2 * 1.59 13.95 - + x = | 10.62:dollar 2:ticket *:dollar 1.59:dollar 13.95:dollar -:dollar +:dollar x:dollar =:dollar
EXPR: 0 | POS | FRA | 0 | 36.78 | 41.7 | (10.62+(2*(1.59+13.95)))=x | 10.62 2 1.59 13.95 + * + x = | 10.62:dollar 2:ticket 1.59:dollar 13.95:dollar +:dollar *:dollar +:dollar x:dollar =:dollar
EXPR: 0 | POS | FRA | 0 | 36.78 | 17.67 | (((10.62/2)-1.59)+13.95)=x | 10.62 2 / 1.59 - 13.95 + x = | 10.62:dollar 2:ticket /:dollar 1.59:dollar -:dollar 13.95:dollar +:dollar x:dollar =:dollar
EXPR: 1 | POS | FRA | 0 | 36.78 | 36.78 | ((10.62*2)+(1.59+13.95))=x | 10.62 2 * 1.59 13.95 + + x = | 10.62:dollar 2:ticket *:dollar 1.59:dollar 13.95:dollar +:dollar +:dollar x:dollar =:dollar
EXPR: 0 | POS | FRA | 0 | 36.78 | 20.85 | ((10.62/2)+(1.59+13.95))=x | 10.62 2 / 1.59 13.95 + + x = | 10.62:dollar 2:ticket /:dollar 1.59:dollar 13.95:dollar +:dollar +:dollar x:dollar =:dollar
EXPR: 0 | POS | FRA | 0 | 36.78 | 27.75 | ((10.62+(2*1.59))+13.95)=x | 10.62 2 1.59 * + 13.95 + x = | 10.62:dollar 2:ticket 1.59:dollar *:dollar +:dollar 13.95:dollar +:dollar x:dollar =:dollar
EXPR: 0 | POS | FRA | 0 | 36.78 | 35.34 | (10.62-(2*(1.59-13.95)))=x | 10.62 2 1.59 13.95 - * - x = | 10.62:dollar 2:ticket 1.59:dollar 13.95:dollar -:dollar *:dollar -:dollar x:dollar =:dollar
EXPR: 1 | POS | FRA | 0 | 36.78 | 36.78 | x=((10.62*2)+(1.59+13.95)) | x 10.62 2 * 1.59 13.95 + + = | x:dollar 10.62:dollar 2:ticket *:dollar 1.59:dollar 13.95:dollar +:dollar +:dollar =:dollar
EXPR: 0 | POS | FRA | 0 | 36.78 | 5.7 | x=((10.62*2)-(1.59+13.95)) | x 10.62 2 * 1.59 13.95 + - = | x:dollar 10.62:dollar 2:ticket *:dollar 1.59:dollar 13.95:dollar +:dollar -:dollar =:dollar
EXPR: 0 | POS | FRA | 0 | 36.78 | 5.7 | ((10.62*2)-(1.59+13.95))=x | 10.62 2 * 1.59 13.95 + - x = | 10.62:dollar 2:ticket *:dollar 1.59:dollar 13.95:dollar +:dollar -:dollar x:dollar =:dollar
EXPR: 0 | POS | FRA | 0 | 36.78 | 33.6 | (((10.62*2)-1.59)+13.95)=x | 10.62 2 * 1.59 - 13.95 + x = | 10.62:dollar 2:ticket *:dollar 1.59:dollar -:dollar 13.95:dollar +:dollar x:dollar =:dollar
EXPR: 0 | POS | FRA | 0 | 36.78 | 27.75 | (10.62+((2*1.59)+13.95))=x | 10.62 2 1.59 * 13.95 + + x = | 10.62:dollar 2:ticket 1.59:dollar *:dollar 13.95:dollar +:dollar +:dollar x:dollar =:dollar
EXPR: 0 | POS | FRA | 0 | 36.78 | 330.0696 | ((10.62*2)*(1.59+13.95))=x | 10.62 2 * 1.59 13.95 + * x = | 10.62:dollar 2:ticket *:ticket 1.59:dollar 13.95:dollar +:dollar *:dollar x:dollar =:dollar
EXPR: 0 | POS | FRA | 0 | 36.78 | 21.39 | (10.62-((2*1.59)-13.95))=x | 10.62 2 1.59 * 13.95 - - x = | 10.62:dollar 2:ticket 1.59:dollar *:dollar 13.95:dollar -:dollar -:dollar x:dollar =:dollar
EXPR: 0 | POS | FRA | 0 | 36.78 | 8.88 | (((10.62*2)+1.59)-13.95)=x | 10.62 2 * 1.59 + 13.95 - x = | 10.62:dollar 2:ticket *:dollar 1.59:dollar +:dollar 13.95:dollar -:dollar x:dollar =:dollar
EXPR: 0 | POS | FRA | 0 | 36.78 | 330.0696 | x=((10.62*2)*(1.59+13.95)) | x 10.62 2 * 1.59 13.95 + * = | x:dollar 10.62:dollar 2:ticket *:ticket 1.59:dollar 13.95:dollar +:dollar *:dollar =:dollar
EXPR: 0 | POS | FRA | 0 | 36.78 | 33.6 | x=(((10.62*2)-1.59)+13.95) | x 10.62 2 * 1.59 - 13.95 + = | x:dollar 10.62:dollar 2:ticket *:dollar 1.59:dollar -:dollar 13.95:dollar +:dollar =:dollar
EXPR: 0 | POS | FRA | 0 | 36.78 | 20.85 | x=((10.62/2)+(1.59+13.95)) | x 10.62 2 / 1.59 13.95 + + = | x:dollar 10.62:dollar 2:ticket /:dollar 1.59:dollar 13.95:dollar +:dollar +:dollar =:dollar
EXPR: 0 | POS | FRA | 0 | 36.78 | 21.39 | x=((10.62-(2*1.59))+13.95) | x 10.62 2 1.59 * - 13.95 + = | x:dollar 10.62:dollar 2:ticket 1.59:dollar *:dollar -:dollar 13.95:dollar +:dollar =:dollar
EXPR: 0 | POS | FRA | 0 | 36.78 | 27.75 | x=(10.62+((2*1.59)+13.95)) | x 10.62 2 1.59 * 13.95 + + = | x:dollar 10.62:dollar 2:ticket 1.59:dollar *:dollar 13.95:dollar +:dollar +:dollar =:dollar
EXPR: 0 | POS | FRA | 0 | 36.78 | 5.7 | (((10.62*2)-1.59)-13.95)=x | 10.62 2 * 1.59 - 13.95 - x = | 10.62:dollar 2:ticket *:dollar 1.59:dollar -:dollar 13.95:dollar -:dollar x:dollar =:dollar
EXPR: 0 | POS | FRA | 0 | 36.78 | 27.75 | x=((10.62+(2*1.59))+13.95) | x 10.62 2 1.59 * + 13.95 + = | x:dollar 10.62:dollar 2:ticket 1.59:dollar *:dollar +:dollar 13.95:dollar +:dollar =:dollar
EXPR: 0 | POS | FRA | 0 | 36.78 | 21.39 | x=(10.62-((2*1.59)-13.95)) | x 10.62 2 1.59 * 13.95 - - = | x:dollar 10.62:dollar 2:ticket 1.59:dollar *:dollar 13.95:dollar -:dollar -:dollar =:dollar
EXPR: 0 | POS | FRA | 0 | 36.78 | 17.67 | x=(((10.62/2)-1.59)+13.95) | x 10.62 2 / 1.59 - 13.95 + = | x:dollar 10.62:dollar 2:ticket /:dollar 1.59:dollar -:dollar 13.95:dollar +:dollar =:dollar
EXPR: 0 | POS | FRA | 0 | 36.78 | 5.7 | x=(((10.62*2)-1.59)-13.95) | x 10.62 2 * 1.59 - 13.95 - = | x:dollar 10.62:dollar 2:ticket *:dollar 1.59:dollar -:dollar 13.95:dollar -:dollar =:dollar
EXPR: 0 | POS | FRA | 0 | 36.78 | 8.88 | x=((10.62*2)+(1.59-13.95)) | x 10.62 2 * 1.59 13.95 - + = | x:dollar 10.62:dollar 2:ticket *:dollar 1.59:dollar 13.95:dollar -:dollar +:dollar =:dollar
EXPR: 1 | POS | FRA | 0 | 36.78 | 36.78 | (((10.62*2)+1.59)+13.95)=x | 10.62 2 * 1.59 + 13.95 + x = | 10.62:dollar 2:ticket *:dollar 1.59:dollar +:dollar 13.95:dollar +:dollar x:dollar =:dollar
EXPR: 0 | POS | FRA | 0 | 36.78 | 20.85 | (((10.62/2)+1.59)+13.95)=x | 10.62 2 / 1.59 + 13.95 + x = | 10.62:dollar 2:ticket /:dollar 1.59:dollar +:dollar 13.95:dollar +:dollar x:dollar =:dollar
EXPR: 0 | POS | FRA | 0 | 36.78 | 33.6 | x=((10.62*2)-(1.59-13.95)) | x 10.62 2 * 1.59 13.95 - - = | x:dollar 10.62:dollar 2:ticket *:dollar 1.59:dollar 13.95:dollar -:dollar -:dollar =:dollar
EXPR: 0 | POS | FRA | 0 | 36.78 | 20.85 | x=(((10.62/2)+1.59)+13.95) | x 10.62 2 / 1.59 + 13.95 + = | x:dollar 10.62:dollar 2:ticket /:dollar 1.59:dollar +:dollar 13.95:dollar +:dollar =:dollar
EXPR: 0 | POS | FRA | 0 | 36.78 | 8.88 | x=(((10.62*2)+1.59)-13.95) | x 10.62 2 * 1.59 + 13.95 - = | x:dollar 10.62:dollar 2:ticket *:dollar 1.59:dollar +:dollar 13.95:dollar -:dollar =:dollar
EXPR: 1 | POS | FRA | 0 | 36.78 | 36.78 | x=(((10.62*2)+1.59)+13.95) | x 10.62 2 * 1.59 + 13.95 + = | x:dollar 10.62:dollar 2:ticket *:dollar 1.59:dollar +:dollar 13.95:dollar +:dollar =:dollar
EXPR: 0 | POS | FRA | 0 | 36.78 | 17.67 | x=((10.62/2)-(1.59-13.95)) | x 10.62 2 / 1.59 13.95 - - = | x:dollar 10.62:dollar 2:ticket /:dollar 1.59:dollar 13.95:dollar -:dollar -:dollar =:dollar
EXPR: 0 | POS | FRA | 0 | 36.78 | 41.7 | x=(10.62+(2*(1.59+13.95))) | x 10.62 2 1.59 13.95 + * + = | x:dollar 10.62:dollar 2:ticket 1.59:dollar 13.95:dollar +:dollar *:dollar +:dollar =:dollar
EXPR: 0 | POS | FRA | 0 | 36.78 | 35.34 | x=(10.62-(2*(1.59-13.95))) | x 10.62 2 1.59 13.95 - * - = | x:dollar 10.62:dollar 2:ticket 1.59:dollar 13.95:dollar -:dollar *:dollar -:dollar =:dollar
EXPR: 1 | POS | FRA | 2 | 36.78 | 36.78 | (((10.62*2)+13.95)+1.59)=x | 10.62 2 * 13.95 + 1.59 + x = | 10.62:dollar 2:ticket *:dollar 13.95:dollar +:dollar 1.59:dollar +:dollar x:dollar =:dollar
EXPR: 0 | POS | FRA | 2 | 36.78 | 3.255 | (10.62-(2*(1.59-x)))=13.95 | 10.62 2 1.59 x - * - 13.95 = | 10.62:dollar 2:ticket 1.59:dollar x:dollar -:dollar *:dollar -:dollar 13.95:dollar =:dollar
EXPR: 0 | POS | FRA | 2 | 36.78 | 7.05 | ((10.62/2)+(1.59+x))=13.95 | 10.62 2 / 1.59 x + + 13.95 = | 10.62:dollar 2:ticket /:dollar 1.59:dollar x:dollar +:dollar +:dollar 13.95:dollar =:dollar
EXPR: 0 | POS | FRA | 2 | 36.78 | 2.24677966101695 | ((10.62*2)*(x-1.59))=13.95 | 10.62 2 * x 1.59 - * 13.95 = | 10.62:dollar 2:ticket *:ticket x:dollar 1.59:dollar -:dollar *:dollar 13.95:dollar =:dollar
EXPR: 0 | POS | FRA | 2 | 36.78 | 5.7 | ((10.62*2)-(1.59+x))=13.95 | 10.62 2 * 1.59 x + - 13.95 = | 10.62:dollar 2:ticket *:dollar 1.59:dollar x:dollar +:dollar -:dollar 13.95:dollar =:dollar
EXPR: 0 | POS | FRA | 2 | 36.78 | 0.87 | ((10.62+(2*x))+1.59)=13.95 | 10.62 2 x * + 1.59 + 13.95 = | 10.62:dollar 2:ticket x:dollar *:dollar +:dollar 1.59:dollar +:dollar 13.95:dollar =:dollar
EXPR: 0 | POS | FRA | 2 | 36.78 | 0.933220338983051 | ((10.62*2)*(1.59-x))=13.95 | 10.62 2 * 1.59 x - * 13.95 = | 10.62:dollar 2:ticket *:ticket 1.59:dollar x:dollar -:dollar *:dollar 13.95:dollar =:dollar
EXPR: 0 | POS | FRA | 2 | 36.78 | 8.88 | ((10.62*2)+(1.59-x))=13.95 | 10.62 2 * 1.59 x - + 13.95 = | 10.62:dollar 2:ticket *:dollar 1.59:dollar x:dollar -:dollar +:dollar 13.95:dollar =:dollar
EXPR: 0 | POS | FRA | 2 | 36.78 | 52.32 | x=(2*((10.62+1.59)+13.95)) | x 2 10.62 1.59 + 13.95 + * = | x:dollar 2:ticket 10.62:dollar 1.59:dollar +:dollar 13.95:dollar +:dollar *:dollar =:dollar
EXPR: 0 | POS | FRA | 2 | 36.78 | 6.51 | (10.62-((2*1.59)-x))=13.95 | 10.62 2 1.59 * x - - 13.95 = | 10.62:dollar 2:ticket 1.59:dollar *:dollar x:dollar -:dollar -:dollar 13.95:dollar =:dollar
EXPR: 0 | POS | FRA | 2 | 36.78 | 2.46 | ((10.62+(2*x))-1.59)=13.95 | 10.62 2 x * + 1.59 - 13.95 = | 10.62:dollar 2:ticket x:dollar *:dollar +:dollar 1.59:dollar -:dollar 13.95:dollar =:dollar
EXPR: 0 | POS | FRA | 2 | 36.78 | 8.88 | x=((10.62*2)-(13.95-1.59)) | x 10.62 2 * 13.95 1.59 - - = | x:dollar 10.62:dollar 2:ticket *:dollar 13.95:dollar 1.59:dollar -:dollar -:dollar =:dollar
EXPR: 0 | POS | FRA | 2 | 36.78 | 25.365 | x=(10.62+((1.59/2)+13.95)) | x 10.62 1.59 2 / 13.95 + + = | x:dollar 10.62:dollar 1.59:dollar 2:ticket /:dollar 13.95:dollar +:dollar +:dollar =:dollar
EXPR: 0 | POS | FRA | 2 | 36.78 | 262.5264 | x=((10.62*2)*(13.95-1.59)) | x 10.62 2 * 13.95 1.59 - * = | x:dollar 10.62:dollar 2:ticket *:ticket 13.95:dollar 1.59:dollar -:dollar *:dollar =:dollar
EXPR: 0 | POS | FRA | 2 | 36.78 | 33.6 | x=((10.62*2)+(13.95-1.59)) | x 10.62 2 * 13.95 1.59 - + = | x:dollar 10.62:dollar 2:ticket *:dollar 13.95:dollar 1.59:dollar -:dollar +:dollar =:dollar
EXPR: 0 | POS | FRA | 2 | 36.78 | 17.67 | x=((10.62/2)+(13.95-1.59)) | x 10.62 2 / 13.95 1.59 - + = | x:dollar 10.62:dollar 2:ticket /:dollar 13.95:dollar 1.59:dollar -:dollar +:dollar =:dollar
EXPR: 0 | POS | FRA | 2 | 36.78 | 0.15 | (10.62+((2*1.59)+x))=13.95 | 10.62 2 1.59 * x + + 13.95 = | 10.62:dollar 2:ticket 1.59:dollar *:dollar x:dollar +:dollar +:dollar 13.95:dollar =:dollar
EXPR: 0 | POS | FRA | 2 | 36.78 | 10.47 | ((2*(10.62+1.59))-13.95)=x | 2 10.62 1.59 + * 13.95 - x = | 2:ticket 10.62:dollar 1.59:dollar +:dollar *:dollar 13.95:dollar -:dollar x:dollar =:dollar
EXPR: 0 | POS | FRA | 2 | 36.78 | 36.93 | (10.62-(1.59-(2*13.95)))=x | 10.62 1.59 2 13.95 * - - x = | 10.62:dollar 1.59:dollar 2:ticket 13.95:dollar *:dollar -:dollar -:dollar x:dollar =:dollar
EXPR: 0 | POS | FRA | 4 | 36.78 | 9.84 | (10.62-(1.59-(x/2)))=13.95 | 10.62 1.59 x 2 / - - 13.95 = | 10.62:dollar 1.59:dollar x:dollar 2:ticket /:dollar -:dollar -:dollar 13.95:dollar =:dollar
EXPR: 0 | POS | FRA | 4 | 36.78 | 18.87 | ((10.62-(2*13.95))+x)=1.59 | 10.62 2 13.95 * - x + 1.59 = | 10.62:dollar 2:ticket 13.95:dollar *:dollar -:dollar x:dollar +:dollar 1.59:dollar =:dollar
EXPR: 0 | POS | FRA | 4 | 36.78 | 18.465 | (10.62+(2*(13.95-x)))=1.59 | 10.62 2 13.95 x - * + 1.59 = | 10.62:dollar 2:ticket 13.95:dollar x:dollar -:dollar *:dollar +:dollar 1.59:dollar =:dollar
EXPR: 0 | POS | FRA | 4 | 36.78 | 5.7 | ((10.62*2)-(13.95+x))=1.59 | 10.62 2 * 13.95 x + - 1.59 = | 10.62:dollar 2:ticket *:dollar 13.95:dollar x:dollar +:dollar -:dollar 1.59:dollar =:dollar
EXPR: 0 | POS | FRA | 4 | 36.78 | 4.11 | ((2*(10.62-1.59))-x)=13.95 | 2 10.62 1.59 - * x - 13.95 = | 2:ticket 10.62:dollar 1.59:dollar -:dollar *:dollar x:dollar -:dollar 13.95:dollar =:dollar
EXPR: 0 | POS | FRA | 4 | 36.78 | 5.7 | ((10.62*2)-(x+13.95))=1.59 | 10.62 2 * x 13.95 + - 1.59 = | 10.62:dollar 2:ticket *:dollar x:dollar 13.95:dollar +:dollar -:dollar 1.59:dollar =:dollar
EXPR: 0 | POS | FRA | 5 | 36.78 | 8.88 | x=(1.59+((10.62*2)-13.95)) | x 1.59 10.62 2 * 13.95 - + = | x:dollar 1.59:dollar 10.62:dollar 2:ticket *:dollar 13.95:dollar -:dollar +:dollar =:dollar
EXPR: 1 | POS | FRA | 5 | 36.78 | 36.78 | x=(1.59+((10.62*2)+13.95)) | x 1.59 10.62 2 * 13.95 + + = | x:dollar 1.59:dollar 10.62:dollar 2:ticket *:dollar 13.95:dollar +:dollar +:dollar =:dollar
EXPR: 0 | POS | FRA | 5 | 36.78 | 40.11 | x=(1.59+(10.62+(2*13.95))) | x 1.59 10.62 2 13.95 * + + = | x:dollar 1.59:dollar 10.62:dollar 2:ticket 13.95:dollar *:dollar +:dollar +:dollar =:dollar
EXPR: 0 | POS | FRA | 6 | 36.78 | 13.08 | ((x*2)-(10.62+13.95))=1.59 | x 2 * 10.62 13.95 + - 1.59 = | x:dollar 2:ticket *:dollar 10.62:dollar 13.95:dollar +:dollar -:dollar 1.59:dollar =:dollar
EXPR: 0 | POS | FRA | 6 | 36.78 | 47.55 | ((2*(10.62+13.95))-x)=1.59 | 2 10.62 13.95 + * x - 1.59 = | 2:ticket 10.62:dollar 13.95:dollar +:dollar *:dollar x:dollar -:dollar 1.59:dollar =:dollar
EXPR: 0 | POS | FRA | 7 | 36.78 | 25.365 | (((1.59/2)+10.62)+13.95)=x | 1.59 2 / 10.62 + 13.95 + x = | 1.59:dollar 2:ticket /:dollar 10.62:dollar +:dollar 13.95:dollar +:dollar x:dollar =:dollar
EXPR: 0 | POS | FRA | 7 | 36.78 | 25.365 | x=((1.59/2)+(10.62+13.95)) | x 1.59 2 / 10.62 13.95 + + = | x:dollar 1.59:dollar 2:ticket /:dollar 10.62:dollar 13.95:dollar +:dollar +:dollar =:dollar
EXPR: 0 | POS | FRA | 7 | 36.78 | 4.125 | x=((1.59/2)-(10.62-13.95)) | x 1.59 2 / 10.62 13.95 - - = | x:dollar 1.59:dollar 2:ticket /:dollar 10.62:dollar 13.95:dollar -:dollar -:dollar =:dollar
EXPR: 0 | POS | FRA | 7 | 36.78 | 0.87 | (1.59+(10.62+(x*2)))=13.95 | 1.59 10.62 x 2 * + + 13.95 = | 1.59:dollar 10.62:dollar x:dollar 2:ticket *:dollar +:dollar +:dollar 13.95:dollar =:dollar
EXPR: 0 | POS | FRA | 7 | 36.78 | 3.48 | (1.59+(10.62+(x/2)))=13.95 | 1.59 10.62 x 2 / + + 13.95 = | 1.59:dollar 10.62:dollar x:dollar 2:ticket /:dollar +:dollar +:dollar 13.95:dollar =:dollar
EXPR: 0 | POS | FRA | 7 | 36.78 | 5.235 | (((1.59-x)+10.62)*2)=13.95 | 1.59 x - 10.62 + 2 * 13.95 = | 1.59:dollar x:dollar -:dollar 10.62:dollar +:dollar 2:ticket *:dollar 13.95:dollar =:dollar
EXPR: 0 | POS | FRA | 9 | 36.78 | 16.8 | (1.59+(2*(x-10.62)))=13.95 | 1.59 2 x 10.62 - * + 13.95 = | 1.59:dollar 2:ticket x:dollar 10.62:dollar -:dollar *:dollar +:dollar 13.95:dollar =:dollar
EXPR: 0 | POS | FRA | 9 | 36.78 | 2.535 | (((1.59/2)+10.62)+x)=13.95 | 1.59 2 / 10.62 + x + 13.95 = | 1.59:dollar 2:ticket /:dollar 10.62:dollar +:dollar x:dollar +:dollar 13.95:dollar =:dollar
EXPR: 0 | POS | FRA | 10 | 36.78 | 34.0158 | x=(((10.62+2)*1.59)+13.95) | x 10.62 2 + 1.59 * 13.95 + = | x:dollar 10.62:ticket 2:ticket +:ticket 1.59:dollar *:dollar 13.95:dollar +:dollar =:dollar
EXPR: 0 | POS | FRA | 10 | 36.78 | 39.8524390243902 | ((10.62/(2-1.59))+13.95)=x | 10.62 2 1.59 - / 13.95 + x = | 10.62:dollar 2:ticket 1.59:ticket -:ticket /:dollar 13.95:dollar +:dollar x:dollar =:dollar
EXPR: 0 | POS | FRA | 10 | 36.78 | 2.46 | (((2*x)-13.95)+10.62)=1.59 | 2 x * 13.95 - 10.62 + 1.59 = | 2:ticket x:dollar *:dollar 13.95:dollar -:dollar 10.62:dollar +:dollar 1.59:dollar =:dollar
EXPR: 0 | POS | FRA | 10 | 36.78 | 274.1175 | x=(((10.62*2)-1.59)*13.95) | x 10.62 2 * 1.59 - 13.95 * = | x:dollar 10.62:dollar 2:ticket *:ticket 1.59:ticket -:ticket 13.95:dollar *:dollar =:dollar
EXPR: 0 | POS | FRA | 10 | 36.78 | 318.4785 | x=(((10.62*2)+1.59)*13.95) | x 10.62 2 * 1.59 + 13.95 * = | x:dollar 10.62:dollar 2:ticket *:ticket 1.59:ticket +:ticket 13.95:dollar *:dollar =:dollar
EXPR: 0 | POS | FRA | 10 | 36.78 | 130.601830188679 | x=((10.62-(2/1.59))*13.95) | x 10.62 2 1.59 / - 13.95 * = | x:dollar 10.62:ticket 2:ticket 1.59:dollar /:ticket -:ticket 13.95:dollar *:dollar =:dollar
EXPR: 0 | POS | FRA | 10 | 36.78 | 165.696169811321 | x=((10.62+(2/1.59))*13.95) | x 10.62 2 1.59 / + 13.95 * = | x:dollar 10.62:ticket 2:ticket 1.59:dollar /:ticket +:ticket 13.95:dollar *:dollar =:dollar
EXPR: 0 | POS | FRA | 10 | 36.78 | 20.98 | x=(((10.62-2)-1.59)+13.95) | x 10.62 2 - 1.59 - 13.95 + = | x:dollar 10.62:dollar 2:dollar -:dollar 1.59:dollar -:dollar 13.95:dollar +:dollar =:dollar
EXPR: 0 | POS | FRA | 10 | 36.78 | 24.1758 | x=((10.62*(2+1.59))-13.95) | x 10.62 2 1.59 + * 13.95 - = | x:dollar 10.62:dollar 2:ticket 1.59:ticket +:ticket *:dollar 13.95:dollar -:dollar =:dollar
EXPR: 0 | POS | FRA | 10 | 36.78 | 181.9206 | x=(10.62*((2*1.59)+13.95)) | x 10.62 2 1.59 * 13.95 + * = | x:dollar 10.62:ticket 2:ticket 1.59:dollar *:dollar 13.95:dollar +:dollar *:dollar =:dollar
EXPR: 0 | POS | FRA | 10 | 36.78 | 21.3539784946237 | x=((10.62*2)+(1.59/13.95)) | x 10.62 2 * 1.59 13.95 / + = | x:dollar 10.62:dollar 2:ticket *:dollar 1.59:dollar 13.95:ticket /:dollar +:dollar =:dollar
EXPR: 0 | POS | FRA | 10 | 36.78 | 0.266666666666667 | x=(((10.62/2)-1.59)/13.95) | x 10.62 2 / 1.59 - 13.95 / = | x:dollar 10.62:dollar 2:ticket /:dollar 1.59:dollar -:dollar 13.95:ticket /:dollar =:dollar
EXPR: 0 | POS | FRA | 10 | 36.78 | 0.494623655913978 | x=(((10.62/2)+1.59)/13.95) | x 10.62 2 / 1.59 + 13.95 / = | x:dollar 10.62:dollar 2:ticket /:dollar 1.59:dollar +:dollar 13.95:ticket /:dollar =:dollar
EXPR: 0 | POS | FRA | 10 | 36.78 | 0.533333333333333 | ((10.62-(2*1.59))/13.95)=x | 10.62 2 1.59 * - 13.95 / x = | 10.62:dollar 2:ticket 1.59:dollar *:dollar -:dollar 13.95:ticket /:dollar x:dollar =:dollar
EXPR: 0 | POS | FRA | 10 | 36.78 | 103.788 | ((10.62-(2*1.59))*13.95)=x | 10.62 2 1.59 * - 13.95 * x = | 10.62:dollar 2:ticket 1.59:dollar *:dollar -:dollar 13.95:ticket *:dollar x:dollar =:dollar
EXPR: 0 | POS | FRA | 10 | 36.78 | 43.4205 | x=((10.62*2)+(1.59*13.95)) | x 10.62 2 * 1.59 13.95 * + = | x:dollar 10.62:dollar 2:ticket *:dollar 1.59:dollar 13.95:ticket *:dollar +:dollar =:dollar
EXPR: 0 | POS | FRA | 10 | 36.78 | 24.98 | (10.62+(2-(1.59-13.95)))=x | 10.62 2 1.59 13.95 - - + x = | 10.62:dollar 2:dollar 1.59:dollar 13.95:dollar -:dollar -:dollar +:dollar x:dollar =:dollar
EXPR: 0 | POS | FRA | 10 | 36.78 | 274.1175 | (((10.62*2)-1.59)*13.95)=x | 10.62 2 * 1.59 - 13.95 * x = | 10.62:dollar 2:ticket *:ticket 1.59:ticket -:ticket 13.95:dollar *:dollar x:dollar =:dollar
EXPR: 0 | POS | FRA | 10 | 36.78 | 318.4785 | (((10.62*2)+1.59)*13.95)=x | 10.62 2 * 1.59 + 13.95 * x = | 10.62:dollar 2:ticket *:ticket 1.59:ticket +:ticket 13.95:dollar *:dollar x:dollar =:dollar
EXPR: 0 | POS | FRA | 10 | 36.78 | 133.9548 | ((10.62-2)*(1.59+13.95))=x | 10.62 2 - 1.59 13.95 + * x = | 10.62:ticket 2:ticket -:ticket 1.59:dollar 13.95:dollar +:dollar *:dollar x:dollar =:dollar
EXPR: 0 | POS | FRA | 10 | 36.78 | 0.26 | x=((10.62+2)+(1.59-13.95)) | x 10.62 2 + 1.59 13.95 - + = | x:dollar 10.62:dollar 2:dollar +:dollar 1.59:dollar 13.95:dollar -:dollar +:dollar =:dollar
EXPR: 0 | POS | FRA | 10 | 36.78 | 1.40860215053763 | (((10.62*2)-1.59)/13.95)=x | 10.62 2 * 1.59 - 13.95 / x = | 10.62:dollar 2:ticket *:dollar 1.59:dollar -:dollar 13.95:ticket /:dollar x:dollar =:dollar
EXPR: 0 | POS | FRA | 11 | 36.78 | 4.125 | (((1.59/2)+13.95)-10.62)=x | 1.59 2 / 13.95 + 10.62 - x = | 1.59:dollar 2:ticket /:dollar 13.95:dollar +:dollar 10.62:dollar -:dollar x:dollar =:dollar
EXPR: 0 | POS | FRA | 11 | 36.78 | 19.185 | x=((13.95/2)+(10.62+1.59)) | x 13.95 2 / 10.62 1.59 + + = | x:dollar 13.95:dollar 2:ticket /:dollar 10.62:dollar 1.59:dollar +:dollar +:dollar =:dollar
EXPR: 0 | POS | FRA | 11 | 36.78 | 18.87 | x=(1.59+((2*13.95)-10.62)) | x 1.59 2 13.95 * 10.62 - + = | x:dollar 1.59:dollar 2:ticket 13.95:dollar *:dollar 10.62:dollar -:dollar +:dollar =:dollar
EXPR: 0 | POS | FRA | 11 | 36.78 | 16.005 | x=((13.95/2)+(10.62-1.59)) | x 13.95 2 / 10.62 1.59 - + = | x:dollar 13.95:dollar 2:ticket /:dollar 10.62:dollar 1.59:dollar -:dollar +:dollar =:dollar
EXPR: 0 | POS | FRA | 11 | 36.78 | 4.125 | x=((1.59/2)+(13.95-10.62)) | x 1.59 2 / 13.95 10.62 - + = | x:dollar 1.59:dollar 2:ticket /:dollar 13.95:dollar 10.62:dollar -:dollar +:dollar =:dollar
EXPR: 0 | POS | FRA | 11 | 36.78 | 6.51 | (((2*1.59)-x)+13.95)=10.62 | 2 1.59 * x - 13.95 + 10.62 = | 2:ticket 1.59:dollar *:dollar x:dollar -:dollar 13.95:dollar +:dollar 10.62:dollar =:dollar
EXPR: 0 | POS | FRA | 11 | 36.78 | 21.39 | (((2*1.59)-13.95)+x)=10.62 | 2 1.59 * 13.95 - x + 10.62 = | 2:ticket 1.59:dollar *:dollar 13.95:dollar -:dollar x:dollar +:dollar 10.62:dollar =:dollar
EXPR: 0 | POS | FRA | 11 | 36.78 | 8.88 | ((x+13.95)-(10.62*2))=1.59 | x 13.95 + 10.62 2 * - 1.59 = | x:dollar 13.95:dollar +:dollar 10.62:dollar 2:ticket *:dollar -:dollar 1.59:dollar =:dollar
EXPR: 0 | POS | FRA | 11 | 36.78 | 32.01 | x=(13.95+(2*(10.62-1.59))) | x 13.95 2 10.62 1.59 - * + = | x:dollar 13.95:dollar 2:ticket 10.62:dollar 1.59:dollar -:dollar *:dollar +:dollar =:dollar
EXPR: 0 | POS | FRA | 12 | 36.78 | 28.16 | x=(10.62+(1.59+(2+13.95))) | x 10.62 1.59 2 13.95 + + + = | x:dollar 10.62:dollar 1.59:dollar 2:dollar 13.95:dollar +:dollar +:dollar +:dollar =:dollar
EXPR: 0 | POS | FRA | 12 | 36.78 | 20.98 | x=(10.62-(1.59+(2-13.95))) | x 10.62 1.59 2 13.95 - + - = | x:dollar 10.62:dollar 1.59:dollar 2:dollar 13.95:dollar -:dollar +:dollar -:dollar =:dollar
EXPR: 0 | POS | FRA | 12 | 36.78 | 6.92 | x=(2-(10.62-(1.59+13.95))) | x 2 10.62 1.59 13.95 + - - = | x:dollar 2:dollar 10.62:dollar 1.59:dollar 13.95:dollar +:dollar -:dollar -:dollar =:dollar
EXPR: 0 | POS | FRA | 12 | 36.78 | 0.927576601671309 | (10.62+((2+1.59)*x))=13.95 | 10.62 2 1.59 + x * + 13.95 = | 10.62:dollar 2:ticket 1.59:ticket +:ticket x:dollar *:dollar +:dollar 13.95:dollar =:dollar
EXPR: 0 | POS | FRA | 12 | 36.78 | 24.98 | x=(10.62-(1.59-(2+13.95))) | x 10.62 1.59 2 13.95 + - - = | x:dollar 10.62:dollar 1.59:dollar 2:dollar 13.95:dollar +:dollar -:dollar -:dollar =:dollar
EXPR: 0 | POS | FRA | 12 | 36.78 | 1.8664406779661 | (10.62*((2*1.59)-x))=13.95 | 10.62 2 1.59 * x - * 13.95 = | 10.62:dollar 2:ticket 1.59:dollar *:ticket x:ticket -:ticket *:dollar 13.95:dollar =:dollar
EXPR: 0 | POS | FRA | 12 | 36.78 | 6.92 | (((x+10.62)-2)-1.59)=13.95 | x 10.62 + 2 - 1.59 - 13.95 = | x:dollar 10.62:dollar +:dollar 2:dollar -:dollar 1.59:dollar -:dollar 13.95:dollar =:dollar
EXPR: 0 | POS | FRA | 12 | 36.78 | 3.46327683615819 | ((10.62*(x-2))-1.59)=13.95 | 10.62 x 2 - * 1.59 - 13.95 = | 10.62:dollar x:ticket 2:ticket -:ticket *:dollar 1.59:dollar -:dollar 13.95:dollar =:dollar
EXPR: 0 | POS | FRA | 12 | 36.78 | 5.78024999999998 | ((10.62+(2*x))/1.59)=13.95 | 10.62 2 x * + 1.59 / 13.95 = | 10.62:dollar 2:ticket x:dollar *:dollar +:dollar 1.59:ticket /:dollar 13.95:dollar =:dollar
EXPR: 0 | POS | FRA | 12 | 36.78 | 1.875 | ((10.62-(2*1.59))*x)=13.95 | 10.62 2 1.59 * - x * 13.95 = | 10.62:dollar 2:ticket 1.59:dollar *:dollar -:dollar x:ticket *:dollar 13.95:dollar =:dollar
EXPR: 0 | POS | FRA | 12 | 36.78 | 0.533333333333333 | ((10.62-(2*1.59))/x)=13.95 | 10.62 2 1.59 * - x / 13.95 = | 10.62:dollar 2:ticket 1.59:dollar *:dollar -:dollar x:ticket /:dollar 13.95:dollar =:dollar
EXPR: 0 | POS | FRA | 12 | 36.78 | 24.98 | ((2+(10.62-1.59))+13.95)=x | 2 10.62 1.59 - + 13.95 + x = | 2:dollar 10.62:dollar 1.59:dollar -:dollar +:dollar 13.95:dollar +:dollar x:dollar =:dollar
EXPR: 0 | POS | FRA | 12 | 36.78 | 11.5911 | (((10.62*2)-13.95)*1.59)=x | 10.62 2 * 13.95 - 1.59 * x = | 10.62:dollar 2:ticket *:dollar 13.95:dollar -:dollar 1.59:ticket *:dollar x:dollar =:dollar
EXPR: 0 | POS | FRA | 12 | 36.78 | 28.16 | ((2+(10.62+1.59))+13.95)=x | 2 10.62 1.59 + + 13.95 + x = | 2:dollar 10.62:dollar 1.59:dollar +:dollar +:dollar 13.95:dollar +:dollar x:dollar =:dollar
EXPR: 0 | POS | FRA | 12 | 36.78 | 1.31660231660232 | ((10.62/(2-x))-1.59)=13.95 | 10.62 2 x - / 1.59 - 13.95 = | 10.62:dollar 2:ticket x:ticket -:ticket /:dollar 1.59:dollar -:dollar 13.95:dollar =:dollar
EXPR: 0 | POS | FRA | 12 | 36.78 | 3.74 | (10.62-(2-(1.59+x)))=13.95 | 10.62 2 1.59 x + - - 13.95 = | 10.62:dollar 2:dollar 1.59:dollar x:dollar +:dollar -:dollar -:dollar 13.95:dollar =:dollar
EXPR: 0 | POS | FRA | 12 | 36.78 | 55.9521 | (((10.62*2)+13.95)*1.59)=x | 10.62 2 * 13.95 + 1.59 * x = | 10.62:dollar 2:ticket *:ticket 13.95:ticket +:ticket 1.59:dollar *:dollar x:dollar =:dollar
EXPR: 0 | POS | FRA | 12 | 36.78 | 207.65691 | (((10.62*1.59)-2)*13.95)=x | 10.62 1.59 * 2 - 13.95 * x = | 10.62:dollar 1.59:ticket *:ticket 2:ticket -:ticket 13.95:dollar *:dollar x:dollar =:dollar
EXPR: 0 | POS | FRA | 12 | 36.78 | 263.45691 | (((10.62*1.59)+2)*13.95)=x | 10.62 1.59 * 2 + 13.95 * x = | 10.62:dollar 1.59:ticket *:ticket 2:ticket +:ticket 13.95:dollar *:dollar x:dollar =:dollar
EXPR: 0 | POS | FRA | 12 | 36.78 | 0.709923664122137 | (((10.62*2)-1.59)*x)=13.95 | 10.62 2 * 1.59 - x * 13.95 = | 10.62:dollar 2:ticket *:ticket 1.59:ticket -:ticket x:dollar *:dollar 13.95:dollar =:dollar
EXPR: 0 | POS | FRA | 12 | 36.78 | 0.611038107752957 | (((10.62*2)+1.59)*x)=13.95 | 10.62 2 * 1.59 + x * 13.95 = | 10.62:dollar 2:ticket *:ticket 1.59:ticket +:ticket x:dollar *:dollar 13.95:dollar =:dollar
EXPR: 0 | POS | FRA | 12 | 36.78 | 4.58490566037736 | (((10.62*2)-13.95)/1.59)=x | 10.62 2 * 13.95 - 1.59 / x = | 10.62:dollar 2:ticket *:dollar 13.95:dollar -:dollar 1.59:ticket /:dollar x:dollar =:dollar
EXPR: 0 | POS | FRA | 12 | 36.78 | 3.20832946635731 | ((10.62-2)*(x-1.59))=13.95 | 10.62 2 - x 1.59 - * 13.95 = | 10.62:ticket 2:ticket -:ticket x:dollar 1.59:dollar -:dollar *:dollar 13.95:dollar =:dollar
EXPR: 0 | POS | FRA | 12 | 36.78 | 0.26 | (10.62+((2-13.95)+1.59))=x | 10.62 2 13.95 - 1.59 + + x = | 10.62:dollar 2:dollar 13.95:dollar -:dollar 1.59:dollar +:dollar +:dollar x:dollar =:dollar
EXPR: 0 | POS | FRA | 12 | 36.78 | 0.0283294663573085 | ((10.62-2)*(x+1.59))=13.95 | 10.62 2 - x 1.59 + * 13.95 = | 10.62:ticket 2:ticket -:ticket x:dollar 1.59:dollar +:dollar *:dollar 13.95:dollar =:dollar
EXPR: 0 | POS | FRA | 12 | 36.78 | 16.6578430107527 | x=((10.62-(2/13.95))*1.59) | x 10.62 2 13.95 / - 1.59 * = | x:dollar 10.62:ticket 2:ticket 13.95:dollar /:ticket -:ticket 1.59:dollar *:dollar =:dollar
EXPR: 0 | POS | FRA | 12 | 36.78 | 17.1137569892473 | x=((10.62+(2/13.95))*1.59) | x 10.62 2 13.95 / + 1.59 * = | x:dollar 10.62:ticket 2:ticket 13.95:dollar /:ticket +:ticket 1.59:dollar *:dollar =:dollar
EXPR: 0 | POS | FRA | 12 | 36.78 | 0.266666666666667 | (((10.62/2)-1.59)/x)=13.95 | 10.62 2 / 1.59 - x / 13.95 = | 10.62:dollar 2:ticket /:dollar 1.59:dollar -:dollar x:ticket /:dollar 13.95:dollar =:dollar
EXPR: 0 | POS | FRA | 12 | 36.78 | 106.5432 | ((10.62-2)*(13.95-1.59))=x | 10.62 2 - 13.95 1.59 - * x = | 10.62:ticket 2:ticket -:ticket 13.95:dollar 1.59:dollar -:dollar *:dollar x:dollar =:dollar
EXPR: 0 | POS | FRA | 12 | 36.78 | 1.40860215053763 | (((10.62*2)-1.59)/x)=13.95 | 10.62 2 * 1.59 - x / 13.95 = | 10.62:dollar 2:ticket *:dollar 1.59:dollar -:dollar x:ticket /:dollar 13.95:dollar =:dollar
EXPR: 0 | POS | FRA | 12 | 36.78 | 11.9524390243902 | ((10.62/(2-1.59))-x)=13.95 | 10.62 2 1.59 - / x - 13.95 = | 10.62:dollar 2:ticket 1.59:ticket -:ticket /:dollar x:dollar -:dollar 13.95:dollar =:dollar
EXPR: 0 | POS | FRA | 13 | 36.78 | 9.435 | (1.59+(2*(13.95-x)))=10.62 | 1.59 2 13.95 x - * + 10.62 = | 1.59:dollar 2:ticket 13.95:dollar x:dollar -:dollar *:dollar +:dollar 10.62:dollar =:dollar
EXPR: 0 | POS | FRA | 13 | 36.78 | 4.125 | (((1.59/2)+13.95)-x)=10.62 | 1.59 2 / 13.95 + x - 10.62 = | 1.59:dollar 2:ticket /:dollar 13.95:dollar +:dollar x:dollar -:dollar 10.62:dollar =:dollar
EXPR: 0 | POS | FRA | 13 | 36.78 | 13.08 | (((2*x)-13.95)-1.59)=10.62 | 2 x * 13.95 - 1.59 - 10.62 = | 2:ticket x:dollar *:dollar 13.95:dollar -:dollar 1.59:dollar -:dollar 10.62:dollar =:dollar
EXPR: 0 | POS | FRA | 14 | 36.78 | 0.0451832907075874 | (((10.62*2)+13.95)*x)=1.59 | 10.62 2 * 13.95 + x * 1.59 = | 10.62:dollar 2:ticket *:dollar 13.95:dollar +:dollar x:ticket *:dollar 1.59:dollar =:dollar
EXPR: 0 | POS | FRA | 14 | 36.78 | 2.64731182795699 | (10.62+((2-x)*13.95))=1.59 | 10.62 2 x - 13.95 * + 1.59 = | 10.62:dollar 2:ticket x:ticket -:ticket 13.95:dollar *:dollar +:dollar 1.59:dollar =:dollar
EXPR: 0 | POS | FRA | 14 | 36.78 | 4.58490566037736 | (((10.62*2)-13.95)/x)=1.59 | 10.62 2 * 13.95 - x / 1.59 = | 10.62:dollar 2:ticket *:dollar 13.95:dollar -:dollar x:ticket /:dollar 1.59:dollar =:dollar
EXPR: 0 | POS | FRA | 14 | 36.78 | 0.218106995884774 | (((10.62*2)-13.95)*x)=1.59 | 10.62 2 * 13.95 - x * 1.59 = | 10.62:dollar 2:ticket *:ticket 13.95:ticket -:ticket x:dollar *:dollar 1.59:dollar =:dollar
EXPR: 0 | POS | FRA | 14 | 36.78 | 5.19602150537634 | (((10.62/2)-x)*13.95)=1.59 | 10.62 2 / x - 13.95 * 1.59 = | 10.62:dollar 2:ticket /:dollar x:dollar -:dollar 13.95:ticket *:dollar 1.59:dollar =:dollar
EXPR: 0 | POS | FRA | 14 | 36.78 | 0.755648535564854 | (10.62+((2-13.95)*x))=1.59 | 10.62 2 13.95 - x * + 1.59 = | 10.62:dollar 2:ticket 13.95:ticket -:ticket x:dollar *:dollar +:dollar 1.59:dollar =:dollar
EXPR: 0 | POS | FRA | 14 | 36.78 | 27.75 | x=(13.95+((2*1.59)+10.62)) | x 13.95 2 1.59 * 10.62 + + = | x:dollar 13.95:dollar 2:ticket 1.59:dollar *:dollar 10.62:dollar +:dollar +:dollar =:dollar
EXPR: 0 | POS | FRA | 14 | 36.78 | 16.005 | x=(((13.95/2)-1.59)+10.62) | x 13.95 2 / 1.59 - 10.62 + = | x:dollar 13.95:dollar 2:ticket /:dollar 1.59:dollar -:dollar 10.62:dollar +:dollar =:dollar
EXPR: 0 | POS | FRA | 14 | 36.78 | 6.51 | x=(13.95+((2*1.59)-10.62)) | x 13.95 2 1.59 * 10.62 - + = | x:dollar 13.95:dollar 2:ticket 1.59:dollar *:dollar 10.62:dollar -:dollar +:dollar =:dollar
EXPR: 0 | POS | FRA | 14 | 36.78 | 0.15 | x=(13.95-((2*1.59)+10.62)) | x 13.95 2 1.59 * 10.62 + - = | x:dollar 13.95:dollar 2:ticket 1.59:dollar *:dollar 10.62:dollar +:dollar -:dollar =:dollar
EXPR: 0 | POS | FRA | 14 | 36.78 | 24.16 | (((2+x)-10.62)-1.59)=13.95 | 2 x + 10.62 - 1.59 - 13.95 = | 2:dollar x:dollar +:dollar 10.62:dollar -:dollar 1.59:dollar -:dollar 13.95:dollar =:dollar
EXPR: 0 | POS | FRA | 14 | 36.78 | 5.78025 | ((10.62+(2*x))/13.95)=1.59 | 10.62 2 x * + 13.95 / 1.59 = | 10.62:dollar 2:ticket x:dollar *:dollar +:dollar 13.95:ticket /:dollar 1.59:dollar =:dollar
EXPR: 0 | POS | FRA | 14 | 36.78 | 3.46327683615819 | ((10.62*(x-2))-13.95)=1.59 | 10.62 x 2 - * 13.95 - 1.59 = | 10.62:dollar x:ticket 2:ticket -:ticket *:dollar 13.95:dollar -:dollar 1.59:dollar =:dollar
EXPR: 0 | POS | FRA | 14 | 36.78 | 0.26 | x=(2+(10.62-(13.95-1.59))) | x 2 10.62 13.95 1.59 - - + = | x:dollar 2:dollar 10.62:dollar 13.95:dollar 1.59:dollar -:dollar -:dollar +:dollar =:dollar
EXPR: 0 | POS | FRA | 14 | 36.78 | 3.74 | x=(2-((10.62-13.95)+1.59)) | x 2 10.62 13.95 - 1.59 + - = | x:dollar 2:dollar 10.62:dollar 13.95:dollar -:dollar 1.59:dollar +:dollar -:dollar =:dollar
EXPR: 0 | POS | FRA | 14 | 36.78 | 0.26 | (2-((x-10.62)-1.59))=13.95 | 2 x 10.62 - 1.59 - - 13.95 = | 2:dollar x:dollar 10.62:dollar -:dollar 1.59:dollar -:dollar -:dollar 13.95:dollar =:dollar
EXPR: 0 | POS | FRA | 14 | 36.78 | 1.35268817204301 | 10.62=(1.59-((x-2)*13.95)) | 10.62 1.59 x 2 - 13.95 * - = | 10.62:dollar 1.59:dollar x:ticket 2:ticket -:ticket 13.95:dollar *:dollar -:dollar =:dollar
EXPR: 0 | POS | FRA | 15 | 36.78 | 44.6443902439024 | x=(10.62+(13.95/(2-1.59))) | x 10.62 13.95 2 1.59 - / + = | x:dollar 10.62:dollar 13.95:dollar 2:ticket 1.59:ticket -:ticket /:dollar +:dollar =:dollar
EXPR: 0 | POS | FRA | 15 | 36.78 | 23.8608 | x=((10.62*1.59)+(13.95/2)) | x 10.62 1.59 * 13.95 2 / + = | x:dollar 10.62:dollar 1.59:ticket *:dollar 13.95:dollar 2:ticket /:dollar +:dollar =:dollar
EXPR: 0 | POS | FRA | 16 | 36.78 | 5.7 | (((x+1.59)+13.95)/2)=10.62 | x 1.59 + 13.95 + 2 / 10.62 = | x:dollar 1.59:dollar +:dollar 13.95:dollar +:dollar 2:ticket /:dollar 10.62:dollar =:dollar
EXPR: 0 | POS | FRA | 16 | 36.78 | 4.58786163522013 | (2/((x+10.62)-13.95))=1.59 | 2 x 10.62 + 13.95 - / 1.59 = | 2:ticket x:dollar 10.62:dollar +:dollar 13.95:dollar -:dollar /:ticket 1.59:ticket =:ticket
EXPR: 0 | POS | FRA | 16 | 36.78 | 4.125 | x=(13.95+((1.59/2)-10.62)) | x 13.95 1.59 2 / 10.62 - + = | x:dollar 13.95:dollar 1.59:dollar 2:ticket /:dollar 10.62:dollar -:dollar +:dollar =:dollar
EXPR: 0 | POS | FRA | 16 | 36.78 | 25.365 | x=(13.95+((1.59/2)+10.62)) | x 13.95 1.59 2 / 10.62 + + = | x:dollar 13.95:dollar 1.59:dollar 2:ticket /:dollar 10.62:dollar +:dollar +:dollar =:dollar
EXPR: 0 | POS | FRA | 16 | 36.78 | 23.775 | x=(13.95-((1.59/2)-10.62)) | x 13.95 1.59 2 / 10.62 - - = | x:dollar 13.95:dollar 1.59:dollar 2:ticket /:dollar 10.62:dollar -:dollar -:dollar =:dollar
EXPR: 0 | POS | FRA | 16 | 36.78 | 2.535 | x=(13.95-((1.59/2)+10.62)) | x 13.95 1.59 2 / 10.62 + - = | x:dollar 13.95:dollar 1.59:dollar 2:ticket /:dollar 10.62:dollar +:dollar -:dollar =:dollar
EXPR: 0 | POS | FRA | 16 | 36.78 | 32.01 | (1.59-((13.95-x)/2))=10.62 | 1.59 13.95 x - 2 / - 10.62 = | 1.59:dollar 13.95:dollar x:dollar -:dollar 2:ticket /:dollar -:dollar 10.62:dollar =:dollar
EXPR: 0 | POS | FRA | 17 | 36.78 | 0.26 | (((2+1.59)-x)+10.62)=13.95 | 2 1.59 + x - 10.62 + 13.95 = | 2:dollar 1.59:dollar +:dollar x:dollar -:dollar 10.62:dollar +:dollar 13.95:dollar =:dollar
EXPR: 0 | POS | FRA | 17 | 36.78 | 125.319 | ((10.62*(13.95-2))-x)=1.59 | 10.62 13.95 2 - * x - 1.59 = | 10.62:dollar 13.95:ticket 2:ticket -:ticket *:dollar x:dollar -:dollar 1.59:dollar =:dollar
EXPR: 0 | POS | FRA | 17 | 36.78 | 1.63655913978495 | ((1.59+(10.62*2))/x)=13.95 | 1.59 10.62 2 * + x / 13.95 = | 1.59:dollar 10.62:dollar 2:ticket *:dollar +:dollar x:ticket /:dollar 13.95:dollar =:dollar
EXPR: 0 | POS | FRA | 17 | 36.78 | 0.199056355425956 | (1.59/((x*10.62)-2))=13.95 | 1.59 x 10.62 * 2 - / 13.95 = | 1.59:dollar x:dollar 10.62:ticket *:ticket 2:ticket -:ticket /:dollar 13.95:dollar =:dollar
EXPR: 0 | POS | FRA | 17 | 36.78 | 1.01446185552358 | (1.59*((x*10.62)-2))=13.95 | 1.59 x 10.62 * 2 - * 13.95 = | 1.59:dollar x:dollar 10.62:ticket *:ticket 2:ticket -:ticket *:dollar 13.95:dollar =:dollar
EXPR: 0 | POS | FRA | 17 | 36.78 | 0.637814021248623 | (1.59*((x*10.62)+2))=13.95 | 1.59 x 10.62 * 2 + * 13.95 = | 1.59:dollar x:dollar 10.62:ticket *:ticket 2:ticket +:ticket *:dollar 13.95:dollar =:dollar
EXPR: 0 | POS | FRA | 17 | 36.78 | 0.0943396226415094 | 10.62=(13.95-((x+2)*1.59)) | 10.62 13.95 x 2 + 1.59 * - = | 10.62:dollar 13.95:dollar x:ticket 2:ticket +:ticket 1.59:dollar *:dollar -:dollar =:dollar
EXPR: 0 | POS | FRA | 17 | 36.78 | 4.09433962264151 | 10.62=(13.95-((x-2)*1.59)) | 10.62 13.95 x 2 - 1.59 * - = | 10.62:dollar 13.95:dollar x:ticket 2:ticket -:ticket 1.59:dollar *:dollar -:dollar =:dollar
EXPR: 0 | POS | FRA | 17 | 36.78 | 44.6443902439024 | ((2-1.59)*(x-10.62))=13.95 | 2 1.59 - x 10.62 - * 13.95 = | 2:ticket 1.59:ticket -:ticket x:dollar 10.62:dollar -:dollar *:dollar 13.95:dollar =:dollar
EXPR: 0 | POS | FRA | 17 | 36.78 | 22.4504516129032 | (1.59/((x/10.62)-2))=13.95 | 1.59 x 10.62 / 2 - / 13.95 = | 1.59:dollar x:ticket 10.62:dollar /:ticket 2:ticket -:ticket /:dollar 13.95:dollar =:dollar
EXPR: 0 | POS | FRA | 18 | 36.78 | 1.14942528735632 | x=(2/(13.95-(10.62+1.59))) | x 2 13.95 10.62 1.59 + - / = | x:ticket 2:ticket 13.95:dollar 10.62:dollar 1.59:dollar +:dollar -:dollar /:ticket =:ticket
EXPR: 0 | POS | FRA | 19 | 36.78 | 4.4935593220339 | x=((2*1.59)+(13.95/10.62)) | x 2 1.59 * 13.95 10.62 / + = | x:dollar 2:ticket 1.59:dollar *:dollar 13.95:dollar 10.62:ticket /:dollar +:dollar =:dollar
EXPR: 0 | POS | FRA | 19 | 36.78 | 39.8524390243902 | (13.95+(10.62/(2-1.59)))=x | 13.95 10.62 2 1.59 - / + x = | 13.95:dollar 10.62:dollar 2:ticket 1.59:ticket -:ticket /:dollar +:dollar x:dollar =:dollar
EXPR: 0 | POS | FRA | 19 | 36.78 | 3.74 | (((x+10.62)-13.95)+1.59)=2 | x 10.62 + 13.95 - 1.59 + 2 = | x:dollar 10.62:dollar +:dollar 13.95:dollar -:dollar 1.59:dollar +:dollar 2:dollar =:dollar
EXPR: 0 | POS | FRA | 19 | 36.78 | 24.98 | (((1.59+x)-2)-10.62)=13.95 | 1.59 x + 2 - 10.62 - 13.95 = | 1.59:dollar x:dollar +:dollar 2:dollar -:dollar 10.62:dollar -:dollar 13.95:dollar =:dollar
EXPR: 0 | POS | FRA | 19 | 36.78 | 65.601 | x=(2*((1.59*13.95)+10.62)) | x 2 1.59 13.95 * 10.62 + * = | x:dollar 2:ticket 1.59:dollar 13.95:ticket *:dollar 10.62:dollar +:dollar *:dollar =:dollar
EXPR: 0 | POS | FRA | 19 | 36.78 | 23.121 | x=(2*((1.59*13.95)-10.62)) | x 2 1.59 13.95 * 10.62 - * = | x:dollar 2:ticket 1.59:dollar 13.95:ticket *:dollar 10.62:dollar -:dollar *:dollar =:dollar
EXPR: 0 | POS | FRA | 19 | 36.78 | 1.8664406779661 | x=((2*1.59)-(13.95/10.62)) | x 2 1.59 * 13.95 10.62 / - = | x:dollar 2:ticket 1.59:dollar *:dollar 13.95:dollar 10.62:ticket /:dollar -:dollar =:dollar
EXPR: 0 | POS | FRA | 19 | 36.78 | 5.36698924731183 | (1.59/((x*2)-10.62))=13.95 | 1.59 x 2 * 10.62 - / 13.95 = | 1.59:dollar x:dollar 2:ticket *:ticket 10.62:ticket -:ticket /:dollar 13.95:dollar =:dollar
EXPR: 0 | POS | FRA | 19 | 36.78 | 1.3653 | ((2-1.59)*(13.95-10.62))=x | 2 1.59 - 13.95 10.62 - * x = | 2:ticket 1.59:ticket -:ticket 13.95:dollar 10.62:dollar -:dollar *:dollar x:dollar =:dollar
EXPR: 0 | POS | FRA | 19 | 36.78 | 28.16 | ((13.95+(10.62+2))+1.59)=x | 13.95 10.62 2 + + 1.59 + x = | 13.95:dollar 10.62:dollar 2:dollar +:dollar +:dollar 1.59:dollar +:dollar x:dollar =:dollar
EXPR: 0 | POS | FRA | 20 | 36.78 | 152.5032 | x=(10.62*((2-1.59)+13.95)) | x 10.62 2 1.59 - 13.95 + * = | x:dollar 10.62:ticket 2:dollar 1.59:dollar -:dollar 13.95:dollar +:dollar *:dollar =:dollar
EXPR: 0 | POS | FRA | 20 | 36.78 | 10.7487001287001 | (10.62+(2/(1.59+13.95)))=x | 10.62 2 1.59 13.95 + / + x = | 10.62:ticket 2:ticket 1.59:dollar 13.95:dollar +:dollar /:ticket +:ticket x:ticket =:ticket
EXPR: 0 | POS | FRA | 20 | 36.78 | 19.3713836477987 | x=(((10.62-2)/1.59)+13.95) | x 10.62 2 - 1.59 / 13.95 + = | x:dollar 10.62:dollar 2:dollar -:dollar 1.59:ticket /:dollar 13.95:dollar +:dollar =:dollar
EXPR: 0 | POS | FRA | 20 | 36.78 | 98.0685 | x=(((10.62-2)-1.59)*13.95) | x 10.62 2 - 1.59 - 13.95 * = | x:dollar 10.62:dollar 2:dollar -:dollar 1.59:dollar -:dollar 13.95:ticket *:dollar =:dollar
EXPR: 0 | POS | FRA | 20 | 36.78 | 52.0758 | ((10.62*(2+1.59))+13.95)=x | 10.62 2 1.59 + * 13.95 + x = | 10.62:ticket 2:dollar 1.59:dollar +:dollar *:dollar 13.95:dollar +:dollar x:dollar =:dollar
EXPR: 0 | POS | FRA | 20 | 36.78 | 0.554697554697555 | ((10.62-2)/(1.59+13.95))=x | 10.62 2 - 1.59 13.95 + / x = | 10.62:ticket 2:ticket -:ticket 1.59:dollar 13.95:dollar +:dollar /:ticket x:ticket =:ticket
EXPR: 0 | POS | FRA | 21 | 36.78 | 3.1638418079096 | (13.95+(10.62*(2-x)))=1.59 | 13.95 10.62 2 x - * + 1.59 = | 13.95:dollar 10.62:dollar 2:ticket x:ticket -:ticket *:dollar +:dollar 1.59:dollar =:dollar
EXPR: 0 | POS | FRA | 21 | 36.78 | 27.97605 | (((13.95/2)+10.62)*1.59)=x | 13.95 2 / 10.62 + 1.59 * x = | 13.95:dollar 2:ticket /:dollar 10.62:dollar +:dollar 1.59:ticket *:dollar x:dollar =:dollar
EXPR: 0 | POS | FRA | 21 | 36.78 | 1.61299435028249 | (((2*1.59)+13.95)/x)=10.62 | 2 1.59 * 13.95 + x / 10.62 = | 2:ticket 1.59:dollar *:dollar 13.95:dollar +:dollar x:ticket /:dollar 10.62:dollar =:dollar
EXPR: 0 | POS | FRA | 21 | 36.78 | 3.74 | x=(13.95-((10.62+1.59)-2)) | x 13.95 10.62 1.59 + 2 - - = | x:dollar 13.95:dollar 10.62:dollar 1.59:dollar +:dollar 2:dollar -:dollar -:dollar =:dollar
EXPR: 0 | POS | FRA | 21 | 36.78 | 3.74 | (((2-1.59)-x)+13.95)=10.62 | 2 1.59 - x - 13.95 + 10.62 = | 2:dollar 1.59:dollar -:dollar x:dollar -:dollar 13.95:dollar +:dollar 10.62:dollar =:dollar
EXPR: 0 | POS | FRA | 21 | 36.78 | 0.26 | ((1.59+(2-13.95))+10.62)=x | 1.59 2 13.95 - + 10.62 + x = | 1.59:dollar 2:dollar 13.95:dollar -:dollar +:dollar 10.62:dollar +:dollar x:dollar =:dollar
EXPR: 0 | POS | FRA | 21 | 36.78 | 28.16 | x=(13.95+((10.62+1.59)+2)) | x 13.95 10.62 1.59 + 2 + + = | x:dollar 13.95:dollar 10.62:dollar 1.59:dollar +:dollar 2:dollar +:dollar +:dollar =:dollar
EXPR: 0 | POS | FRA | 21 | 36.78 | 5.19602150537635 | (2*((1.59/13.95)+x))=10.62 | 2 1.59 13.95 / x + * 10.62 = | 2:ticket 1.59:dollar 13.95:ticket /:dollar x:dollar +:dollar *:dollar 10.62:dollar =:dollar
EXPR: 0 | POS | FRA | 21 | 36.78 | 107.9085 | ((2-13.95)*(1.59-10.62))=x | 2 13.95 - 1.59 10.62 - * x = | 2:ticket 13.95:ticket -:ticket 1.59:dollar 10.62:dollar -:dollar *:dollar x:dollar =:dollar
EXPR: 0 | POS | FRA | 21 | 36.78 | 28.16 | ((13.95+(10.62+1.59))+2)=x | 13.95 10.62 1.59 + + 2 + x = | 13.95:dollar 10.62:dollar 1.59:dollar +:dollar +:dollar 2:dollar +:dollar x:dollar =:dollar
EXPR: 0 | POS | FRA | 22 | 36.78 | 15.7283239171375 | ((2/10.62)+(1.59+13.95))=x | 2 10.62 / 1.59 13.95 + + x = | 2:dollar 10.62:ticket /:dollar 1.59:dollar 13.95:dollar +:dollar +:dollar x:dollar =:dollar
EXPR: 0 | POS | FRA | 22 | 36.78 | 2.92 | ((1.59+13.95)-(10.62+2))=x | 1.59 13.95 + 10.62 2 + - x = | 1.59:dollar 13.95:dollar +:dollar 10.62:dollar 2:dollar +:dollar -:dollar x:dollar =:dollar
EXPR: 0 | POS | FRA | 22 | 36.78 | 1.14077669902913 | (2+(10.62/(1.59-13.95)))=x | 2 10.62 1.59 13.95 - / + x = | 2:ticket 10.62:ticket 1.59:dollar 13.95:dollar -:dollar /:ticket +:ticket x:ticket =:ticket
EXPR: 0 | POS | FRA | 22 | 36.78 | 0.244199999999999 | (((2-10.62)*1.59)+13.95)=x | 2 10.62 - 1.59 * 13.95 + x = | 2:dollar 10.62:dollar -:dollar 1.59:ticket *:dollar 13.95:dollar +:dollar x:dollar =:dollar
EXPR: 0 | POS | FRA | 22 | 36.78 | 8.52861635220126 | (((2-10.62)/1.59)+13.95)=x | 2 10.62 - 1.59 / 13.95 + x = | 2:dollar 10.62:dollar -:dollar 1.59:ticket /:dollar 13.95:dollar +:dollar x:dollar =:dollar
EXPR: 0 | POS | FRA | 22 | 36.78 | 21.3539784946237 | x=((1.59/13.95)+(10.62*2)) | x 1.59 13.95 / 10.62 2 * + = | x:dollar 1.59:dollar 13.95:ticket /:dollar 10.62:dollar 2:ticket *:dollar +:dollar =:dollar
EXPR: 0 | POS | FRA | 22 | 36.78 | 152.5032 | x=(10.62*(2+(13.95-1.59))) | x 10.62 2 13.95 1.59 - + * = | x:dollar 10.62:dollar 2:ticket 13.95:ticket 1.59:ticket -:ticket +:ticket *:dollar =:dollar
EXPR: 0 | POS | FRA | 22 | 36.78 | 0.836158192090395 | ((10.62*(2-x))+1.59)=13.95 | 10.62 2 x - * 1.59 + 13.95 = | 10.62:ticket 2:dollar x:dollar -:dollar *:dollar 1.59:dollar +:dollar 13.95:dollar =:dollar
EXPR: 0 | POS | FRA | 22 | 36.78 | 2.41870967741936 | (10.62/((2*1.59)-x))=13.95 | 10.62 2 1.59 * x - / 13.95 = | 10.62:ticket 2:ticket 1.59:dollar *:dollar x:dollar -:dollar /:ticket 13.95:ticket =:ticket
EXPR: 0 | POS | FRA | 22 | 36.78 | 2.46 | (10.62+((x*2)-1.59))=13.95 | 10.62 x 2 * 1.59 - + 13.95 = | 10.62:dollar x:ticket 2:dollar *:dollar 1.59:dollar -:dollar +:dollar 13.95:dollar =:dollar
EXPR: 0 | POS | FRA | 22 | 36.78 | 0.351290322580645 | (10.62/(2-(1.59-x)))=13.95 | 10.62 2 1.59 x - - / 13.95 = | 10.62:dollar 2:ticket 1.59:ticket x:ticket -:ticket -:ticket /:dollar 13.95:dollar =:dollar
EXPR: 0 | POS | FRA | 22 | 36.78 | 4.9358 | x=(2+((10.62*1.59)-13.95)) | x 2 10.62 1.59 * 13.95 - + = | x:dollar 2:dollar 10.62:ticket 1.59:dollar *:dollar 13.95:dollar -:dollar +:dollar =:dollar
EXPR: 0 | POS | FRA | 22 | 36.78 | 35.9805 | x=(10.62+(1.59*(2+13.95))) | x 10.62 1.59 2 13.95 + * + = | x:dollar 10.62:dollar 1.59:ticket 2:dollar 13.95:dollar +:dollar *:dollar +:dollar =:dollar
EXPR: 0 | POS | FRA | 22 | 36.78 | 29.6205 | x=(10.62-(1.59*(2-13.95))) | x 10.62 1.59 2 13.95 - * - = | x:dollar 10.62:dollar 1.59:ticket 2:dollar 13.95:dollar -:dollar *:dollar -:dollar =:dollar
EXPR: 0 | POS | FRA | 22 | 36.78 | 167.0348 | x=(2+(10.62*(1.59+13.95))) | x 2 10.62 1.59 13.95 + * + = | x:dollar 2:dollar 10.62:ticket 1.59:dollar 13.95:dollar +:dollar *:dollar +:dollar =:dollar
EXPR: 0 | POS | FRA | 22 | 36.78 | 1.45177966101695 | (10.62*((x*2)-1.59))=13.95 | 10.62 x 2 * 1.59 - * 13.95 = | 10.62:dollar x:dollar 2:ticket *:ticket 1.59:ticket -:ticket *:ticket 13.95:ticket =:ticket
EXPR: 0 | POS | FRA | 22 | 36.78 | 21.3935849056604 | (10.62+(2+(13.95/1.59)))=x | 10.62 2 13.95 1.59 / + + x = | 10.62:dollar 2:dollar 13.95:dollar 1.59:ticket /:dollar +:dollar +:dollar x:dollar =:dollar
EXPR: 0 | POS | FRA | 22 | 36.78 | 2.82870967741935 | (10.62/(2+(1.59-x)))=13.95 | 10.62 2 1.59 x - + / 13.95 = | 10.62:dollar 2:ticket 1.59:ticket x:ticket -:ticket +:ticket /:dollar 13.95:dollar =:dollar
EXPR: 0 | POS | FRA | 22 | 36.78 | 2.82870967741935 | (10.62/((2-x)+1.59))=13.95 | 10.62 2 x - 1.59 + / 13.95 = | 10.62:dollar 2:ticket x:ticket -:ticket 1.59:ticket +:ticket /:dollar 13.95:dollar =:dollar
EXPR: 0 | POS | FRA | 22 | 36.78 | 15.7283239171375 | x=((2/10.62)+(1.59+13.95)) | x 2 10.62 / 1.59 13.95 + + = | x:dollar 2:dollar 10.62:ticket /:dollar 1.59:dollar 13.95:dollar +:dollar +:dollar =:dollar
EXPR: 0 | POS | FRA | 22 | 36.78 | 1.01086956521739 | ((10.62+(2*1.59))*x)=13.95 | 10.62 2 1.59 * + x * 13.95 = | 10.62:dollar 2:ticket 1.59:dollar *:dollar +:dollar x:ticket *:ticket 13.95:ticket =:ticket
EXPR: 0 | POS | FRA | 22 | 36.78 | 1.63655913978495 | (((10.62*2)+1.59)/x)=13.95 | 10.62 2 * 1.59 + x / 13.95 = | 10.62:dollar 2:ticket *:ticket 1.59:ticket +:ticket x:dollar /:ticket 13.95:ticket =:ticket
EXPR: 0 | POS | FRA | 22 | 36.78 | 5.2685593220339 | x=(1.59*((13.95/10.62)+2)) | x 1.59 13.95 10.62 / 2 + * = | x:dollar 1.59:dollar 13.95:ticket 10.62:dollar /:ticket 2:ticket +:ticket *:dollar =:dollar
EXPR: 0 | POS | FRA | 22 | 36.78 | 2.2764406779661 | (10.62*((2+1.59)-x))=13.95 | 10.62 2 1.59 + x - * 13.95 = | 10.62:dollar 2:ticket 1.59:ticket +:ticket x:ticket -:ticket *:dollar 13.95:dollar =:dollar
EXPR: 0 | POS | FRA | 22 | 36.78 | 159.23925 | ((10.62+(1.59/2))*13.95)=x | 10.62 1.59 2 / + 13.95 * x = | 10.62:dollar 1.59:dollar 2:ticket /:dollar +:dollar 13.95:ticket *:ticket x:ticket =:ticket
EXPR: 0 | POS | FRA | 22 | 36.78 | 0.351290322580645 | (10.62/((2+x)-1.59))=13.95 | 10.62 2 x + 1.59 - / 13.95 = | 10.62:dollar 2:ticket x:ticket +:ticket 1.59:ticket -:ticket /:dollar 13.95:dollar =:dollar
EXPR: 0 | POS | FRA | 22 | 36.78 | 1.35382078853047 | ((2+(10.62*1.59))/13.95)=x | 2 10.62 1.59 * + 13.95 / x = | 2:ticket 10.62:ticket 1.59:dollar *:ticket +:ticket 13.95:dollar /:ticket x:ticket =:ticket
EXPR: 0 | POS | FRA | 22 | 36.78 | 5.7 | (((10.62*2)-x)-1.59)=13.95 | 10.62 2 * x - 1.59 - 13.95 = | 10.62:ticket 2:dollar *:dollar x:dollar -:dollar 1.59:dollar -:dollar 13.95:dollar =:dollar
EXPR: 0 | POS | FRA | 22 | 36.78 | 12.0666308243728 | x=((10.62+1.59)-(2/13.95)) | x 10.62 1.59 + 2 13.95 / - = | x:dollar 10.62:dollar 1.59:dollar +:dollar 2:dollar 13.95:ticket /:dollar -:dollar =:dollar
EXPR: 0 | POS | FRA | 22 | 36.78 | 12.3533691756272 | x=((10.62+1.59)+(2/13.95)) | x 10.62 1.59 + 2 13.95 / + = | x:dollar 10.62:dollar 1.59:dollar +:dollar 2:dollar 13.95:ticket /:dollar +:dollar =:dollar
EXPR: 0 | POS | FRA | 22 | 36.78 | 5.7 | (((10.62*2)-13.95)-1.59)=x | 10.62 2 * 13.95 - 1.59 - x = | 10.62:ticket 2:dollar *:dollar 13.95:dollar -:dollar 1.59:dollar -:dollar x:dollar =:dollar
EXPR: 0 | POS | FRA | 23 | 36.78 | 2.06471306471306 | ((1.59/(x-2))-13.95)=10.62 | 1.59 x 2 - / 13.95 - 10.62 = | 1.59:dollar x:ticket 2:ticket -:ticket /:dollar 13.95:dollar -:dollar 10.62:dollar =:dollar
EXPR: 0 | POS | FRA | 23 | 36.78 | 20.98 | (2-(13.95-(1.59+x)))=10.62 | 2 13.95 1.59 x + - - 10.62 = | 2:dollar 13.95:dollar 1.59:dollar x:dollar +:dollar -:dollar -:dollar 10.62:dollar =:dollar
EXPR: 0 | POS | FRA | 23 | 36.78 | 20.98 | (((x+2)-13.95)+1.59)=10.62 | x 2 + 13.95 - 1.59 + 10.62 = | x:dollar 2:dollar +:dollar 13.95:dollar -:dollar 1.59:dollar +:dollar 10.62:dollar =:dollar
EXPR: 0 | POS | FRA | 24 | 36.78 | 24.98 | x=(13.95+(2-(1.59-10.62))) | x 13.95 2 1.59 10.62 - - + = | x:dollar 13.95:dollar 2:dollar 1.59:dollar 10.62:dollar -:dollar -:dollar +:dollar =:dollar
EXPR: 0 | POS | FRA | 24 | 36.78 | 1.27495291902072 | (((10.62*x)-1.59)+2)=13.95 | 10.62 x * 1.59 - 2 + 13.95 = | 10.62:dollar x:ticket *:dollar 1.59:dollar -:dollar 2:dollar +:dollar 13.95:dollar =:dollar
EXPR: 0 | POS | FRA | 24 | 36.78 | 0.784342688330872 | (((10.62/x)-1.59)+2)=13.95 | 10.62 x / 1.59 - 2 + 13.95 = | 10.62:dollar x:ticket /:dollar 1.59:dollar -:dollar 2:dollar +:dollar 13.95:dollar =:dollar
EXPR: 0 | POS | FRA | 24 | 36.78 | 1.35382078853047 | ((2+(10.62*1.59))/x)=13.95 | 2 10.62 1.59 * + x / 13.95 = | 2:ticket 10.62:ticket 1.59:dollar *:ticket +:ticket x:dollar /:ticket 13.95:ticket =:ticket
EXPR: 0 | POS | FRA | 24 | 36.78 | 36.93 | (10.62+((2*13.95)-x))=1.59 | 10.62 2 13.95 * x - + 1.59 = | 10.62:dollar 2:dollar 13.95:ticket *:dollar x:dollar -:dollar +:dollar 1.59:dollar =:dollar
EXPR: 0 | POS | FRA | 24 | 36.78 | 18.6292452830189 | (10.62/((2-13.95)+x))=1.59 | 10.62 2 13.95 - x + / 1.59 = | 10.62:dollar 2:ticket 13.95:ticket -:ticket x:ticket +:ticket /:dollar 1.59:dollar =:dollar
EXPR: 0 | POS | FRA | 24 | 36.78 | 12.5483239171375 | x=((2/10.62)+(13.95-1.59)) | x 2 10.62 / 13.95 1.59 - + = | x:dollar 2:dollar 10.62:ticket /:dollar 13.95:dollar 1.59:dollar -:dollar +:dollar =:dollar
EXPR: 0 | POS | FRA | 24 | 36.78 | 9.17336917562724 | (10.62+((2/13.95)-x))=1.59 | 10.62 2 13.95 / x - + 1.59 = | 10.62:dollar 2:dollar 13.95:ticket /:dollar x:dollar -:dollar +:dollar 1.59:dollar =:dollar
EXPR: 0 | POS | FRA | 24 | 36.78 | 9.27075471698113 | (10.62/((2-x)+13.95))=1.59 | 10.62 2 x - 13.95 + / 1.59 = | 10.62:dollar 2:ticket x:ticket -:ticket 13.95:ticket +:ticket /:dollar 1.59:dollar =:dollar
EXPR: 0 | POS | FRA | 24 | 36.78 | 29.9885593220339 | x=(13.95*((1.59/10.62)+2)) | x 13.95 1.59 10.62 / 2 + * = | x:dollar 13.95:dollar 1.59:ticket 10.62:dollar /:ticket 2:ticket +:ticket *:dollar =:dollar
EXPR: 0 | POS | FRA | 24 | 36.78 | 0.940499999999999 | (((10.62*2)+x)/13.95)=1.59 | 10.62 2 * x + 13.95 / 1.59 = | 10.62:dollar 2:ticket *:ticket x:ticket +:ticket 13.95:dollar /:ticket 1.59:ticket =:ticket
EXPR: 0 | POS | FRA | 24 | 36.78 | 22.1320754716981 | (((10.62*2)+13.95)/x)=1.59 | 10.62 2 * 13.95 + x / 1.59 = | 10.62:dollar 2:ticket *:ticket 13.95:ticket +:ticket x:dollar /:ticket 1.59:ticket =:ticket
EXPR: 0 | POS | FRA | 24 | 36.78 | 3.84641509433962 | x=(2+(10.62-(13.95/1.59))) | x 2 10.62 13.95 1.59 / - + = | x:dollar 2:dollar 10.62:dollar 13.95:dollar 1.59:ticket /:dollar -:dollar +:dollar =:dollar
EXPR: 0 | POS | FRA | 24 | 36.78 | 20.98 | x=(13.95-((2+1.59)-10.62)) | x 13.95 2 1.59 + 10.62 - - = | x:dollar 13.95:dollar 2:dollar 1.59:dollar +:dollar 10.62:dollar -:dollar -:dollar =:dollar
EXPR: 0 | POS | FRA | 24 | 36.78 | 5.7 | (((10.62*2)-x)-13.95)=1.59 | 10.62 2 * x - 13.95 - 1.59 = | 10.62:ticket 2:dollar *:dollar x:dollar -:dollar 13.95:dollar -:dollar 1.59:dollar =:dollar
EXPR: 0 | POS | FRA | 24 | 36.78 | 28.16 | ((13.95+(2+1.59))+10.62)=x | 13.95 2 1.59 + + 10.62 + x = | 13.95:dollar 2:dollar 1.59:dollar +:dollar +:dollar 10.62:dollar +:dollar x:dollar =:dollar
EXPR: 0 | POS | FRA | 24 | 36.78 | 24.98 | ((1.59-(13.95-x))-10.62)=2 | 1.59 13.95 x - - 10.62 - 2 = | 1.59:dollar 13.95:dollar x:dollar -:dollar -:dollar 10.62:dollar -:dollar 2:dollar =:dollar
EXPR: 0 | POS | FRA | 24 | 36.78 | 0.0704474966770049 | ((2-10.62)+(1.59/x))=13.95 | 2 10.62 - 1.59 x / + 13.95 = | 2:dollar 10.62:dollar -:dollar 1.59:dollar x:ticket /:dollar +:dollar 13.95:dollar =:dollar
EXPR: 0 | POS | FRA | 24 | 36.78 | 13.8240095087163 | 1.59=((13.95-x)*(10.62+2)) | 1.59 13.95 x - 10.62 2 + * = | 1.59:dollar 13.95:dollar x:dollar -:dollar 10.62:ticket 2:ticket +:ticket *:dollar =:dollar
EXPR: 0 | POS | FRA | 25 | 36.78 | 2.73303225806452 | x=((10.62/13.95)*(2+1.59)) | x 10.62 13.95 / 2 1.59 + * = | x:dollar 10.62:dollar 13.95:ticket /:dollar 2:ticket 1.59:ticket +:ticket *:dollar =:dollar
EXPR: 0 | POS | FRA | 25 | 36.78 | 0.784342688330872 | x=(10.62/(13.95-(2-1.59))) | x 10.62 13.95 2 1.59 - - / = | x:dollar 10.62:dollar 13.95:ticket 2:ticket 1.59:ticket -:ticket -:ticket /:dollar =:dollar
EXPR: 0 | POS | FRA | 25 | 36.78 | 42.2463 | x=(1.59*((10.62+2)+13.95)) | x 1.59 10.62 2 + 13.95 + * = | x:dollar 1.59:dollar 10.62:ticket 2:ticket +:ticket 13.95:ticket +:ticket *:dollar =:dollar
EXPR: 0 | POS | FRA | 25 | 36.78 | 60.7005 | x=(10.62+(13.95*(2+1.59))) | x 10.62 13.95 2 1.59 + * + = | x:dollar 10.62:dollar 13.95:ticket 2:dollar 1.59:dollar +:dollar *:dollar +:dollar =:dollar
EXPR: 0 | POS | FRA | 25 | 36.78 | 151.329 | x=((10.62*13.95)+(2*1.59)) | x 10.62 13.95 * 2 1.59 * + = | x:ticket 10.62:ticket 13.95:dollar *:ticket 2:ticket 1.59:dollar *:ticket +:ticket =:ticket
EXPR: 0 | POS | FRA | 25 | 36.78 | 34.8005 | ((10.62+(1.59*13.95))+2)=x | 10.62 1.59 13.95 * + 2 + x = | 10.62:dollar 1.59:ticket 13.95:dollar *:dollar +:dollar 2:dollar +:dollar x:dollar =:dollar
EXPR: 0 | POS | FRA | 25 | 36.78 | 3.94129032258065 | x=((10.62/13.95)+(2*1.59)) | x 10.62 13.95 / 2 1.59 * + = | x:ticket 10.62:ticket 13.95:dollar /:ticket 2:ticket 1.59:dollar *:ticket +:ticket =:ticket
EXPR: 0 | POS | FRA | 25 | 36.78 | 65.601 | ((10.62+(1.59*13.95))*2)=x | 10.62 1.59 13.95 * + 2 * x = | 10.62:dollar 1.59:dollar 13.95:ticket *:dollar +:dollar 2:ticket *:ticket x:ticket =:ticket
EXPR: 0 | POS | FRA | 25 | 36.78 | 2.82870967741935 | x=((2+1.59)-(10.62/13.95)) | x 2 1.59 + 10.62 13.95 / - = | x:dollar 2:dollar 1.59:dollar +:dollar 10.62:dollar 13.95:ticket /:dollar -:dollar =:dollar
EXPR: 0 | POS | FRA | 25 | 36.78 | 144.969 | x=((10.62*13.95)-(2*1.59)) | x 10.62 13.95 * 2 1.59 * - = | x:ticket 10.62:ticket 13.95:dollar *:ticket 2:ticket 1.59:dollar *:ticket -:ticket =:ticket
EXPR: 0 | POS | FRA | 26 | 36.78 | 20.98 | ((x+1.59)-(13.95-2))=10.62 | x 1.59 + 13.95 2 - - 10.62 = | x:dollar 1.59:dollar +:dollar 13.95:dollar 2:dollar -:dollar -:dollar 10.62:dollar =:dollar
EXPR: 0 | POS | FRA | 26 | 36.78 | 0.26 | (((13.95-2)-1.59)+x)=10.62 | 13.95 2 - 1.59 - x + 10.62 = | 13.95:dollar 2:dollar -:dollar 1.59:dollar -:dollar x:dollar +:dollar 10.62:dollar =:dollar
EXPR: 0 | POS | FRA | 26 | 36.78 | 13.7655452436195 | x=(13.95+(1.59/(2-10.62))) | x 13.95 1.59 2 10.62 - / + = | x:dollar 13.95:dollar 1.59:dollar 2:ticket 10.62:ticket -:ticket /:dollar +:dollar =:dollar
EXPR: 0 | POS | FRA | 26 | 36.78 | 159.23925 | x=(13.95*((1.59/2)+10.62)) | x 13.95 1.59 2 / 10.62 + * = | x:dollar 13.95:ticket 1.59:dollar 2:ticket /:dollar 10.62:dollar +:dollar *:dollar =:dollar
EXPR: 0 | POS | FRA | 26 | 36.78 | 1.27495291902072 | ((2+(x*10.62))-13.95)=1.59 | 2 x 10.62 * + 13.95 - 1.59 = | 2:dollar x:ticket 10.62:dollar *:dollar +:dollar 13.95:dollar -:dollar 1.59:dollar =:dollar
EXPR: 0 | POS | FRA | 26 | 36.78 | 3.1638418079096 | 1.59=(13.95-((x-2)*10.62)) | 1.59 13.95 x 2 - 10.62 * - = | 1.59:dollar 13.95:dollar x:ticket 2:ticket -:ticket 10.62:dollar *:dollar -:dollar =:dollar
EXPR: 0 | POS | FRA | 26 | 36.78 | 2.92 | ((1.59-(x-13.95))-2)=10.62 | 1.59 x 13.95 - - 2 - 10.62 = | 1.59:dollar x:dollar 13.95:dollar -:dollar -:dollar 2:dollar -:dollar 10.62:dollar =:dollar
EXPR: 0 | POS | FRA | 26 | 36.78 | 147.739 | ((x+2)-(10.62*13.95))=1.59 | x 2 + 10.62 13.95 * - 1.59 = | x:dollar 2:dollar +:dollar 10.62:dollar 13.95:ticket *:dollar -:dollar 1.59:dollar =:dollar
EXPR: 0 | POS | FRA | 26 | 36.78 | 24.98 | ((1.59-(13.95-x))-2)=10.62 | 1.59 13.95 x - - 2 - 10.62 = | 1.59:dollar 13.95:dollar x:dollar -:dollar -:dollar 2:dollar -:dollar 10.62:dollar =:dollar
EXPR: 0 | POS | FRA | 26 | 36.78 | 1.35216572504708 | (2-((x*10.62)-13.95))=1.59 | 2 x 10.62 * 13.95 - - 1.59 = | 2:dollar x:dollar 10.62:ticket *:dollar 13.95:dollar -:dollar -:dollar 1.59:dollar =:dollar
EXPR: 0 | POS | FRA | 26 | 36.78 | 14.1344547563805 | 1.59=((13.95-x)*(2-10.62)) | 1.59 13.95 x - 2 10.62 - * = | 1.59:dollar 13.95:dollar x:dollar -:dollar 2:ticket 10.62:ticket -:ticket *:dollar =:dollar
EXPR: 0 | POS | FRA | 26 | 36.78 | 152.5032 | (2-((x/10.62)-13.95))=1.59 | 2 x 10.62 / 13.95 - - 1.59 = | 2:dollar x:dollar 10.62:ticket /:dollar 13.95:dollar -:dollar -:dollar 1.59:dollar =:dollar
EXPR: 0 | POS | FRA | 27 | 36.78 | 2.92 | ((10.62-1.59)+x)=(13.95-2) | 10.62 1.59 - x + 13.95 2 - = | 10.62:dollar 1.59:dollar -:dollar x:dollar +:dollar 13.95:dollar 2:dollar -:dollar =:dollar
EXPR: 0 | POS | FRA | 27 | 36.78 | 35.34 | x=(10.62+((13.95-1.59)*2)) | x 10.62 13.95 1.59 - 2 * + = | x:ticket 10.62:ticket 13.95:dollar 1.59:dollar -:dollar 2:ticket *:ticket +:ticket =:ticket
EXPR: 0 | POS | FRA | 27 | 36.78 | 21.9921760828625 | (10.62*((1.59*13.95)-x))=2 | 10.62 1.59 13.95 * x - * 2 = | 10.62:dollar 1.59:dollar 13.95:ticket *:ticket x:ticket -:ticket *:ticket 2:ticket =:ticket
EXPR: 0 | POS | FRA | 27 | 36.78 | 28.8358 | (((10.62*1.59)-x)+13.95)=2 | 10.62 1.59 * x - 13.95 + 2 = | 10.62:ticket 1.59:dollar *:dollar x:dollar -:dollar 13.95:dollar +:dollar 2:dollar =:dollar
EXPR: 0 | POS | FRA | 27 | 36.78 | 3.29469999999999 | 10.62=(13.95-((x+2)/1.59)) | 10.62 13.95 x 2 + 1.59 / - = | 10.62:dollar 13.95:dollar x:dollar 2:dollar +:dollar 1.59:ticket /:dollar -:dollar =:dollar
EXPR: 0 | POS | FRA | 28 | 36.78 | 151.739 | x=(1.59+((10.62*13.95)+2)) | x 1.59 10.62 13.95 * 2 + + = | x:dollar 1.59:dollar 10.62:ticket 13.95:dollar *:dollar 2:dollar +:dollar +:dollar =:dollar
EXPR: 0 | POS | FRA | 28 | 36.78 | 12.0997175141243 | x=((1.59/10.62)+(13.95-2)) | x 1.59 10.62 / 13.95 2 - + = | x:dollar 1.59:dollar 10.62:ticket /:dollar 13.95:dollar 2:dollar -:dollar +:dollar =:dollar
EXPR: 0 | POS | FRA | 28 | 36.78 | 35.8863 | x=(1.59*(10.62+(13.95-2))) | x 1.59 10.62 13.95 2 - + * = | x:dollar 1.59:dollar 10.62:ticket 13.95:ticket 2:ticket -:ticket +:ticket *:dollar =:dollar
EXPR: 0 | POS | FRA | 28 | 36.78 | 0.836158192090395 | 13.95=(1.59-((x-2)*10.62)) | 13.95 1.59 x 2 - 10.62 * - = | 13.95:dollar 1.59:dollar x:ticket 2:ticket -:ticket 10.62:dollar *:dollar -:dollar =:dollar
EXPR: 0 | POS | FRA | 28 | 36.78 | 3.14250614250614 | x=(2+(13.95/(10.62+1.59))) | x 2 13.95 10.62 1.59 + / + = | x:ticket 2:ticket 13.95:ticket 10.62:dollar 1.59:dollar +:dollar /:ticket +:ticket =:ticket
EXPR: 0 | POS | FRA | 28 | 36.78 | 3.1638418079096 | 13.95=(1.59+((x-2)*10.62)) | 13.95 1.59 x 2 - 10.62 * + = | 13.95:dollar 1.59:dollar x:ticket 2:ticket -:ticket 10.62:dollar *:dollar +:dollar =:dollar
EXPR: 0 | POS | FRA | 29 | 36.78 | 1.36630754162586 | x=(13.95/((10.62-2)+1.59)) | x 13.95 10.62 2 - 1.59 + / = | x:dollar 13.95:dollar 10.62:ticket 2:ticket -:ticket 1.59:ticket +:ticket /:dollar =:dollar
EXPR: 0 | POS | FRA | 29 | 36.78 | 34.8005 | ((2+(1.59*13.95))+10.62)=x | 2 1.59 13.95 * + 10.62 + x = | 2:dollar 1.59:ticket 13.95:dollar *:dollar +:dollar 10.62:dollar +:dollar x:dollar =:dollar
EXPR: 0 | POS | FRA | 29 | 36.78 | 1.7235593220339 | (((1.59+x)-2)*10.62)=13.95 | 1.59 x + 2 - 10.62 * 13.95 = | 1.59:dollar x:dollar +:dollar 2:dollar -:dollar 10.62:ticket *:dollar 13.95:dollar =:dollar
EXPR: 0 | POS | FRA | 29 | 36.78 | 148.559 | (((1.59+x)-2)/10.62)=13.95 | 1.59 x + 2 - 10.62 / 13.95 = | 1.59:dollar x:dollar +:dollar 2:dollar -:dollar 10.62:ticket /:dollar 13.95:dollar =:dollar
EXPR: 0 | POS | FRA | 29 | 36.78 | 13.5605 | x=(2+((1.59*13.95)-10.62)) | x 2 1.59 13.95 * 10.62 - + = | x:dollar 2:dollar 1.59:dollar 13.95:ticket *:dollar 10.62:dollar -:dollar +:dollar =:dollar
EXPR: 0 | POS | FRA | 29 | 36.78 | 34.8005 | x=(2+((1.59*13.95)+10.62)) | x 2 1.59 13.95 * 10.62 + + = | x:dollar 2:dollar 1.59:dollar 13.95:ticket *:dollar 10.62:dollar +:dollar +:dollar =:dollar
EXPR: 0 | POS | FRA | 29 | 36.78 | 8.73397849462366 | (1.59/(2-(10.62-x)))=13.95 | 1.59 2 10.62 x - - / 13.95 = | 1.59:dollar 2:ticket 10.62:ticket x:ticket -:ticket -:ticket /:dollar 13.95:dollar =:dollar
EXPR: 0 | POS | FRA | 29 | 36.78 | 17.3935849056604 | (1.59*(2-(10.62-x)))=13.95 | 1.59 2 10.62 x - - * 13.95 = | 1.59:dollar 2:ticket 10.62:ticket x:ticket -:ticket -:ticket *:dollar 13.95:dollar =:dollar
EXPR: 0 | POS | FRA | 29 | 36.78 | 4.9035593220339 | x=(2+(1.59+(13.95/10.62))) | x 2 1.59 13.95 10.62 / + + = | x:dollar 2:dollar 1.59:dollar 13.95:dollar 10.62:ticket /:dollar +:dollar +:dollar =:dollar
EXPR: 0 | POS | FRA | 30 | 36.78 | 0.790681003584229 | x=(((10.62+2)-1.59)/13.95) | x 10.62 2 + 1.59 - 13.95 / = | x:ticket 10.62:ticket 2:ticket +:ticket 1.59:ticket -:ticket 13.95:dollar /:ticket =:ticket
EXPR: 0 | POS | FRA | 30 | 36.78 | 0.605473204104903 | x=(10.62/((2+1.59)+13.95)) | x 10.62 2 1.59 + 13.95 + / = | x:ticket 10.62:ticket 2:dollar 1.59:dollar +:dollar 13.95:dollar +:dollar /:ticket =:ticket
EXPR: 0 | POS | FRA | 30 | 36.78 | 1.38841807909605 | (1.59/((x*10.62)-13.95))=2 | 1.59 x 10.62 * 13.95 - / 2 = | 1.59:ticket x:ticket 10.62:dollar *:dollar 13.95:dollar -:dollar /:ticket 2:ticket =:ticket
EXPR: 0 | POS | FRA | 31 | 36.78 | 3.74 | ((2-1.59)+13.95)=(10.62+x) | 2 1.59 - 13.95 + 10.62 x + = | 2:dollar 1.59:dollar -:dollar 13.95:dollar +:dollar 10.62:dollar x:dollar +:dollar =:dollar
EXPR: 0 | POS | FRA | 31 | 36.78 | 127.9685 | (2-(13.95*(1.59-10.62)))=x | 2 13.95 1.59 10.62 - * - x = | 2:dollar 13.95:ticket 1.59:dollar 10.62:dollar -:dollar *:dollar -:dollar x:dollar =:dollar
EXPR: 0 | POS | FRA | 31 | 36.78 | 13.5605 | ((2-x)+(1.59*13.95))=10.62 | 2 x - 1.59 13.95 * + 10.62 = | 2:dollar x:dollar -:dollar 1.59:ticket 13.95:dollar *:dollar +:dollar 10.62:dollar =:dollar
EXPR: 0 | POS | FRA | 31 | 36.78 | 4.58786163522013 | (((2/1.59)-x)+13.95)=10.62 | 2 1.59 / x - 13.95 + 10.62 = | 2:dollar 1.59:ticket /:dollar x:dollar -:dollar 13.95:dollar +:dollar 10.62:dollar =:dollar
EXPR: 0 | POS | FRA | 31 | 36.78 | 40.11 | ((1.59+(2*13.95))+10.62)=x | 1.59 2 13.95 * + 10.62 + x = | 1.59:dollar 2:dollar 13.95:ticket *:dollar +:dollar 10.62:dollar +:dollar x:dollar =:dollar
EXPR: 0 | POS | FRA | 31 | 36.78 | 152.5032 | (x/(2-(1.59-13.95)))=10.62 | x 2 1.59 13.95 - - / 10.62 = | x:dollar 2:ticket 1.59:ticket 13.95:ticket -:ticket -:ticket /:dollar 10.62:dollar =:dollar
EXPR: 0 | POS | FRA | 31 | 36.78 | 186.2748 | (x/(2+(1.59+13.95)))=10.62 | x 2 1.59 13.95 + + / 10.62 = | x:dollar 2:ticket 1.59:ticket 13.95:ticket +:ticket +:ticket /:dollar 10.62:dollar =:dollar
EXPR: 0 | POS | FRA | 31 | 36.78 | 0.739554317548747 | (x*(2-(1.59-13.95)))=10.62 | x 2 1.59 13.95 - - * 10.62 = | x:dollar 2:ticket 1.59:ticket 13.95:ticket -:ticket -:ticket *:dollar 10.62:dollar =:dollar
EXPR: 0 | POS | FRA | 31 | 36.78 | 0.605473204104903 | (x*(2+(1.59+13.95)))=10.62 | x 2 1.59 13.95 + + * 10.62 = | x:dollar 2:ticket 1.59:ticket 13.95:ticket +:ticket +:ticket *:dollar 10.62:dollar =:dollar
EXPR: 0 | POS | FRA | 31 | 36.78 | 1.19548872180451 | (((13.95-10.62)-2)*x)=1.59 | 13.95 10.62 - 2 - x * 1.59 = | 13.95:dollar 10.62:dollar -:dollar 2:dollar -:dollar x:ticket *:dollar 1.59:dollar =:dollar
EXPR: 0 | POS | FRA | 31 | 36.78 | 0.836477987421384 | (((13.95-10.62)-2)/x)=1.59 | 13.95 10.62 - 2 - x / 1.59 = | 13.95:dollar 10.62:dollar -:dollar 2:dollar -:dollar x:ticket /:dollar 1.59:dollar =:dollar
EXPR: 0 | POS | FRA | 31 | 36.78 | 0.45514950166113 | x=(2+(13.95/(1.59-10.62))) | x 2 13.95 1.59 10.62 - / + = | x:ticket 2:ticket 13.95:ticket 1.59:dollar 10.62:dollar -:dollar /:ticket +:ticket =:ticket
EXPR: 0 | POS | FRA | 31 | 36.78 | 12.3533691756272 | ((1.59+(2/13.95))+10.62)=x | 1.59 2 13.95 / + 10.62 + x = | 1.59:dollar 2:dollar 13.95:ticket /:dollar +:dollar 10.62:dollar +:dollar x:dollar =:dollar
EXPR: 0 | POS | FRA | 32 | 36.78 | 13.5605 | x=((2-10.62)+(1.59*13.95)) | x 2 10.62 - 1.59 13.95 * + = | x:ticket 2:ticket 10.62:ticket -:ticket 1.59:dollar 13.95:ticket *:ticket +:ticket =:ticket
EXPR: 0 | POS | FRA | 32 | 36.78 | 9.5605 | ((1.59*13.95)-(10.62+2))=x | 1.59 13.95 * 10.62 2 + - x = | 1.59:ticket 13.95:dollar *:dollar 10.62:dollar 2:dollar +:dollar -:dollar x:dollar =:dollar
EXPR: 0 | POS | FRA | 32 | 36.78 | 3.84641509433962 | x=(10.62+(2-(13.95/1.59))) | x 10.62 2 13.95 1.59 / - + = | x:ticket 10.62:ticket 2:ticket 13.95:ticket 1.59:dollar /:ticket -:ticket +:ticket =:ticket
EXPR: 0 | POS | FRA | 32 | 36.78 | 9.17336917562724 | x=(10.62+((2/13.95)-1.59)) | x 10.62 2 13.95 / 1.59 - + = | x:ticket 10.62:ticket 2:ticket 13.95:dollar /:ticket 1.59:ticket -:ticket +:ticket =:ticket
EXPR: 0 | POS | FRA | 32 | 36.78 | 34.8005 | (2+(10.62+(1.59*13.95)))=x | 2 10.62 1.59 13.95 * + + x = | 2:ticket 10.62:ticket 1.59:ticket 13.95:dollar *:ticket +:ticket +:ticket x:ticket =:ticket
EXPR: 0 | POS | FRA | 32 | 36.78 | 0.15 | (x+(10.62+(2*1.59)))=13.95 | x 10.62 2 1.59 * + + 13.95 = | x:ticket 10.62:ticket 2:ticket 1.59:dollar *:ticket +:ticket +:ticket 13.95:ticket =:ticket
EXPR: 0 | POS | FRA | 32 | 36.78 | 0.923207547169811 | ((10.62-(x*2))*1.59)=13.95 | 10.62 x 2 * - 1.59 * 13.95 = | 10.62:dollar x:ticket 2:dollar *:dollar -:dollar 1.59:ticket *:dollar 13.95:dollar =:dollar
EXPR: 0 | POS | FRA | 32 | 36.78 | 2.07213836477987 | (x+(10.62+(2/1.59)))=13.95 | x 10.62 2 1.59 / + + 13.95 = | x:ticket 10.62:ticket 2:ticket 1.59:dollar /:ticket +:ticket +:ticket 13.95:ticket =:ticket
EXPR: 0 | POS | FRA | 32 | 36.78 | 2.2764406779661 | (10.62*(2-(x-1.59)))=13.95 | 10.62 2 x 1.59 - - * 13.95 = | 10.62:dollar 2:ticket x:ticket 1.59:ticket -:ticket -:ticket *:ticket 13.95:ticket =:ticket
EXPR: 0 | POS | FRA | 32 | 36.78 | 32.8358 | ((2+(10.62*1.59))+13.95)=x | 2 10.62 1.59 * + 13.95 + x = | 2:ticket 10.62:ticket 1.59:dollar *:ticket +:ticket 13.95:ticket +:ticket x:ticket =:ticket
EXPR: 0 | POS | FRA | 32 | 36.78 | 32.8358 | x=(2+((10.62*1.59)+13.95)) | x 2 10.62 1.59 * 13.95 + + = | x:ticket 2:ticket 10.62:ticket 1.59:dollar *:ticket 13.95:ticket +:ticket +:ticket =:ticket
EXPR: 0 | POS | FRA | 32 | 36.78 | 0.903559322033898 | (10.62*((2-1.59)+x))=13.95 | 10.62 2 1.59 - x + * 13.95 = | 10.62:dollar 2:ticket 1.59:ticket -:ticket x:ticket +:ticket *:ticket 13.95:ticket =:ticket
EXPR: 0 | POS | FRA | 32 | 36.78 | 2.2764406779661 | (10.62*((2-x)+1.59))=13.95 | 10.62 2 x - 1.59 + * 13.95 = | 10.62:dollar 2:ticket x:ticket -:ticket 1.59:ticket +:ticket *:ticket 13.95:ticket =:ticket
EXPR: 0 | POS | FRA | 32 | 36.78 | 142.4295 | ((10.62+(1.59-2))*13.95)=x | 10.62 1.59 2 - + 13.95 * x = | 10.62:dollar 1.59:dollar 2:dollar -:dollar +:dollar 13.95:ticket *:ticket x:ticket =:ticket
EXPR: 0 | POS | FRA | 32 | 36.78 | 0.903559322033898 | (10.62*(2+(x-1.59)))=13.95 | 10.62 2 x 1.59 - + * 13.95 = | 10.62:dollar 2:ticket x:ticket 1.59:ticket -:ticket +:ticket *:ticket 13.95:ticket =:ticket
EXPR: 0 | POS | FRA | 32 | 36.78 | 0.40650406504065 | (10.62+((2/x)-1.59))=13.95 | 10.62 2 x / 1.59 - + 13.95 = | 10.62:ticket 2:ticket x:dollar /:ticket 1.59:ticket -:ticket +:ticket 13.95:ticket =:ticket
EXPR: 0 | POS | FRA | 32 | 36.78 | 24.1758 | ((10.62*(2+1.59))-x)=13.95 | 10.62 2 1.59 + * x - 13.95 = | 10.62:dollar 2:ticket 1.59:ticket +:ticket *:ticket x:ticket -:ticket 13.95:ticket =:ticket
EXPR: 0 | POS | FRA | 32 | 36.78 | 1.14942528735632 | (10.62+((2/x)+1.59))=13.95 | 10.62 2 x / 1.59 + + 13.95 = | 10.62:ticket 2:ticket x:dollar /:ticket 1.59:ticket +:ticket +:ticket 13.95:ticket =:ticket
EXPR: 0 | POS | FRA | 33 | 36.78 | 2.2079211469534 | (2+(13.95*(x-1.59)))=10.62 | 2 13.95 x 1.59 - * + 10.62 = | 2:dollar 13.95:ticket x:dollar 1.59:dollar -:dollar *:dollar +:dollar 10.62:dollar =:dollar
EXPR: 0 | POS | FRA | 33 | 36.78 | 8.88663082437276 | (1.59+((2/13.95)+x))=10.62 | 1.59 2 13.95 / x + + 10.62 = | 1.59:dollar 2:dollar 13.95:ticket /:dollar x:dollar +:dollar +:dollar 10.62:dollar =:dollar
EXPR: 0 | POS | FRA | 33 | 36.78 | 12.0997175141243 | (1.59/((x+2)-13.95))=10.62 | 1.59 x 2 + 13.95 - / 10.62 = | 1.59:dollar x:ticket 2:ticket +:ticket 13.95:ticket -:ticket /:dollar 10.62:dollar =:dollar
EXPR: 0 | POS | FRA | 33 | 36.78 | 16.7106918238994 | ((1.59*x)-(2+13.95))=10.62 | 1.59 x * 2 13.95 + - 10.62 = | 1.59:dollar x:ticket *:dollar 2:dollar 13.95:dollar +:dollar -:dollar 10.62:dollar =:dollar
EXPR: 0 | POS | FRA | 33 | 36.78 | 3.10427672955975 | 13.95=(2-((x-10.62)*1.59)) | 13.95 2 x 10.62 - 1.59 * - = | 13.95:ticket 2:ticket x:dollar 10.62:dollar -:dollar 1.59:ticket *:ticket -:ticket =:ticket
EXPR: 0 | POS | FRA | 33 | 36.78 | 17.3935849056604 | (13.95/((x+2)-10.62))=1.59 | 13.95 x 2 + 10.62 - / 1.59 = | 13.95:dollar x:ticket 2:ticket +:ticket 10.62:ticket -:ticket /:dollar 1.59:dollar =:dollar
EXPR: 0 | POS | FRA | 33 | 36.78 | 0.503942652329749 | (1.59+(2+(x*13.95)))=10.62 | 1.59 2 x 13.95 * + + 10.62 = | 1.59:dollar 2:dollar x:dollar 13.95:ticket *:dollar +:dollar +:dollar 10.62:dollar =:dollar
EXPR: 0 | POS | FRA | 33 | 36.78 | 98.0685 | (1.59+(2+(x/13.95)))=10.62 | 1.59 2 x 13.95 / + + 10.62 = | 1.59:dollar 2:dollar x:dollar 13.95:ticket /:dollar +:dollar +:dollar 10.62:dollar =:dollar
EXPR: 0 | POS | FRA | 33 | 36.78 | 0.26 | (13.95-2)=(10.62+(1.59-x)) | 13.95 2 - 10.62 1.59 x - + = | 13.95:dollar 2:dollar -:dollar 10.62:dollar 1.59:dollar x:dollar -:dollar +:dollar =:dollar
EXPR: 0 | POS | FRA | 33 | 36.78 | 2.92 | (1.59-x)=(2-(13.95-10.62)) | 1.59 x - 2 13.95 10.62 - - = | 1.59:dollar x:dollar -:dollar 2:dollar 13.95:dollar 10.62:dollar -:dollar -:dollar =:dollar
EXPR: 0 | POS | FRA | 33 | 36.78 | 24.16 | (2-13.95)=(1.59+(10.62-x)) | 2 13.95 - 1.59 10.62 x - + = | 2:dollar 13.95:dollar -:dollar 1.59:dollar 10.62:dollar x:dollar -:dollar +:dollar =:dollar
EXPR: 0 | POS | FRA | 33 | 36.78 | 1.14942528735632 | (((13.95-10.62)-1.59)*x)=2 | 13.95 10.62 - 1.59 - x * 2 = | 13.95:dollar 10.62:dollar -:dollar 1.59:dollar -:dollar x:ticket *:dollar 2:dollar =:dollar
EXPR: 0 | POS | FRA | 33 | 36.78 | 0.87 | (((13.95-10.62)-1.59)/x)=2 | 13.95 10.62 - 1.59 - x / 2 = | 13.95:dollar 10.62:dollar -:dollar 1.59:dollar -:dollar x:ticket /:dollar 2:dollar =:dollar
EXPR: 0 | POS | FRA | 34 | 36.78 | 16.8705 | (1.59*13.95)=((10.62/2)+x) | 1.59 13.95 * 10.62 2 / x + = | 1.59:ticket 13.95:dollar *:dollar 10.62:dollar 2:ticket /:dollar x:dollar +:dollar =:dollar
EXPR: 0 | POS | FRA | 34 | 36.78 | 23.4043902439024 | (1.59+(13.95/(x+10.62)))=2 | 1.59 13.95 x 10.62 + / + 2 = | 1.59:ticket 13.95:ticket x:dollar 10.62:dollar +:dollar /:ticket +:ticket 2:ticket =:ticket
EXPR: 0 | POS | FRA | 34 | 36.78 | 29.6205 | x=(((13.95-2)*1.59)+10.62) | x 13.95 2 - 1.59 * 10.62 + = | x:dollar 13.95:dollar 2:dollar -:dollar 1.59:ticket *:dollar 10.62:dollar +:dollar =:dollar
EXPR: 0 | POS | FRA | 34 | 36.78 | 5.02370295015259 | (((10.62/x)-2)*13.95)=1.59 | 10.62 x / 2 - 13.95 * 1.59 = | 10.62:dollar x:ticket /:dollar 2:dollar -:dollar 13.95:ticket *:dollar 1.59:dollar =:dollar
EXPR: 0 | POS | FRA | 34 | 36.78 | 2.27688323917137 | (((10.62*x)-2)/13.95)=1.59 | 10.62 x * 2 - 13.95 / 1.59 = | 10.62:dollar x:ticket *:dollar 2:dollar -:dollar 13.95:ticket /:dollar 1.59:dollar =:dollar
EXPR: 0 | POS | FRA | 34 | 36.78 | 127.9685 | (10.62+((2-x)/13.95))=1.59 | 10.62 2 x - 13.95 / + 1.59 = | 10.62:ticket 2:ticket x:ticket -:ticket 13.95:dollar /:ticket +:ticket 1.59:ticket =:ticket
EXPR: 0 | POS | FRA | 34 | 36.78 | 0.836477987421384 | (2+(10.62+(1.59*x)))=13.95 | 2 10.62 1.59 x * + + 13.95 = | 2:ticket 10.62:ticket 1.59:ticket x:dollar *:ticket +:ticket +:ticket 13.95:ticket =:ticket
EXPR: 0 | POS | FRA | 34 | 36.78 | 1.36630754162586 | ((10.62+(1.59-2))*x)=13.95 | 10.62 1.59 2 - + x * 13.95 = | 10.62:dollar 1.59:dollar 2:dollar -:dollar +:dollar x:ticket *:ticket 13.95:ticket =:ticket
EXPR: 0 | POS | FRA | 34 | 36.78 | 10.7487001287001 | ((2/(x-10.62))-1.59)=13.95 | 2 x 10.62 - / 1.59 - 13.95 = | 2:dollar x:ticket 10.62:ticket -:ticket /:dollar 1.59:dollar -:dollar 13.95:dollar =:dollar
EXPR: 0 | POS | FRA | 34 | 36.78 | 151.739 | ((2+(10.62*13.95))+1.59)=x | 2 10.62 13.95 * + 1.59 + x = | 2:ticket 10.62:ticket 13.95:dollar *:ticket +:ticket 1.59:ticket +:ticket x:ticket =:ticket
EXPR: 0 | POS | FRA | 34 | 36.78 | 2.46 | ((10.62-1.59)+(2*x))=13.95 | 10.62 1.59 - 2 x * + 13.95 = | 10.62:ticket 1.59:ticket -:ticket 2:ticket x:dollar *:ticket +:ticket 13.95:ticket =:ticket
EXPR: 0 | POS | FRA | 34 | 36.78 | 0.836477987421384 | (2+(10.62+(x*1.59)))=13.95 | 2 10.62 x 1.59 * + + 13.95 = | 2:ticket 10.62:ticket x:ticket 1.59:dollar *:ticket +:ticket +:ticket 13.95:ticket =:ticket
EXPR: 0 | POS | FRA | 34 | 36.78 | 2.1147 | (2+(10.62+(x/1.59)))=13.95 | 2 10.62 x 1.59 / + + 13.95 = | 2:ticket 10.62:ticket x:ticket 1.59:dollar /:ticket +:ticket +:ticket 13.95:ticket =:ticket
EXPR: 0 | POS | FRA | 34 | 36.78 | 0.40650406504065 | ((10.62-1.59)+(2/x))=13.95 | 10.62 1.59 - 2 x / + 13.95 = | 10.62:ticket 1.59:ticket -:ticket 2:ticket x:dollar /:ticket +:ticket 13.95:ticket =:ticket
EXPR: 0 | POS | FRA | 34 | 36.78 | 24.98 | (1.59-13.95)=(10.62+(2-x)) | 1.59 13.95 - 10.62 2 x - + = | 1.59:dollar 13.95:dollar -:dollar 10.62:dollar 2:dollar x:dollar -:dollar +:dollar =:dollar
EXPR: 0 | POS | FRA | 34 | 36.78 | 33.6 | (((10.62*2)+13.95)-x)=1.59 | 10.62 2 * 13.95 + x - 1.59 = | 10.62:dollar 2:ticket *:ticket 13.95:ticket +:ticket x:ticket -:ticket 1.59:ticket =:ticket
EXPR: 0 | POS | FRA | 34 | 36.78 | 35.8863 | x=(1.59*((13.95-2)+10.62)) | x 1.59 13.95 2 - 10.62 + * = | x:dollar 1.59:dollar 13.95:ticket 2:ticket -:ticket 10.62:ticket +:ticket *:dollar =:dollar
EXPR: 0 | POS | FRA | 34 | 36.78 | 16.0997175141243 | (10.62*((x-2)-13.95))=1.59 | 10.62 x 2 - 13.95 - * 1.59 = | 10.62:dollar x:ticket 2:ticket -:ticket 13.95:ticket -:ticket *:ticket 1.59:ticket =:ticket
EXPR: 0 | POS | FRA | 34 | 36.78 | 0.0704474966770049 | x=(1.59/((13.95-2)+10.62)) | x 1.59 13.95 2 - 10.62 + / = | x:dollar 1.59:dollar 13.95:ticket 2:ticket -:ticket 10.62:ticket +:ticket /:dollar =:dollar
EXPR: 0 | POS | FRA | 34 | 36.78 | 1.19548872180451 | x=(1.59/((13.95-2)-10.62)) | x 1.59 13.95 2 - 10.62 - / = | x:dollar 1.59:dollar 13.95:ticket 2:ticket -:ticket 10.62:ticket -:ticket /:dollar =:dollar
EXPR: 0 | POS | FRA | 34 | 36.78 | 5.25301075268817 | ((10.62-(x*2))*13.95)=1.59 | 10.62 x 2 * - 13.95 * 1.59 = | 10.62:dollar x:ticket 2:dollar *:dollar -:dollar 13.95:ticket *:dollar 1.59:dollar =:dollar
EXPR: 0 | POS | FRA | 34 | 36.78 | 167.799 | ((10.62*(2+13.95))-x)=1.59 | 10.62 2 13.95 + * x - 1.59 = | 10.62:dollar 2:ticket 13.95:ticket +:ticket *:ticket x:ticket -:ticket 1.59:ticket =:ticket
EXPR: 0 | POS | FRA | 34 | 36.78 | 18.1357232704403 | x=(((13.95-2)/1.59)+10.62) | x 13.95 2 - 1.59 / 10.62 + = | x:dollar 13.95:dollar 2:dollar -:dollar 1.59:ticket /:dollar 10.62:dollar +:dollar =:dollar
EXPR: 0 | POS | FRA | 34 | 36.78 | 3.10427672955975 | (2-((x-10.62)*1.59))=13.95 | 2 x 10.62 - 1.59 * - 13.95 = | 2:ticket x:ticket 10.62:ticket -:ticket 1.59:dollar *:ticket -:ticket 13.95:ticket =:ticket
EXPR: 0 | POS | FRA | 34 | 36.78 | 21.3935849056604 | x=(2+(10.62+(13.95/1.59))) | x 2 10.62 13.95 1.59 / + + = | x:ticket 2:ticket 10.62:ticket 13.95:ticket 1.59:dollar /:ticket +:ticket +:ticket =:ticket
EXPR: 0 | POS | FRA | 34 | 36.78 | 12.0997175141243 | (10.62*((x+2)-13.95))=1.59 | 10.62 x 2 + 13.95 - * 1.59 = | 10.62:dollar x:ticket 2:ticket +:ticket 13.95:ticket -:ticket *:ticket 1.59:ticket =:ticket
EXPR: 0 | POS | FRA | 34 | 36.78 | 1.17129032258065 | x=(2+((10.62/13.95)-1.59)) | x 2 10.62 13.95 / 1.59 - + = | x:ticket 2:ticket 10.62:ticket 13.95:dollar /:ticket 1.59:ticket -:ticket +:ticket =:ticket
EXPR: 0 | POS | FRA | 35 | 36.78 | 192.51 | (((2*1.59)+10.62)*13.95)=x | 2 1.59 * 10.62 + 13.95 * x = | 2:dollar 1.59:ticket *:dollar 10.62:dollar +:dollar 13.95:ticket *:dollar x:dollar =:dollar
EXPR: 0 | POS | FRA | 35 | 36.78 | 88.2063 | ((2+1.59)*(10.62+13.95))=x | 2 1.59 + 10.62 13.95 + * x = | 2:dollar 1.59:dollar +:dollar 10.62:ticket 13.95:ticket +:ticket *:dollar x:dollar =:dollar
EXPR: 0 | POS | FRA | 35 | 36.78 | 35.8863 | x=(1.59*((10.62-2)+13.95)) | x 1.59 10.62 2 - 13.95 + * = | x:ticket 1.59:dollar 10.62:ticket 2:ticket -:ticket 13.95:ticket +:ticket *:ticket =:ticket
EXPR: 0 | POS | FRA | 35 | 36.78 | 12.3533691756272 | x=(1.59+(10.62+(2/13.95))) | x 1.59 10.62 2 13.95 / + + = | x:ticket 1.59:ticket 10.62:ticket 2:ticket 13.95:dollar /:ticket +:ticket +:ticket =:ticket
EXPR: 0 | POS | FRA | 35 | 36.78 | 15.8002824858757 | ((2-(1.59/10.62))+13.95)=x | 2 1.59 10.62 / - 13.95 + x = | 2:ticket 1.59:ticket 10.62:dollar /:ticket -:ticket 13.95:ticket +:ticket x:ticket =:ticket
EXPR: 0 | POS | FRA | 35 | 36.78 | 107.9085 | ((10.62-1.59)*(13.95-2))=x | 10.62 1.59 - 13.95 2 - * x = | 10.62:ticket 1.59:ticket -:ticket 13.95:dollar 2:dollar -:dollar *:dollar x:dollar =:dollar
EXPR: 0 | POS | FRA | 36 | 36.78 | 0.731899641577061 | (((13.95*x)+2)-1.59)=10.62 | 13.95 x * 2 + 1.59 - 10.62 = | 13.95:ticket x:dollar *:dollar 2:dollar +:dollar 1.59:dollar -:dollar 10.62:dollar =:dollar
EXPR: 0 | POS | FRA | 36 | 36.78 | 0.981703026038001 | ((13.95/x)-(2+1.59))=10.62 | 13.95 x / 2 1.59 + - 10.62 = | 13.95:dollar x:ticket /:dollar 2:dollar 1.59:dollar +:dollar -:dollar 10.62:dollar =:dollar
EXPR: 0 | POS | FRA | 36 | 36.78 | 0.177591478848997 | ((2-(x*10.62))*13.95)=1.59 | 2 x 10.62 * - 13.95 * 1.59 = | 2:dollar x:ticket 10.62:dollar *:dollar -:dollar 13.95:ticket *:dollar 1.59:dollar =:dollar
EXPR: 0 | POS | FRA | 36 | 36.78 | 0.127478416999102 | (((13.95*x)-1.59)*10.62)=2 | 13.95 x * 1.59 - 10.62 * 2 = | 13.95:dollar x:ticket *:dollar 1.59:dollar -:dollar 10.62:ticket *:ticket 2:ticket =:ticket
EXPR: 0 | POS | FRA | 36 | 36.78 | 1.02509652509653 | (((13.95-2)-1.59)*x)=10.62 | 13.95 2 - 1.59 - x * 10.62 = | 13.95:dollar 2:dollar -:dollar 1.59:dollar -:dollar x:ticket *:dollar 10.62:dollar =:dollar
EXPR: 0 | POS | FRA | 36 | 36.78 | 0.975517890772128 | (((13.95-2)-1.59)/x)=10.62 | 13.95 2 - 1.59 - x / 10.62 = | 13.95:dollar 2:dollar -:dollar 1.59:dollar -:dollar x:ticket /:dollar 10.62:dollar =:dollar
EXPR: 0 | POS | FRA | 36 | 36.78 | 1.36630754162586 | x=(13.95/((1.59-2)+10.62)) | x 13.95 1.59 2 - 10.62 + / = | x:dollar 13.95:dollar 1.59:ticket 2:ticket -:ticket 10.62:ticket +:ticket /:dollar =:dollar
EXPR: 0 | POS | FRA | 37 | 36.78 | 6.51 | (2*1.59)=((10.62-13.95)+x) | 2 1.59 * 10.62 13.95 - x + = | 2:dollar 1.59:ticket *:dollar 10.62:dollar 13.95:dollar -:dollar x:dollar +:dollar =:dollar
EXPR: 0 | POS | FRA | 37 | 36.78 | 4.58786163522013 | (2/1.59)=((10.62-13.95)+x) | 2 1.59 / 10.62 13.95 - x + = | 2:dollar 1.59:ticket /:dollar 10.62:dollar 13.95:dollar -:dollar x:dollar +:dollar =:dollar
EXPR: 0 | POS | FRA | 37 | 36.78 | 144.559 | (2+1.59)=((10.62*13.95)-x) | 2 1.59 + 10.62 13.95 * x - = | 2:dollar 1.59:dollar +:dollar 10.62:ticket 13.95:dollar *:dollar x:dollar -:dollar =:dollar
EXPR: 0 | POS | FRA | 37 | 36.78 | 0.836477987421384 | (2+((x*1.59)+10.62))=13.95 | 2 x 1.59 * 10.62 + + 13.95 = | 2:ticket x:ticket 1.59:dollar *:ticket 10.62:ticket +:ticket +:ticket 13.95:ticket =:ticket
EXPR: 0 | POS | FRA | 37 | 36.78 | 1.45177966101695 | (((2*x)-1.59)*10.62)=13.95 | 2 x * 1.59 - 10.62 * 13.95 = | 2:dollar x:ticket *:dollar 1.59:dollar -:dollar 10.62:ticket *:dollar 13.95:dollar =:dollar
EXPR: 0 | POS | FRA | 37 | 36.78 | 125.319 | (2+((1.59+x)/10.62))=13.95 | 2 1.59 x + 10.62 / + 13.95 = | 2:ticket 1.59:ticket x:ticket +:ticket 10.62:dollar /:ticket +:ticket 13.95:ticket =:ticket
EXPR: 0 | POS | FRA | 37 | 36.78 | 14.1949685534591 | (2+((x*1.59)-10.62))=13.95 | 2 x 1.59 * 10.62 - + 13.95 = | 2:ticket x:dollar 1.59:ticket *:ticket 10.62:ticket -:ticket +:ticket 13.95:ticket =:ticket
EXPR: 0 | POS | FRA | 37 | 36.78 | 91.9176100628928 | ((2+(x*1.59))/10.62)=13.95 | 2 x 1.59 * + 10.62 / 13.95 = | 2:dollar x:ticket 1.59:dollar *:dollar +:dollar 10.62:ticket /:dollar 13.95:dollar =:dollar
EXPR: 0 | POS | FRA | 37 | 36.78 | 7.04985875706215 | 1.59=(10.62*((x*2)-13.95)) | 1.59 10.62 x 2 * 13.95 - * = | 1.59:dollar 10.62:dollar x:ticket 2:dollar *:ticket 13.95:ticket -:ticket *:dollar =:dollar
EXPR: 0 | POS | FRA | 37 | 36.78 | 15.4179 | (((10.62*1.59)+13.95)/x)=2 | 10.62 1.59 * 13.95 + x / 2 = | 10.62:ticket 1.59:dollar *:dollar 13.95:dollar +:dollar x:ticket /:dollar 2:dollar =:dollar
EXPR: 0 | POS | FRA | 37 | 36.78 | 148.559 | (((10.62*13.95)+2)-x)=1.59 | 10.62 13.95 * 2 + x - 1.59 = | 10.62:dollar 13.95:ticket *:ticket 2:ticket +:ticket x:ticket -:ticket 1.59:ticket =:ticket
EXPR: 0 | POS | FRA | 37 | 36.78 | 28.1994350282486 | 1.59=(10.62*((x/2)-13.95)) | 1.59 10.62 x 2 / 13.95 - * = | 1.59:dollar 10.62:dollar x:ticket 2:dollar /:ticket 13.95:ticket -:ticket *:dollar =:dollar
EXPR: 0 | POS | FRA | 37 | 36.78 | 10.7196865203762 | ((1.59/(x-10.62))-2)=13.95 | 1.59 x 10.62 - / 2 - 13.95 = | 1.59:dollar x:ticket 10.62:ticket -:ticket /:dollar 2:dollar -:dollar 13.95:dollar =:dollar
EXPR: 0 | POS | FRA | 37 | 36.78 | 10.3146226415094 | 1.59=(10.62/((x*2)-13.95)) | 1.59 10.62 x 2 * 13.95 - / = | 1.59:dollar 10.62:dollar x:ticket 2:dollar *:ticket 13.95:ticket -:ticket /:dollar =:dollar
EXPR: 0 | POS | FRA | 37 | 36.78 | 41.2584905660377 | 1.59=(10.62/((x/2)-13.95)) | 1.59 10.62 x 2 / 13.95 - / = | 1.59:dollar 10.62:dollar x:ticket 2:dollar /:ticket 13.95:ticket -:ticket /:dollar =:dollar
EXPR: 0 | POS | FRA | 37 | 36.78 | 15.7283239171375 | (10.62*((x-1.59)-13.95))=2 | 10.62 x 1.59 - 13.95 - * 2 = | 10.62:dollar x:ticket 1.59:ticket -:ticket 13.95:ticket -:ticket *:ticket 2:ticket =:ticket
EXPR: 0 | POS | FRA | 37 | 36.78 | 0.00634833849705364 | (2/((1.59/10.62)-x))=13.95 | 2 1.59 10.62 / x - / 13.95 = | 2:dollar 1.59:ticket 10.62:dollar /:ticket x:ticket -:ticket /:dollar 13.95:dollar =:dollar
EXPR: 0 | POS | FRA | 37 | 36.78 | 11.8002824858757 | (10.62*((13.95-2)-x))=1.59 | 10.62 13.95 2 - x - * 1.59 = | 10.62:dollar 13.95:ticket 2:ticket -:ticket x:ticket -:ticket *:ticket 1.59:ticket =:ticket
EXPR: 0 | POS | FRA | 37 | 36.78 | 9.435 | 10.62=(1.59-((x-13.95)*2)) | 10.62 1.59 x 13.95 - 2 * - = | 10.62:dollar 1.59:dollar x:ticket 13.95:ticket -:ticket 2:dollar *:dollar -:dollar =:dollar
EXPR: 0 | POS | FRA | 37 | 36.78 | 11.8002824858757 | (10.62*((13.95-x)-2))=1.59 | 10.62 13.95 x - 2 - * 1.59 = | 10.62:dollar 13.95:ticket x:ticket -:ticket 2:ticket -:ticket *:ticket 1.59:ticket =:ticket
EXPR: 0 | POS | FRA | 38 | 36.78 | 0.790681003584229 | ((13.95*x)+(1.59-2))=10.62 | 13.95 x * 1.59 2 - + 10.62 = | 13.95:dollar x:ticket *:dollar 1.59:dollar 2:dollar -:dollar +:dollar 10.62:dollar =:dollar
EXPR: 0 | POS | FRA | 38 | 36.78 | 0.836477987421384 | (13.95-((x*1.59)+2))=10.62 | 13.95 x 1.59 * 2 + - 10.62 = | 13.95:dollar x:ticket 1.59:dollar *:dollar 2:dollar +:dollar -:dollar 10.62:dollar =:dollar
NET 408 unique, non-negative solutions found out of 1000 total solutions
