parameters: n=7 l=3 k=1 p=5 q=1 m=9
TOTAL 1000 solutions found
SOLN: CORRECT | POS/NEG | INT/FRA | OBJ-SCORE | TRUE-ANS | ANS | INFIX | POSTFIX | TYPED-POSTFIX
EXPR: 1 | POS | FRA | 0 | 20.52 | 20.52 | x=((9.05+4.95)+6.52) | x 9.05 4.95 + 6.52 + = | x:dollar 9.05:dollar 4.95:dollar +:dollar 6.52:dollar +:dollar =:dollar
EXPR: 1 | POS | FRA | 0 | 20.52 | 20.52 | (9.05+(4.95+6.52))=x | 9.05 4.95 6.52 + + x = | 9.05:dollar 4.95:dollar 6.52:dollar +:dollar +:dollar x:dollar =:dollar
EXPR: 0 | POS | FRA | 0 | 20.52 | 7.48 | ((9.05+4.95)-6.52)=x | 9.05 4.95 + 6.52 - x = | 9.05:dollar 4.95:dollar +:dollar 6.52:dollar -:dollar x:dollar =:dollar
EXPR: 0 | POS | FRA | 0 | 20.52 | 26.732 | ((9.05-4.95)*6.52)=x | 9.05 4.95 - 6.52 * x = | 9.05:dollar 4.95:dollar -:dollar 6.52:dollar *:dollar x:dollar =:dollar
EXPR: 0 | POS | FRA | 0 | 20.52 | 0.628834355828221 | ((9.05-4.95)/6.52)=x | 9.05 4.95 - 6.52 / x = | 9.05:dollar 4.95:dollar -:dollar 6.52:dollar /:dollar x:dollar =:dollar
EXPR: 0 | POS | FRA | 0 | 20.52 | 10.62 | (9.05-(4.95-6.52))=x | 9.05 4.95 6.52 - - x = | 9.05:dollar 4.95:dollar 6.52:dollar -:dollar -:dollar x:dollar =:dollar
EXPR: 0 | POS | FRA | 0 | 20.52 | 91.28 | ((9.05+4.95)*6.52)=x | 9.05 4.95 + 6.52 * x = | 9.05:dollar 4.95:dollar +:dollar 6.52:dollar *:dollar x:dollar =:dollar
EXPR: 1 | POS | FRA | 0 | 20.52 | 20.52 | x=(9.05+(4.95+6.52)) | x 9.05 4.95 6.52 + + = | x:dollar 9.05:dollar 4.95:dollar 6.52:dollar +:dollar +:dollar =:dollar
EXPR: 0 | POS | FRA | 0 | 20.52 | 7.48 | x=((9.05+4.95)-6.52) | x 9.05 4.95 + 6.52 - = | x:dollar 9.05:dollar 4.95:dollar +:dollar 6.52:dollar -:dollar =:dollar
EXPR: 0 | POS | FRA | 0 | 20.52 | 91.28 | x=((9.05+4.95)*6.52) | x 9.05 4.95 + 6.52 * = | x:dollar 9.05:dollar 4.95:dollar +:dollar 6.52:dollar *:dollar =:dollar
EXPR: 0 | POS | FRA | 0 | 20.52 | 7.48 | x=(9.05+(4.95-6.52)) | x 9.05 4.95 6.52 - + = | x:dollar 9.05:dollar 4.95:dollar 6.52:dollar -:dollar +:dollar =:dollar
EXPR: 0 | POS | FRA | 0 | 20.52 | 2.14723926380368 | x=((9.05+4.95)/6.52) | x 9.05 4.95 + 6.52 / = | x:dollar 9.05:dollar 4.95:dollar +:dollar 6.52:dollar /:dollar =:dollar
EXPR: 0 | POS | FRA | 0 | 20.52 | 7.48 | (9.05+(4.95-6.52))=x | 9.05 4.95 6.52 - + x = | 9.05:dollar 4.95:dollar 6.52:dollar -:dollar +:dollar x:dollar =:dollar
EXPR: 0 | POS | FRA | 0 | 20.52 | 41.324 | (9.05+(4.95*6.52))=x | 9.05 4.95 6.52 * + x = | 9.05:dollar 4.95:dollar 6.52:dollar *:dollar +:dollar x:dollar =:dollar
EXPR: 0 | POS | FRA | 0 | 20.52 | 10.62 | x=(9.05-(4.95-6.52)) | x 9.05 4.95 6.52 - - = | x:dollar 9.05:dollar 4.95:dollar 6.52:dollar -:dollar -:dollar =:dollar
EXPR: 0 | POS | FRA | 0 | 20.52 | 2.14723926380368 | ((9.05+4.95)/6.52)=x | 9.05 4.95 + 6.52 / x = | 9.05:dollar 4.95:dollar +:dollar 6.52:dollar /:dollar x:dollar =:dollar
EXPR: 0 | POS | FRA | 0 | 20.52 | 41.324 | x=(9.05+(4.95*6.52)) | x 9.05 4.95 6.52 * + = | x:dollar 9.05:dollar 4.95:dollar 6.52:dollar *:dollar +:dollar =:dollar
EXPR: 0 | POS | FRA | 0 | 20.52 | 9.80920245398773 | x=(9.05+(4.95/6.52)) | x 9.05 4.95 6.52 / + = | x:dollar 9.05:dollar 4.95:dollar 6.52:dollar /:dollar +:dollar =:dollar
EXPR: 0 | POS | FRA | 0 | 20.52 | 103.8035 | (9.05*(4.95+6.52))=x | 9.05 4.95 6.52 + * x = | 9.05:dollar 4.95:dollar 6.52:dollar +:dollar *:dollar x:dollar =:dollar
EXPR: 0 | POS | FRA | 0 | 20.52 | 103.8035 | x=(9.05*(4.95+6.52)) | x 9.05 4.95 6.52 + * = | x:dollar 9.05:dollar 4.95:dollar 6.52:dollar +:dollar *:dollar =:dollar
EXPR: 0 | POS | FRA | 0 | 20.52 | 0.789014821272886 | (9.05/(4.95+6.52))=x | 9.05 4.95 6.52 + / x = | 9.05:dollar 4.95:dollar 6.52:dollar +:dollar /:dollar x:dollar =:dollar
EXPR: 0 | POS | FRA | 0 | 20.52 | 10.62 | x=((9.05-4.95)+6.52) | x 9.05 4.95 - 6.52 + = | x:dollar 9.05:dollar 4.95:dollar -:dollar 6.52:dollar +:dollar =:dollar
EXPR: 0 | POS | FRA | 0 | 20.52 | 0.789014821272886 | x=(9.05/(4.95+6.52)) | x 9.05 4.95 6.52 + / = | x:dollar 9.05:dollar 4.95:dollar 6.52:dollar +:dollar /:dollar =:dollar
EXPR: 0 | POS | FRA | 0 | 20.52 | 8.29079754601227 | (9.05-(4.95/6.52))=x | 9.05 4.95 6.52 / - x = | 9.05:dollar 4.95:dollar 6.52:dollar /:dollar -:dollar x:dollar =:dollar
EXPR: 0 | POS | FRA | 0 | 20.52 | 9.80920245398773 | (9.05+(4.95/6.52))=x | 9.05 4.95 6.52 / + x = | 9.05:dollar 4.95:dollar 6.52:dollar /:dollar +:dollar x:dollar =:dollar
EXPR: 0 | POS | FRA | 0 | 20.52 | 51.3175 | x=((9.05*4.95)+6.52) | x 9.05 4.95 * 6.52 + = | x:dollar 9.05:dollar 4.95:dollar *:dollar 6.52:dollar +:dollar =:dollar
EXPR: 0 | POS | FRA | 0 | 20.52 | 26.732 | x=((9.05-4.95)*6.52) | x 9.05 4.95 - 6.52 * = | x:dollar 9.05:dollar 4.95:dollar -:dollar 6.52:dollar *:dollar =:dollar
EXPR: 0 | POS | FRA | 0 | 20.52 | 0.628834355828221 | x=((9.05-4.95)/6.52) | x 9.05 4.95 - 6.52 / = | x:dollar 9.05:dollar 4.95:dollar -:dollar 6.52:dollar /:dollar =:dollar
EXPR: 0 | POS | FRA | 0 | 20.52 | 8.34828282828283 | x=((9.05/4.95)+6.52) | x 9.05 4.95 / 6.52 + = | x:dollar 9.05:dollar 4.95:dollar /:dollar 6.52:dollar +:dollar =:dollar
EXPR: 0 | POS | FRA | 0 | 20.52 | 10.62 | ((9.05-4.95)+6.52)=x | 9.05 4.95 - 6.52 + x = | 9.05:dollar 4.95:dollar -:dollar 6.52:dollar +:dollar x:dollar =:dollar
EXPR: 0 | POS | FRA | 0 | 20.52 | 51.3175 | ((9.05*4.95)+6.52)=x | 9.05 4.95 * 6.52 + x = | 9.05:dollar 4.95:dollar *:dollar 6.52:dollar +:dollar x:dollar =:dollar
EXPR: 0 | POS | FRA | 0 | 20.52 | 38.2775 | x=((9.05*4.95)-6.52) | x 9.05 4.95 * 6.52 - = | x:dollar 9.05:dollar 4.95:dollar *:dollar 6.52:dollar -:dollar =:dollar
EXPR: 0 | POS | FRA | 0 | 20.52 | 38.2775 | ((9.05*4.95)-6.52)=x | 9.05 4.95 * 6.52 - x = | 9.05:dollar 4.95:dollar *:dollar 6.52:dollar -:dollar x:dollar =:dollar
EXPR: 0 | POS | FRA | 0 | 20.52 | 8.29079754601227 | x=(9.05-(4.95/6.52)) | x 9.05 4.95 6.52 / - = | x:dollar 9.05:dollar 4.95:dollar 6.52:dollar /:dollar -:dollar =:dollar
EXPR: 1 | POS | FRA | 0 | 20.52 | 20.52 | ((9.05+4.95)+6.52)=x | 9.05 4.95 + 6.52 + x = | 9.05:dollar 4.95:dollar +:dollar 6.52:dollar +:dollar x:dollar =:dollar
EXPR: 0 | POS | FRA | 0 | 20.52 | 8.34828282828283 | ((9.05/4.95)+6.52)=x | 9.05 4.95 / 6.52 + x = | 9.05:dollar 4.95:dollar /:dollar 6.52:dollar +:dollar x:dollar =:dollar
EXPR: 0 | POS | FRA | 2 | 20.52 | 2.42 | ((4.95-9.05)+6.52)=x | 4.95 9.05 - 6.52 + x = | 4.95:dollar 9.05:dollar -:dollar 6.52:dollar +:dollar x:dollar =:dollar
EXPR: 0 | POS | FRA | 2 | 20.52 | 7.06696132596685 | ((4.95/9.05)+6.52)=x | 4.95 9.05 / 6.52 + x = | 4.95:dollar 9.05:dollar /:dollar 6.52:dollar +:dollar x:dollar =:dollar
EXPR: 0 | POS | FRA | 2 | 20.52 | 0.511111111111111 | ((9.05-6.52)/4.95)=x | 9.05 6.52 - 4.95 / x = | 9.05:dollar 6.52:dollar -:dollar 4.95:dollar /:dollar x:dollar =:dollar
EXPR: 1 | POS | FRA | 2 | 20.52 | 20.52 | (x-(9.05+4.95))=6.52 | x 9.05 4.95 + - 6.52 = | x:dollar 9.05:dollar 4.95:dollar +:dollar -:dollar 6.52:dollar =:dollar
EXPR: 0 | POS | FRA | 2 | 20.52 | 10.62 | ((9.05+6.52)-4.95)=x | 9.05 6.52 + 4.95 - x = | 9.05:dollar 6.52:dollar +:dollar 4.95:dollar -:dollar x:dollar =:dollar
EXPR: 0 | POS | FRA | 2 | 20.52 | 0.465714285714286 | (x*(9.05+4.95))=6.52 | x 9.05 4.95 + * 6.52 = | x:dollar 9.05:dollar 4.95:dollar +:dollar *:dollar 6.52:dollar =:dollar
EXPR: 0 | POS | FRA | 2 | 20.52 | 10.62 | x=((9.05+6.52)-4.95) | x 9.05 6.52 + 4.95 - = | x:dollar 9.05:dollar 6.52:dollar +:dollar 4.95:dollar -:dollar =:dollar
EXPR: 0 | POS | FRA | 2 | 20.52 | 2.42 | ((9.05+x)-4.95)=6.52 | 9.05 x + 4.95 - 6.52 = | 9.05:dollar x:dollar +:dollar 4.95:dollar -:dollar 6.52:dollar =:dollar
EXPR: 0 | POS | FRA | 2 | 20.52 | 2.42 | (x+(9.05-4.95))=6.52 | x 9.05 4.95 - + 6.52 = | x:dollar 9.05:dollar 4.95:dollar -:dollar +:dollar 6.52:dollar =:dollar
EXPR: 0 | POS | FRA | 2 | 20.52 | 3.14545454545455 | x=((9.05+6.52)/4.95) | x 9.05 6.52 + 4.95 / = | x:dollar 9.05:dollar 6.52:dollar +:dollar 4.95:dollar /:dollar =:dollar
EXPR: 0 | POS | FRA | 2 | 20.52 | 10.62 | x=(9.05+(6.52-4.95)) | x 9.05 6.52 4.95 - + = | x:dollar 9.05:dollar 6.52:dollar 4.95:dollar -:dollar +:dollar =:dollar
EXPR: 0 | POS | FRA | 2 | 20.52 | 10.3671717171717 | x=(9.05+(6.52/4.95)) | x 9.05 6.52 4.95 / + = | x:dollar 9.05:dollar 6.52:dollar 4.95:dollar /:dollar +:dollar =:dollar
EXPR: 0 | POS | FRA | 2 | 20.52 | 77.0715 | x=((9.05+6.52)*4.95) | x 9.05 6.52 + 4.95 * = | x:dollar 9.05:dollar 6.52:dollar +:dollar 4.95:dollar *:dollar =:dollar
EXPR: 0 | POS | FRA | 2 | 20.52 | 14.2085 | (9.05*(6.52-4.95))=x | 9.05 6.52 4.95 - * x = | 9.05:dollar 6.52:dollar 4.95:dollar -:dollar *:dollar x:dollar =:dollar
EXPR: 0 | POS | FRA | 2 | 20.52 | 5.76433121019109 | (9.05/(6.52-4.95))=x | 9.05 6.52 4.95 - / x = | 9.05:dollar 6.52:dollar 4.95:dollar -:dollar /:dollar x:dollar =:dollar
EXPR: 0 | POS | FRA | 2 | 20.52 | 12.5235 | ((9.05-6.52)*4.95)=x | 9.05 6.52 - 4.95 * x = | 9.05:dollar 6.52:dollar -:dollar 4.95:dollar *:dollar x:dollar =:dollar
EXPR: 1 | POS | FRA | 2 | 20.52 | 20.52 | x=((9.05+6.52)+4.95) | x 9.05 6.52 + 4.95 + = | x:dollar 9.05:dollar 6.52:dollar +:dollar 4.95:dollar +:dollar =:dollar
EXPR: 0 | POS | FRA | 2 | 20.52 | 7.48 | ((9.05+4.95)-x)=6.52 | 9.05 4.95 + x - 6.52 = | 9.05:dollar 4.95:dollar +:dollar x:dollar -:dollar 6.52:dollar =:dollar
EXPR: 0 | POS | FRA | 2 | 20.52 | 77.0715 | ((9.05+6.52)*4.95)=x | 9.05 6.52 + 4.95 * x = | 9.05:dollar 6.52:dollar +:dollar 4.95:dollar *:dollar x:dollar =:dollar
EXPR: 0 | POS | FRA | 2 | 20.52 | 3.14545454545455 | ((9.05+6.52)/4.95)=x | 9.05 6.52 + 4.95 / x = | 9.05:dollar 6.52:dollar +:dollar 4.95:dollar /:dollar x:dollar =:dollar
EXPR: 0 | POS | FRA | 2 | 20.52 | 2.42 | (9.05+(x-4.95))=6.52 | 9.05 x 4.95 - + 6.52 = | 9.05:dollar x:dollar 4.95:dollar -:dollar +:dollar 6.52:dollar =:dollar
EXPR: 0 | POS | FRA | 2 | 20.52 | 14.2085 | x=(9.05*(6.52-4.95)) | x 9.05 6.52 4.95 - * = | x:dollar 9.05:dollar 6.52:dollar 4.95:dollar -:dollar *:dollar =:dollar
EXPR: 0 | POS | FRA | 2 | 20.52 | 7.48 | ((9.05-x)+4.95)=6.52 | 9.05 x - 4.95 + 6.52 = | 9.05:dollar x:dollar -:dollar 4.95:dollar +:dollar 6.52:dollar =:dollar
EXPR: 0 | POS | FRA | 2 | 20.52 | 0.173480662983425 | ((9.05*x)+4.95)=6.52 | 9.05 x * 4.95 + 6.52 = | 9.05:dollar x:dollar *:dollar 4.95:dollar +:dollar 6.52:dollar =:dollar
EXPR: 0 | POS | FRA | 2 | 20.52 | 7.48 | x=((9.05-6.52)+4.95) | x 9.05 6.52 - 4.95 + = | x:dollar 9.05:dollar 6.52:dollar -:dollar 4.95:dollar +:dollar =:dollar
EXPR: 0 | POS | FRA | 2 | 20.52 | 12.5235 | x=((9.05-6.52)*4.95) | x 9.05 6.52 - 4.95 * = | x:dollar 9.05:dollar 6.52:dollar -:dollar 4.95:dollar *:dollar =:dollar
EXPR: 0 | POS | FRA | 2 | 20.52 | 63.956 | x=((9.05*6.52)+4.95) | x 9.05 6.52 * 4.95 + = | x:dollar 9.05:dollar 6.52:dollar *:dollar 4.95:dollar +:dollar =:dollar
EXPR: 0 | POS | FRA | 2 | 20.52 | 0.511111111111111 | x=((9.05-6.52)/4.95) | x 9.05 6.52 - 4.95 / = | x:dollar 9.05:dollar 6.52:dollar -:dollar 4.95:dollar /:dollar =:dollar
EXPR: 0 | POS | FRA | 2 | 20.52 | 54.056 | x=((9.05*6.52)-4.95) | x 9.05 6.52 * 4.95 - = | x:dollar 9.05:dollar 6.52:dollar *:dollar 4.95:dollar -:dollar =:dollar
EXPR: 0 | POS | FRA | 2 | 20.52 | 7.48 | ((9.05-6.52)+4.95)=x | 9.05 6.52 - 4.95 + x = | 9.05:dollar 6.52:dollar -:dollar 4.95:dollar +:dollar x:dollar =:dollar
EXPR: 0 | POS | FRA | 2 | 20.52 | 2.42 | ((9.05-4.95)+x)=6.52 | 9.05 4.95 - x + 6.52 = | 9.05:dollar 4.95:dollar -:dollar x:dollar +:dollar 6.52:dollar =:dollar
EXPR: 0 | POS | FRA | 2 | 20.52 | 2.42 | x=((4.95-9.05)+6.52) | x 4.95 9.05 - 6.52 + = | x:dollar 4.95:dollar 9.05:dollar -:dollar 6.52:dollar +:dollar =:dollar
EXPR: 0 | POS | FRA | 2 | 20.52 | 63.956 | ((9.05*6.52)+4.95)=x | 9.05 6.52 * 4.95 + x = | 9.05:dollar 6.52:dollar *:dollar 4.95:dollar +:dollar x:dollar =:dollar
EXPR: 1 | POS | FRA | 2 | 20.52 | 20.52 | ((9.05+6.52)+4.95)=x | 9.05 6.52 + 4.95 + x = | 9.05:dollar 6.52:dollar +:dollar 4.95:dollar +:dollar x:dollar =:dollar
EXPR: 0 | POS | FRA | 2 | 20.52 | 54.056 | ((9.05*6.52)-4.95)=x | 9.05 6.52 * 4.95 - x = | 9.05:dollar 6.52:dollar *:dollar 4.95:dollar -:dollar x:dollar =:dollar
EXPR: 0 | POS | FRA | 2 | 20.52 | 7.48 | 9.05=((x-4.95)+6.52) | 9.05 x 4.95 - 6.52 + = | 9.05:dollar x:dollar 4.95:dollar -:dollar 6.52:dollar +:dollar =:dollar
EXPR: 0 | POS | FRA | 2 | 20.52 | 0.511111111111111 | 9.05=((x*4.95)+6.52) | 9.05 x 4.95 * 6.52 + = | 9.05:dollar x:dollar 4.95:dollar *:dollar 6.52:dollar +:dollar =:dollar
EXPR: 0 | POS | FRA | 2 | 20.52 | 6.33803680981595 | 9.05=((x-4.95)*6.52) | 9.05 x 4.95 - 6.52 * = | 9.05:dollar x:dollar 4.95:dollar -:dollar 6.52:dollar *:dollar =:dollar
EXPR: 0 | POS | FRA | 2 | 20.52 | 6.33803680981595 | ((9.05/6.52)+4.95)=x | 9.05 6.52 / 4.95 + x = | 9.05:dollar 6.52:dollar /:dollar 4.95:dollar +:dollar x:dollar =:dollar
EXPR: 1 | POS | FRA | 2 | 20.52 | 20.52 | 9.05=((x-4.95)-6.52) | 9.05 x 4.95 - 6.52 - = | 9.05:dollar x:dollar 4.95:dollar -:dollar 6.52:dollar -:dollar =:dollar
EXPR: 0 | POS | FRA | 2 | 20.52 | 6.33803680981595 | x=((9.05/6.52)+4.95) | x 9.05 6.52 / 4.95 + = | x:dollar 9.05:dollar 6.52:dollar /:dollar 4.95:dollar +:dollar =:dollar
EXPR: 0 | POS | FRA | 2 | 20.52 | 103.8035 | 9.05=(x/(4.95+6.52)) | 9.05 x 4.95 6.52 + / = | 9.05:dollar x:dollar 4.95:dollar 6.52:dollar +:dollar /:dollar =:dollar
EXPR: 0 | POS | FRA | 2 | 20.52 | 0.789014821272886 | 9.05=(x*(4.95+6.52)) | 9.05 x 4.95 6.52 + * = | 9.05:dollar x:dollar 4.95:dollar 6.52:dollar +:dollar *:dollar =:dollar
EXPR: 0 | POS | FRA | 2 | 20.52 | 10.3671717171717 | ((x-9.05)*4.95)=6.52 | x 9.05 - 4.95 * 6.52 = | x:dollar 9.05:dollar -:dollar 4.95:dollar *:dollar 6.52:dollar =:dollar
EXPR: 0 | POS | FRA | 2 | 20.52 | 41.324 | ((x-9.05)/4.95)=6.52 | x 9.05 - 4.95 / 6.52 = | x:dollar 9.05:dollar -:dollar 4.95:dollar /:dollar 6.52:dollar =:dollar
EXPR: 1 | POS | FRA | 2 | 20.52 | 20.52 | x=(4.95+(9.05+6.52)) | x 4.95 9.05 6.52 + + = | x:dollar 4.95:dollar 9.05:dollar 6.52:dollar +:dollar +:dollar =:dollar
EXPR: 0 | POS | FRA | 2 | 20.52 | 1.26740331491713 | ((9.05*x)-4.95)=6.52 | 9.05 x * 4.95 - 6.52 = | 9.05:dollar x:dollar *:dollar 4.95:dollar -:dollar 6.52:dollar =:dollar
EXPR: 0 | POS | FRA | 2 | 20.52 | 0.789014821272886 | ((9.05/x)-4.95)=6.52 | 9.05 x / 4.95 - 6.52 = | 9.05:dollar x:dollar /:dollar 4.95:dollar -:dollar 6.52:dollar =:dollar
EXPR: 0 | POS | FRA | 2 | 20.52 | 7.48 | (4.95+(9.05-6.52))=x | 4.95 9.05 6.52 - + x = | 4.95:dollar 9.05:dollar 6.52:dollar -:dollar +:dollar x:dollar =:dollar
EXPR: 0 | POS | FRA | 2 | 20.52 | 63.956 | (4.95+(9.05*6.52))=x | 4.95 9.05 6.52 * + x = | 4.95:dollar 9.05:dollar 6.52:dollar *:dollar +:dollar x:dollar =:dollar
EXPR: 0 | POS | FRA | 2 | 20.52 | 3.14545454545455 | 9.05=((x*4.95)-6.52) | 9.05 x 4.95 * 6.52 - = | 9.05:dollar x:dollar 4.95:dollar *:dollar 6.52:dollar -:dollar =:dollar
EXPR: 0 | POS | FRA | 2 | 20.52 | 77.0715 | 9.05=((x/4.95)-6.52) | 9.05 x 4.95 / 6.52 - = | 9.05:dollar x:dollar 4.95:dollar /:dollar 6.52:dollar -:dollar =:dollar
EXPR: 0 | POS | FRA | 2 | 20.52 | 1.59024390243902 | ((9.05-4.95)*x)=6.52 | 9.05 4.95 - x * 6.52 = | 9.05:dollar 4.95:dollar -:dollar x:dollar *:dollar 6.52:dollar =:dollar
EXPR: 1 | POS | FRA | 2 | 20.52 | 20.52 | 9.05=(x-(4.95+6.52)) | 9.05 x 4.95 6.52 + - = | 9.05:dollar x:dollar 4.95:dollar 6.52:dollar +:dollar -:dollar =:dollar
EXPR: 0 | POS | FRA | 2 | 20.52 | 7.48 | x=(4.95+(9.05-6.52)) | x 4.95 9.05 6.52 - + = | x:dollar 4.95:dollar 9.05:dollar 6.52:dollar -:dollar +:dollar =:dollar
EXPR: 0 | POS | FRA | 2 | 20.52 | 63.956 | x=(4.95+(9.05*6.52)) | x 4.95 9.05 6.52 * + = | x:dollar 4.95:dollar 9.05:dollar 6.52:dollar *:dollar +:dollar =:dollar
EXPR: 0 | POS | FRA | 2 | 20.52 | 4.69171717171717 | ((9.05/4.95)+x)=6.52 | 9.05 4.95 / x + 6.52 = | 9.05:dollar 4.95:dollar /:dollar x:dollar +:dollar 6.52:dollar =:dollar
EXPR: 0 | POS | FRA | 2 | 20.52 | 12.5235 | 9.05=((x/4.95)+6.52) | 9.05 x 4.95 / 6.52 + = | 9.05:dollar x:dollar 4.95:dollar /:dollar 6.52:dollar +:dollar =:dollar
EXPR: 0 | POS | FRA | 2 | 20.52 | 2.42 | x=(4.95-(9.05-6.52)) | x 4.95 9.05 6.52 - - = | x:dollar 4.95:dollar 9.05:dollar 6.52:dollar -:dollar -:dollar =:dollar
EXPR: 0 | POS | FRA | 2 | 20.52 | 7.48 | 9.05=(x-(4.95-6.52)) | 9.05 x 4.95 6.52 - - = | 9.05:dollar x:dollar 4.95:dollar 6.52:dollar -:dollar -:dollar =:dollar
EXPR: 0 | POS | FRA | 2 | 20.52 | 7.06696132596685 | x=((4.95/9.05)+6.52) | x 4.95 9.05 / 6.52 + = | x:dollar 4.95:dollar 9.05:dollar /:dollar 6.52:dollar +:dollar =:dollar
EXPR: 0 | POS | FRA | 2 | 20.52 | 7.48 | (9.05-(6.52-4.95))=x | 9.05 6.52 4.95 - - x = | 9.05:dollar 6.52:dollar 4.95:dollar -:dollar -:dollar x:dollar =:dollar
EXPR: 0 | POS | FRA | 2 | 20.52 | 4.69171717171717 | 9.05=(4.95*(6.52-x)) | 9.05 4.95 6.52 x - * = | 9.05:dollar 4.95:dollar 6.52:dollar x:dollar -:dollar *:dollar =:dollar
EXPR: 0 | POS | FRA | 2 | 20.52 | 7.48 | x=(9.05-(6.52-4.95)) | x 9.05 6.52 4.95 - - = | x:dollar 9.05:dollar 6.52:dollar 4.95:dollar -:dollar -:dollar =:dollar
EXPR: 0 | POS | FRA | 2 | 20.52 | 2.42 | (4.95-(9.05-6.52))=x | 4.95 9.05 6.52 - - x = | 4.95:dollar 9.05:dollar 6.52:dollar -:dollar -:dollar x:dollar =:dollar
EXPR: 0 | POS | FRA | 2 | 20.52 | 0.628834355828221 | ((9.05-4.95)/x)=6.52 | 9.05 4.95 - x / 6.52 = | 9.05:dollar 4.95:dollar -:dollar x:dollar /:dollar 6.52:dollar =:dollar
EXPR: 0 | POS | FRA | 2 | 20.52 | 2.42 | 9.05=((4.95-x)+6.52) | 9.05 4.95 x - 6.52 + = | 9.05:dollar 4.95:dollar x:dollar -:dollar 6.52:dollar +:dollar =:dollar
EXPR: 0 | POS | FRA | 2 | 20.52 | 10.62 | (9.05+(6.52-4.95))=x | 9.05 6.52 4.95 - + x = | 9.05:dollar 6.52:dollar 4.95:dollar -:dollar +:dollar x:dollar =:dollar
EXPR: 0 | POS | FRA | 2 | 20.52 | 10.3671717171717 | (9.05+(6.52/4.95))=x | 9.05 6.52 4.95 / + x = | 9.05:dollar 6.52:dollar 4.95:dollar /:dollar +:dollar x:dollar =:dollar
EXPR: 0 | POS | FRA | 2 | 20.52 | 7.73282828282828 | ((9.05-x)*4.95)=6.52 | 9.05 x - 4.95 * 6.52 = | 9.05:dollar x:dollar -:dollar 4.95:dollar *:dollar 6.52:dollar =:dollar
EXPR: 0 | POS | FRA | 2 | 20.52 | 6.33803680981595 | x=(4.95+(9.05/6.52)) | x 4.95 9.05 6.52 / + = | x:dollar 4.95:dollar 9.05:dollar 6.52:dollar /:dollar +:dollar =:dollar
EXPR: 0 | POS | FRA | 2 | 20.52 | 38.2775 | ((9.05*4.95)-x)=6.52 | 9.05 4.95 * x - 6.52 = | 9.05:dollar 4.95:dollar *:dollar x:dollar -:dollar 6.52:dollar =:dollar
EXPR: 0 | POS | FRA | 2 | 20.52 | 54.056 | 9.05=((x+4.95)/6.52) | 9.05 x 4.95 + 6.52 / = | 9.05:dollar x:dollar 4.95:dollar +:dollar 6.52:dollar /:dollar =:dollar
EXPR: 0 | POS | FRA | 2 | 20.52 | 2.42 | 9.05=((4.95+6.52)-x) | 9.05 4.95 6.52 + x - = | 9.05:dollar 4.95:dollar 6.52:dollar +:dollar x:dollar -:dollar =:dollar
EXPR: 0 | POS | FRA | 2 | 20.52 | 0.511111111111111 | (9.05-(x*4.95))=6.52 | 9.05 x 4.95 * - 6.52 = | 9.05:dollar x:dollar 4.95:dollar *:dollar -:dollar 6.52:dollar =:dollar
EXPR: 0 | POS | FRA | 2 | 20.52 | 7.48 | (9.05+(4.95-x))=6.52 | 9.05 4.95 x - + 6.52 = | 9.05:dollar 4.95:dollar x:dollar -:dollar +:dollar 6.52:dollar =:dollar
EXPR: 0 | POS | FRA | 2 | 20.52 | 3.56196319018405 | x=(4.95-(9.05/6.52)) | x 4.95 9.05 6.52 / - = | x:dollar 4.95:dollar 9.05:dollar 6.52:dollar /:dollar -:dollar =:dollar
EXPR: 0 | POS | FRA | 2 | 20.52 | 12.5235 | (9.05-(x/4.95))=6.52 | 9.05 x 4.95 / - 6.52 = | 9.05:dollar x:dollar 4.95:dollar /:dollar -:dollar 6.52:dollar =:dollar
EXPR: 0 | POS | FRA | 2 | 20.52 | 12.5235 | (4.95*(9.05-6.52))=x | 4.95 9.05 6.52 - * x = | 4.95:dollar 9.05:dollar 6.52:dollar -:dollar *:dollar x:dollar =:dollar
EXPR: 0 | POS | FRA | 2 | 20.52 | 1.95652173913043 | (4.95/(9.05-6.52))=x | 4.95 9.05 6.52 - / x = | 4.95:dollar 9.05:dollar 6.52:dollar -:dollar /:dollar x:dollar =:dollar
EXPR: 0 | POS | FRA | 2 | 20.52 | 7.73282828282828 | x=(9.05-(6.52/4.95)) | x 9.05 6.52 4.95 / - = | x:dollar 9.05:dollar 6.52:dollar 4.95:dollar /:dollar -:dollar =:dollar
EXPR: 0 | POS | FRA | 2 | 20.52 | 6.33803680981595 | (4.95+(9.05/6.52))=x | 4.95 9.05 6.52 / + x = | 4.95:dollar 9.05:dollar 6.52:dollar /:dollar +:dollar x:dollar =:dollar
EXPR: 0 | POS | FRA | 2 | 20.52 | 2.42 | 9.05=(4.95+(6.52-x)) | 9.05 4.95 6.52 x - + = | 9.05:dollar 4.95:dollar 6.52:dollar x:dollar -:dollar +:dollar =:dollar
EXPR: 0 | POS | FRA | 2 | 20.52 | 0.628834355828221 | 9.05=(4.95+(6.52*x)) | 9.05 4.95 6.52 x * + = | 9.05:dollar 4.95:dollar 6.52:dollar x:dollar *:dollar +:dollar =:dollar
EXPR: 0 | POS | FRA | 2 | 20.52 | 1.59024390243902 | 9.05=(4.95+(6.52/x)) | 9.05 4.95 6.52 x / + = | 9.05:dollar 4.95:dollar 6.52:dollar x:dollar /:dollar +:dollar =:dollar
EXPR: 0 | POS | FRA | 2 | 20.52 | 1.59024390243902 | (x*(9.05-4.95))=6.52 | x 9.05 4.95 - * 6.52 = | x:dollar 9.05:dollar 4.95:dollar -:dollar *:dollar 6.52:dollar =:dollar
EXPR: 1 | POS | FRA | 2 | 20.52 | 20.52 | (4.95+(9.05+6.52))=x | 4.95 9.05 6.52 + + x = | 4.95:dollar 9.05:dollar 6.52:dollar +:dollar +:dollar x:dollar =:dollar
EXPR: 0 | POS | FRA | 2 | 20.52 | 0.511111111111111 | (9.05-(4.95*x))=6.52 | 9.05 4.95 x * - 6.52 = | 9.05:dollar 4.95:dollar x:dollar *:dollar -:dollar 6.52:dollar =:dollar
EXPR: 0 | POS | FRA | 2 | 20.52 | 1.95652173913043 | (9.05-(4.95/x))=6.52 | 9.05 4.95 x / - 6.52 = | 9.05:dollar 4.95:dollar x:dollar /:dollar -:dollar 6.52:dollar =:dollar
EXPR: 0 | POS | FRA | 2 | 20.52 | 3.56196319018405 | (4.95-(9.05/6.52))=x | 4.95 9.05 6.52 / - x = | 4.95:dollar 9.05:dollar 6.52:dollar /:dollar -:dollar x:dollar =:dollar
EXPR: 0 | POS | FRA | 2 | 20.52 | 7.73282828282828 | (9.05-(6.52/4.95))=x | 9.05 6.52 4.95 / - x = | 9.05:dollar 6.52:dollar 4.95:dollar /:dollar -:dollar x:dollar =:dollar
EXPR: 0 | POS | FRA | 2 | 20.52 | 63.956 | 9.05=((x-4.95)/6.52) | 9.05 x 4.95 - 6.52 / = | 9.05:dollar x:dollar 4.95:dollar -:dollar 6.52:dollar /:dollar =:dollar
EXPR: 0 | POS | FRA | 2 | 20.52 | 5.67044198895028 | (9.05*(x-4.95))=6.52 | 9.05 x 4.95 - * 6.52 = | 9.05:dollar x:dollar 4.95:dollar -:dollar *:dollar 6.52:dollar =:dollar
EXPR: 0 | POS | FRA | 2 | 20.52 | 5.76433121019108 | ((9.05/x)+4.95)=6.52 | 9.05 x / 4.95 + 6.52 = | 9.05:dollar x:dollar /:dollar 4.95:dollar +:dollar 6.52:dollar =:dollar
EXPR: 0 | POS | FRA | 2 | 20.52 | 8.34828282828283 | 9.05=(4.95*(x-6.52)) | 9.05 4.95 x 6.52 - * = | 9.05:dollar 4.95:dollar x:dollar 6.52:dollar -:dollar *:dollar =:dollar
EXPR: 0 | POS | FRA | 2 | 20.52 | 7.06696132596685 | 9.05=(4.95/(x-6.52)) | 9.05 4.95 x 6.52 - / = | 9.05:dollar 4.95:dollar x:dollar 6.52:dollar -:dollar /:dollar =:dollar
EXPR: 0 | POS | FRA | 2 | 20.52 | 0.789014821272886 | 9.05=((4.95+6.52)*x) | 9.05 4.95 6.52 + x * = | 9.05:dollar 4.95:dollar 6.52:dollar +:dollar x:dollar *:dollar =:dollar
EXPR: 0 | POS | FRA | 2 | 20.52 | 1.26740331491713 | 9.05=((4.95+6.52)/x) | 9.05 4.95 6.52 + x / = | 9.05:dollar 4.95:dollar 6.52:dollar +:dollar x:dollar /:dollar =:dollar
EXPR: 0 | POS | FRA | 2 | 20.52 | 10.62 | (x-(9.05-4.95))=6.52 | x 9.05 4.95 - - 6.52 = | x:dollar 9.05:dollar 4.95:dollar -:dollar -:dollar 6.52:dollar =:dollar
EXPR: 0 | POS | FRA | 2 | 20.52 | 41.324 | 9.05=(x-(4.95*6.52)) | 9.05 x 4.95 6.52 * - = | 9.05:dollar x:dollar 4.95:dollar 6.52:dollar *:dollar -:dollar =:dollar
EXPR: 0 | POS | FRA | 2 | 20.52 | 10.62 | 9.05=(4.95+(x-6.52)) | 9.05 4.95 x 6.52 - + = | 9.05:dollar 4.95:dollar x:dollar 6.52:dollar -:dollar +:dollar =:dollar
EXPR: 0 | POS | FRA | 2 | 20.52 | 0.628834355828221 | 9.05=(4.95+(x*6.52)) | 9.05 4.95 x 6.52 * + = | 9.05:dollar 4.95:dollar x:dollar 6.52:dollar *:dollar +:dollar =:dollar
EXPR: 0 | POS | FRA | 2 | 20.52 | 5.76433121019109 | x=(9.05/(6.52-4.95)) | x 9.05 6.52 4.95 - / = | x:dollar 9.05:dollar 6.52:dollar 4.95:dollar -:dollar /:dollar =:dollar
EXPR: 0 | POS | FRA | 2 | 20.52 | 4.22955801104972 | (9.05*(4.95-x))=6.52 | 9.05 4.95 x - * 6.52 = | 9.05:dollar 4.95:dollar x:dollar -:dollar *:dollar 6.52:dollar =:dollar
EXPR: 0 | POS | FRA | 2 | 20.52 | 8.29079754601227 | 9.05=((4.95/6.52)+x) | 9.05 4.95 6.52 / x + = | 9.05:dollar 4.95:dollar 6.52:dollar /:dollar x:dollar +:dollar =:dollar
EXPR: 0 | POS | FRA | 2 | 20.52 | 2.42 | (9.05-(4.95-x))=6.52 | 9.05 4.95 x - - 6.52 = | 9.05:dollar 4.95:dollar x:dollar -:dollar -:dollar 6.52:dollar =:dollar
EXPR: 0 | POS | FRA | 2 | 20.52 | 23.224 | ((9.05+x)/4.95)=6.52 | 9.05 x + 4.95 / 6.52 = | 9.05:dollar x:dollar +:dollar 4.95:dollar /:dollar 6.52:dollar =:dollar
EXPR: 0 | POS | FRA | 2 | 20.52 | 54.056 | 9.05=((4.95+x)/6.52) | 9.05 4.95 x + 6.52 / = | 9.05:dollar 4.95:dollar x:dollar +:dollar 6.52:dollar /:dollar =:dollar
EXPR: 0 | POS | FRA | 2 | 20.52 | 23.224 | 9.05=((4.95*6.52)-x) | 9.05 4.95 6.52 * x - = | 9.05:dollar 4.95:dollar 6.52:dollar *:dollar x:dollar -:dollar =:dollar
EXPR: 0 | POS | FRA | 2 | 20.52 | 0.173480662983425 | ((x*9.05)+4.95)=6.52 | x 9.05 * 4.95 + 6.52 = | x:dollar 9.05:dollar *:dollar 4.95:dollar +:dollar 6.52:dollar =:dollar
EXPR: 0 | POS | FRA | 2 | 20.52 | 26.732 | (x/(9.05-4.95))=6.52 | x 9.05 4.95 - / 6.52 = | x:dollar 9.05:dollar 4.95:dollar -:dollar /:dollar 6.52:dollar =:dollar
EXPR: 0 | POS | FRA | 2 | 20.52 | 0.511111111111111 | 9.05=((4.95*x)+6.52) | 9.05 4.95 x * 6.52 + = | 9.05:dollar 4.95:dollar x:dollar *:dollar 6.52:dollar +:dollar =:dollar
EXPR: 0 | POS | FRA | 2 | 20.52 | 77.0715 | (4.95*(9.05+6.52))=x | 4.95 9.05 6.52 + * x = | 4.95:dollar 9.05:dollar 6.52:dollar +:dollar *:dollar x:dollar =:dollar
EXPR: 0 | POS | FRA | 2 | 20.52 | 9.80920245398773 | 9.05=(x-(4.95/6.52)) | 9.05 x 4.95 6.52 / - = | 9.05:dollar x:dollar 4.95:dollar 6.52:dollar /:dollar -:dollar =:dollar
EXPR: 0 | POS | FRA | 2 | 20.52 | 10.62 | ((x-9.05)+4.95)=6.52 | x 9.05 - 4.95 + 6.52 = | x:dollar 9.05:dollar -:dollar 4.95:dollar +:dollar 6.52:dollar =:dollar
EXPR: 1 | POS | FRA | 2 | 20.52 | 20.52 | ((x-9.05)-4.95)=6.52 | x 9.05 - 4.95 - 6.52 = | x:dollar 9.05:dollar -:dollar 4.95:dollar -:dollar 6.52:dollar =:dollar
EXPR: 0 | POS | FRA | 2 | 20.52 | 10.62 | 9.05=((4.95+x)-6.52) | 9.05 4.95 x + 6.52 - = | 9.05:dollar 4.95:dollar x:dollar +:dollar 6.52:dollar -:dollar =:dollar
EXPR: 0 | POS | FRA | 2 | 20.52 | 10.62 | 9.05=(4.95-(6.52-x)) | 9.05 4.95 6.52 x - - = | 9.05:dollar 4.95:dollar 6.52:dollar x:dollar -:dollar -:dollar =:dollar
EXPR: 0 | POS | FRA | 2 | 20.52 | 6.33803680981595 | (9.05/(x-4.95))=6.52 | 9.05 x 4.95 - / 6.52 = | 9.05:dollar x:dollar 4.95:dollar -:dollar /:dollar 6.52:dollar =:dollar
EXPR: 0 | POS | FRA | 2 | 20.52 | 5.97303867403315 | 9.05=(4.95/(6.52-x)) | 9.05 4.95 6.52 x - / = | 9.05:dollar 4.95:dollar 6.52:dollar x:dollar -:dollar /:dollar =:dollar
EXPR: 0 | POS | FRA | 2 | 20.52 | 10.62 | 9.05=((x+4.95)-6.52) | 9.05 x 4.95 + 6.52 - = | 9.05:dollar x:dollar 4.95:dollar +:dollar 6.52:dollar -:dollar =:dollar
EXPR: 0 | POS | FRA | 2 | 20.52 | 3.56196319018405 | (9.05/(4.95-x))=6.52 | 9.05 4.95 x - / 6.52 = | 9.05:dollar 4.95:dollar x:dollar -:dollar /:dollar 6.52:dollar =:dollar
EXPR: 0 | POS | FRA | 2 | 20.52 | 3.56196319018405 | 9.05=((4.95-x)*6.52) | 9.05 4.95 x - 6.52 * = | 9.05:dollar 4.95:dollar x:dollar -:dollar 6.52:dollar *:dollar =:dollar
EXPR: 0 | POS | FRA | 2 | 20.52 | 14.2085 | ((x/9.05)+4.95)=6.52 | x 9.05 / 4.95 + 6.52 = | x:dollar 9.05:dollar /:dollar 4.95:dollar +:dollar 6.52:dollar =:dollar
EXPR: 0 | POS | FRA | 2 | 20.52 | 2.42 | 9.05=(4.95-(x-6.52)) | 9.05 4.95 x 6.52 - - = | 9.05:dollar 4.95:dollar x:dollar 6.52:dollar -:dollar -:dollar =:dollar
EXPR: 0 | POS | FRA | 2 | 20.52 | 10.62 | 9.05=((4.95-6.52)+x) | 9.05 4.95 6.52 - x + = | 9.05:dollar 4.95:dollar 6.52:dollar -:dollar x:dollar +:dollar =:dollar
EXPR: 0 | POS | FRA | 2 | 20.52 | 51.3175 | (x-(9.05*4.95))=6.52 | x 9.05 4.95 * - 6.52 = | x:dollar 9.05:dollar 4.95:dollar *:dollar -:dollar 6.52:dollar =:dollar
EXPR: 0 | POS | FRA | 2 | 20.52 | 4.69171717171717 | (x+(9.05/4.95))=6.52 | x 9.05 4.95 / + 6.52 = | x:dollar 9.05:dollar 4.95:dollar /:dollar +:dollar 6.52:dollar =:dollar
EXPR: 0 | POS | FRA | 2 | 20.52 | 1.26740331491713 | ((x*9.05)-4.95)=6.52 | x 9.05 * 4.95 - 6.52 = | x:dollar 9.05:dollar *:dollar 4.95:dollar -:dollar 6.52:dollar =:dollar
EXPR: 0 | POS | FRA | 2 | 20.52 | 2.42 | ((x+9.05)-4.95)=6.52 | x 9.05 + 4.95 - 6.52 = | x:dollar 9.05:dollar +:dollar 4.95:dollar -:dollar 6.52:dollar =:dollar
EXPR: 0 | POS | FRA | 2 | 20.52 | 26.732 | 9.05=(4.95+(x/6.52)) | 9.05 4.95 x 6.52 / + = | 9.05:dollar 4.95:dollar x:dollar 6.52:dollar /:dollar +:dollar =:dollar
EXPR: 0 | POS | FRA | 2 | 20.52 | 7.48 | (9.05-(x-4.95))=6.52 | 9.05 x 4.95 - - 6.52 = | 9.05:dollar x:dollar 4.95:dollar -:dollar -:dollar 6.52:dollar =:dollar
EXPR: 0 | POS | FRA | 2 | 20.52 | 3.14545454545455 | 9.05=((4.95*x)-6.52) | 9.05 4.95 x * 6.52 - = | 9.05:dollar 4.95:dollar x:dollar *:dollar 6.52:dollar -:dollar =:dollar
EXPR: 0 | POS | FRA | 2 | 20.52 | 0.317919075144509 | 9.05=((4.95/x)-6.52) | 9.05 4.95 x / 6.52 - = | 9.05:dollar 4.95:dollar x:dollar /:dollar 6.52:dollar -:dollar =:dollar
EXPR: 0 | POS | FRA | 2 | 20.52 | 103.8035 | ((x/9.05)-4.95)=6.52 | x 9.05 / 4.95 - 6.52 = | x:dollar 9.05:dollar /:dollar 4.95:dollar -:dollar 6.52:dollar =:dollar
EXPR: 0 | POS | FRA | 2 | 20.52 | 91.28 | (x/(9.05+4.95))=6.52 | x 9.05 4.95 + / 6.52 = | x:dollar 9.05:dollar 4.95:dollar +:dollar /:dollar 6.52:dollar =:dollar
EXPR: 0 | POS | FRA | 2 | 20.52 | 23.224 | ((x+9.05)/4.95)=6.52 | x 9.05 + 4.95 / 6.52 = | x:dollar 9.05:dollar +:dollar 4.95:dollar /:dollar 6.52:dollar =:dollar
EXPR: 0 | POS | FRA | 2 | 20.52 | 8.34828282828283 | (x-(9.05/4.95))=6.52 | x 9.05 4.95 / - 6.52 = | x:dollar 9.05:dollar 4.95:dollar /:dollar -:dollar 6.52:dollar =:dollar
EXPR: 0 | POS | FRA | 2 | 20.52 | 1.95652173913043 | 9.05=((4.95/x)+6.52) | 9.05 4.95 x / 6.52 + = | 9.05:dollar 4.95:dollar x:dollar /:dollar 6.52:dollar +:dollar =:dollar
EXPR: 0 | POS | FRA | 2 | 20.52 | 0.317919075144509 | (4.95/(9.05+6.52))=x | 4.95 9.05 6.52 + / x = | 4.95:dollar 9.05:dollar 6.52:dollar +:dollar /:dollar x:dollar =:dollar
EXPR: 0 | POS | FRA | 2 | 20.52 | 0.317919075144509 | x=(4.95/(9.05+6.52)) | x 4.95 9.05 6.52 + / = | x:dollar 4.95:dollar 9.05:dollar 6.52:dollar +:dollar /:dollar =:dollar
EXPR: 0 | POS | FRA | 2 | 20.52 | 77.0715 | x=(4.95*(9.05+6.52)) | x 4.95 9.05 6.52 + * = | x:dollar 4.95:dollar 9.05:dollar 6.52:dollar +:dollar *:dollar =:dollar
EXPR: 0 | POS | FRA | 2 | 20.52 | 0.465714285714286 | ((9.05+4.95)*x)=6.52 | 9.05 4.95 + x * 6.52 = | 9.05:dollar 4.95:dollar +:dollar x:dollar *:dollar 6.52:dollar =:dollar
EXPR: 0 | POS | FRA | 2 | 20.52 | 2.14723926380368 | ((9.05+4.95)/x)=6.52 | 9.05 4.95 + x / 6.52 = | 9.05:dollar 4.95:dollar +:dollar x:dollar /:dollar 6.52:dollar =:dollar
EXPR: 0 | POS | FRA | 2 | 20.52 | 1.95652173913043 | x=(4.95/(9.05-6.52)) | x 4.95 9.05 6.52 - / = | x:dollar 4.95:dollar 9.05:dollar 6.52:dollar -:dollar /:dollar =:dollar
EXPR: 0 | POS | FRA | 2 | 20.52 | 12.5235 | x=(4.95*(9.05-6.52)) | x 4.95 9.05 6.52 - * = | x:dollar 4.95:dollar 9.05:dollar 6.52:dollar -:dollar *:dollar =:dollar
EXPR: 0 | POS | FRA | 2 | 20.52 | 10.62 | 9.05=(x+(4.95-6.52)) | 9.05 x 4.95 6.52 - + = | 9.05:dollar x:dollar 4.95:dollar 6.52:dollar -:dollar +:dollar =:dollar
EXPR: 0 | POS | FRA | 2 | 20.52 | 8.29079754601227 | 9.05=(x+(4.95/6.52)) | 9.05 x 4.95 6.52 / + = | 9.05:dollar x:dollar 4.95:dollar 6.52:dollar /:dollar +:dollar =:dollar
EXPR: 0 | POS | FRA | 4 | 20.52 | 10.62 | ((4.95+x)-9.05)=6.52 | 4.95 x + 9.05 - 6.52 = | 4.95:dollar x:dollar +:dollar 9.05:dollar -:dollar 6.52:dollar =:dollar
EXPR: 1 | POS | FRA | 4 | 20.52 | 20.52 | (x-(9.05+6.52))=4.95 | x 9.05 6.52 + - 4.95 = | x:dollar 9.05:dollar 6.52:dollar +:dollar -:dollar 4.95:dollar =:dollar
EXPR: 0 | POS | FRA | 4 | 20.52 | 2.42 | ((9.05-6.52)+x)=4.95 | 9.05 6.52 - x + 4.95 = | 9.05:dollar 6.52:dollar -:dollar x:dollar +:dollar 4.95:dollar =:dollar
EXPR: 0 | POS | FRA | 4 | 20.52 | 10.62 | 4.95=((9.05-x)+6.52) | 4.95 9.05 x - 6.52 + = | 4.95:dollar 9.05:dollar x:dollar -:dollar 6.52:dollar +:dollar =:dollar
EXPR: 0 | POS | FRA | 4 | 20.52 | 8.29079754601227 | 4.95=((9.05-x)*6.52) | 4.95 9.05 x - 6.52 * = | 4.95:dollar 9.05:dollar x:dollar -:dollar 6.52:dollar *:dollar =:dollar
EXPR: 0 | POS | FRA | 4 | 20.52 | 10.62 | 9.05=((x-6.52)+4.95) | 9.05 x 6.52 - 4.95 + = | 9.05:dollar x:dollar 6.52:dollar -:dollar 4.95:dollar +:dollar =:dollar
EXPR: 1 | POS | FRA | 4 | 20.52 | 20.52 | 9.05=((x-6.52)-4.95) | 9.05 x 6.52 - 4.95 - = | 9.05:dollar x:dollar 6.52:dollar -:dollar 4.95:dollar -:dollar =:dollar
EXPR: 0 | POS | FRA | 4 | 20.52 | 10.62 | (4.95+(x-9.05))=6.52 | 4.95 x 9.05 - + 6.52 = | 4.95:dollar x:dollar 9.05:dollar -:dollar +:dollar 6.52:dollar =:dollar
EXPR: 0 | POS | FRA | 4 | 20.52 | 0.173480662983425 | (4.95+(x*9.05))=6.52 | 4.95 x 9.05 * + 6.52 = | 4.95:dollar x:dollar 9.05:dollar *:dollar +:dollar 6.52:dollar =:dollar
EXPR: 0 | POS | FRA | 4 | 20.52 | 14.2085 | 9.05=(x/(6.52-4.95)) | 9.05 x 6.52 4.95 - / = | 9.05:dollar x:dollar 6.52:dollar 4.95:dollar -:dollar /:dollar =:dollar
EXPR: 0 | POS | FRA | 4 | 20.52 | 5.67044198895028 | ((x-4.95)*9.05)=6.52 | x 4.95 - 9.05 * 6.52 = | x:dollar 4.95:dollar -:dollar 9.05:dollar *:dollar 6.52:dollar =:dollar
EXPR: 0 | POS | FRA | 4 | 20.52 | 63.956 | ((x-4.95)/9.05)=6.52 | x 4.95 - 9.05 / 6.52 = | x:dollar 4.95:dollar -:dollar 9.05:dollar /:dollar 6.52:dollar =:dollar
EXPR: 0 | POS | FRA | 4 | 20.52 | 2.42 | 4.95=((x+9.05)-6.52) | 4.95 x 9.05 + 6.52 - = | 4.95:dollar x:dollar 9.05:dollar +:dollar 6.52:dollar -:dollar =:dollar
EXPR: 0 | POS | FRA | 4 | 20.52 | 8.34828282828283 | 9.05=((x-6.52)*4.95) | 9.05 x 6.52 - 4.95 * = | 9.05:dollar x:dollar 6.52:dollar -:dollar 4.95:dollar *:dollar =:dollar
EXPR: 0 | POS | FRA | 4 | 20.52 | 10.62 | ((9.05-x)+6.52)=4.95 | 9.05 x - 6.52 + 4.95 = | 9.05:dollar x:dollar -:dollar 6.52:dollar +:dollar 4.95:dollar =:dollar
EXPR: 0 | POS | FRA | 4 | 20.52 | 2.14723926380368 | 9.05=((x*6.52)-4.95) | 9.05 x 6.52 * 4.95 - = | 9.05:dollar x:dollar 6.52:dollar *:dollar 4.95:dollar -:dollar =:dollar
EXPR: 0 | POS | FRA | 4 | 20.52 | 0.317919075144509 | 4.95=(x*(9.05+6.52)) | 4.95 x 9.05 6.52 + * = | 4.95:dollar x:dollar 9.05:dollar 6.52:dollar +:dollar *:dollar =:dollar
EXPR: 0 | POS | FRA | 4 | 20.52 | 2.42 | (9.05+(x-6.52))=4.95 | 9.05 x 6.52 - + 4.95 = | 9.05:dollar x:dollar 6.52:dollar -:dollar +:dollar 4.95:dollar =:dollar
EXPR: 0 | POS | FRA | 4 | 20.52 | 0.628834355828221 | 9.05=((x*6.52)+4.95) | 9.05 x 6.52 * 4.95 + = | 9.05:dollar x:dollar 6.52:dollar *:dollar 4.95:dollar +:dollar =:dollar
EXPR: 0 | POS | FRA | 4 | 20.52 | 4.22955801104972 | ((4.95-x)*9.05)=6.52 | 4.95 x - 9.05 * 6.52 = | 4.95:dollar x:dollar -:dollar 9.05:dollar *:dollar 6.52:dollar =:dollar
EXPR: 0 | POS | FRA | 4 | 20.52 | 10.62 | (x+(4.95-9.05))=6.52 | x 4.95 9.05 - + 6.52 = | x:dollar 4.95:dollar 9.05:dollar -:dollar +:dollar 6.52:dollar =:dollar
EXPR: 0 | POS | FRA | 4 | 20.52 | 26.732 | 9.05=((x/6.52)+4.95) | 9.05 x 6.52 / 4.95 + = | 9.05:dollar x:dollar 6.52:dollar /:dollar 4.95:dollar +:dollar =:dollar
EXPR: 0 | POS | FRA | 4 | 20.52 | 7.48 | ((4.95-x)+9.05)=6.52 | 4.95 x - 9.05 + 6.52 = | 4.95:dollar x:dollar -:dollar 9.05:dollar +:dollar 6.52:dollar =:dollar
EXPR: 0 | POS | FRA | 4 | 20.52 | 7.48 | 4.95=((x-9.05)+6.52) | 4.95 x 9.05 - 6.52 + = | 4.95:dollar x:dollar 9.05:dollar -:dollar 6.52:dollar +:dollar =:dollar
EXPR: 1 | POS | FRA | 4 | 20.52 | 20.52 | 4.95=((x-9.05)-6.52) | 4.95 x 9.05 - 6.52 - = | 4.95:dollar x:dollar 9.05:dollar -:dollar 6.52:dollar -:dollar =:dollar
EXPR: 0 | POS | FRA | 4 | 20.52 | 10.62 | 4.95=(9.05+(6.52-x)) | 4.95 9.05 6.52 x - + = | 4.95:dollar 9.05:dollar 6.52:dollar x:dollar -:dollar +:dollar =:dollar
EXPR: 0 | POS | FRA | 4 | 20.52 | 1.26740331491713 | 4.95=((9.05*x)-6.52) | 4.95 9.05 x * 6.52 - = | 4.95:dollar 9.05:dollar x:dollar *:dollar 6.52:dollar -:dollar =:dollar
EXPR: 0 | POS | FRA | 4 | 20.52 | 0.317919075144509 | (x*(9.05+6.52))=4.95 | x 9.05 6.52 + * 4.95 = | x:dollar 9.05:dollar 6.52:dollar +:dollar *:dollar 4.95:dollar =:dollar
EXPR: 0 | POS | FRA | 4 | 20.52 | 5.97303867403315 | (9.05*(6.52-x))=4.95 | 9.05 6.52 x - * 4.95 = | 9.05:dollar 6.52:dollar x:dollar -:dollar *:dollar 4.95:dollar =:dollar
EXPR: 0 | POS | FRA | 4 | 20.52 | 4.69171717171717 | (9.05/(6.52-x))=4.95 | 9.05 6.52 x - / 4.95 = | 9.05:dollar 6.52:dollar x:dollar -:dollar /:dollar 4.95:dollar =:dollar
EXPR: 0 | POS | FRA | 4 | 20.52 | 2.42 | 9.05=((6.52-x)+4.95) | 9.05 6.52 x - 4.95 + = | 9.05:dollar 6.52:dollar x:dollar -:dollar 4.95:dollar +:dollar =:dollar
EXPR: 0 | POS | FRA | 4 | 20.52 | 23.224 | 4.95=((9.05+x)/6.52) | 4.95 9.05 x + 6.52 / = | 4.95:dollar 9.05:dollar x:dollar +:dollar 6.52:dollar /:dollar =:dollar
EXPR: 0 | POS | FRA | 4 | 20.52 | 2.42 | 9.05=(6.52+(4.95-x)) | 9.05 6.52 4.95 x - + = | 9.05:dollar 6.52:dollar 4.95:dollar x:dollar -:dollar +:dollar =:dollar
EXPR: 0 | POS | FRA | 4 | 20.52 | 2.42 | (x+(9.05-6.52))=4.95 | x 9.05 6.52 - + 4.95 = | x:dollar 9.05:dollar 6.52:dollar -:dollar +:dollar 4.95:dollar =:dollar
EXPR: 0 | POS | FRA | 4 | 20.52 | 3.56196319018405 | 9.05=(6.52*(4.95-x)) | 9.05 6.52 4.95 x - * = | 9.05:dollar 6.52:dollar 4.95:dollar x:dollar -:dollar *:dollar =:dollar
EXPR: 0 | POS | FRA | 4 | 20.52 | 0.789014821272886 | 4.95=((9.05/x)-6.52) | 4.95 9.05 x / 6.52 - = | 4.95:dollar 9.05:dollar x:dollar /:dollar 6.52:dollar -:dollar =:dollar
EXPR: 0 | POS | FRA | 4 | 20.52 | 10.62 | (9.05+(6.52-x))=4.95 | 9.05 6.52 x - + 4.95 = | 9.05:dollar 6.52:dollar x:dollar -:dollar +:dollar 4.95:dollar =:dollar
EXPR: 0 | POS | FRA | 4 | 20.52 | 26.732 | (9.05-(x/6.52))=4.95 | 9.05 x 6.52 / - 4.95 = | 9.05:dollar x:dollar 6.52:dollar /:dollar -:dollar 4.95:dollar =:dollar
EXPR: 0 | POS | FRA | 4 | 20.52 | 7.48 | (4.95+(9.05-x))=6.52 | 4.95 9.05 x - + 6.52 = | 4.95:dollar 9.05:dollar x:dollar -:dollar +:dollar 6.52:dollar =:dollar
EXPR: 0 | POS | FRA | 4 | 20.52 | 0.173480662983425 | (4.95+(9.05*x))=6.52 | 4.95 9.05 x * + 6.52 = | 4.95:dollar 9.05:dollar x:dollar *:dollar +:dollar 6.52:dollar =:dollar
EXPR: 0 | POS | FRA | 4 | 20.52 | 1.26740331491713 | ((9.05*x)-6.52)=4.95 | 9.05 x * 6.52 - 4.95 = | 9.05:dollar x:dollar *:dollar 6.52:dollar -:dollar 4.95:dollar =:dollar
EXPR: 0 | POS | FRA | 4 | 20.52 | 0.789014821272886 | ((9.05/x)-6.52)=4.95 | 9.05 x / 6.52 - 4.95 = | 9.05:dollar x:dollar /:dollar 6.52:dollar -:dollar 4.95:dollar =:dollar
EXPR: 1 | POS | FRA | 4 | 20.52 | 20.52 | 4.95=(x-(9.05+6.52)) | 4.95 x 9.05 6.52 + - = | 4.95:dollar x:dollar 9.05:dollar 6.52:dollar +:dollar -:dollar =:dollar
EXPR: 0 | POS | FRA | 4 | 20.52 | 54.056 | ((9.05*6.52)-x)=4.95 | 9.05 6.52 * x - 4.95 = | 9.05:dollar 6.52:dollar *:dollar x:dollar -:dollar 4.95:dollar =:dollar
EXPR: 0 | POS | FRA | 4 | 20.52 | 9.80920245398773 | ((x-9.05)*6.52)=4.95 | x 9.05 - 6.52 * 4.95 = | x:dollar 9.05:dollar -:dollar 6.52:dollar *:dollar 4.95:dollar =:dollar
EXPR: 0 | POS | FRA | 4 | 20.52 | 41.324 | ((x-9.05)/6.52)=4.95 | x 9.05 - 6.52 / 4.95 = | x:dollar 9.05:dollar -:dollar 6.52:dollar /:dollar 4.95:dollar =:dollar
EXPR: 0 | POS | FRA | 4 | 20.52 | 4.69171717171717 | 4.95=(9.05/(6.52-x)) | 4.95 9.05 6.52 x - / = | 4.95:dollar 9.05:dollar 6.52:dollar x:dollar -:dollar /:dollar =:dollar
EXPR: 0 | POS | FRA | 4 | 20.52 | 2.42 | ((9.05+x)-6.52)=4.95 | 9.05 x + 6.52 - 4.95 = | 9.05:dollar x:dollar +:dollar 6.52:dollar -:dollar 4.95:dollar =:dollar
EXPR: 0 | POS | FRA | 4 | 20.52 | 7.48 | 4.95=(x-(9.05-6.52)) | 4.95 x 9.05 6.52 - - = | 4.95:dollar x:dollar 9.05:dollar 6.52:dollar -:dollar -:dollar =:dollar
EXPR: 0 | POS | FRA | 4 | 20.52 | 63.956 | 4.95=(x-(9.05*6.52)) | 4.95 x 9.05 6.52 * - = | 4.95:dollar x:dollar 9.05:dollar 6.52:dollar *:dollar -:dollar =:dollar
EXPR: 0 | POS | FRA | 4 | 20.52 | 0.511111111111111 | 9.05=(6.52+(4.95*x)) | 9.05 6.52 4.95 x * + = | 9.05:dollar 6.52:dollar 4.95:dollar x:dollar *:dollar +:dollar =:dollar
EXPR: 0 | POS | FRA | 4 | 20.52 | 1.95652173913043 | 9.05=(6.52+(4.95/x)) | 9.05 6.52 4.95 x / + = | 9.05:dollar 6.52:dollar 4.95:dollar x:dollar /:dollar +:dollar =:dollar
EXPR: 0 | POS | FRA | 4 | 20.52 | 12.5235 | 4.95=(x/(9.05-6.52)) | 4.95 x 9.05 6.52 - / = | 4.95:dollar x:dollar 9.05:dollar 6.52:dollar -:dollar /:dollar =:dollar
EXPR: 0 | POS | FRA | 4 | 20.52 | 1.95652173913043 | ((9.05-6.52)*x)=4.95 | 9.05 6.52 - x * 4.95 = | 9.05:dollar 6.52:dollar -:dollar x:dollar *:dollar 4.95:dollar =:dollar
EXPR: 0 | POS | FRA | 4 | 20.52 | 51.3174999999999 | 9.05=((x-6.52)/4.95) | 9.05 x 6.52 - 4.95 / = | 9.05:dollar x:dollar 6.52:dollar -:dollar 4.95:dollar /:dollar =:dollar
EXPR: 0 | POS | FRA | 4 | 20.52 | 0.628834355828221 | (9.05-(x*6.52))=4.95 | 9.05 x 6.52 * - 4.95 = | 9.05:dollar x:dollar 6.52:dollar *:dollar -:dollar 4.95:dollar =:dollar
EXPR: 0 | POS | FRA | 4 | 20.52 | 7.48 | 9.05=((6.52-4.95)+x) | 9.05 6.52 4.95 - x + = | 9.05:dollar 6.52:dollar 4.95:dollar -:dollar x:dollar +:dollar =:dollar
EXPR: 0 | POS | FRA | 4 | 20.52 | 14.2085 | (4.95+(x/9.05))=6.52 | 4.95 x 9.05 / + 6.52 = | 4.95:dollar x:dollar 9.05:dollar /:dollar +:dollar 6.52:dollar =:dollar
EXPR: 0 | POS | FRA | 4 | 20.52 | 0.317919075144509 | 4.95=((9.05+6.52)*x) | 4.95 9.05 6.52 + x * = | 4.95:dollar 9.05:dollar 6.52:dollar +:dollar x:dollar *:dollar =:dollar
EXPR: 0 | POS | FRA | 4 | 20.52 | 3.14545454545455 | 4.95=((9.05+6.52)/x) | 4.95 9.05 6.52 + x / = | 4.95:dollar 9.05:dollar 6.52:dollar +:dollar x:dollar /:dollar =:dollar
EXPR: 0 | POS | FRA | 4 | 20.52 | 1.95652173913043 | (x*(9.05-6.52))=4.95 | x 9.05 6.52 - * 4.95 = | x:dollar 9.05:dollar 6.52:dollar -:dollar *:dollar 4.95:dollar =:dollar
EXPR: 0 | POS | FRA | 4 | 20.52 | 7.48 | (4.95-(x-9.05))=6.52 | 4.95 x 9.05 - - 6.52 = | 4.95:dollar x:dollar 9.05:dollar -:dollar -:dollar 6.52:dollar =:dollar
EXPR: 0 | POS | FRA | 4 | 20.52 | 7.48 | 9.05=(6.52-(4.95-x)) | 9.05 6.52 4.95 x - - = | 9.05:dollar 6.52:dollar 4.95:dollar x:dollar -:dollar -:dollar =:dollar
EXPR: 0 | POS | FRA | 4 | 20.52 | 6.33803680981595 | 9.05=(6.52*(x-4.95)) | 9.05 6.52 x 4.95 - * = | 9.05:dollar 6.52:dollar x:dollar 4.95:dollar -:dollar *:dollar =:dollar
EXPR: 0 | POS | FRA | 4 | 20.52 | 7.06696132596685 | (9.05*(x-6.52))=4.95 | 9.05 x 6.52 - * 4.95 = | 9.05:dollar x:dollar 6.52:dollar -:dollar *:dollar 4.95:dollar =:dollar
EXPR: 0 | POS | FRA | 4 | 20.52 | 6.33803680981595 | 4.95=(x-(9.05/6.52)) | 4.95 x 9.05 6.52 / - = | 4.95:dollar x:dollar 9.05:dollar 6.52:dollar /:dollar -:dollar =:dollar
EXPR: 0 | POS | FRA | 4 | 20.52 | 2.42 | 4.95=(x+(9.05-6.52)) | 4.95 x 9.05 6.52 - + = | 4.95:dollar x:dollar 9.05:dollar 6.52:dollar -:dollar +:dollar =:dollar
EXPR: 0 | POS | FRA | 4 | 20.52 | 8.34828282828283 | 4.95=(9.05/(x-6.52)) | 4.95 9.05 x 6.52 - / = | 4.95:dollar 9.05:dollar x:dollar 6.52:dollar -:dollar /:dollar =:dollar
EXPR: 0 | POS | FRA | 4 | 20.52 | 2.42 | 4.95=((9.05-6.52)+x) | 4.95 9.05 6.52 - x + = | 4.95:dollar 9.05:dollar 6.52:dollar -:dollar x:dollar +:dollar =:dollar
EXPR: 0 | POS | FRA | 4 | 20.52 | 5.67044198895028 | 9.05=(6.52/(x-4.95)) | 9.05 6.52 x 4.95 - / = | 9.05:dollar 6.52:dollar x:dollar 4.95:dollar -:dollar /:dollar =:dollar
EXPR: 0 | POS | FRA | 4 | 20.52 | 4.22955801104972 | 9.05=(6.52/(4.95-x)) | 9.05 6.52 4.95 x - / = | 9.05:dollar 6.52:dollar 4.95:dollar x:dollar -:dollar /:dollar =:dollar
EXPR: 0 | POS | FRA | 4 | 20.52 | 5.97303867403315 | 4.95=(9.05*(6.52-x)) | 4.95 9.05 6.52 x - * = | 4.95:dollar 9.05:dollar 6.52:dollar x:dollar -:dollar *:dollar =:dollar
EXPR: 0 | POS | FRA | 4 | 20.52 | 7.48 | 9.05=(6.52+(x-4.95)) | 9.05 6.52 x 4.95 - + = | 9.05:dollar 6.52:dollar x:dollar 4.95:dollar -:dollar +:dollar =:dollar
EXPR: 0 | POS | FRA | 4 | 20.52 | 38.2775 | 9.05=((x+6.52)/4.95) | 9.05 x 6.52 + 4.95 / = | 9.05:dollar x:dollar 6.52:dollar +:dollar 4.95:dollar /:dollar =:dollar
EXPR: 0 | POS | FRA | 4 | 20.52 | 8.29079754601227 | ((9.05-x)*6.52)=4.95 | 9.05 x - 6.52 * 4.95 = | 9.05:dollar x:dollar -:dollar 6.52:dollar *:dollar 4.95:dollar =:dollar
EXPR: 0 | POS | FRA | 4 | 20.52 | 5.76433121019108 | (4.95+(9.05/x))=6.52 | 4.95 9.05 x / + 6.52 = | 4.95:dollar 9.05:dollar x:dollar /:dollar +:dollar 6.52:dollar =:dollar
EXPR: 0 | POS | FRA | 4 | 20.52 | 0.628834355828221 | (9.05-(6.52*x))=4.95 | 9.05 6.52 x * - 4.95 = | 9.05:dollar 6.52:dollar x:dollar *:dollar -:dollar 4.95:dollar =:dollar
EXPR: 0 | POS | FRA | 4 | 20.52 | 1.59024390243902 | (9.05-(6.52/x))=4.95 | 9.05 6.52 x / - 4.95 = | 9.05:dollar 6.52:dollar x:dollar /:dollar -:dollar 4.95:dollar =:dollar
EXPR: 0 | POS | FRA | 4 | 20.52 | 10.62 | ((4.95-9.05)+x)=6.52 | 4.95 9.05 - x + 6.52 = | 4.95:dollar 9.05:dollar -:dollar x:dollar +:dollar 6.52:dollar =:dollar
EXPR: 0 | POS | FRA | 4 | 20.52 | 5.97303867403315 | ((4.95/9.05)+x)=6.52 | 4.95 9.05 / x + 6.52 = | 4.95:dollar 9.05:dollar /:dollar x:dollar +:dollar 6.52:dollar =:dollar
EXPR: 0 | POS | FRA | 4 | 20.52 | 10.62 | 4.95=(9.05-(x-6.52)) | 4.95 9.05 x 6.52 - - = | 4.95:dollar 9.05:dollar x:dollar 6.52:dollar -:dollar -:dollar =:dollar
EXPR: 0 | POS | FRA | 4 | 20.52 | 0.628834355828221 | 4.95=(9.05-(x*6.52)) | 4.95 9.05 x 6.52 * - = | 4.95:dollar 9.05:dollar x:dollar 6.52:dollar *:dollar -:dollar =:dollar
EXPR: 0 | POS | FRA | 4 | 20.52 | 23.224 | 4.95=((x+9.05)/6.52) | 4.95 x 9.05 + 6.52 / = | 4.95:dollar x:dollar 9.05:dollar +:dollar 6.52:dollar /:dollar =:dollar
EXPR: 0 | POS | FRA | 4 | 20.52 | 54.056 | ((4.95+x)/9.05)=6.52 | 4.95 x + 9.05 / 6.52 = | 4.95:dollar x:dollar +:dollar 9.05:dollar /:dollar 6.52:dollar =:dollar
EXPR: 0 | POS | FRA | 4 | 20.52 | 1.95652173913043 | 4.95=(x*(9.05-6.52)) | 4.95 x 9.05 6.52 - * = | 4.95:dollar x:dollar 9.05:dollar 6.52:dollar -:dollar *:dollar =:dollar
EXPR: 0 | POS | FRA | 4 | 20.52 | 3.56196319018405 | ((9.05/6.52)+x)=4.95 | 9.05 6.52 / x + 4.95 = | 9.05:dollar 6.52:dollar /:dollar x:dollar +:dollar 4.95:dollar =:dollar
EXPR: 0 | POS | FRA | 4 | 20.52 | 91.28 | 9.05=((x/6.52)-4.95) | 9.05 x 6.52 / 4.95 - = | 9.05:dollar x:dollar 6.52:dollar /:dollar 4.95:dollar -:dollar =:dollar
EXPR: 0 | POS | FRA | 4 | 20.52 | 77.0715 | 4.95=(x/(9.05+6.52)) | 4.95 x 9.05 6.52 + / = | 4.95:dollar x:dollar 9.05:dollar 6.52:dollar +:dollar /:dollar =:dollar
EXPR: 0 | POS | FRA | 4 | 20.52 | 1.26740331491713 | 4.95=((x*9.05)-6.52) | 4.95 x 9.05 * 6.52 - = | 4.95:dollar x:dollar 9.05:dollar *:dollar 6.52:dollar -:dollar =:dollar
EXPR: 0 | POS | FRA | 4 | 20.52 | 7.48 | (x-(9.05-6.52))=4.95 | x 9.05 6.52 - - 4.95 = | x:dollar 9.05:dollar 6.52:dollar -:dollar -:dollar 4.95:dollar =:dollar
EXPR: 0 | POS | FRA | 4 | 20.52 | 26.732 | 4.95=(9.05-(x/6.52)) | 4.95 9.05 x 6.52 / - = | 4.95:dollar 9.05:dollar x:dollar 6.52:dollar /:dollar -:dollar =:dollar
EXPR: 0 | POS | FRA | 4 | 20.52 | 0.628834355828221 | 9.05=((6.52*x)+4.95) | 9.05 6.52 x * 4.95 + = | 9.05:dollar 6.52:dollar x:dollar *:dollar 4.95:dollar +:dollar =:dollar
EXPR: 1 | POS | FRA | 4 | 20.52 | 20.52 | ((x-4.95)-9.05)=6.52 | x 4.95 - 9.05 - 6.52 = | x:dollar 4.95:dollar -:dollar 9.05:dollar -:dollar 6.52:dollar =:dollar
EXPR: 0 | POS | FRA | 4 | 20.52 | 1.26740331491713 | ((x*9.05)-6.52)=4.95 | x 9.05 * 6.52 - 4.95 = | x:dollar 9.05:dollar *:dollar 6.52:dollar -:dollar 4.95:dollar =:dollar
EXPR: 0 | POS | FRA | 4 | 20.52 | 3.14545454545455 | ((4.95*x)-9.05)=6.52 | 4.95 x * 9.05 - 6.52 = | 4.95:dollar x:dollar *:dollar 9.05:dollar -:dollar 6.52:dollar =:dollar
EXPR: 0 | POS | FRA | 4 | 20.52 | 3.56196319018405 | 4.95=(x+(9.05/6.52)) | 4.95 x 9.05 6.52 / + = | 4.95:dollar x:dollar 9.05:dollar 6.52:dollar /:dollar +:dollar =:dollar
EXPR: 0 | POS | FRA | 4 | 20.52 | 2.42 | (9.05-(6.52-x))=4.95 | 9.05 6.52 x - - 4.95 = | 9.05:dollar 6.52:dollar x:dollar -:dollar -:dollar 4.95:dollar =:dollar
EXPR: 0 | POS | FRA | 4 | 20.52 | 7.48 | 9.05=((6.52+x)-4.95) | 9.05 6.52 x + 4.95 - = | 9.05:dollar 6.52:dollar x:dollar +:dollar 4.95:dollar -:dollar =:dollar
EXPR: 0 | POS | FRA | 4 | 20.52 | 10.3671717171717 | (4.95*(x-9.05))=6.52 | 4.95 x 9.05 - * 6.52 = | 4.95:dollar x:dollar 9.05:dollar -:dollar *:dollar 6.52:dollar =:dollar
EXPR: 0 | POS | FRA | 4 | 20.52 | 2.42 | ((x-4.95)+9.05)=6.52 | x 4.95 - 9.05 + 6.52 = | x:dollar 4.95:dollar -:dollar 9.05:dollar +:dollar 6.52:dollar =:dollar
EXPR: 0 | POS | FRA | 4 | 20.52 | 2.42 | 4.95=((9.05+x)-6.52) | 4.95 9.05 x + 6.52 - = | 4.95:dollar 9.05:dollar x:dollar +:dollar 6.52:dollar -:dollar =:dollar
EXPR: 0 | POS | FRA | 4 | 20.52 | 7.73282828282828 | (4.95*(9.05-x))=6.52 | 4.95 9.05 x - * 6.52 = | 4.95:dollar 9.05:dollar x:dollar -:dollar *:dollar 6.52:dollar =:dollar
EXPR: 0 | POS | FRA | 4 | 20.52 | 0.317919075144509 | ((4.95/x)-9.05)=6.52 | 4.95 x / 9.05 - 6.52 = | 4.95:dollar x:dollar /:dollar 9.05:dollar -:dollar 6.52:dollar =:dollar
EXPR: 0 | POS | FRA | 4 | 20.52 | 7.48 | 9.05=((x+6.52)-4.95) | 9.05 x 6.52 + 4.95 - = | 9.05:dollar x:dollar 6.52:dollar +:dollar 4.95:dollar -:dollar =:dollar
EXPR: 0 | POS | FRA | 4 | 20.52 | 4.69171717171717 | 9.05=((6.52-x)*4.95) | 9.05 6.52 x - 4.95 * = | 9.05:dollar 6.52:dollar x:dollar -:dollar 4.95:dollar *:dollar =:dollar
EXPR: 0 | POS | FRA | 4 | 20.52 | 8.29079754601227 | (4.95/(9.05-x))=6.52 | 4.95 9.05 x - / 6.52 = | 4.95:dollar 9.05:dollar x:dollar -:dollar /:dollar 6.52:dollar =:dollar
EXPR: 0 | POS | FRA | 4 | 20.52 | 1.95652173913043 | 4.95=((9.05-6.52)*x) | 4.95 9.05 6.52 - x * = | 4.95:dollar 9.05:dollar 6.52:dollar -:dollar x:dollar *:dollar =:dollar
EXPR: 0 | POS | FRA | 4 | 20.52 | 54.056 | 4.95=((9.05*6.52)-x) | 4.95 9.05 6.52 * x - = | 4.95:dollar 9.05:dollar 6.52:dollar *:dollar x:dollar -:dollar =:dollar
EXPR: 0 | POS | FRA | 4 | 20.52 | 5.76433121019108 | 9.05=(x*(6.52-4.95)) | 9.05 x 6.52 4.95 - * = | 9.05:dollar x:dollar 6.52:dollar 4.95:dollar -:dollar *:dollar =:dollar
EXPR: 0 | POS | FRA | 4 | 20.52 | 9.80920245398773 | (4.95/(x-9.05))=6.52 | 4.95 x 9.05 - / 6.52 = | 4.95:dollar x:dollar 9.05:dollar -:dollar /:dollar 6.52:dollar =:dollar
EXPR: 0 | POS | FRA | 4 | 20.52 | 38.2775 | 9.05=((6.52+x)/4.95) | 9.05 6.52 x + 4.95 / = | 9.05:dollar 6.52:dollar x:dollar +:dollar 4.95:dollar /:dollar =:dollar
EXPR: 0 | POS | FRA | 4 | 20.52 | 10.62 | (4.95-(9.05-x))=6.52 | 4.95 9.05 x - - 6.52 = | 4.95:dollar 9.05:dollar x:dollar -:dollar -:dollar 6.52:dollar =:dollar
EXPR: 0 | POS | FRA | 4 | 20.52 | 2.42 | (x-(4.95-9.05))=6.52 | x 4.95 9.05 - - 6.52 = | x:dollar 4.95:dollar 9.05:dollar -:dollar -:dollar 6.52:dollar =:dollar
EXPR: 0 | POS | FRA | 4 | 20.52 | 2.42 | 9.05=(6.52-(x-4.95)) | 9.05 6.52 x 4.95 - - = | 9.05:dollar 6.52:dollar x:dollar 4.95:dollar -:dollar -:dollar =:dollar
EXPR: 0 | POS | FRA | 4 | 20.52 | 2.42 | 4.95=(9.05+(x-6.52)) | 4.95 9.05 x 6.52 - + = | 4.95:dollar 9.05:dollar x:dollar 6.52:dollar -:dollar +:dollar =:dollar
EXPR: 0 | POS | FRA | 4 | 20.52 | 0.511111111111111 | 4.95=((9.05-6.52)/x) | 4.95 9.05 6.52 - x / = | 4.95:dollar 9.05:dollar 6.52:dollar -:dollar x:dollar /:dollar =:dollar
EXPR: 0 | POS | FRA | 4 | 20.52 | 10.62 | ((9.05+6.52)-x)=4.95 | 9.05 6.52 + x - 4.95 = | 9.05:dollar 6.52:dollar +:dollar x:dollar -:dollar 4.95:dollar =:dollar
EXPR: 0 | POS | FRA | 4 | 20.52 | 10.62 | ((x+4.95)-9.05)=6.52 | x 4.95 + 9.05 - 6.52 = | x:dollar 4.95:dollar +:dollar 9.05:dollar -:dollar 6.52:dollar =:dollar
EXPR: 0 | POS | FRA | 4 | 20.52 | 12.5235 | (x/(9.05-6.52))=4.95 | x 9.05 6.52 - / 4.95 = | x:dollar 9.05:dollar 6.52:dollar -:dollar /:dollar 4.95:dollar =:dollar
EXPR: 0 | POS | FRA | 4 | 20.52 | 2.42 | ((x+9.05)-6.52)=4.95 | x 9.05 + 6.52 - 4.95 = | x:dollar 9.05:dollar +:dollar 6.52:dollar -:dollar 4.95:dollar =:dollar
EXPR: 0 | POS | FRA | 4 | 20.52 | 2.14723926380368 | 9.05=((6.52*x)-4.95) | 9.05 6.52 x * 4.95 - = | 9.05:dollar 6.52:dollar x:dollar *:dollar 4.95:dollar -:dollar =:dollar
EXPR: 0 | POS | FRA | 4 | 20.52 | 7.73282828282828 | 9.05=((6.52/4.95)+x) | 9.05 6.52 4.95 / x + = | 9.05:dollar 6.52:dollar 4.95:dollar /:dollar x:dollar +:dollar =:dollar
EXPR: 0 | POS | FRA | 4 | 20.52 | 5.76433121019108 | 9.05=((6.52-4.95)*x) | 9.05 6.52 4.95 - x * = | 9.05:dollar 6.52:dollar 4.95:dollar -:dollar x:dollar *:dollar =:dollar
EXPR: 0 | POS | FRA | 4 | 20.52 | 77.0715 | ((x/4.95)-9.05)=6.52 | x 4.95 / 9.05 - 6.52 = | x:dollar 4.95:dollar /:dollar 9.05:dollar -:dollar 6.52:dollar =:dollar
EXPR: 0 | POS | FRA | 4 | 20.52 | 3.14545454545455 | ((x*4.95)-9.05)=6.52 | x 4.95 * 9.05 - 6.52 = | x:dollar 4.95:dollar *:dollar 9.05:dollar -:dollar 6.52:dollar =:dollar
EXPR: 0 | POS | FRA | 4 | 20.52 | 2.42 | 4.95=(9.05-(6.52-x)) | 4.95 9.05 6.52 x - - = | 4.95:dollar 9.05:dollar 6.52:dollar x:dollar -:dollar -:dollar =:dollar
EXPR: 0 | POS | FRA | 4 | 20.52 | 3.56196319018405 | (x+(9.05/6.52))=4.95 | x 9.05 6.52 / + 4.95 = | x:dollar 9.05:dollar 6.52:dollar /:dollar +:dollar 4.95:dollar =:dollar
EXPR: 0 | POS | FRA | 4 | 20.52 | 23.224 | ((x+9.05)/6.52)=4.95 | x 9.05 + 6.52 / 4.95 = | x:dollar 9.05:dollar +:dollar 6.52:dollar /:dollar 4.95:dollar =:dollar
EXPR: 0 | POS | FRA | 4 | 20.52 | 12.5235 | 9.05=(6.52+(x/4.95)) | 9.05 6.52 x 4.95 / + = | 9.05:dollar 6.52:dollar x:dollar 4.95:dollar /:dollar +:dollar =:dollar
EXPR: 0 | POS | FRA | 4 | 20.52 | 0.628834355828221 | 4.95=(9.05-(6.52*x)) | 4.95 9.05 6.52 x * - = | 4.95:dollar 9.05:dollar 6.52:dollar x:dollar *:dollar -:dollar =:dollar
EXPR: 0 | POS | FRA | 4 | 20.52 | 1.59024390243902 | 4.95=(9.05-(6.52/x)) | 4.95 9.05 6.52 x / - = | 4.95:dollar 9.05:dollar 6.52:dollar x:dollar /:dollar -:dollar =:dollar
EXPR: 0 | POS | FRA | 4 | 20.52 | 10.62 | 4.95=((9.05+6.52)-x) | 4.95 9.05 6.52 + x - = | 4.95:dollar 9.05:dollar 6.52:dollar +:dollar x:dollar -:dollar =:dollar
EXPR: 0 | POS | FRA | 4 | 20.52 | 1.59024390243902 | 9.05=((6.52/x)+4.95) | 9.05 6.52 x / 4.95 + = | 9.05:dollar 6.52:dollar x:dollar /:dollar 4.95:dollar +:dollar =:dollar
EXPR: 0 | POS | FRA | 4 | 20.52 | 0.511111111111111 | ((9.05-6.52)/x)=4.95 | 9.05 6.52 - x / 4.95 = | 9.05:dollar 6.52:dollar -:dollar x:dollar /:dollar 4.95:dollar =:dollar
EXPR: 0 | POS | FRA | 4 | 20.52 | 0.173480662983425 | 9.05=((6.52-4.95)/x) | 9.05 6.52 4.95 - x / = | 9.05:dollar 6.52:dollar 4.95:dollar -:dollar x:dollar /:dollar =:dollar
EXPR: 0 | POS | FRA | 4 | 20.52 | 3.56196319018405 | 4.95=((9.05/6.52)+x) | 4.95 9.05 6.52 / x + = | 4.95:dollar 9.05:dollar 6.52:dollar /:dollar x:dollar +:dollar =:dollar
EXPR: 0 | POS | FRA | 4 | 20.52 | 8.34828282828283 | (9.05/(x-6.52))=4.95 | 9.05 x 6.52 - / 4.95 = | 9.05:dollar x:dollar 6.52:dollar -:dollar /:dollar 4.95:dollar =:dollar
EXPR: 0 | POS | FRA | 4 | 20.52 | 54.056 | ((x+4.95)/9.05)=6.52 | x 4.95 + 9.05 / 6.52 = | x:dollar 4.95:dollar +:dollar 9.05:dollar /:dollar 6.52:dollar =:dollar
EXPR: 0 | POS | FRA | 4 | 20.52 | 0.465714285714286 | 9.05=((6.52/x)-4.95) | 9.05 6.52 x / 4.95 - = | 9.05:dollar 6.52:dollar x:dollar /:dollar 4.95:dollar -:dollar =:dollar
EXPR: 0 | POS | FRA | 4 | 20.52 | 77.0715 | (x/(9.05+6.52))=4.95 | x 9.05 6.52 + / 4.95 = | x:dollar 9.05:dollar 6.52:dollar +:dollar /:dollar 4.95:dollar =:dollar
EXPR: 0 | POS | FRA | 4 | 20.52 | 7.06696132596685 | 4.95=(9.05*(x-6.52)) | 4.95 9.05 x 6.52 - * = | 4.95:dollar 9.05:dollar x:dollar 6.52:dollar -:dollar *:dollar =:dollar
EXPR: 0 | POS | FRA | 4 | 20.52 | 5.97303867403315 | (x+(4.95/9.05))=6.52 | x 4.95 9.05 / + 6.52 = | x:dollar 4.95:dollar 9.05:dollar /:dollar +:dollar 6.52:dollar =:dollar
EXPR: 0 | POS | FRA | 4 | 20.52 | 7.06696132596685 | (x-(4.95/9.05))=6.52 | x 4.95 9.05 / - 6.52 = | x:dollar 4.95:dollar 9.05:dollar /:dollar -:dollar 6.52:dollar =:dollar
EXPR: 0 | POS | FRA | 4 | 20.52 | 9.80920245398773 | 4.95=((x-9.05)*6.52) | 4.95 x 9.05 - 6.52 * = | 4.95:dollar x:dollar 9.05:dollar -:dollar 6.52:dollar *:dollar =:dollar
EXPR: 0 | POS | FRA | 4 | 20.52 | 41.324 | 4.95=((x-9.05)/6.52) | 4.95 x 9.05 - 6.52 / = | 4.95:dollar x:dollar 9.05:dollar -:dollar 6.52:dollar /:dollar =:dollar
EXPR: 0 | POS | FRA | 4 | 20.52 | 10.62 | (9.05-(x-6.52))=4.95 | 9.05 x 6.52 - - 4.95 = | 9.05:dollar x:dollar 6.52:dollar -:dollar -:dollar 4.95:dollar =:dollar
EXPR: 0 | POS | FRA | 4 | 20.52 | 7.48 | ((x-9.05)+6.52)=4.95 | x 9.05 - 6.52 + 4.95 = | x:dollar 9.05:dollar -:dollar 6.52:dollar +:dollar 4.95:dollar =:dollar
EXPR: 0 | POS | FRA | 4 | 20.52 | 23.224 | ((9.05+x)/6.52)=4.95 | 9.05 x + 6.52 / 4.95 = | 9.05:dollar x:dollar +:dollar 6.52:dollar /:dollar 4.95:dollar =:dollar
EXPR: 0 | POS | FRA | 4 | 20.52 | 103.8035 | 4.95=((x/9.05)-6.52) | 4.95 x 9.05 / 6.52 - = | 4.95:dollar x:dollar 9.05:dollar /:dollar 6.52:dollar -:dollar =:dollar
EXPR: 0 | POS | FRA | 4 | 20.52 | 0.511111111111111 | 9.05=(6.52+(x*4.95)) | 9.05 6.52 x 4.95 * + = | 9.05:dollar 6.52:dollar x:dollar 4.95:dollar *:dollar +:dollar =:dollar
EXPR: 1 | POS | FRA | 4 | 20.52 | 20.52 | ((x-9.05)-6.52)=4.95 | x 9.05 - 6.52 - 4.95 = | x:dollar 9.05:dollar -:dollar 6.52:dollar -:dollar 4.95:dollar =:dollar
EXPR: 0 | POS | FRA | 4 | 20.52 | 10.62 | 9.05=(x-(6.52-4.95)) | 9.05 x 6.52 4.95 - - = | 9.05:dollar x:dollar 6.52:dollar 4.95:dollar -:dollar -:dollar =:dollar
EXPR: 0 | POS | FRA | 4 | 20.52 | 6.33803680981595 | (x-(9.05/6.52))=4.95 | x 9.05 6.52 / - 4.95 = | x:dollar 9.05:dollar 6.52:dollar /:dollar -:dollar 4.95:dollar =:dollar
EXPR: 0 | POS | FRA | 4 | 20.52 | 0.317919075144509 | ((9.05+6.52)*x)=4.95 | 9.05 6.52 + x * 4.95 = | 9.05:dollar 6.52:dollar +:dollar x:dollar *:dollar 4.95:dollar =:dollar
EXPR: 0 | POS | FRA | 4 | 20.52 | 3.14545454545455 | ((9.05+6.52)/x)=4.95 | 9.05 6.52 + x / 4.95 = | 9.05:dollar 6.52:dollar +:dollar x:dollar /:dollar 4.95:dollar =:dollar
EXPR: 0 | POS | FRA | 4 | 20.52 | 63.956 | (x-(9.05*6.52))=4.95 | x 9.05 6.52 * - 4.95 = | x:dollar 9.05:dollar 6.52:dollar *:dollar -:dollar 4.95:dollar =:dollar
EXPR: 0 | POS | FRA | 4 | 20.52 | 103.8035 | ((x/9.05)-6.52)=4.95 | x 9.05 / 6.52 - 4.95 = | x:dollar 9.05:dollar /:dollar 6.52:dollar -:dollar 4.95:dollar =:dollar
EXPR: 0 | POS | FRA | 4 | 20.52 | 7.48 | 9.05=(x+(6.52-4.95)) | 9.05 x 6.52 4.95 - + = | 9.05:dollar x:dollar 6.52:dollar 4.95:dollar -:dollar +:dollar =:dollar
EXPR: 0 | POS | FRA | 4 | 20.52 | 7.73282828282828 | 9.05=(x+(6.52/4.95)) | 9.05 x 6.52 4.95 / + = | 9.05:dollar x:dollar 6.52:dollar 4.95:dollar /:dollar +:dollar =:dollar
EXPR: 0 | POS | FRA | 4 | 20.52 | 10.3671717171717 | 9.05=(x-(6.52/4.95)) | 9.05 x 6.52 4.95 / - = | 9.05:dollar x:dollar 6.52:dollar 4.95:dollar /:dollar -:dollar =:dollar
EXPR: 0 | POS | FRA | 5 | 20.52 | 2.42 | x=((4.95+6.52)-9.05) | x 4.95 6.52 + 9.05 - = | x:dollar 4.95:dollar 6.52:dollar +:dollar 9.05:dollar -:dollar =:dollar
EXPR: 1 | POS | FRA | 5 | 20.52 | 20.52 | x=((4.95+6.52)+9.05) | x 4.95 6.52 + 9.05 + = | x:dollar 4.95:dollar 6.52:dollar +:dollar 9.05:dollar +:dollar =:dollar
EXPR: 0 | POS | FRA | 5 | 20.52 | 1.26740331491713 | x=((4.95+6.52)/9.05) | x 4.95 6.52 + 9.05 / = | x:dollar 4.95:dollar 6.52:dollar +:dollar 9.05:dollar /:dollar =:dollar
EXPR: 0 | POS | FRA | 5 | 20.52 | 2.42 | x=(4.95+(6.52-9.05)) | x 4.95 6.52 9.05 - + = | x:dollar 4.95:dollar 6.52:dollar 9.05:dollar -:dollar +:dollar =:dollar
EXPR: 0 | POS | FRA | 5 | 20.52 | 103.8035 | x=((4.95+6.52)*9.05) | x 4.95 6.52 + 9.05 * = | x:dollar 4.95:dollar 6.52:dollar +:dollar 9.05:dollar *:dollar =:dollar
EXPR: 0 | POS | FRA | 5 | 20.52 | 7.48 | x=((4.95-6.52)+9.05) | x 4.95 6.52 - 9.05 + = | x:dollar 4.95:dollar 6.52:dollar -:dollar 9.05:dollar +:dollar =:dollar
EXPR: 0 | POS | FRA | 5 | 20.52 | 2.42 | ((4.95+6.52)-9.05)=x | 4.95 6.52 + 9.05 - x = | 4.95:dollar 6.52:dollar +:dollar 9.05:dollar -:dollar x:dollar =:dollar
EXPR: 0 | POS | FRA | 5 | 20.52 | 7.48 | ((4.95-6.52)+9.05)=x | 4.95 6.52 - 9.05 + x = | 4.95:dollar 6.52:dollar -:dollar 9.05:dollar +:dollar x:dollar =:dollar
EXPR: 0 | POS | FRA | 5 | 20.52 | 5.67044198895028 | x=(4.95+(6.52/9.05)) | x 4.95 6.52 9.05 / + = | x:dollar 4.95:dollar 6.52:dollar 9.05:dollar /:dollar +:dollar =:dollar
EXPR: 0 | POS | FRA | 5 | 20.52 | 26.732 | (6.52*(9.05-4.95))=x | 6.52 9.05 4.95 - * x = | 6.52:dollar 9.05:dollar 4.95:dollar -:dollar *:dollar x:dollar =:dollar
EXPR: 0 | POS | FRA | 5 | 20.52 | 10.62 | x=(6.52+(9.05-4.95)) | x 6.52 9.05 4.95 - + = | x:dollar 6.52:dollar 9.05:dollar 4.95:dollar -:dollar +:dollar =:dollar
EXPR: 0 | POS | FRA | 5 | 20.52 | 10.62 | (6.52+(9.05-4.95))=x | 6.52 9.05 4.95 - + x = | 6.52:dollar 9.05:dollar 4.95:dollar -:dollar +:dollar x:dollar =:dollar
EXPR: 0 | POS | FRA | 5 | 20.52 | 2.42 | x=(6.52-(9.05-4.95)) | x 6.52 9.05 4.95 - - = | x:dollar 6.52:dollar 9.05:dollar 4.95:dollar -:dollar -:dollar =:dollar
EXPR: 0 | POS | FRA | 5 | 20.52 | 2.42 | x=((6.52-9.05)+4.95) | x 6.52 9.05 - 4.95 + = | x:dollar 6.52:dollar 9.05:dollar -:dollar 4.95:dollar +:dollar =:dollar
EXPR: 0 | POS | FRA | 5 | 20.52 | 5.67044198895028 | x=((6.52/9.05)+4.95) | x 6.52 9.05 / 4.95 + = | x:dollar 6.52:dollar 9.05:dollar /:dollar 4.95:dollar +:dollar =:dollar
EXPR: 1 | POS | FRA | 5 | 20.52 | 20.52 | (6.52+(9.05+4.95))=x | 6.52 9.05 4.95 + + x = | 6.52:dollar 9.05:dollar 4.95:dollar +:dollar +:dollar x:dollar =:dollar
EXPR: 0 | POS | FRA | 5 | 20.52 | 7.48 | x=(4.95-(6.52-9.05)) | x 4.95 6.52 9.05 - - = | x:dollar 4.95:dollar 6.52:dollar 9.05:dollar -:dollar -:dollar =:dollar
EXPR: 0 | POS | FRA | 5 | 20.52 | 41.324 | x=((4.95*6.52)+9.05) | x 4.95 6.52 * 9.05 + = | x:dollar 4.95:dollar 6.52:dollar *:dollar 9.05:dollar +:dollar =:dollar
EXPR: 0 | POS | FRA | 5 | 20.52 | 9.80920245398773 | x=((4.95/6.52)+9.05) | x 4.95 6.52 / 9.05 + = | x:dollar 4.95:dollar 6.52:dollar /:dollar 9.05:dollar +:dollar =:dollar
EXPR: 0 | POS | FRA | 5 | 20.52 | 23.224 | x=((4.95*6.52)-9.05) | x 4.95 6.52 * 9.05 - = | x:dollar 4.95:dollar 6.52:dollar *:dollar 9.05:dollar -:dollar =:dollar
EXPR: 0 | POS | FRA | 5 | 20.52 | 2.42 | (6.52-(9.05-4.95))=x | 6.52 9.05 4.95 - - x = | 6.52:dollar 9.05:dollar 4.95:dollar -:dollar -:dollar x:dollar =:dollar
EXPR: 1 | POS | FRA | 5 | 20.52 | 20.52 | x=(6.52+(9.05+4.95)) | x 6.52 9.05 4.95 + + = | x:dollar 6.52:dollar 9.05:dollar 4.95:dollar +:dollar +:dollar =:dollar
EXPR: 1 | POS | FRA | 5 | 20.52 | 20.52 | ((4.95+6.52)+9.05)=x | 4.95 6.52 + 9.05 + x = | 4.95:dollar 6.52:dollar +:dollar 9.05:dollar +:dollar x:dollar =:dollar
EXPR: 0 | POS | FRA | 5 | 20.52 | 1.59024390243902 | (6.52/(9.05-4.95))=x | 6.52 9.05 4.95 - / x = | 6.52:dollar 9.05:dollar 4.95:dollar -:dollar /:dollar x:dollar =:dollar
EXPR: 0 | POS | FRA | 5 | 20.52 | 51.3175 | (6.52+(9.05*4.95))=x | 6.52 9.05 4.95 * + x = | 6.52:dollar 9.05:dollar 4.95:dollar *:dollar +:dollar x:dollar =:dollar
EXPR: 0 | POS | FRA | 5 | 20.52 | 4.69171717171717 | (6.52-(9.05/4.95))=x | 6.52 9.05 4.95 / - x = | 6.52:dollar 9.05:dollar 4.95:dollar /:dollar -:dollar x:dollar =:dollar
EXPR: 0 | POS | FRA | 5 | 20.52 | 2.42 | ((6.52-9.05)+4.95)=x | 6.52 9.05 - 4.95 + x = | 6.52:dollar 9.05:dollar -:dollar 4.95:dollar +:dollar x:dollar =:dollar
EXPR: 0 | POS | FRA | 5 | 20.52 | 5.67044198895028 | ((6.52/9.05)+4.95)=x | 6.52 9.05 / 4.95 + x = | 6.52:dollar 9.05:dollar /:dollar 4.95:dollar +:dollar x:dollar =:dollar
EXPR: 0 | POS | FRA | 5 | 20.52 | 4.69171717171717 | x=(6.52-(9.05/4.95)) | x 6.52 9.05 4.95 / - = | x:dollar 6.52:dollar 9.05:dollar 4.95:dollar /:dollar -:dollar =:dollar
EXPR: 0 | POS | FRA | 5 | 20.52 | 2.42 | (4.95+(6.52-9.05))=x | 4.95 6.52 9.05 - + x = | 4.95:dollar 6.52:dollar 9.05:dollar -:dollar +:dollar x:dollar =:dollar
EXPR: 0 | POS | FRA | 5 | 20.52 | 5.67044198895028 | (4.95+(6.52/9.05))=x | 4.95 6.52 9.05 / + x = | 4.95:dollar 6.52:dollar 9.05:dollar /:dollar +:dollar x:dollar =:dollar
EXPR: 0 | POS | FRA | 5 | 20.52 | 8.34828282828283 | x=(6.52+(9.05/4.95)) | x 6.52 9.05 4.95 / + = | x:dollar 6.52:dollar 9.05:dollar 4.95:dollar /:dollar +:dollar =:dollar
EXPR: 0 | POS | FRA | 5 | 20.52 | 4.22955801104972 | (4.95-(6.52/9.05))=x | 4.95 6.52 9.05 / - x = | 4.95:dollar 6.52:dollar 9.05:dollar /:dollar -:dollar x:dollar =:dollar
EXPR: 0 | POS | FRA | 5 | 20.52 | 8.34828282828283 | (6.52+(9.05/4.95))=x | 6.52 9.05 4.95 / + x = | 6.52:dollar 9.05:dollar 4.95:dollar /:dollar +:dollar x:dollar =:dollar
EXPR: 0 | POS | FRA | 5 | 20.52 | 103.8035 | ((4.95+6.52)*9.05)=x | 4.95 6.52 + 9.05 * x = | 4.95:dollar 6.52:dollar +:dollar 9.05:dollar *:dollar x:dollar =:dollar
EXPR: 0 | POS | FRA | 5 | 20.52 | 1.26740331491713 | ((4.95+6.52)/9.05)=x | 4.95 6.52 + 9.05 / x = | 4.95:dollar 6.52:dollar +:dollar 9.05:dollar /:dollar x:dollar =:dollar
EXPR: 0 | POS | FRA | 5 | 20.52 | 91.28 | (6.52*(9.05+4.95))=x | 6.52 9.05 4.95 + * x = | 6.52:dollar 9.05:dollar 4.95:dollar +:dollar *:dollar x:dollar =:dollar
EXPR: 0 | POS | FRA | 5 | 20.52 | 0.465714285714286 | (6.52/(9.05+4.95))=x | 6.52 9.05 4.95 + / x = | 6.52:dollar 9.05:dollar 4.95:dollar +:dollar /:dollar x:dollar =:dollar
EXPR: 0 | POS | FRA | 5 | 20.52 | 7.48 | (4.95-(6.52-9.05))=x | 4.95 6.52 9.05 - - x = | 4.95:dollar 6.52:dollar 9.05:dollar -:dollar -:dollar x:dollar =:dollar
EXPR: 0 | POS | FRA | 5 | 20.52 | 51.3175 | x=(6.52+(9.05*4.95)) | x 6.52 9.05 4.95 * + = | x:dollar 6.52:dollar 9.05:dollar 4.95:dollar *:dollar +:dollar =:dollar
EXPR: 0 | POS | FRA | 5 | 20.52 | 4.22955801104972 | x=(4.95-(6.52/9.05)) | x 4.95 6.52 9.05 / - = | x:dollar 4.95:dollar 6.52:dollar 9.05:dollar /:dollar -:dollar =:dollar
EXPR: 0 | POS | FRA | 5 | 20.52 | 41.324 | ((4.95*6.52)+9.05)=x | 4.95 6.52 * 9.05 + x = | 4.95:dollar 6.52:dollar *:dollar 9.05:dollar +:dollar x:dollar =:dollar
EXPR: 0 | POS | FRA | 5 | 20.52 | 23.224 | ((4.95*6.52)-9.05)=x | 4.95 6.52 * 9.05 - x = | 4.95:dollar 6.52:dollar *:dollar 9.05:dollar -:dollar x:dollar =:dollar
EXPR: 0 | POS | FRA | 5 | 20.52 | 9.80920245398773 | ((4.95/6.52)+9.05)=x | 4.95 6.52 / 9.05 + x = | 4.95:dollar 6.52:dollar /:dollar 9.05:dollar +:dollar x:dollar =:dollar
EXPR: 0 | POS | FRA | 5 | 20.52 | 0.465714285714286 | x=(6.52/(9.05+4.95)) | x 6.52 9.05 4.95 + / = | x:dollar 6.52:dollar 9.05:dollar 4.95:dollar +:dollar /:dollar =:dollar
EXPR: 0 | POS | FRA | 5 | 20.52 | 91.28 | x=(6.52*(9.05+4.95)) | x 6.52 9.05 4.95 + * = | x:dollar 6.52:dollar 9.05:dollar 4.95:dollar +:dollar *:dollar =:dollar
EXPR: 0 | POS | FRA | 5 | 20.52 | 1.59024390243902 | x=(6.52/(9.05-4.95)) | x 6.52 9.05 4.95 - / = | x:dollar 6.52:dollar 9.05:dollar 4.95:dollar -:dollar /:dollar =:dollar
EXPR: 0 | POS | FRA | 5 | 20.52 | 26.732 | x=(6.52*(9.05-4.95)) | x 6.52 9.05 4.95 - * = | x:dollar 6.52:dollar 9.05:dollar 4.95:dollar -:dollar *:dollar =:dollar
EXPR: 0 | POS | FRA | 7 | 20.52 | 10.62 | x=(6.52-(4.95-9.05)) | x 6.52 4.95 9.05 - - = | x:dollar 6.52:dollar 4.95:dollar 9.05:dollar -:dollar -:dollar =:dollar
EXPR: 0 | POS | FRA | 7 | 20.52 | 9.80920245398773 | (6.52*(x-9.05))=4.95 | 6.52 x 9.05 - * 4.95 = | 6.52:dollar x:dollar 9.05:dollar -:dollar *:dollar 4.95:dollar =:dollar
EXPR: 0 | POS | FRA | 7 | 20.52 | 10.62 | ((6.52-x)+9.05)=4.95 | 6.52 x - 9.05 + 4.95 = | 6.52:dollar x:dollar -:dollar 9.05:dollar +:dollar 4.95:dollar =:dollar
EXPR: 0 | POS | FRA | 7 | 20.52 | 7.48 | ((6.52+x)-9.05)=4.95 | 6.52 x + 9.05 - 4.95 = | 6.52:dollar x:dollar +:dollar 9.05:dollar -:dollar 4.95:dollar =:dollar
EXPR: 0 | POS | FRA | 7 | 20.52 | 5.97303867403315 | ((6.52-x)*9.05)=4.95 | 6.52 x - 9.05 * 4.95 = | 6.52:dollar x:dollar -:dollar 9.05:dollar *:dollar 4.95:dollar =:dollar
EXPR: 0 | POS | FRA | 7 | 20.52 | 7.48 | (6.52+(x-9.05))=4.95 | 6.52 x 9.05 - + 4.95 = | 6.52:dollar x:dollar 9.05:dollar -:dollar +:dollar 4.95:dollar =:dollar
EXPR: 0 | POS | FRA | 7 | 20.52 | 7.48 | 6.52=((9.05-x)+4.95) | 6.52 9.05 x - 4.95 + = | 6.52:dollar 9.05:dollar x:dollar -:dollar 4.95:dollar +:dollar =:dollar
EXPR: 0 | POS | FRA | 7 | 20.52 | 2.42 | 4.95=((x-6.52)+9.05) | 4.95 x 6.52 - 9.05 + = | 4.95:dollar x:dollar 6.52:dollar -:dollar 9.05:dollar +:dollar =:dollar
EXPR: 1 | POS | FRA | 7 | 20.52 | 20.52 | 4.95=((x-6.52)-9.05) | 4.95 x 6.52 - 9.05 - = | 4.95:dollar x:dollar 6.52:dollar -:dollar 9.05:dollar -:dollar =:dollar
EXPR: 0 | POS | FRA | 7 | 20.52 | 10.62 | (4.95+(x-6.52))=9.05 | 4.95 x 6.52 - + 9.05 = | 4.95:dollar x:dollar 6.52:dollar -:dollar +:dollar 9.05:dollar =:dollar
EXPR: 0 | POS | FRA | 7 | 20.52 | 2.42 | ((4.95-x)+6.52)=9.05 | 4.95 x - 6.52 + 9.05 = | 4.95:dollar x:dollar -:dollar 6.52:dollar +:dollar 9.05:dollar =:dollar
EXPR: 0 | POS | FRA | 7 | 20.52 | 2.42 | ((4.95+6.52)-x)=9.05 | 4.95 6.52 + x - 9.05 = | 4.95:dollar 6.52:dollar +:dollar x:dollar -:dollar 9.05:dollar =:dollar
EXPR: 0 | POS | FRA | 7 | 20.52 | 10.3671717171717 | (6.52/(x-9.05))=4.95 | 6.52 x 9.05 - / 4.95 = | 6.52:dollar x:dollar 9.05:dollar -:dollar /:dollar 4.95:dollar =:dollar
EXPR: 0 | POS | FRA | 7 | 20.52 | 0.511111111111111 | ((4.95*x)+6.52)=9.05 | 4.95 x * 6.52 + 9.05 = | 4.95:dollar x:dollar *:dollar 6.52:dollar +:dollar 9.05:dollar =:dollar
EXPR: 0 | POS | FRA | 7 | 20.52 | 3.14545454545455 | ((4.95*x)-6.52)=9.05 | 4.95 x * 6.52 - 9.05 = | 4.95:dollar x:dollar *:dollar 6.52:dollar -:dollar 9.05:dollar =:dollar
EXPR: 0 | POS | FRA | 7 | 20.52 | 1.95652173913043 | ((4.95/x)+6.52)=9.05 | 4.95 x / 6.52 + 9.05 = | 4.95:dollar x:dollar /:dollar 6.52:dollar +:dollar 9.05:dollar =:dollar
EXPR: 0 | POS | FRA | 7 | 20.52 | 7.48 | 6.52=(9.05-(x-4.95)) | 6.52 9.05 x 4.95 - - = | 6.52:dollar 9.05:dollar x:dollar 4.95:dollar -:dollar -:dollar =:dollar
EXPR: 0 | POS | FRA | 7 | 20.52 | 2.14723926380368 | ((6.52*x)-9.05)=4.95 | 6.52 x * 9.05 - 4.95 = | 6.52:dollar x:dollar *:dollar 9.05:dollar -:dollar 4.95:dollar =:dollar
EXPR: 0 | POS | FRA | 7 | 20.52 | 10.62 | 4.95=((6.52-x)+9.05) | 4.95 6.52 x - 9.05 + = | 4.95:dollar 6.52:dollar x:dollar -:dollar 9.05:dollar +:dollar =:dollar
EXPR: 0 | POS | FRA | 7 | 20.52 | 0.789014821272886 | ((4.95+6.52)*x)=9.05 | 4.95 6.52 + x * 9.05 = | 4.95:dollar 6.52:dollar +:dollar x:dollar *:dollar 9.05:dollar =:dollar
EXPR: 0 | POS | FRA | 7 | 20.52 | 10.62 | ((4.95-6.52)+x)=9.05 | 4.95 6.52 - x + 9.05 = | 4.95:dollar 6.52:dollar -:dollar x:dollar +:dollar 9.05:dollar =:dollar
EXPR: 0 | POS | FRA | 7 | 20.52 | 5.97303867403315 | x=(6.52-(4.95/9.05)) | x 6.52 4.95 9.05 / - = | x:dollar 6.52:dollar 4.95:dollar 9.05:dollar /:dollar -:dollar =:dollar
EXPR: 0 | POS | FRA | 7 | 20.52 | 14.2085 | ((6.52-4.95)*9.05)=x | 6.52 4.95 - 9.05 * x = | 6.52:dollar 4.95:dollar -:dollar 9.05:dollar *:dollar x:dollar =:dollar
EXPR: 0 | POS | FRA | 7 | 20.52 | 0.173480662983425 | ((6.52-4.95)/9.05)=x | 6.52 4.95 - 9.05 / x = | 6.52:dollar 4.95:dollar -:dollar 9.05:dollar /:dollar x:dollar =:dollar
EXPR: 0 | POS | FRA | 7 | 20.52 | 0.173480662983425 | (6.52-(x*9.05))=4.95 | 6.52 x 9.05 * - 4.95 = | 6.52:dollar x:dollar 9.05:dollar *:dollar -:dollar 4.95:dollar =:dollar
EXPR: 0 | POS | FRA | 7 | 20.52 | 51.3175 | ((x-6.52)/9.05)=4.95 | x 6.52 - 9.05 / 4.95 = | x:dollar 6.52:dollar -:dollar 9.05:dollar /:dollar 4.95:dollar =:dollar
EXPR: 0 | POS | FRA | 7 | 20.52 | 2.42 | 6.52=(9.05+(x-4.95)) | 6.52 9.05 x 4.95 - + = | 6.52:dollar 9.05:dollar x:dollar 4.95:dollar -:dollar +:dollar =:dollar
EXPR: 0 | POS | FRA | 7 | 20.52 | 23.224 | 6.52=((9.05+x)/4.95) | 6.52 9.05 x + 4.95 / = | 6.52:dollar 9.05:dollar x:dollar +:dollar 4.95:dollar /:dollar =:dollar
EXPR: 0 | POS | FRA | 7 | 20.52 | 8.29079754601227 | 4.95=(6.52*(9.05-x)) | 4.95 6.52 9.05 x - * = | 4.95:dollar 6.52:dollar 9.05:dollar x:dollar -:dollar *:dollar =:dollar
EXPR: 0 | POS | FRA | 7 | 20.52 | 7.73282828282828 | 4.95=(6.52/(9.05-x)) | 4.95 6.52 9.05 x - / = | 4.95:dollar 6.52:dollar 9.05:dollar x:dollar -:dollar /:dollar =:dollar
EXPR: 0 | POS | FRA | 7 | 20.52 | 38.2775 | ((6.52+x)/9.05)=4.95 | 6.52 x + 9.05 / 4.95 = | 6.52:dollar x:dollar +:dollar 9.05:dollar /:dollar 4.95:dollar =:dollar
EXPR: 0 | POS | FRA | 7 | 20.52 | 0.465714285714286 | 6.52=(x*(9.05+4.95)) | 6.52 x 9.05 4.95 + * = | 6.52:dollar x:dollar 9.05:dollar 4.95:dollar +:dollar *:dollar =:dollar
EXPR: 0 | POS | FRA | 7 | 20.52 | 7.48 | 4.95=(6.52+(x-9.05)) | 4.95 6.52 x 9.05 - + = | 4.95:dollar 6.52:dollar x:dollar 9.05:dollar -:dollar +:dollar =:dollar
EXPR: 0 | POS | FRA | 7 | 20.52 | 1.26740331491713 | ((4.95+6.52)/x)=9.05 | 4.95 6.52 + x / 9.05 = | 4.95:dollar 6.52:dollar +:dollar x:dollar /:dollar 9.05:dollar =:dollar
EXPR: 0 | POS | FRA | 7 | 20.52 | 0.317919075144509 | ((4.95/x)-6.52)=9.05 | 4.95 x / 6.52 - 9.05 = | 4.95:dollar x:dollar /:dollar 6.52:dollar -:dollar 9.05:dollar =:dollar
EXPR: 0 | POS | FRA | 7 | 20.52 | 8.29079754601227 | ((4.95/6.52)+x)=9.05 | 4.95 6.52 / x + 9.05 = | 4.95:dollar 6.52:dollar /:dollar x:dollar +:dollar 9.05:dollar =:dollar
EXPR: 0 | POS | FRA | 7 | 20.52 | 6.33803680981595 | ((x-4.95)*6.52)=9.05 | x 4.95 - 6.52 * 9.05 = | x:dollar 4.95:dollar -:dollar 6.52:dollar *:dollar 9.05:dollar =:dollar
EXPR: 1 | POS | FRA | 7 | 20.52 | 20.52 | 6.52=(x-(9.05+4.95)) | 6.52 x 9.05 4.95 + - = | 6.52:dollar x:dollar 9.05:dollar 4.95:dollar +:dollar -:dollar =:dollar
EXPR: 1 | POS | FRA | 7 | 20.52 | 20.52 | (x-(4.95+6.52))=9.05 | x 4.95 6.52 + - 9.05 = | x:dollar 4.95:dollar 6.52:dollar +:dollar -:dollar 9.05:dollar =:dollar
EXPR: 0 | POS | FRA | 7 | 20.52 | 0.789014821272886 | (x*(4.95+6.52))=9.05 | x 4.95 6.52 + * 9.05 = | x:dollar 4.95:dollar 6.52:dollar +:dollar *:dollar 9.05:dollar =:dollar
EXPR: 0 | POS | FRA | 7 | 20.52 | 7.06696132596685 | ((x-6.52)*9.05)=4.95 | x 6.52 - 9.05 * 4.95 = | x:dollar 6.52:dollar -:dollar 9.05:dollar *:dollar 4.95:dollar =:dollar
EXPR: 0 | POS | FRA | 7 | 20.52 | 0.628834355828221 | (4.95+(x*6.52))=9.05 | 4.95 x 6.52 * + 9.05 = | 4.95:dollar x:dollar 6.52:dollar *:dollar +:dollar 9.05:dollar =:dollar
EXPR: 0 | POS | FRA | 7 | 20.52 | 26.732 | (4.95+(x/6.52))=9.05 | 4.95 x 6.52 / + 9.05 = | 4.95:dollar x:dollar 6.52:dollar /:dollar +:dollar 9.05:dollar =:dollar
EXPR: 0 | POS | FRA | 7 | 20.52 | 10.62 | ((6.52-4.95)+9.05)=x | 6.52 4.95 - 9.05 + x = | 6.52:dollar 4.95:dollar -:dollar 9.05:dollar +:dollar x:dollar =:dollar
EXPR: 0 | POS | FRA | 7 | 20.52 | 10.62 | x=((6.52-4.95)+9.05) | x 6.52 4.95 - 9.05 + = | x:dollar 6.52:dollar 4.95:dollar -:dollar 9.05:dollar +:dollar =:dollar
EXPR: 0 | POS | FRA | 7 | 20.52 | 10.62 | (6.52-(x-9.05))=4.95 | 6.52 x 9.05 - - 4.95 = | 6.52:dollar x:dollar 9.05:dollar -:dollar -:dollar 4.95:dollar =:dollar
EXPR: 0 | POS | FRA | 7 | 20.52 | 26.732 | 6.52=(x/(9.05-4.95)) | 6.52 x 9.05 4.95 - / = | 6.52:dollar x:dollar 9.05:dollar 4.95:dollar -:dollar /:dollar =:dollar
EXPR: 0 | POS | FRA | 7 | 20.52 | 10.62 | 4.95=(6.52-(x-9.05)) | 4.95 6.52 x 9.05 - - = | 4.95:dollar 6.52:dollar x:dollar 9.05:dollar -:dollar -:dollar =:dollar
EXPR: 0 | POS | FRA | 7 | 20.52 | 0.173480662983425 | 4.95=(6.52-(x*9.05)) | 4.95 6.52 x 9.05 * - = | 4.95:dollar 6.52:dollar x:dollar 9.05:dollar *:dollar -:dollar =:dollar
EXPR: 0 | POS | FRA | 7 | 20.52 | 10.62 | 6.52=((x-9.05)+4.95) | 6.52 x 9.05 - 4.95 + = | 6.52:dollar x:dollar 9.05:dollar -:dollar 4.95:dollar +:dollar =:dollar
EXPR: 0 | POS | FRA | 7 | 20.52 | 8.34828282828283 | (4.95*(x-6.52))=9.05 | 4.95 x 6.52 - * 9.05 = | 4.95:dollar x:dollar 6.52:dollar -:dollar *:dollar 9.05:dollar =:dollar
EXPR: 1 | POS | FRA | 7 | 20.52 | 20.52 | 6.52=((x-9.05)-4.95) | 6.52 x 9.05 - 4.95 - = | 6.52:dollar x:dollar 9.05:dollar -:dollar 4.95:dollar -:dollar =:dollar
EXPR: 0 | POS | FRA | 7 | 20.52 | 0.173480662983425 | 6.52=((9.05*x)+4.95) | 6.52 9.05 x * 4.95 + = | 6.52:dollar 9.05:dollar x:dollar *:dollar 4.95:dollar +:dollar =:dollar
EXPR: 0 | POS | FRA | 7 | 20.52 | 7.73282828282828 | 6.52=((9.05-x)*4.95) | 6.52 9.05 x - 4.95 * = | 6.52:dollar 9.05:dollar x:dollar -:dollar 4.95:dollar *:dollar =:dollar
EXPR: 0 | POS | FRA | 7 | 20.52 | 14.2085 | 4.95=(6.52-(x/9.05)) | 4.95 6.52 x 9.05 / - = | 4.95:dollar 6.52:dollar x:dollar 9.05:dollar /:dollar -:dollar =:dollar
EXPR: 0 | POS | FRA | 7 | 20.52 | 10.62 | (x+(4.95-6.52))=9.05 | x 4.95 6.52 - + 9.05 = | x:dollar 4.95:dollar 6.52:dollar -:dollar +:dollar 9.05:dollar =:dollar
EXPR: 0 | POS | FRA | 7 | 20.52 | 1.26740331491713 | 6.52=((9.05*x)-4.95) | 6.52 9.05 x * 4.95 - = | 6.52:dollar 9.05:dollar x:dollar *:dollar 4.95:dollar -:dollar =:dollar
EXPR: 0 | POS | FRA | 7 | 20.52 | 5.76433121019108 | 6.52=((9.05/x)+4.95) | 6.52 9.05 x / 4.95 + = | 6.52:dollar 9.05:dollar x:dollar /:dollar 4.95:dollar +:dollar =:dollar
EXPR: 0 | POS | FRA | 7 | 20.52 | 103.8035 | (x/(4.95+6.52))=9.05 | x 4.95 6.52 + / 9.05 = | x:dollar 4.95:dollar 6.52:dollar +:dollar /:dollar 9.05:dollar =:dollar
EXPR: 0 | POS | FRA | 7 | 20.52 | 7.48 | 6.52=(9.05+(4.95-x)) | 6.52 9.05 4.95 x - + = | 6.52:dollar 9.05:dollar 4.95:dollar x:dollar -:dollar +:dollar =:dollar
EXPR: 0 | POS | FRA | 7 | 20.52 | 0.173480662983425 | 6.52=((x*9.05)+4.95) | 6.52 x 9.05 * 4.95 + = | 6.52:dollar x:dollar 9.05:dollar *:dollar 4.95:dollar +:dollar =:dollar
EXPR: 0 | POS | FRA | 7 | 20.52 | 1.26740331491713 | 6.52=((x*9.05)-4.95) | 6.52 x 9.05 * 4.95 - = | 6.52:dollar x:dollar 9.05:dollar *:dollar 4.95:dollar -:dollar =:dollar
EXPR: 0 | POS | FRA | 7 | 20.52 | 14.2085 | 6.52=((x/9.05)+4.95) | 6.52 x 9.05 / 4.95 + = | 6.52:dollar x:dollar 9.05:dollar /:dollar 4.95:dollar +:dollar =:dollar
EXPR: 0 | POS | FRA | 7 | 20.52 | 2.42 | 6.52=(x+(9.05-4.95)) | 6.52 x 9.05 4.95 - + = | 6.52:dollar x:dollar 9.05:dollar 4.95:dollar -:dollar +:dollar =:dollar
EXPR: 0 | POS | FRA | 7 | 20.52 | 4.69171717171717 | 6.52=(x+(9.05/4.95)) | 6.52 x 9.05 4.95 / + = | 6.52:dollar x:dollar 9.05:dollar 4.95:dollar /:dollar +:dollar =:dollar
EXPR: 0 | POS | FRA | 7 | 20.52 | 9.80920245398773 | 4.95=(6.52*(x-9.05)) | 4.95 6.52 x 9.05 - * = | 4.95:dollar 6.52:dollar x:dollar 9.05:dollar -:dollar *:dollar =:dollar
EXPR: 0 | POS | FRA | 7 | 20.52 | 1.59024390243902 | 6.52=(x*(9.05-4.95)) | 6.52 x 9.05 4.95 - * = | 6.52:dollar x:dollar 9.05:dollar 4.95:dollar -:dollar *:dollar =:dollar
EXPR: 0 | POS | FRA | 7 | 20.52 | 0.465714285714286 | 6.52=((9.05+4.95)*x) | 6.52 9.05 4.95 + x * = | 6.52:dollar 9.05:dollar 4.95:dollar +:dollar x:dollar *:dollar =:dollar
EXPR: 0 | POS | FRA | 7 | 20.52 | 10.62 | (6.52+(9.05-x))=4.95 | 6.52 9.05 x - + 4.95 = | 6.52:dollar 9.05:dollar x:dollar -:dollar +:dollar 4.95:dollar =:dollar
EXPR: 0 | POS | FRA | 7 | 20.52 | 103.8035 | 6.52=((x/9.05)-4.95) | 6.52 x 9.05 / 4.95 - = | 6.52:dollar x:dollar 9.05:dollar /:dollar 4.95:dollar -:dollar =:dollar
EXPR: 0 | POS | FRA | 7 | 20.52 | 2.42 | 6.52=(9.05-(4.95-x)) | 6.52 9.05 4.95 x - - = | 6.52:dollar 9.05:dollar 4.95:dollar x:dollar -:dollar -:dollar =:dollar
EXPR: 0 | POS | FRA | 7 | 20.52 | 0.511111111111111 | 6.52=(9.05-(4.95*x)) | 6.52 9.05 4.95 x * - = | 6.52:dollar 9.05:dollar 4.95:dollar x:dollar *:dollar -:dollar =:dollar
EXPR: 0 | POS | FRA | 7 | 20.52 | 7.48 | (x-(4.95-6.52))=9.05 | x 4.95 6.52 - - 9.05 = | x:dollar 4.95:dollar 6.52:dollar -:dollar -:dollar 9.05:dollar =:dollar
EXPR: 0 | POS | FRA | 7 | 20.52 | 7.06696132596685 | 4.95=((x-6.52)*9.05) | 4.95 x 6.52 - 9.05 * = | 4.95:dollar x:dollar 6.52:dollar -:dollar 9.05:dollar *:dollar =:dollar
EXPR: 0 | POS | FRA | 7 | 20.52 | 51.3175 | 4.95=((x-6.52)/9.05) | 4.95 x 6.52 - 9.05 / = | 4.95:dollar x:dollar 6.52:dollar -:dollar 9.05:dollar /:dollar =:dollar
EXPR: 0 | POS | FRA | 7 | 20.52 | 10.62 | ((4.95+x)-6.52)=9.05 | 4.95 x + 6.52 - 9.05 = | 4.95:dollar x:dollar +:dollar 6.52:dollar -:dollar 9.05:dollar =:dollar
EXPR: 0 | POS | FRA | 7 | 20.52 | 3.56196319018405 | ((4.95-x)*6.52)=9.05 | 4.95 x - 6.52 * 9.05 = | 4.95:dollar x:dollar -:dollar 6.52:dollar *:dollar 9.05:dollar =:dollar
EXPR: 0 | POS | FRA | 7 | 20.52 | 23.224 | ((4.95*6.52)-x)=9.05 | 4.95 6.52 * x - 9.05 = | 4.95:dollar 6.52:dollar *:dollar x:dollar -:dollar 9.05:dollar =:dollar
EXPR: 0 | POS | FRA | 7 | 20.52 | 7.48 | 4.95=(6.52-(9.05-x)) | 4.95 6.52 9.05 x - - = | 4.95:dollar 6.52:dollar 9.05:dollar x:dollar -:dollar -:dollar =:dollar
EXPR: 0 | POS | FRA | 7 | 20.52 | 10.62 | 4.95=(6.52+(9.05-x)) | 4.95 6.52 9.05 x - + = | 4.95:dollar 6.52:dollar 9.05:dollar x:dollar -:dollar +:dollar =:dollar
EXPR: 0 | POS | FRA | 7 | 20.52 | 7.06696132596685 | (4.95/(x-6.52))=9.05 | 4.95 x 6.52 - / 9.05 = | 4.95:dollar x:dollar 6.52:dollar -:dollar /:dollar 9.05:dollar =:dollar
EXPR: 0 | POS | FRA | 7 | 20.52 | 7.48 | ((6.52-9.05)+x)=4.95 | 6.52 9.05 - x + 4.95 = | 6.52:dollar 9.05:dollar -:dollar x:dollar +:dollar 4.95:dollar =:dollar
EXPR: 0 | POS | FRA | 7 | 20.52 | 4.22955801104972 | ((6.52/9.05)+x)=4.95 | 6.52 9.05 / x + 4.95 = | 6.52:dollar 9.05:dollar /:dollar x:dollar +:dollar 4.95:dollar =:dollar
EXPR: 0 | POS | FRA | 7 | 20.52 | 10.3671717171717 | x=((6.52/4.95)+9.05) | x 6.52 4.95 / 9.05 + = | x:dollar 6.52:dollar 4.95:dollar /:dollar 9.05:dollar +:dollar =:dollar
EXPR: 0 | POS | FRA | 7 | 20.52 | 0.465714285714286 | ((6.52/x)-9.05)=4.95 | 6.52 x / 9.05 - 4.95 = | 6.52:dollar x:dollar /:dollar 9.05:dollar -:dollar 4.95:dollar =:dollar
EXPR: 0 | POS | FRA | 7 | 20.52 | 0.511111111111111 | ((x*4.95)+6.52)=9.05 | x 4.95 * 6.52 + 9.05 = | x:dollar 4.95:dollar *:dollar 6.52:dollar +:dollar 9.05:dollar =:dollar
EXPR: 0 | POS | FRA | 7 | 20.52 | 91.28 | 6.52=(x/(9.05+4.95)) | 6.52 x 9.05 4.95 + / = | 6.52:dollar x:dollar 9.05:dollar 4.95:dollar +:dollar /:dollar =:dollar
EXPR: 0 | POS | FRA | 7 | 20.52 | 7.48 | 4.95=((6.52+x)-9.05) | 4.95 6.52 x + 9.05 - = | 4.95:dollar 6.52:dollar x:dollar +:dollar 9.05:dollar -:dollar =:dollar
EXPR: 0 | POS | FRA | 7 | 20.52 | 0.789014821272886 | 6.52=((9.05/x)-4.95) | 6.52 9.05 x / 4.95 - = | 6.52:dollar 9.05:dollar x:dollar /:dollar 4.95:dollar -:dollar =:dollar
EXPR: 0 | POS | FRA | 7 | 20.52 | 2.14723926380368 | 6.52=((9.05+4.95)/x) | 6.52 9.05 4.95 + x / = | 6.52:dollar 9.05:dollar 4.95:dollar +:dollar x:dollar /:dollar =:dollar
EXPR: 0 | POS | FRA | 7 | 20.52 | 0.511111111111111 | 6.52=(9.05-(x*4.95)) | 6.52 9.05 x 4.95 * - = | 6.52:dollar 9.05:dollar x:dollar 4.95:dollar *:dollar -:dollar =:dollar
EXPR: 0 | POS | FRA | 7 | 20.52 | 12.5235 | 6.52=(9.05-(x/4.95)) | 6.52 9.05 x 4.95 / - = | 6.52:dollar 9.05:dollar x:dollar 4.95:dollar /:dollar -:dollar =:dollar
EXPR: 0 | POS | FRA | 7 | 20.52 | 7.48 | 4.95=((x+6.52)-9.05) | 4.95 x 6.52 + 9.05 - = | 4.95:dollar x:dollar 6.52:dollar +:dollar 9.05:dollar -:dollar =:dollar
EXPR: 0 | POS | FRA | 7 | 20.52 | 38.2775 | 4.95=((x+6.52)/9.05) | 4.95 x 6.52 + 9.05 / = | 4.95:dollar x:dollar 6.52:dollar +:dollar 9.05:dollar /:dollar =:dollar
EXPR: 0 | POS | FRA | 7 | 20.52 | 7.48 | 4.95=((6.52-9.05)+x) | 4.95 6.52 9.05 - x + = | 4.95:dollar 6.52:dollar 9.05:dollar -:dollar x:dollar +:dollar =:dollar
EXPR: 0 | POS | FRA | 7 | 20.52 | 4.22955801104972 | 4.95=((6.52/9.05)+x) | 4.95 6.52 9.05 / x + = | 4.95:dollar 6.52:dollar 9.05:dollar /:dollar x:dollar +:dollar =:dollar
EXPR: 0 | POS | FRA | 7 | 20.52 | 2.42 | 6.52=((9.05+x)-4.95) | 6.52 9.05 x + 4.95 - = | 6.52:dollar 9.05:dollar x:dollar +:dollar 4.95:dollar -:dollar =:dollar
EXPR: 0 | POS | FRA | 7 | 20.52 | 2.42 | ((x-6.52)+9.05)=4.95 | x 6.52 - 9.05 + 4.95 = | x:dollar 6.52:dollar -:dollar 9.05:dollar +:dollar 4.95:dollar =:dollar
EXPR: 0 | POS | FRA | 7 | 20.52 | 23.224 | 6.52=((x+9.05)/4.95) | 6.52 x 9.05 + 4.95 / = | 6.52:dollar x:dollar 9.05:dollar +:dollar 4.95:dollar /:dollar =:dollar
EXPR: 0 | POS | FRA | 7 | 20.52 | 2.42 | 6.52=((x+9.05)-4.95) | 6.52 x 9.05 + 4.95 - = | 6.52:dollar x:dollar 9.05:dollar +:dollar 4.95:dollar -:dollar =:dollar
EXPR: 0 | POS | FRA | 7 | 20.52 | 2.42 | (4.95+(6.52-x))=9.05 | 4.95 6.52 x - + 9.05 = | 4.95:dollar 6.52:dollar x:dollar -:dollar +:dollar 9.05:dollar =:dollar
EXPR: 0 | POS | FRA | 7 | 20.52 | 0.628834355828221 | (4.95+(6.52*x))=9.05 | 4.95 6.52 x * + 9.05 = | 4.95:dollar 6.52:dollar x:dollar *:dollar +:dollar 9.05:dollar =:dollar
EXPR: 0 | POS | FRA | 7 | 20.52 | 14.2085 | x=((6.52-4.95)*9.05) | x 6.52 4.95 - 9.05 * = | x:dollar 6.52:dollar 4.95:dollar -:dollar 9.05:dollar *:dollar =:dollar
EXPR: 0 | POS | FRA | 7 | 20.52 | 10.3671717171717 | ((6.52/4.95)+9.05)=x | 6.52 4.95 / 9.05 + x = | 6.52:dollar 4.95:dollar /:dollar 9.05:dollar +:dollar x:dollar =:dollar
EXPR: 0 | POS | FRA | 7 | 20.52 | 6.33803680981595 | 6.52=(9.05/(x-4.95)) | 6.52 9.05 x 4.95 - / = | 6.52:dollar 9.05:dollar x:dollar 4.95:dollar -:dollar /:dollar =:dollar
EXPR: 0 | POS | FRA | 7 | 20.52 | 2.42 | x=(6.52+(4.95-9.05)) | x 6.52 4.95 9.05 - + = | x:dollar 6.52:dollar 4.95:dollar 9.05:dollar -:dollar +:dollar =:dollar
EXPR: 1 | POS | FRA | 7 | 20.52 | 20.52 | ((x-6.52)-9.05)=4.95 | x 6.52 - 9.05 - 4.95 = | x:dollar 6.52:dollar -:dollar 9.05:dollar -:dollar 4.95:dollar =:dollar
EXPR: 0 | POS | FRA | 7 | 20.52 | 10.62 | (4.95-(6.52-x))=9.05 | 4.95 6.52 x - - 9.05 = | 4.95:dollar 6.52:dollar x:dollar -:dollar -:dollar 9.05:dollar =:dollar
EXPR: 0 | POS | FRA | 7 | 20.52 | 0.173480662983425 | x=((6.52-4.95)/9.05) | x 6.52 4.95 - 9.05 / = | x:dollar 6.52:dollar 4.95:dollar -:dollar 9.05:dollar /:dollar =:dollar
EXPR: 0 | POS | FRA | 7 | 20.52 | 10.3671717171717 | 4.95=(6.52/(x-9.05)) | 4.95 6.52 x 9.05 - / = | 4.95:dollar 6.52:dollar x:dollar 9.05:dollar -:dollar /:dollar =:dollar
EXPR: 0 | POS | FRA | 7 | 20.52 | 2.42 | (6.52+(4.95-9.05))=x | 6.52 4.95 9.05 - + x = | 6.52:dollar 4.95:dollar 9.05:dollar -:dollar +:dollar x:dollar =:dollar
EXPR: 0 | POS | FRA | 7 | 20.52 | 7.06696132596685 | (6.52+(4.95/9.05))=x | 6.52 4.95 9.05 / + x = | 6.52:dollar 4.95:dollar 9.05:dollar /:dollar +:dollar x:dollar =:dollar
EXPR: 0 | POS | FRA | 7 | 20.52 | 7.06696132596685 | x=(6.52+(4.95/9.05)) | x 6.52 4.95 9.05 / + = | x:dollar 6.52:dollar 4.95:dollar 9.05:dollar /:dollar +:dollar =:dollar
EXPR: 0 | POS | FRA | 7 | 20.52 | 2.42 | (x-(6.52-9.05))=4.95 | x 6.52 9.05 - - 4.95 = | x:dollar 6.52:dollar 9.05:dollar -:dollar -:dollar 4.95:dollar =:dollar
EXPR: 0 | POS | FRA | 7 | 20.52 | 3.56196319018405 | 6.52=(9.05/(4.95-x)) | 6.52 9.05 4.95 x - / = | 6.52:dollar 9.05:dollar 4.95:dollar x:dollar -:dollar /:dollar =:dollar
EXPR: 0 | POS | FRA | 7 | 20.52 | 7.48 | (6.52-(9.05-x))=4.95 | 6.52 9.05 x - - 4.95 = | 6.52:dollar 9.05:dollar x:dollar -:dollar -:dollar 4.95:dollar =:dollar
EXPR: 0 | POS | FRA | 7 | 20.52 | 4.69171717171717 | (4.95*(6.52-x))=9.05 | 4.95 6.52 x - * 9.05 = | 4.95:dollar 6.52:dollar x:dollar -:dollar *:dollar 9.05:dollar =:dollar
EXPR: 0 | POS | FRA | 7 | 20.52 | 5.97303867403315 | (4.95/(6.52-x))=9.05 | 4.95 6.52 x - / 9.05 = | 4.95:dollar 6.52:dollar x:dollar -:dollar /:dollar 9.05:dollar =:dollar
EXPR: 0 | POS | FRA | 7 | 20.52 | 2.14723926380368 | 4.95=((x*6.52)-9.05) | 4.95 x 6.52 * 9.05 - = | 4.95:dollar x:dollar 6.52:dollar *:dollar 9.05:dollar -:dollar =:dollar
EXPR: 0 | POS | FRA | 7 | 20.52 | 1.95652173913043 | 6.52=(9.05-(4.95/x)) | 6.52 9.05 4.95 x / - = | 6.52:dollar 9.05:dollar 4.95:dollar x:dollar /:dollar -:dollar =:dollar
EXPR: 0 | POS | FRA | 7 | 20.52 | 91.28 | 4.95=((x/6.52)-9.05) | 4.95 x 6.52 / 9.05 - = | 4.95:dollar x:dollar 6.52:dollar /:dollar 9.05:dollar -:dollar =:dollar
EXPR: 0 | POS | FRA | 7 | 20.52 | 7.48 | ((x+6.52)-9.05)=4.95 | x 6.52 + 9.05 - 4.95 = | x:dollar 6.52:dollar +:dollar 9.05:dollar -:dollar 4.95:dollar =:dollar
EXPR: 0 | POS | FRA | 7 | 20.52 | 7.48 | (x+(6.52-9.05))=4.95 | x 6.52 9.05 - + 4.95 = | x:dollar 6.52:dollar 9.05:dollar -:dollar +:dollar 4.95:dollar =:dollar
EXPR: 0 | POS | FRA | 7 | 20.52 | 10.62 | ((x+4.95)-6.52)=9.05 | x 4.95 + 6.52 - 9.05 = | x:dollar 4.95:dollar +:dollar 6.52:dollar -:dollar 9.05:dollar =:dollar
EXPR: 0 | POS | FRA | 7 | 20.52 | 10.62 | (6.52-(4.95-9.05))=x | 6.52 4.95 9.05 - - x = | 6.52:dollar 4.95:dollar 9.05:dollar -:dollar -:dollar x:dollar =:dollar
NET 517 unique, non-negative solutions found out of 1000 total solutions
