parameters: n=7 l=3 k=1 p=5 q=1 m=9
TOTAL 1000 solutions found
SOLN: CORRECT | POS/NEG | INT/FRA | OBJ-SCORE | TRUE-ANS | ANS | INFIX | POSTFIX | TYPED-POSTFIX
EXPR: 0 | POS | FRA | 0 | 5.98 | 34.02 | x=((7.19+6.83)+20) | x 7.19 6.83 + 20 + = | x:dollar 7.19:dollar 6.83:dollar +:dollar 20:dollar +:dollar =:dollar
EXPR: 0 | POS | FRA | 0 | 5.98 | 34.02 | (7.19+(6.83+20))=x | 7.19 6.83 20 + + x = | 7.19:dollar 6.83:dollar 20:dollar +:dollar +:dollar x:dollar =:dollar
EXPR: 0 | POS | FRA | 0 | 5.98 | 7.2 | ((7.19-6.83)*20)=x | 7.19 6.83 - 20 * x = | 7.19:dollar 6.83:dollar -:dollar 20:dollar *:dollar x:dollar =:dollar
EXPR: 0 | POS | FRA | 0 | 5.98 | 0.018 | ((7.19-6.83)/20)=x | 7.19 6.83 - 20 / x = | 7.19:dollar 6.83:dollar -:dollar 20:dollar /:dollar x:dollar =:dollar
EXPR: 0 | POS | FRA | 0 | 5.98 | 20.36 | (7.19-(6.83-20))=x | 7.19 6.83 20 - - x = | 7.19:dollar 6.83:dollar 20:dollar -:dollar -:dollar x:dollar =:dollar
EXPR: 0 | POS | FRA | 0 | 5.98 | 280.4 | ((7.19+6.83)*20)=x | 7.19 6.83 + 20 * x = | 7.19:dollar 6.83:dollar +:dollar 20:dollar *:dollar x:dollar =:dollar
EXPR: 0 | POS | FRA | 0 | 5.98 | 34.02 | x=(7.19+(6.83+20)) | x 7.19 6.83 20 + + = | x:dollar 7.19:dollar 6.83:dollar 20:dollar +:dollar +:dollar =:dollar
EXPR: 0 | POS | FRA | 0 | 5.98 | 280.4 | x=((7.19+6.83)*20) | x 7.19 6.83 + 20 * = | x:dollar 7.19:dollar 6.83:dollar +:dollar 20:dollar *:dollar =:dollar
EXPR: 0 | POS | FRA | 0 | 5.98 | 0.701 | x=((7.19+6.83)/20) | x 7.19 6.83 + 20 / = | x:dollar 7.19:dollar 6.83:dollar +:dollar 20:dollar /:dollar =:dollar
EXPR: 0 | POS | FRA | 0 | 5.98 | 143.79 | (7.19+(6.83*20))=x | 7.19 6.83 20 * + x = | 7.19:dollar 6.83:dollar 20:dollar *:dollar +:dollar x:dollar =:dollar
EXPR: 0 | POS | FRA | 0 | 5.98 | 20.36 | x=(7.19-(6.83-20)) | x 7.19 6.83 20 - - = | x:dollar 7.19:dollar 6.83:dollar 20:dollar -:dollar -:dollar =:dollar
EXPR: 0 | POS | FRA | 0 | 5.98 | 0.701 | ((7.19+6.83)/20)=x | 7.19 6.83 + 20 / x = | 7.19:dollar 6.83:dollar +:dollar 20:dollar /:dollar x:dollar =:dollar
EXPR: 0 | POS | FRA | 0 | 5.98 | 143.79 | x=(7.19+(6.83*20)) | x 7.19 6.83 20 * + = | x:dollar 7.19:dollar 6.83:dollar 20:dollar *:dollar +:dollar =:dollar
EXPR: 0 | POS | FRA | 0 | 5.98 | 7.5315 | x=(7.19+(6.83/20)) | x 7.19 6.83 20 / + = | x:dollar 7.19:dollar 6.83:dollar 20:dollar /:dollar +:dollar =:dollar
EXPR: 0 | POS | FRA | 0 | 5.98 | 192.9077 | (7.19*(6.83+20))=x | 7.19 6.83 20 + * x = | 7.19:dollar 6.83:dollar 20:dollar +:dollar *:dollar x:dollar =:dollar
EXPR: 0 | POS | FRA | 0 | 5.98 | 192.9077 | x=(7.19*(6.83+20)) | x 7.19 6.83 20 + * = | x:dollar 7.19:dollar 6.83:dollar 20:dollar +:dollar *:dollar =:dollar
EXPR: 0 | POS | FRA | 0 | 5.98 | 0.267983600447261 | (7.19/(6.83+20))=x | 7.19 6.83 20 + / x = | 7.19:dollar 6.83:dollar 20:dollar +:dollar /:dollar x:dollar =:dollar
EXPR: 0 | POS | FRA | 0 | 5.98 | 20.36 | x=((7.19-6.83)+20) | x 7.19 6.83 - 20 + = | x:dollar 7.19:dollar 6.83:dollar -:dollar 20:dollar +:dollar =:dollar
EXPR: 0 | POS | FRA | 0 | 5.98 | 0.267983600447261 | x=(7.19/(6.83+20)) | x 7.19 6.83 20 + / = | x:dollar 7.19:dollar 6.83:dollar 20:dollar +:dollar /:dollar =:dollar
EXPR: 0 | POS | FRA | 0 | 5.98 | 6.8485 | (7.19-(6.83/20))=x | 7.19 6.83 20 / - x = | 7.19:dollar 6.83:dollar 20:dollar /:dollar -:dollar x:dollar =:dollar
EXPR: 0 | POS | FRA | 0 | 5.98 | 7.5315 | (7.19+(6.83/20))=x | 7.19 6.83 20 / + x = | 7.19:dollar 6.83:dollar 20:dollar /:dollar +:dollar x:dollar =:dollar
EXPR: 0 | POS | FRA | 0 | 5.98 | 69.1077 | x=((7.19*6.83)+20) | x 7.19 6.83 * 20 + = | x:dollar 7.19:dollar 6.83:dollar *:dollar 20:dollar +:dollar =:dollar
EXPR: 0 | POS | FRA | 0 | 5.98 | 7.2 | x=((7.19-6.83)*20) | x 7.19 6.83 - 20 * = | x:dollar 7.19:dollar 6.83:dollar -:dollar 20:dollar *:dollar =:dollar
EXPR: 0 | POS | FRA | 0 | 5.98 | 0.018 | x=((7.19-6.83)/20) | x 7.19 6.83 - 20 / = | x:dollar 7.19:dollar 6.83:dollar -:dollar 20:dollar /:dollar =:dollar
EXPR: 0 | POS | FRA | 0 | 5.98 | 21.0527086383602 | x=((7.19/6.83)+20) | x 7.19 6.83 / 20 + = | x:dollar 7.19:dollar 6.83:dollar /:dollar 20:dollar +:dollar =:dollar
EXPR: 0 | POS | FRA | 0 | 5.98 | 20.36 | ((7.19-6.83)+20)=x | 7.19 6.83 - 20 + x = | 7.19:dollar 6.83:dollar -:dollar 20:dollar +:dollar x:dollar =:dollar
EXPR: 0 | POS | FRA | 0 | 5.98 | 69.1077 | ((7.19*6.83)+20)=x | 7.19 6.83 * 20 + x = | 7.19:dollar 6.83:dollar *:dollar 20:dollar +:dollar x:dollar =:dollar
EXPR: 0 | POS | FRA | 0 | 5.98 | 29.1077 | x=((7.19*6.83)-20) | x 7.19 6.83 * 20 - = | x:dollar 7.19:dollar 6.83:dollar *:dollar 20:dollar -:dollar =:dollar
EXPR: 0 | POS | FRA | 0 | 5.98 | 29.1077 | ((7.19*6.83)-20)=x | 7.19 6.83 * 20 - x = | 7.19:dollar 6.83:dollar *:dollar 20:dollar -:dollar x:dollar =:dollar
EXPR: 0 | POS | FRA | 0 | 5.98 | 6.8485 | x=(7.19-(6.83/20)) | x 7.19 6.83 20 / - = | x:dollar 7.19:dollar 6.83:dollar 20:dollar /:dollar -:dollar =:dollar
EXPR: 0 | POS | FRA | 0 | 5.98 | 34.02 | ((7.19+6.83)+20)=x | 7.19 6.83 + 20 + x = | 7.19:dollar 6.83:dollar +:dollar 20:dollar +:dollar x:dollar =:dollar
EXPR: 0 | POS | FRA | 0 | 5.98 | 21.0527086383602 | ((7.19/6.83)+20)=x | 7.19 6.83 / 20 + x = | 7.19:dollar 6.83:dollar /:dollar 20:dollar +:dollar x:dollar =:dollar
EXPR: 0 | POS | FRA | 2 | 5.98 | 19.64 | ((6.83-7.19)+20)=x | 6.83 7.19 - 20 + x = | 6.83:dollar 7.19:dollar -:dollar 20:dollar +:dollar x:dollar =:dollar
EXPR: 0 | POS | FRA | 2 | 5.98 | 20.9499304589708 | ((6.83/7.19)+20)=x | 6.83 7.19 / 20 + x = | 6.83:dollar 7.19:dollar /:dollar 20:dollar +:dollar x:dollar =:dollar
EXPR: 0 | POS | FRA | 2 | 5.98 | 34.02 | (x-(7.19+6.83))=20 | x 7.19 6.83 + - 20 = | x:dollar 7.19:dollar 6.83:dollar +:dollar -:dollar 20:dollar =:dollar
EXPR: 0 | POS | FRA | 2 | 5.98 | 20.36 | ((7.19+20)-6.83)=x | 7.19 20 + 6.83 - x = | 7.19:dollar 20:dollar +:dollar 6.83:dollar -:dollar x:dollar =:dollar
EXPR: 0 | POS | FRA | 2 | 5.98 | 1.4265335235378 | (x*(7.19+6.83))=20 | x 7.19 6.83 + * 20 = | x:dollar 7.19:dollar 6.83:dollar +:dollar *:dollar 20:dollar =:dollar
EXPR: 0 | POS | FRA | 2 | 5.98 | 20.36 | x=((7.19+20)-6.83) | x 7.19 20 + 6.83 - = | x:dollar 7.19:dollar 20:dollar +:dollar 6.83:dollar -:dollar =:dollar
EXPR: 0 | POS | FRA | 2 | 5.98 | 19.64 | ((7.19+x)-6.83)=20 | 7.19 x + 6.83 - 20 = | 7.19:dollar x:dollar +:dollar 6.83:dollar -:dollar 20:dollar =:dollar
EXPR: 0 | POS | FRA | 2 | 5.98 | 19.64 | (x+(7.19-6.83))=20 | x 7.19 6.83 - + 20 = | x:dollar 7.19:dollar 6.83:dollar -:dollar +:dollar 20:dollar =:dollar
EXPR: 0 | POS | FRA | 2 | 5.98 | 3.9809663250366 | x=((7.19+20)/6.83) | x 7.19 20 + 6.83 / = | x:dollar 7.19:dollar 20:dollar +:dollar 6.83:dollar /:dollar =:dollar
EXPR: 0 | POS | FRA | 2 | 5.98 | 20.36 | x=(7.19+(20-6.83)) | x 7.19 20 6.83 - + = | x:dollar 7.19:dollar 20:dollar 6.83:dollar -:dollar +:dollar =:dollar
EXPR: 0 | POS | FRA | 2 | 5.98 | 10.1182576866764 | x=(7.19+(20/6.83)) | x 7.19 20 6.83 / + = | x:dollar 7.19:dollar 20:dollar 6.83:dollar /:dollar +:dollar =:dollar
EXPR: 0 | POS | FRA | 2 | 5.98 | 185.7077 | x=((7.19+20)*6.83) | x 7.19 20 + 6.83 * = | x:dollar 7.19:dollar 20:dollar +:dollar 6.83:dollar *:dollar =:dollar
EXPR: 0 | POS | FRA | 2 | 5.98 | 94.6923 | (7.19*(20-6.83))=x | 7.19 20 6.83 - * x = | 7.19:dollar 20:dollar 6.83:dollar -:dollar *:dollar x:dollar =:dollar
EXPR: 0 | POS | FRA | 2 | 5.98 | 0.545937737281701 | (7.19/(20-6.83))=x | 7.19 20 6.83 - / x = | 7.19:dollar 20:dollar 6.83:dollar -:dollar /:dollar x:dollar =:dollar
EXPR: 0 | POS | FRA | 2 | 5.98 | 34.02 | x=((7.19+20)+6.83) | x 7.19 20 + 6.83 + = | x:dollar 7.19:dollar 20:dollar +:dollar 6.83:dollar +:dollar =:dollar
EXPR: 0 | POS | FRA | 2 | 5.98 | 185.7077 | ((7.19+20)*6.83)=x | 7.19 20 + 6.83 * x = | 7.19:dollar 20:dollar +:dollar 6.83:dollar *:dollar x:dollar =:dollar
EXPR: 0 | POS | FRA | 2 | 5.98 | 3.9809663250366 | ((7.19+20)/6.83)=x | 7.19 20 + 6.83 / x = | 7.19:dollar 20:dollar +:dollar 6.83:dollar /:dollar x:dollar =:dollar
EXPR: 0 | POS | FRA | 2 | 5.98 | 19.64 | (7.19+(x-6.83))=20 | 7.19 x 6.83 - + 20 = | 7.19:dollar x:dollar 6.83:dollar -:dollar +:dollar 20:dollar =:dollar
EXPR: 0 | POS | FRA | 2 | 5.98 | 94.6923 | x=(7.19*(20-6.83)) | x 7.19 20 6.83 - * = | x:dollar 7.19:dollar 20:dollar 6.83:dollar -:dollar *:dollar =:dollar
EXPR: 0 | POS | FRA | 2 | 5.98 | 1.8317107093185 | ((7.19*x)+6.83)=20 | 7.19 x * 6.83 + 20 = | 7.19:dollar x:dollar *:dollar 6.83:dollar +:dollar 20:dollar =:dollar
EXPR: 0 | POS | FRA | 2 | 5.98 | 150.63 | x=((7.19*20)+6.83) | x 7.19 20 * 6.83 + = | x:dollar 7.19:dollar 20:dollar *:dollar 6.83:dollar +:dollar =:dollar
EXPR: 0 | POS | FRA | 2 | 5.98 | 136.97 | x=((7.19*20)-6.83) | x 7.19 20 * 6.83 - = | x:dollar 7.19:dollar 20:dollar *:dollar 6.83:dollar -:dollar =:dollar
EXPR: 0 | POS | FRA | 2 | 5.98 | 19.64 | ((7.19-6.83)+x)=20 | 7.19 6.83 - x + 20 = | 7.19:dollar 6.83:dollar -:dollar x:dollar +:dollar 20:dollar =:dollar
EXPR: 0 | POS | FRA | 2 | 5.98 | 19.64 | x=((6.83-7.19)+20) | x 6.83 7.19 - 20 + = | x:dollar 6.83:dollar 7.19:dollar -:dollar 20:dollar +:dollar =:dollar
EXPR: 0 | POS | FRA | 2 | 5.98 | 150.63 | ((7.19*20)+6.83)=x | 7.19 20 * 6.83 + x = | 7.19:dollar 20:dollar *:dollar 6.83:dollar +:dollar x:dollar =:dollar
EXPR: 0 | POS | FRA | 2 | 5.98 | 34.02 | ((7.19+20)+6.83)=x | 7.19 20 + 6.83 + x = | 7.19:dollar 20:dollar +:dollar 6.83:dollar +:dollar x:dollar =:dollar
EXPR: 0 | POS | FRA | 2 | 5.98 | 136.97 | ((7.19*20)-6.83)=x | 7.19 20 * 6.83 - x = | 7.19:dollar 20:dollar *:dollar 6.83:dollar -:dollar x:dollar =:dollar
EXPR: 0 | POS | FRA | 2 | 5.98 | 7.1895 | 7.19=((x-6.83)*20) | 7.19 x 6.83 - 20 * = | 7.19:dollar x:dollar 6.83:dollar -:dollar 20:dollar *:dollar =:dollar
EXPR: 1 | POS | FRA | 2 | 5.98 | 5.98 | ((7.19+6.83)+x)=20 | 7.19 6.83 + x + 20 = | 7.19:dollar 6.83:dollar +:dollar x:dollar +:dollar 20:dollar =:dollar
EXPR: 0 | POS | FRA | 2 | 5.98 | 7.1895 | ((7.19/20)+6.83)=x | 7.19 20 / 6.83 + x = | 7.19:dollar 20:dollar /:dollar 6.83:dollar +:dollar x:dollar =:dollar
EXPR: 0 | POS | FRA | 2 | 5.98 | 34.02 | 7.19=((x-6.83)-20) | 7.19 x 6.83 - 20 - = | 7.19:dollar x:dollar 6.83:dollar -:dollar 20:dollar -:dollar =:dollar
EXPR: 0 | POS | FRA | 2 | 5.98 | 7.1895 | x=((7.19/20)+6.83) | x 7.19 20 / 6.83 + = | x:dollar 7.19:dollar 20:dollar /:dollar 6.83:dollar +:dollar =:dollar
EXPR: 0 | POS | FRA | 2 | 5.98 | 192.9077 | 7.19=(x/(6.83+20)) | 7.19 x 6.83 20 + / = | 7.19:dollar x:dollar 6.83:dollar 20:dollar +:dollar /:dollar =:dollar
EXPR: 0 | POS | FRA | 2 | 5.98 | 0.267983600447261 | 7.19=(x*(6.83+20)) | 7.19 x 6.83 20 + * = | 7.19:dollar x:dollar 6.83:dollar 20:dollar +:dollar *:dollar =:dollar
EXPR: 0 | POS | FRA | 2 | 5.98 | 10.1182576866764 | ((x-7.19)*6.83)=20 | x 7.19 - 6.83 * 20 = | x:dollar 7.19:dollar -:dollar 6.83:dollar *:dollar 20:dollar =:dollar
EXPR: 0 | POS | FRA | 2 | 5.98 | 143.79 | ((x-7.19)/6.83)=20 | x 7.19 - 6.83 / 20 = | x:dollar 7.19:dollar -:dollar 6.83:dollar /:dollar 20:dollar =:dollar
EXPR: 0 | POS | FRA | 2 | 5.98 | 34.02 | x=(6.83+(7.19+20)) | x 6.83 7.19 20 + + = | x:dollar 6.83:dollar 7.19:dollar 20:dollar +:dollar +:dollar =:dollar
EXPR: 0 | POS | FRA | 2 | 5.98 | 3.73157162726008 | ((7.19*x)-6.83)=20 | 7.19 x * 6.83 - 20 = | 7.19:dollar x:dollar *:dollar 6.83:dollar -:dollar 20:dollar =:dollar
EXPR: 0 | POS | FRA | 2 | 5.98 | 0.267983600447261 | ((7.19/x)-6.83)=20 | 7.19 x / 6.83 - 20 = | 7.19:dollar x:dollar /:dollar 6.83:dollar -:dollar 20:dollar =:dollar
EXPR: 0 | POS | FRA | 2 | 5.98 | 150.63 | (6.83+(7.19*20))=x | 6.83 7.19 20 * + x = | 6.83:dollar 7.19:dollar 20:dollar *:dollar +:dollar x:dollar =:dollar
EXPR: 0 | POS | FRA | 2 | 5.98 | 3.9809663250366 | 7.19=((x*6.83)-20) | 7.19 x 6.83 * 20 - = | 7.19:dollar x:dollar 6.83:dollar *:dollar 20:dollar -:dollar =:dollar
EXPR: 0 | POS | FRA | 2 | 5.98 | 185.7077 | 7.19=((x/6.83)-20) | 7.19 x 6.83 / 20 - = | 7.19:dollar x:dollar 6.83:dollar /:dollar 20:dollar -:dollar =:dollar
EXPR: 0 | POS | FRA | 2 | 5.98 | 55.5555555555556 | ((7.19-6.83)*x)=20 | 7.19 6.83 - x * 20 = | 7.19:dollar 6.83:dollar -:dollar x:dollar *:dollar 20:dollar =:dollar
EXPR: 0 | POS | FRA | 2 | 5.98 | 34.02 | 7.19=(x-(6.83+20)) | 7.19 x 6.83 20 + - = | 7.19:dollar x:dollar 6.83:dollar 20:dollar +:dollar -:dollar =:dollar
EXPR: 0 | POS | FRA | 2 | 5.98 | 150.63 | x=(6.83+(7.19*20)) | x 6.83 7.19 20 * + = | x:dollar 6.83:dollar 7.19:dollar 20:dollar *:dollar +:dollar =:dollar
EXPR: 0 | POS | FRA | 2 | 5.98 | 18.9472913616398 | ((7.19/6.83)+x)=20 | 7.19 6.83 / x + 20 = | 7.19:dollar 6.83:dollar /:dollar x:dollar +:dollar 20:dollar =:dollar
EXPR: 1 | POS | FRA | 2 | 5.98 | 5.98 | (x+(7.19+6.83))=20 | x 7.19 6.83 + + 20 = | x:dollar 7.19:dollar 6.83:dollar +:dollar +:dollar 20:dollar =:dollar
EXPR: 0 | POS | FRA | 2 | 5.98 | 19.64 | x=(6.83-(7.19-20)) | x 6.83 7.19 20 - - = | x:dollar 6.83:dollar 7.19:dollar 20:dollar -:dollar -:dollar =:dollar
EXPR: 0 | POS | FRA | 2 | 5.98 | 20.9499304589708 | x=((6.83/7.19)+20) | x 6.83 7.19 / 20 + = | x:dollar 6.83:dollar 7.19:dollar /:dollar 20:dollar +:dollar =:dollar
EXPR: 0 | POS | FRA | 2 | 5.98 | 18.9472913616398 | 7.19=(6.83*(20-x)) | 7.19 6.83 20 x - * = | 7.19:dollar 6.83:dollar 20:dollar x:dollar -:dollar *:dollar =:dollar
EXPR: 0 | POS | FRA | 2 | 5.98 | 19.64 | (6.83-(7.19-20))=x | 6.83 7.19 20 - - x = | 6.83:dollar 7.19:dollar 20:dollar -:dollar -:dollar x:dollar =:dollar
EXPR: 0 | POS | FRA | 2 | 5.98 | 0.018 | ((7.19-6.83)/x)=20 | 7.19 6.83 - x / 20 = | 7.19:dollar 6.83:dollar -:dollar x:dollar /:dollar 20:dollar =:dollar
EXPR: 0 | POS | FRA | 2 | 5.98 | 19.64 | 7.19=((6.83-x)+20) | 7.19 6.83 x - 20 + = | 7.19:dollar 6.83:dollar x:dollar -:dollar 20:dollar +:dollar =:dollar
EXPR: 0 | POS | FRA | 2 | 5.98 | 20.36 | (7.19+(20-6.83))=x | 7.19 20 6.83 - + x = | 7.19:dollar 20:dollar 6.83:dollar -:dollar +:dollar x:dollar =:dollar
EXPR: 0 | POS | FRA | 2 | 5.98 | 10.1182576866764 | (7.19+(20/6.83))=x | 7.19 20 6.83 / + x = | 7.19:dollar 20:dollar 6.83:dollar /:dollar +:dollar x:dollar =:dollar
EXPR: 0 | POS | FRA | 2 | 5.98 | 4.26174231332357 | ((7.19-x)*6.83)=20 | 7.19 x - 6.83 * 20 = | 7.19:dollar x:dollar -:dollar 6.83:dollar *:dollar 20:dollar =:dollar
EXPR: 0 | POS | FRA | 2 | 5.98 | 7.1895 | x=(6.83+(7.19/20)) | x 6.83 7.19 20 / + = | x:dollar 6.83:dollar 7.19:dollar 20:dollar /:dollar +:dollar =:dollar
EXPR: 0 | POS | FRA | 2 | 5.98 | 29.1077 | ((7.19*6.83)-x)=20 | 7.19 6.83 * x - 20 = | 7.19:dollar 6.83:dollar *:dollar x:dollar -:dollar 20:dollar =:dollar
EXPR: 0 | POS | FRA | 2 | 5.98 | 136.97 | 7.19=((x+6.83)/20) | 7.19 x 6.83 + 20 / = | 7.19:dollar x:dollar 6.83:dollar +:dollar 20:dollar /:dollar =:dollar
EXPR: 0 | POS | FRA | 2 | 5.98 | 19.64 | 7.19=((6.83+20)-x) | 7.19 6.83 20 + x - = | 7.19:dollar 6.83:dollar 20:dollar +:dollar x:dollar -:dollar =:dollar
EXPR: 0 | POS | FRA | 2 | 5.98 | 1.87554904831625 | (7.19+(x*6.83))=20 | 7.19 x 6.83 * + 20 = | 7.19:dollar x:dollar 6.83:dollar *:dollar +:dollar 20:dollar =:dollar
EXPR: 0 | POS | FRA | 2 | 5.98 | 87.4923 | (7.19+(x/6.83))=20 | 7.19 x 6.83 / + 20 = | 7.19:dollar x:dollar 6.83:dollar /:dollar +:dollar 20:dollar =:dollar
EXPR: 0 | POS | FRA | 2 | 5.98 | 1.87554904831625 | (7.19+(6.83*x))=20 | 7.19 6.83 x * + 20 = | 7.19:dollar 6.83:dollar x:dollar *:dollar +:dollar 20:dollar =:dollar
EXPR: 0 | POS | FRA | 2 | 5.98 | 6.4705 | x=(6.83-(7.19/20)) | x 6.83 7.19 20 / - = | x:dollar 6.83:dollar 7.19:dollar 20:dollar /:dollar -:dollar =:dollar
EXPR: 0 | POS | FRA | 2 | 5.98 | 4.26174231332357 | x=(7.19-(20/6.83)) | x 7.19 20 6.83 / - = | x:dollar 7.19:dollar 20:dollar 6.83:dollar /:dollar -:dollar =:dollar
EXPR: 0 | POS | FRA | 2 | 5.98 | 7.1895 | (6.83+(7.19/20))=x | 6.83 7.19 20 / + x = | 6.83:dollar 7.19:dollar 20:dollar /:dollar +:dollar x:dollar =:dollar
EXPR: 0 | POS | FRA | 2 | 5.98 | 19.64 | 7.19=(6.83+(20-x)) | 7.19 6.83 20 x - + = | 7.19:dollar 6.83:dollar 20:dollar x:dollar -:dollar +:dollar =:dollar
EXPR: 0 | POS | FRA | 2 | 5.98 | 0.018 | 7.19=(6.83+(20*x)) | 7.19 6.83 20 x * + = | 7.19:dollar 6.83:dollar 20:dollar x:dollar *:dollar +:dollar =:dollar
EXPR: 0 | POS | FRA | 2 | 5.98 | 55.5555555555556 | 7.19=(6.83+(20/x)) | 7.19 6.83 20 x / + = | 7.19:dollar 6.83:dollar 20:dollar x:dollar /:dollar +:dollar =:dollar
EXPR: 0 | POS | FRA | 2 | 5.98 | 55.5555555555556 | (x*(7.19-6.83))=20 | x 7.19 6.83 - * 20 = | x:dollar 7.19:dollar 6.83:dollar -:dollar *:dollar 20:dollar =:dollar
EXPR: 0 | POS | FRA | 2 | 5.98 | 34.02 | (6.83+(7.19+20))=x | 6.83 7.19 20 + + x = | 6.83:dollar 7.19:dollar 20:dollar +:dollar +:dollar x:dollar =:dollar
EXPR: 0 | POS | FRA | 2 | 5.98 | 6.4705 | (6.83-(7.19/20))=x | 6.83 7.19 20 / - x = | 6.83:dollar 7.19:dollar 20:dollar /:dollar -:dollar x:dollar =:dollar
EXPR: 0 | POS | FRA | 2 | 5.98 | 4.26174231332357 | (7.19-(20/6.83))=x | 7.19 20 6.83 / - x = | 7.19:dollar 20:dollar 6.83:dollar /:dollar -:dollar x:dollar =:dollar
EXPR: 0 | POS | FRA | 2 | 5.98 | 150.63 | 7.19=((x-6.83)/20) | 7.19 x 6.83 - 20 / = | 7.19:dollar x:dollar 6.83:dollar -:dollar 20:dollar /:dollar =:dollar
EXPR: 0 | POS | FRA | 2 | 5.98 | 9.61164116828929 | (7.19*(x-6.83))=20 | 7.19 x 6.83 - * 20 = | 7.19:dollar x:dollar 6.83:dollar -:dollar *:dollar 20:dollar =:dollar
EXPR: 1 | POS | FRA | 2 | 5.98 | 5.98 | (7.19+(6.83+x))=20 | 7.19 6.83 x + + 20 = | 7.19:dollar 6.83:dollar x:dollar +:dollar +:dollar 20:dollar =:dollar
EXPR: 1 | POS | FRA | 2 | 5.98 | 5.98 | ((7.19+x)+6.83)=20 | 7.19 x + 6.83 + 20 = | 7.19:dollar x:dollar +:dollar 6.83:dollar +:dollar 20:dollar =:dollar
EXPR: 0 | POS | FRA | 2 | 5.98 | 0.545937737281701 | ((7.19/x)+6.83)=20 | 7.19 x / 6.83 + 20 = | 7.19:dollar x:dollar /:dollar 6.83:dollar +:dollar 20:dollar =:dollar
EXPR: 0 | POS | FRA | 2 | 5.98 | 21.0527086383602 | 7.19=(6.83*(x-20)) | 7.19 6.83 x 20 - * = | 7.19:dollar 6.83:dollar x:dollar 20:dollar -:dollar *:dollar =:dollar
EXPR: 0 | POS | FRA | 2 | 5.98 | 20.9499304589708 | 7.19=(6.83/(x-20)) | 7.19 6.83 x 20 - / = | 7.19:dollar 6.83:dollar x:dollar 20:dollar -:dollar /:dollar =:dollar
EXPR: 0 | POS | FRA | 2 | 5.98 | 0.267983600447261 | 7.19=((6.83+20)*x) | 7.19 6.83 20 + x * = | 7.19:dollar 6.83:dollar 20:dollar +:dollar x:dollar *:dollar =:dollar
EXPR: 0 | POS | FRA | 2 | 5.98 | 3.73157162726008 | 7.19=((6.83+20)/x) | 7.19 6.83 20 + x / = | 7.19:dollar 6.83:dollar 20:dollar +:dollar x:dollar /:dollar =:dollar
EXPR: 0 | POS | FRA | 2 | 5.98 | 20.36 | (x-(7.19-6.83))=20 | x 7.19 6.83 - - 20 = | x:dollar 7.19:dollar 6.83:dollar -:dollar -:dollar 20:dollar =:dollar
EXPR: 0 | POS | FRA | 2 | 5.98 | 143.79 | 7.19=(x-(6.83*20)) | 7.19 x 6.83 20 * - = | 7.19:dollar x:dollar 6.83:dollar 20:dollar *:dollar -:dollar =:dollar
EXPR: 0 | POS | FRA | 2 | 5.98 | 20.36 | 7.19=(6.83+(x-20)) | 7.19 6.83 x 20 - + = | 7.19:dollar 6.83:dollar x:dollar 20:dollar -:dollar +:dollar =:dollar
EXPR: 0 | POS | FRA | 2 | 5.98 | 0.018 | 7.19=(6.83+(x*20)) | 7.19 6.83 x 20 * + = | 7.19:dollar 6.83:dollar x:dollar 20:dollar *:dollar +:dollar =:dollar
EXPR: 0 | POS | FRA | 2 | 5.98 | 0.533177205308353 | (7.19+(6.83/x))=20 | 7.19 6.83 x / + 20 = | 7.19:dollar 6.83:dollar x:dollar /:dollar +:dollar 20:dollar =:dollar
EXPR: 0 | POS | FRA | 2 | 5.98 | 0.545937737281701 | x=(7.19/(20-6.83)) | x 7.19 20 6.83 - / = | x:dollar 7.19:dollar 20:dollar 6.83:dollar -:dollar /:dollar =:dollar
EXPR: 0 | POS | FRA | 2 | 5.98 | 4.04835883171071 | (7.19*(6.83-x))=20 | 7.19 6.83 x - * 20 = | 7.19:dollar 6.83:dollar x:dollar -:dollar *:dollar 20:dollar =:dollar
EXPR: 0 | POS | FRA | 2 | 5.98 | 6.8485 | 7.19=((6.83/20)+x) | 7.19 6.83 20 / x + = | 7.19:dollar 6.83:dollar 20:dollar /:dollar x:dollar +:dollar =:dollar
EXPR: 0 | POS | FRA | 2 | 5.98 | 19.64 | (7.19-(6.83-x))=20 | 7.19 6.83 x - - 20 = | 7.19:dollar 6.83:dollar x:dollar -:dollar -:dollar 20:dollar =:dollar
EXPR: 0 | POS | FRA | 2 | 5.98 | 129.41 | ((7.19+x)/6.83)=20 | 7.19 x + 6.83 / 20 = | 7.19:dollar x:dollar +:dollar 6.83:dollar /:dollar 20:dollar =:dollar
EXPR: 0 | POS | FRA | 2 | 5.98 | 136.97 | 7.19=((6.83+x)/20) | 7.19 6.83 x + 20 / = | 7.19:dollar 6.83:dollar x:dollar +:dollar 20:dollar /:dollar =:dollar
EXPR: 0 | POS | FRA | 2 | 5.98 | 129.41 | 7.19=((6.83*20)-x) | 7.19 6.83 20 * x - = | 7.19:dollar 6.83:dollar 20:dollar *:dollar x:dollar -:dollar =:dollar
EXPR: 0 | POS | FRA | 2 | 5.98 | 1.8317107093185 | ((x*7.19)+6.83)=20 | x 7.19 * 6.83 + 20 = | x:dollar 7.19:dollar *:dollar 6.83:dollar +:dollar 20:dollar =:dollar
EXPR: 0 | POS | FRA | 2 | 5.98 | 7.2 | (x/(7.19-6.83))=20 | x 7.19 6.83 - / 20 = | x:dollar 7.19:dollar 6.83:dollar -:dollar /:dollar 20:dollar =:dollar
EXPR: 0 | POS | FRA | 2 | 5.98 | 185.7077 | (6.83*(7.19+20))=x | 6.83 7.19 20 + * x = | 6.83:dollar 7.19:dollar 20:dollar +:dollar *:dollar x:dollar =:dollar
EXPR: 0 | POS | FRA | 2 | 5.98 | 7.5315 | 7.19=(x-(6.83/20)) | 7.19 x 6.83 20 / - = | 7.19:dollar x:dollar 6.83:dollar 20:dollar /:dollar -:dollar =:dollar
EXPR: 0 | POS | FRA | 2 | 5.98 | 20.36 | ((x-7.19)+6.83)=20 | x 7.19 - 6.83 + 20 = | x:dollar 7.19:dollar -:dollar 6.83:dollar +:dollar 20:dollar =:dollar
EXPR: 0 | POS | FRA | 2 | 5.98 | 34.02 | ((x-7.19)-6.83)=20 | x 7.19 - 6.83 - 20 = | x:dollar 7.19:dollar -:dollar 6.83:dollar -:dollar 20:dollar =:dollar
EXPR: 0 | POS | FRA | 2 | 5.98 | 20.36 | 7.19=((6.83+x)-20) | 7.19 6.83 x + 20 - = | 7.19:dollar 6.83:dollar x:dollar +:dollar 20:dollar -:dollar =:dollar
EXPR: 1 | POS | FRA | 2 | 5.98 | 5.98 | ((x+7.19)+6.83)=20 | x 7.19 + 6.83 + 20 = | x:dollar 7.19:dollar +:dollar 6.83:dollar +:dollar 20:dollar =:dollar
EXPR: 0 | POS | FRA | 2 | 5.98 | 20.36 | 7.19=(6.83-(20-x)) | 7.19 6.83 20 x - - = | 7.19:dollar 6.83:dollar 20:dollar x:dollar -:dollar -:dollar =:dollar
EXPR: 0 | POS | FRA | 2 | 5.98 | 7.1895 | (7.19/(x-6.83))=20 | 7.19 x 6.83 - / 20 = | 7.19:dollar x:dollar 6.83:dollar -:dollar /:dollar 20:dollar =:dollar
EXPR: 0 | POS | FRA | 2 | 5.98 | 19.0500695410292 | 7.19=(6.83/(20-x)) | 7.19 6.83 20 x - / = | 7.19:dollar 6.83:dollar 20:dollar x:dollar -:dollar /:dollar =:dollar
EXPR: 0 | POS | FRA | 2 | 5.98 | 20.36 | 7.19=((x+6.83)-20) | 7.19 x 6.83 + 20 - = | 7.19:dollar x:dollar 6.83:dollar +:dollar 20:dollar -:dollar =:dollar
EXPR: 0 | POS | FRA | 2 | 5.98 | 6.4705 | (7.19/(6.83-x))=20 | 7.19 6.83 x - / 20 = | 7.19:dollar 6.83:dollar x:dollar -:dollar /:dollar 20:dollar =:dollar
EXPR: 0 | POS | FRA | 2 | 5.98 | 6.4705 | 7.19=((6.83-x)*20) | 7.19 6.83 x - 20 * = | 7.19:dollar 6.83:dollar x:dollar -:dollar 20:dollar *:dollar =:dollar
EXPR: 0 | POS | FRA | 2 | 5.98 | 94.6923 | ((x/7.19)+6.83)=20 | x 7.19 / 6.83 + 20 = | x:dollar 7.19:dollar /:dollar 6.83:dollar +:dollar 20:dollar =:dollar
EXPR: 0 | POS | FRA | 2 | 5.98 | 19.64 | 7.19=(6.83-(x-20)) | 7.19 6.83 x 20 - - = | 7.19:dollar 6.83:dollar x:dollar 20:dollar -:dollar -:dollar =:dollar
EXPR: 0 | POS | FRA | 2 | 5.98 | 20.36 | 7.19=((6.83-20)+x) | 7.19 6.83 20 - x + = | 7.19:dollar 6.83:dollar 20:dollar -:dollar x:dollar +:dollar =:dollar
EXPR: 0 | POS | FRA | 2 | 5.98 | 69.1077 | (x-(7.19*6.83))=20 | x 7.19 6.83 * - 20 = | x:dollar 7.19:dollar 6.83:dollar *:dollar -:dollar 20:dollar =:dollar
EXPR: 0 | POS | FRA | 2 | 5.98 | 18.9472913616398 | (x+(7.19/6.83))=20 | x 7.19 6.83 / + 20 = | x:dollar 7.19:dollar 6.83:dollar /:dollar +:dollar 20:dollar =:dollar
EXPR: 1 | POS | FRA | 2 | 5.98 | 5.98 | (7.19+(x+6.83))=20 | 7.19 x 6.83 + + 20 = | 7.19:dollar x:dollar 6.83:dollar +:dollar +:dollar 20:dollar =:dollar
EXPR: 0 | POS | FRA | 2 | 5.98 | 3.73157162726008 | ((x*7.19)-6.83)=20 | x 7.19 * 6.83 - 20 = | x:dollar 7.19:dollar *:dollar 6.83:dollar -:dollar 20:dollar =:dollar
EXPR: 0 | POS | FRA | 2 | 5.98 | 19.64 | ((x+7.19)-6.83)=20 | x 7.19 + 6.83 - 20 = | x:dollar 7.19:dollar +:dollar 6.83:dollar -:dollar 20:dollar =:dollar
EXPR: 0 | POS | FRA | 2 | 5.98 | 7.2 | 7.19=(6.83+(x/20)) | 7.19 6.83 x 20 / + = | 7.19:dollar 6.83:dollar x:dollar 20:dollar /:dollar +:dollar =:dollar
EXPR: 0 | POS | FRA | 2 | 5.98 | 3.9809663250366 | 7.19=((6.83*x)-20) | 7.19 6.83 x * 20 - = | 7.19:dollar 6.83:dollar x:dollar *:dollar 20:dollar -:dollar =:dollar
EXPR: 0 | POS | FRA | 2 | 5.98 | 0.251195292386907 | 7.19=((6.83/x)-20) | 7.19 6.83 x / 20 - = | 7.19:dollar 6.83:dollar x:dollar /:dollar 20:dollar -:dollar =:dollar
EXPR: 0 | POS | FRA | 2 | 5.98 | 192.9077 | ((x/7.19)-6.83)=20 | x 7.19 / 6.83 - 20 = | x:dollar 7.19:dollar /:dollar 6.83:dollar -:dollar 20:dollar =:dollar
EXPR: 0 | POS | FRA | 2 | 5.98 | 280.4 | (x/(7.19+6.83))=20 | x 7.19 6.83 + / 20 = | x:dollar 7.19:dollar 6.83:dollar +:dollar /:dollar 20:dollar =:dollar
EXPR: 0 | POS | FRA | 2 | 5.98 | 129.41 | ((x+7.19)/6.83)=20 | x 7.19 + 6.83 / 20 = | x:dollar 7.19:dollar +:dollar 6.83:dollar /:dollar 20:dollar =:dollar
EXPR: 0 | POS | FRA | 2 | 5.98 | 21.0527086383602 | (x-(7.19/6.83))=20 | x 7.19 6.83 / - 20 = | x:dollar 7.19:dollar 6.83:dollar /:dollar -:dollar 20:dollar =:dollar
EXPR: 0 | POS | FRA | 2 | 5.98 | 0.251195292386907 | (6.83/(7.19+20))=x | 6.83 7.19 20 + / x = | 6.83:dollar 7.19:dollar 20:dollar +:dollar /:dollar x:dollar =:dollar
EXPR: 0 | POS | FRA | 2 | 5.98 | 0.251195292386907 | x=(6.83/(7.19+20)) | x 6.83 7.19 20 + / = | x:dollar 6.83:dollar 7.19:dollar 20:dollar +:dollar /:dollar =:dollar
EXPR: 0 | POS | FRA | 2 | 5.98 | 185.7077 | x=(6.83*(7.19+20)) | x 6.83 7.19 20 + * = | x:dollar 6.83:dollar 7.19:dollar 20:dollar +:dollar *:dollar =:dollar
EXPR: 0 | POS | FRA | 2 | 5.98 | 1.4265335235378 | ((7.19+6.83)*x)=20 | 7.19 6.83 + x * 20 = | 7.19:dollar 6.83:dollar +:dollar x:dollar *:dollar 20:dollar =:dollar
EXPR: 0 | POS | FRA | 2 | 5.98 | 0.701 | ((7.19+6.83)/x)=20 | 7.19 6.83 + x / 20 = | 7.19:dollar 6.83:dollar +:dollar x:dollar /:dollar 20:dollar =:dollar
EXPR: 0 | POS | FRA | 2 | 5.98 | 20.36 | 7.19=(x+(6.83-20)) | 7.19 x 6.83 20 - + = | 7.19:dollar x:dollar 6.83:dollar 20:dollar -:dollar +:dollar =:dollar
EXPR: 0 | POS | FRA | 2 | 5.98 | 6.8485 | 7.19=(x+(6.83/20)) | 7.19 x 6.83 20 / + = | 7.19:dollar x:dollar 6.83:dollar 20:dollar /:dollar +:dollar =:dollar
EXPR: 0 | POS | FRA | 4 | 5.98 | 20.36 | ((6.83+x)-7.19)=20 | 6.83 x + 7.19 - 20 = | 6.83:dollar x:dollar +:dollar 7.19:dollar -:dollar 20:dollar =:dollar
EXPR: 0 | POS | FRA | 4 | 5.98 | 34.02 | (x-(7.19+20))=6.83 | x 7.19 20 + - 6.83 = | x:dollar 7.19:dollar 20:dollar +:dollar -:dollar 6.83:dollar =:dollar
EXPR: 0 | POS | FRA | 4 | 5.98 | 19.64 | ((7.19-20)+x)=6.83 | 7.19 20 - x + 6.83 = | 7.19:dollar 20:dollar -:dollar x:dollar +:dollar 6.83:dollar =:dollar
EXPR: 0 | POS | FRA | 4 | 5.98 | 20.36 | 6.83=((7.19-x)+20) | 6.83 7.19 x - 20 + = | 6.83:dollar 7.19:dollar x:dollar -:dollar 20:dollar +:dollar =:dollar
EXPR: 0 | POS | FRA | 4 | 5.98 | 6.8485 | 6.83=((7.19-x)*20) | 6.83 7.19 x - 20 * = | 6.83:dollar 7.19:dollar x:dollar -:dollar 20:dollar *:dollar =:dollar
EXPR: 0 | POS | FRA | 4 | 5.98 | 20.36 | 7.19=((x-20)+6.83) | 7.19 x 20 - 6.83 + = | 7.19:dollar x:dollar 20:dollar -:dollar 6.83:dollar +:dollar =:dollar
EXPR: 0 | POS | FRA | 4 | 5.98 | 34.02 | 7.19=((x-20)-6.83) | 7.19 x 20 - 6.83 - = | 7.19:dollar x:dollar 20:dollar -:dollar 6.83:dollar -:dollar =:dollar
EXPR: 0 | POS | FRA | 4 | 5.98 | 20.36 | (6.83+(x-7.19))=20 | 6.83 x 7.19 - + 20 = | 6.83:dollar x:dollar 7.19:dollar -:dollar +:dollar 20:dollar =:dollar
EXPR: 0 | POS | FRA | 4 | 5.98 | 1.8317107093185 | (6.83+(x*7.19))=20 | 6.83 x 7.19 * + 20 = | 6.83:dollar x:dollar 7.19:dollar *:dollar +:dollar 20:dollar =:dollar
EXPR: 0 | POS | FRA | 4 | 5.98 | 94.6923 | 7.19=(x/(20-6.83)) | 7.19 x 20 6.83 - / = | 7.19:dollar x:dollar 20:dollar 6.83:dollar -:dollar /:dollar =:dollar
EXPR: 0 | POS | FRA | 4 | 5.98 | 9.61164116828929 | ((x-6.83)*7.19)=20 | x 6.83 - 7.19 * 20 = | x:dollar 6.83:dollar -:dollar 7.19:dollar *:dollar 20:dollar =:dollar
EXPR: 0 | POS | FRA | 4 | 5.98 | 150.63 | ((x-6.83)/7.19)=20 | x 6.83 - 7.19 / 20 = | x:dollar 6.83:dollar -:dollar 7.19:dollar /:dollar 20:dollar =:dollar
EXPR: 0 | POS | FRA | 4 | 5.98 | 19.64 | 6.83=((x+7.19)-20) | 6.83 x 7.19 + 20 - = | 6.83:dollar x:dollar 7.19:dollar +:dollar 20:dollar -:dollar =:dollar
EXPR: 0 | POS | FRA | 4 | 5.98 | 21.0527086383602 | 7.19=((x-20)*6.83) | 7.19 x 20 - 6.83 * = | 7.19:dollar x:dollar 20:dollar -:dollar 6.83:dollar *:dollar =:dollar
EXPR: 0 | POS | FRA | 4 | 5.98 | 20.36 | ((7.19-x)+20)=6.83 | 7.19 x - 20 + 6.83 = | 7.19:dollar x:dollar -:dollar 20:dollar +:dollar 6.83:dollar =:dollar
EXPR: 0 | POS | FRA | 4 | 5.98 | 0.701 | 7.19=((x*20)-6.83) | 7.19 x 20 * 6.83 - = | 7.19:dollar x:dollar 20:dollar *:dollar 6.83:dollar -:dollar =:dollar
EXPR: 0 | POS | FRA | 4 | 5.98 | 0.251195292386907 | 6.83=(x*(7.19+20)) | 6.83 x 7.19 20 + * = | 6.83:dollar x:dollar 7.19:dollar 20:dollar +:dollar *:dollar =:dollar
EXPR: 0 | POS | FRA | 4 | 5.98 | 19.64 | (7.19+(x-20))=6.83 | 7.19 x 20 - + 6.83 = | 7.19:dollar x:dollar 20:dollar -:dollar +:dollar 6.83:dollar =:dollar
EXPR: 0 | POS | FRA | 4 | 5.98 | 0.018 | 7.19=((x*20)+6.83) | 7.19 x 20 * 6.83 + = | 7.19:dollar x:dollar 20:dollar *:dollar 6.83:dollar +:dollar =:dollar
EXPR: 0 | POS | FRA | 4 | 5.98 | 4.04835883171071 | ((6.83-x)*7.19)=20 | 6.83 x - 7.19 * 20 = | 6.83:dollar x:dollar -:dollar 7.19:dollar *:dollar 20:dollar =:dollar
EXPR: 0 | POS | FRA | 4 | 5.98 | 20.36 | (x+(6.83-7.19))=20 | x 6.83 7.19 - + 20 = | x:dollar 6.83:dollar 7.19:dollar -:dollar +:dollar 20:dollar =:dollar
EXPR: 0 | POS | FRA | 4 | 5.98 | 7.2 | 7.19=((x/20)+6.83) | 7.19 x 20 / 6.83 + = | 7.19:dollar x:dollar 20:dollar /:dollar 6.83:dollar +:dollar =:dollar
EXPR: 0 | POS | FRA | 4 | 5.98 | 34.02 | 6.83=((x-7.19)-20) | 6.83 x 7.19 - 20 - = | 6.83:dollar x:dollar 7.19:dollar -:dollar 20:dollar -:dollar =:dollar
EXPR: 1 | POS | FRA | 4 | 5.98 | 5.98 | ((6.83+x)+7.19)=20 | 6.83 x + 7.19 + 20 = | 6.83:dollar x:dollar +:dollar 7.19:dollar +:dollar 20:dollar =:dollar
EXPR: 0 | POS | FRA | 4 | 5.98 | 20.36 | 6.83=(7.19+(20-x)) | 6.83 7.19 20 x - + = | 6.83:dollar 7.19:dollar 20:dollar x:dollar -:dollar +:dollar =:dollar
EXPR: 1 | POS | FRA | 4 | 5.98 | 5.98 | 7.19=((20-x)-6.83) | 7.19 20 x - 6.83 - = | 7.19:dollar 20:dollar x:dollar -:dollar 6.83:dollar -:dollar =:dollar
EXPR: 0 | POS | FRA | 4 | 5.98 | 3.73157162726008 | 6.83=((7.19*x)-20) | 6.83 7.19 x * 20 - = | 6.83:dollar 7.19:dollar x:dollar *:dollar 20:dollar -:dollar =:dollar
EXPR: 0 | POS | FRA | 4 | 5.98 | 0.251195292386907 | (x*(7.19+20))=6.83 | x 7.19 20 + * 6.83 = | x:dollar 7.19:dollar 20:dollar +:dollar *:dollar 6.83:dollar =:dollar
EXPR: 0 | POS | FRA | 4 | 5.98 | 19.0500695410292 | (7.19*(20-x))=6.83 | 7.19 20 x - * 6.83 = | 7.19:dollar 20:dollar x:dollar -:dollar *:dollar 6.83:dollar =:dollar
EXPR: 0 | POS | FRA | 4 | 5.98 | 18.9472913616398 | (7.19/(20-x))=6.83 | 7.19 20 x - / 6.83 = | 7.19:dollar 20:dollar x:dollar -:dollar /:dollar 6.83:dollar =:dollar
EXPR: 0 | POS | FRA | 4 | 5.98 | 19.64 | 7.19=((20-x)+6.83) | 7.19 20 x - 6.83 + = | 7.19:dollar 20:dollar x:dollar -:dollar 6.83:dollar +:dollar =:dollar
EXPR: 0 | POS | FRA | 4 | 5.98 | 129.41 | 6.83=((7.19+x)/20) | 6.83 7.19 x + 20 / = | 6.83:dollar 7.19:dollar x:dollar +:dollar 20:dollar /:dollar =:dollar
EXPR: 0 | POS | FRA | 4 | 5.98 | 19.64 | 7.19=(20+(6.83-x)) | 7.19 20 6.83 x - + = | 7.19:dollar 20:dollar 6.83:dollar x:dollar -:dollar +:dollar =:dollar
EXPR: 0 | POS | FRA | 4 | 5.98 | 19.64 | (x+(7.19-20))=6.83 | x 7.19 20 - + 6.83 = | x:dollar 7.19:dollar 20:dollar -:dollar +:dollar 6.83:dollar =:dollar
EXPR: 1 | POS | FRA | 4 | 5.98 | 5.98 | (6.83+(x+7.19))=20 | 6.83 x 7.19 + + 20 = | 6.83:dollar x:dollar 7.19:dollar +:dollar +:dollar 20:dollar =:dollar
EXPR: 0 | POS | FRA | 4 | 5.98 | 6.4705 | 7.19=(20*(6.83-x)) | 7.19 20 6.83 x - * = | 7.19:dollar 20:dollar 6.83:dollar x:dollar -:dollar *:dollar =:dollar
EXPR: 0 | POS | FRA | 4 | 5.98 | 0.267983600447261 | 6.83=((7.19/x)-20) | 6.83 7.19 x / 20 - = | 6.83:dollar 7.19:dollar x:dollar /:dollar 20:dollar -:dollar =:dollar
EXPR: 0 | POS | FRA | 4 | 5.98 | 20.36 | (7.19+(20-x))=6.83 | 7.19 20 x - + 6.83 = | 7.19:dollar 20:dollar x:dollar -:dollar +:dollar 6.83:dollar =:dollar
EXPR: 0 | POS | FRA | 4 | 5.98 | 7.2 | (7.19-(x/20))=6.83 | 7.19 x 20 / - 6.83 = | 7.19:dollar x:dollar 20:dollar /:dollar -:dollar 6.83:dollar =:dollar
EXPR: 0 | POS | FRA | 4 | 5.98 | 1.8317107093185 | (6.83+(7.19*x))=20 | 6.83 7.19 x * + 20 = | 6.83:dollar 7.19:dollar x:dollar *:dollar +:dollar 20:dollar =:dollar
EXPR: 0 | POS | FRA | 4 | 5.98 | 3.73157162726008 | ((7.19*x)-20)=6.83 | 7.19 x * 20 - 6.83 = | 7.19:dollar x:dollar *:dollar 20:dollar -:dollar 6.83:dollar =:dollar
EXPR: 0 | POS | FRA | 4 | 5.98 | 0.267983600447261 | ((7.19/x)-20)=6.83 | 7.19 x / 20 - 6.83 = | 7.19:dollar x:dollar /:dollar 20:dollar -:dollar 6.83:dollar =:dollar
EXPR: 0 | POS | FRA | 4 | 5.98 | 34.02 | 6.83=(x-(7.19+20)) | 6.83 x 7.19 20 + - = | 6.83:dollar x:dollar 7.19:dollar 20:dollar +:dollar -:dollar =:dollar
EXPR: 0 | POS | FRA | 4 | 5.98 | 136.97 | ((7.19*20)-x)=6.83 | 7.19 20 * x - 6.83 = | 7.19:dollar 20:dollar *:dollar x:dollar -:dollar 6.83:dollar =:dollar
EXPR: 0 | POS | FRA | 4 | 5.98 | 7.5315 | ((x-7.19)*20)=6.83 | x 7.19 - 20 * 6.83 = | x:dollar 7.19:dollar -:dollar 20:dollar *:dollar 6.83:dollar =:dollar
EXPR: 0 | POS | FRA | 4 | 5.98 | 143.79 | ((x-7.19)/20)=6.83 | x 7.19 - 20 / 6.83 = | x:dollar 7.19:dollar -:dollar 20:dollar /:dollar 6.83:dollar =:dollar
EXPR: 0 | POS | FRA | 4 | 5.98 | 18.9472913616398 | 6.83=(7.19/(20-x)) | 6.83 7.19 20 x - / = | 6.83:dollar 7.19:dollar 20:dollar x:dollar -:dollar /:dollar =:dollar
EXPR: 0 | POS | FRA | 4 | 5.98 | 19.64 | ((7.19+x)-20)=6.83 | 7.19 x + 20 - 6.83 = | 7.19:dollar x:dollar +:dollar 20:dollar -:dollar 6.83:dollar =:dollar
EXPR: 0 | POS | FRA | 4 | 5.98 | 150.63 | 6.83=(x-(7.19*20)) | 6.83 x 7.19 20 * - = | 6.83:dollar x:dollar 7.19:dollar 20:dollar *:dollar -:dollar =:dollar
EXPR: 0 | POS | FRA | 4 | 5.98 | 69.1076999999998 | 7.19=((x-20)/6.83) | 7.19 x 20 - 6.83 / = | 7.19:dollar x:dollar 20:dollar -:dollar 6.83:dollar /:dollar =:dollar
EXPR: 0 | POS | FRA | 4 | 5.98 | 0.018 | (7.19-(x*20))=6.83 | 7.19 x 20 * - 6.83 = | 7.19:dollar x:dollar 20:dollar *:dollar -:dollar 6.83:dollar =:dollar
EXPR: 1 | POS | FRA | 4 | 5.98 | 5.98 | 7.19=((20-6.83)-x) | 7.19 20 6.83 - x - = | 7.19:dollar 20:dollar 6.83:dollar -:dollar x:dollar -:dollar =:dollar
EXPR: 0 | POS | FRA | 4 | 5.98 | 94.6923 | (6.83+(x/7.19))=20 | 6.83 x 7.19 / + 20 = | 6.83:dollar x:dollar 7.19:dollar /:dollar +:dollar 20:dollar =:dollar
EXPR: 0 | POS | FRA | 4 | 5.98 | 0.251195292386907 | 6.83=((7.19+20)*x) | 6.83 7.19 20 + x * = | 6.83:dollar 7.19:dollar 20:dollar +:dollar x:dollar *:dollar =:dollar
EXPR: 0 | POS | FRA | 4 | 5.98 | 3.9809663250366 | 6.83=((7.19+20)/x) | 6.83 7.19 20 + x / = | 6.83:dollar 7.19:dollar 20:dollar +:dollar x:dollar /:dollar =:dollar
EXPR: 1 | POS | FRA | 4 | 5.98 | 5.98 | (6.83+(7.19+x))=20 | 6.83 7.19 x + + 20 = | 6.83:dollar 7.19:dollar x:dollar +:dollar +:dollar 20:dollar =:dollar
EXPR: 0 | POS | FRA | 4 | 5.98 | 1.87554904831625 | 7.19=(20-(6.83*x)) | 7.19 20 6.83 x * - = | 7.19:dollar 20:dollar 6.83:dollar x:dollar *:dollar -:dollar =:dollar
EXPR: 0 | POS | FRA | 4 | 5.98 | 7.1895 | 7.19=(20*(x-6.83)) | 7.19 20 x 6.83 - * = | 7.19:dollar 20:dollar x:dollar 6.83:dollar -:dollar *:dollar =:dollar
EXPR: 0 | POS | FRA | 4 | 5.98 | 20.9499304589708 | (7.19*(x-20))=6.83 | 7.19 x 20 - * 6.83 = | 7.19:dollar x:dollar 20:dollar -:dollar *:dollar 6.83:dollar =:dollar
EXPR: 0 | POS | FRA | 4 | 5.98 | 7.1895 | 6.83=(x-(7.19/20)) | 6.83 x 7.19 20 / - = | 6.83:dollar x:dollar 7.19:dollar 20:dollar /:dollar -:dollar =:dollar
EXPR: 0 | POS | FRA | 4 | 5.98 | 19.64 | 6.83=(x+(7.19-20)) | 6.83 x 7.19 20 - + = | 6.83:dollar x:dollar 7.19:dollar 20:dollar -:dollar +:dollar =:dollar
EXPR: 0 | POS | FRA | 4 | 5.98 | 21.0527086383602 | 6.83=(7.19/(x-20)) | 6.83 7.19 x 20 - / = | 6.83:dollar 7.19:dollar x:dollar 20:dollar -:dollar /:dollar =:dollar
EXPR: 0 | POS | FRA | 4 | 5.98 | 19.64 | 6.83=((7.19-20)+x) | 6.83 7.19 20 - x + = | 6.83:dollar 7.19:dollar 20:dollar -:dollar x:dollar +:dollar =:dollar
EXPR: 0 | POS | FRA | 4 | 5.98 | 9.61164116828929 | 7.19=(20/(x-6.83)) | 7.19 20 x 6.83 - / = | 7.19:dollar 20:dollar x:dollar 6.83:dollar -:dollar /:dollar =:dollar
EXPR: 0 | POS | FRA | 4 | 5.98 | 4.04835883171071 | 7.19=(20/(6.83-x)) | 7.19 20 6.83 x - / = | 7.19:dollar 20:dollar 6.83:dollar x:dollar -:dollar /:dollar =:dollar
EXPR: 0 | POS | FRA | 4 | 5.98 | 19.0500695410292 | 6.83=(7.19*(20-x)) | 6.83 7.19 20 x - * = | 6.83:dollar 7.19:dollar 20:dollar x:dollar -:dollar *:dollar =:dollar
EXPR: 0 | POS | FRA | 4 | 5.98 | 0.533177205308353 | 7.19=(20-(6.83/x)) | 7.19 20 6.83 x / - = | 7.19:dollar 20:dollar 6.83:dollar x:dollar /:dollar -:dollar =:dollar
EXPR: 0 | POS | FRA | 4 | 5.98 | 29.1077 | 7.19=((x+20)/6.83) | 7.19 x 20 + 6.83 / = | 7.19:dollar x:dollar 20:dollar +:dollar 6.83:dollar /:dollar =:dollar
EXPR: 0 | POS | FRA | 4 | 5.98 | 6.8485 | ((7.19-x)*20)=6.83 | 7.19 x - 20 * 6.83 = | 7.19:dollar x:dollar -:dollar 20:dollar *:dollar 6.83:dollar =:dollar
EXPR: 0 | POS | FRA | 4 | 5.98 | 0.545937737281701 | (6.83+(7.19/x))=20 | 6.83 7.19 x / + 20 = | 6.83:dollar 7.19:dollar x:dollar /:dollar +:dollar 20:dollar =:dollar
EXPR: 0 | POS | FRA | 4 | 5.98 | 0.018 | (7.19-(20*x))=6.83 | 7.19 20 x * - 6.83 = | 7.19:dollar 20:dollar x:dollar *:dollar -:dollar 6.83:dollar =:dollar
EXPR: 0 | POS | FRA | 4 | 5.98 | 55.5555555555556 | (7.19-(20/x))=6.83 | 7.19 20 x / - 6.83 = | 7.19:dollar 20:dollar x:dollar /:dollar -:dollar 6.83:dollar =:dollar
EXPR: 0 | POS | FRA | 4 | 5.98 | 20.36 | ((6.83-7.19)+x)=20 | 6.83 7.19 - x + 20 = | 6.83:dollar 7.19:dollar -:dollar x:dollar +:dollar 20:dollar =:dollar
EXPR: 0 | POS | FRA | 4 | 5.98 | 19.0500695410292 | ((6.83/7.19)+x)=20 | 6.83 7.19 / x + 20 = | 6.83:dollar 7.19:dollar /:dollar x:dollar +:dollar 20:dollar =:dollar
EXPR: 0 | POS | FRA | 4 | 5.98 | 20.36 | 6.83=(7.19-(x-20)) | 6.83 7.19 x 20 - - = | 6.83:dollar 7.19:dollar x:dollar 20:dollar -:dollar -:dollar =:dollar
EXPR: 0 | POS | FRA | 4 | 5.98 | 0.018 | 6.83=(7.19-(x*20)) | 6.83 7.19 x 20 * - = | 6.83:dollar 7.19:dollar x:dollar 20:dollar *:dollar -:dollar =:dollar
EXPR: 0 | POS | FRA | 4 | 5.98 | 129.41 | 6.83=((x+7.19)/20) | 6.83 x 7.19 + 20 / = | 6.83:dollar x:dollar 7.19:dollar +:dollar 20:dollar /:dollar =:dollar
EXPR: 0 | POS | FRA | 4 | 5.98 | 136.97 | ((6.83+x)/7.19)=20 | 6.83 x + 7.19 / 20 = | 6.83:dollar x:dollar +:dollar 7.19:dollar /:dollar 20:dollar =:dollar
EXPR: 1 | POS | FRA | 4 | 5.98 | 5.98 | 7.19=(20-(6.83+x)) | 7.19 20 6.83 x + - = | 7.19:dollar 20:dollar 6.83:dollar x:dollar +:dollar -:dollar =:dollar
EXPR: 0 | POS | FRA | 4 | 5.98 | 6.4705 | ((7.19/20)+x)=6.83 | 7.19 20 / x + 6.83 = | 7.19:dollar 20:dollar /:dollar x:dollar +:dollar 6.83:dollar =:dollar
EXPR: 0 | POS | FRA | 4 | 5.98 | 280.4 | 7.19=((x/20)-6.83) | 7.19 x 20 / 6.83 - = | 7.19:dollar x:dollar 20:dollar /:dollar 6.83:dollar -:dollar =:dollar
EXPR: 0 | POS | FRA | 4 | 5.98 | 185.7077 | 6.83=(x/(7.19+20)) | 6.83 x 7.19 20 + / = | 6.83:dollar x:dollar 7.19:dollar 20:dollar +:dollar /:dollar =:dollar
EXPR: 0 | POS | FRA | 4 | 5.98 | 3.73157162726008 | 6.83=((x*7.19)-20) | 6.83 x 7.19 * 20 - = | 6.83:dollar x:dollar 7.19:dollar *:dollar 20:dollar -:dollar =:dollar
EXPR: 0 | POS | FRA | 4 | 5.98 | 7.2 | 6.83=(7.19-(x/20)) | 6.83 7.19 x 20 / - = | 6.83:dollar 7.19:dollar x:dollar 20:dollar /:dollar -:dollar =:dollar
EXPR: 0 | POS | FRA | 4 | 5.98 | 0.018 | 7.19=((20*x)+6.83) | 7.19 20 x * 6.83 + = | 7.19:dollar 20:dollar x:dollar *:dollar 6.83:dollar +:dollar =:dollar
EXPR: 0 | POS | FRA | 4 | 5.98 | 34.02 | ((x-6.83)-7.19)=20 | x 6.83 - 7.19 - 20 = | x:dollar 6.83:dollar -:dollar 7.19:dollar -:dollar 20:dollar =:dollar
EXPR: 0 | POS | FRA | 4 | 5.98 | 3.73157162726008 | ((x*7.19)-20)=6.83 | x 7.19 * 20 - 6.83 = | x:dollar 7.19:dollar *:dollar 20:dollar -:dollar 6.83:dollar =:dollar
EXPR: 1 | POS | FRA | 4 | 5.98 | 5.98 | ((x+6.83)+7.19)=20 | x 6.83 + 7.19 + 20 = | x:dollar 6.83:dollar +:dollar 7.19:dollar +:dollar 20:dollar =:dollar
EXPR: 0 | POS | FRA | 4 | 5.98 | 1.87554904831625 | ((6.83*x)+7.19)=20 | 6.83 x * 7.19 + 20 = | 6.83:dollar x:dollar *:dollar 7.19:dollar +:dollar 20:dollar =:dollar
EXPR: 0 | POS | FRA | 4 | 5.98 | 3.9809663250366 | ((6.83*x)-7.19)=20 | 6.83 x * 7.19 - 20 = | 6.83:dollar x:dollar *:dollar 7.19:dollar -:dollar 20:dollar =:dollar
EXPR: 0 | POS | FRA | 4 | 5.98 | 0.533177205308353 | ((6.83/x)+7.19)=20 | 6.83 x / 7.19 + 20 = | 6.83:dollar x:dollar /:dollar 7.19:dollar +:dollar 20:dollar =:dollar
EXPR: 0 | POS | FRA | 4 | 5.98 | 6.4705 | 6.83=(x+(7.19/20)) | 6.83 x 7.19 20 / + = | 6.83:dollar x:dollar 7.19:dollar 20:dollar /:dollar +:dollar =:dollar
EXPR: 0 | POS | FRA | 4 | 5.98 | 19.64 | (7.19-(20-x))=6.83 | 7.19 20 x - - 6.83 = | 7.19:dollar 20:dollar x:dollar -:dollar -:dollar 6.83:dollar =:dollar
EXPR: 0 | POS | FRA | 4 | 5.98 | 10.1182576866764 | (6.83*(x-7.19))=20 | 6.83 x 7.19 - * 20 = | 6.83:dollar x:dollar 7.19:dollar -:dollar *:dollar 20:dollar =:dollar
EXPR: 0 | POS | FRA | 4 | 5.98 | 19.64 | ((x-6.83)+7.19)=20 | x 6.83 - 7.19 + 20 = | x:dollar 6.83:dollar -:dollar 7.19:dollar +:dollar 20:dollar =:dollar
EXPR: 0 | POS | FRA | 4 | 5.98 | 19.64 | 6.83=((7.19+x)-20) | 6.83 7.19 x + 20 - = | 6.83:dollar 7.19:dollar x:dollar +:dollar 20:dollar -:dollar =:dollar
EXPR: 0 | POS | FRA | 4 | 5.98 | 4.26174231332357 | (6.83*(7.19-x))=20 | 6.83 7.19 x - * 20 = | 6.83:dollar 7.19:dollar x:dollar -:dollar *:dollar 20:dollar =:dollar
EXPR: 0 | POS | FRA | 4 | 5.98 | 0.251195292386907 | ((6.83/x)-7.19)=20 | 6.83 x / 7.19 - 20 = | 6.83:dollar x:dollar /:dollar 7.19:dollar -:dollar 20:dollar =:dollar
EXPR: 0 | POS | FRA | 4 | 5.98 | 18.9472913616398 | 7.19=((20-x)*6.83) | 7.19 20 x - 6.83 * = | 7.19:dollar 20:dollar x:dollar -:dollar 6.83:dollar *:dollar =:dollar
EXPR: 0 | POS | FRA | 4 | 5.98 | 6.8485 | (6.83/(7.19-x))=20 | 6.83 7.19 x - / 20 = | 6.83:dollar 7.19:dollar x:dollar -:dollar /:dollar 20:dollar =:dollar
EXPR: 0 | POS | FRA | 4 | 5.98 | 87.4923 | ((x/6.83)+7.19)=20 | x 6.83 / 7.19 + 20 = | x:dollar 6.83:dollar /:dollar 7.19:dollar +:dollar 20:dollar =:dollar
EXPR: 0 | POS | FRA | 4 | 5.98 | 136.97 | 6.83=((7.19*20)-x) | 6.83 7.19 20 * x - = | 6.83:dollar 7.19:dollar 20:dollar *:dollar x:dollar -:dollar =:dollar
EXPR: 0 | POS | FRA | 4 | 5.98 | 0.545937737281701 | 7.19=(x*(20-6.83)) | 7.19 x 20 6.83 - * = | 7.19:dollar x:dollar 20:dollar 6.83:dollar -:dollar *:dollar =:dollar
EXPR: 0 | POS | FRA | 4 | 5.98 | 7.5315 | (6.83/(x-7.19))=20 | 6.83 x 7.19 - / 20 = | 6.83:dollar x:dollar 7.19:dollar -:dollar /:dollar 20:dollar =:dollar
EXPR: 0 | POS | FRA | 4 | 5.98 | 29.1077 | 7.19=((20+x)/6.83) | 7.19 20 x + 6.83 / = | 7.19:dollar 20:dollar x:dollar +:dollar 6.83:dollar /:dollar =:dollar
EXPR: 0 | POS | FRA | 4 | 5.98 | 20.36 | (6.83-(7.19-x))=20 | 6.83 7.19 x - - 20 = | 6.83:dollar 7.19:dollar x:dollar -:dollar -:dollar 20:dollar =:dollar
EXPR: 0 | POS | FRA | 4 | 5.98 | 19.64 | (x-(6.83-7.19))=20 | x 6.83 7.19 - - 20 = | x:dollar 6.83:dollar 7.19:dollar -:dollar -:dollar 20:dollar =:dollar
EXPR: 0 | POS | FRA | 4 | 5.98 | 19.64 | 7.19=(20-(x-6.83)) | 7.19 20 x 6.83 - - = | 7.19:dollar 20:dollar x:dollar 6.83:dollar -:dollar -:dollar =:dollar
EXPR: 0 | POS | FRA | 4 | 5.98 | 1.87554904831625 | ((x*6.83)+7.19)=20 | x 6.83 * 7.19 + 20 = | x:dollar 6.83:dollar *:dollar 7.19:dollar +:dollar 20:dollar =:dollar
EXPR: 0 | POS | FRA | 4 | 5.98 | 19.64 | 6.83=(7.19+(x-20)) | 6.83 7.19 x 20 - + = | 6.83:dollar 7.19:dollar x:dollar 20:dollar -:dollar +:dollar =:dollar
EXPR: 0 | POS | FRA | 4 | 5.98 | 20.36 | ((7.19+20)-x)=6.83 | 7.19 20 + x - 6.83 = | 7.19:dollar 20:dollar +:dollar x:dollar -:dollar 6.83:dollar =:dollar
EXPR: 0 | POS | FRA | 4 | 5.98 | 20.36 | ((x+6.83)-7.19)=20 | x 6.83 + 7.19 - 20 = | x:dollar 6.83:dollar +:dollar 7.19:dollar -:dollar 20:dollar =:dollar
EXPR: 0 | POS | FRA | 4 | 5.98 | 19.64 | ((x+7.19)-20)=6.83 | x 7.19 + 20 - 6.83 = | x:dollar 7.19:dollar +:dollar 20:dollar -:dollar 6.83:dollar =:dollar
EXPR: 0 | POS | FRA | 4 | 5.98 | 0.701 | 7.19=((20*x)-6.83) | 7.19 20 x * 6.83 - = | 7.19:dollar 20:dollar x:dollar *:dollar 6.83:dollar -:dollar =:dollar
EXPR: 0 | POS | FRA | 4 | 5.98 | 4.26174231332357 | 7.19=((20/6.83)+x) | 7.19 20 6.83 / x + = | 7.19:dollar 20:dollar 6.83:dollar /:dollar x:dollar +:dollar =:dollar
EXPR: 0 | POS | FRA | 4 | 5.98 | 0.545937737281701 | 7.19=((20-6.83)*x) | 7.19 20 6.83 - x * = | 7.19:dollar 20:dollar 6.83:dollar -:dollar x:dollar *:dollar =:dollar
EXPR: 0 | POS | FRA | 4 | 5.98 | 185.7077 | ((x/6.83)-7.19)=20 | x 6.83 / 7.19 - 20 = | x:dollar 6.83:dollar /:dollar 7.19:dollar -:dollar 20:dollar =:dollar
EXPR: 0 | POS | FRA | 4 | 5.98 | 3.9809663250366 | ((x*6.83)-7.19)=20 | x 6.83 * 7.19 - 20 = | x:dollar 6.83:dollar *:dollar 7.19:dollar -:dollar 20:dollar =:dollar
EXPR: 0 | POS | FRA | 4 | 5.98 | 19.64 | 6.83=(7.19-(20-x)) | 6.83 7.19 20 x - - = | 6.83:dollar 7.19:dollar 20:dollar x:dollar -:dollar -:dollar =:dollar
EXPR: 0 | POS | FRA | 4 | 5.98 | 6.4705 | (x+(7.19/20))=6.83 | x 7.19 20 / + 6.83 = | x:dollar 7.19:dollar 20:dollar /:dollar +:dollar 6.83:dollar =:dollar
EXPR: 0 | POS | FRA | 4 | 5.98 | 129.41 | ((x+7.19)/20)=6.83 | x 7.19 + 20 / 6.83 = | x:dollar 7.19:dollar +:dollar 20:dollar /:dollar 6.83:dollar =:dollar
EXPR: 0 | POS | FRA | 4 | 5.98 | 0.018 | 6.83=(7.19-(20*x)) | 6.83 7.19 20 x * - = | 6.83:dollar 7.19:dollar 20:dollar x:dollar *:dollar -:dollar =:dollar
EXPR: 0 | POS | FRA | 4 | 5.98 | 55.5555555555556 | 6.83=(7.19-(20/x)) | 6.83 7.19 20 x / - = | 6.83:dollar 7.19:dollar 20:dollar x:dollar /:dollar -:dollar =:dollar
EXPR: 0 | POS | FRA | 4 | 5.98 | 20.36 | 6.83=((7.19+20)-x) | 6.83 7.19 20 + x - = | 6.83:dollar 7.19:dollar 20:dollar +:dollar x:dollar -:dollar =:dollar
EXPR: 0 | POS | FRA | 4 | 5.98 | 55.5555555555556 | 7.19=((20/x)+6.83) | 7.19 20 x / 6.83 + = | 7.19:dollar 20:dollar x:dollar /:dollar 6.83:dollar +:dollar =:dollar
EXPR: 0 | POS | FRA | 4 | 5.98 | 1.8317107093185 | 7.19=((20-6.83)/x) | 7.19 20 6.83 - x / = | 7.19:dollar 20:dollar 6.83:dollar -:dollar x:dollar /:dollar =:dollar
EXPR: 0 | POS | FRA | 4 | 5.98 | 6.4705 | 6.83=((7.19/20)+x) | 6.83 7.19 20 / x + = | 6.83:dollar 7.19:dollar 20:dollar /:dollar x:dollar +:dollar =:dollar
EXPR: 0 | POS | FRA | 4 | 5.98 | 21.0527086383602 | (7.19/(x-20))=6.83 | 7.19 x 20 - / 6.83 = | 7.19:dollar x:dollar 20:dollar -:dollar /:dollar 6.83:dollar =:dollar
EXPR: 0 | POS | FRA | 4 | 5.98 | 136.97 | ((x+6.83)/7.19)=20 | x 6.83 + 7.19 / 20 = | x:dollar 6.83:dollar +:dollar 7.19:dollar /:dollar 20:dollar =:dollar
EXPR: 0 | POS | FRA | 4 | 5.98 | 1.87554904831625 | 7.19=(20-(x*6.83)) | 7.19 20 x 6.83 * - = | 7.19:dollar 20:dollar x:dollar 6.83:dollar *:dollar -:dollar =:dollar
EXPR: 0 | POS | FRA | 4 | 5.98 | 1.4265335235378 | 7.19=((20/x)-6.83) | 7.19 20 x / 6.83 - = | 7.19:dollar 20:dollar x:dollar /:dollar 6.83:dollar -:dollar =:dollar
EXPR: 0 | POS | FRA | 4 | 5.98 | 185.7077 | (x/(7.19+20))=6.83 | x 7.19 20 + / 6.83 = | x:dollar 7.19:dollar 20:dollar +:dollar /:dollar 6.83:dollar =:dollar
EXPR: 0 | POS | FRA | 4 | 5.98 | 20.9499304589708 | 6.83=(7.19*(x-20)) | 6.83 7.19 x 20 - * = | 6.83:dollar 7.19:dollar x:dollar 20:dollar -:dollar *:dollar =:dollar
EXPR: 0 | POS | FRA | 4 | 5.98 | 19.0500695410292 | (x+(6.83/7.19))=20 | x 6.83 7.19 / + 20 = | x:dollar 6.83:dollar 7.19:dollar /:dollar +:dollar 20:dollar =:dollar
EXPR: 0 | POS | FRA | 4 | 5.98 | 20.9499304589708 | (x-(6.83/7.19))=20 | x 6.83 7.19 / - 20 = | x:dollar 6.83:dollar 7.19:dollar /:dollar -:dollar 20:dollar =:dollar
EXPR: 0 | POS | FRA | 4 | 5.98 | 7.5315 | 6.83=((x-7.19)*20) | 6.83 x 7.19 - 20 * = | 6.83:dollar x:dollar 7.19:dollar -:dollar 20:dollar *:dollar =:dollar
EXPR: 0 | POS | FRA | 4 | 5.98 | 143.79 | 6.83=((x-7.19)/20) | 6.83 x 7.19 - 20 / = | 6.83:dollar x:dollar 7.19:dollar -:dollar 20:dollar /:dollar =:dollar
EXPR: 0 | POS | FRA | 4 | 5.98 | 20.36 | (7.19-(x-20))=6.83 | 7.19 x 20 - - 6.83 = | 7.19:dollar x:dollar 20:dollar -:dollar -:dollar 6.83:dollar =:dollar
EXPR: 1 | POS | FRA | 4 | 5.98 | 5.98 | 7.19=(20-(x+6.83)) | 7.19 20 x 6.83 + - = | 7.19:dollar 20:dollar x:dollar 6.83:dollar +:dollar -:dollar =:dollar
EXPR: 0 | POS | FRA | 4 | 5.98 | 87.4923 | 7.19=(20-(x/6.83)) | 7.19 20 x 6.83 / - = | 7.19:dollar 20:dollar x:dollar 6.83:dollar /:dollar -:dollar =:dollar
EXPR: 0 | POS | FRA | 4 | 5.98 | 129.41 | ((7.19+x)/20)=6.83 | 7.19 x + 20 / 6.83 = | 7.19:dollar x:dollar +:dollar 20:dollar /:dollar 6.83:dollar =:dollar
EXPR: 0 | POS | FRA | 4 | 5.98 | 192.9077 | 6.83=((x/7.19)-20) | 6.83 x 7.19 / 20 - = | 6.83:dollar x:dollar 7.19:dollar /:dollar 20:dollar -:dollar =:dollar
EXPR: 0 | POS | FRA | 4 | 5.98 | 34.02 | ((x-7.19)-20)=6.83 | x 7.19 - 20 - 6.83 = | x:dollar 7.19:dollar -:dollar 20:dollar -:dollar 6.83:dollar =:dollar
EXPR: 0 | POS | FRA | 4 | 5.98 | 20.36 | 7.19=(x-(20-6.83)) | 7.19 x 20 6.83 - - = | 7.19:dollar x:dollar 20:dollar 6.83:dollar -:dollar -:dollar =:dollar
EXPR: 0 | POS | FRA | 4 | 5.98 | 7.1895 | (x-(7.19/20))=6.83 | x 7.19 20 / - 6.83 = | x:dollar 7.19:dollar 20:dollar /:dollar -:dollar 6.83:dollar =:dollar
EXPR: 0 | POS | FRA | 4 | 5.98 | 0.251195292386907 | ((7.19+20)*x)=6.83 | 7.19 20 + x * 6.83 = | 7.19:dollar 20:dollar +:dollar x:dollar *:dollar 6.83:dollar =:dollar
EXPR: 0 | POS | FRA | 4 | 5.98 | 3.9809663250366 | ((7.19+20)/x)=6.83 | 7.19 20 + x / 6.83 = | 7.19:dollar 20:dollar +:dollar x:dollar /:dollar 6.83:dollar =:dollar
EXPR: 0 | POS | FRA | 4 | 5.98 | 150.63 | (x-(7.19*20))=6.83 | x 7.19 20 * - 6.83 = | x:dollar 7.19:dollar 20:dollar *:dollar -:dollar 6.83:dollar =:dollar
EXPR: 0 | POS | FRA | 4 | 5.98 | 192.9077 | ((x/7.19)-20)=6.83 | x 7.19 / 20 - 6.83 = | x:dollar 7.19:dollar /:dollar 20:dollar -:dollar 6.83:dollar =:dollar
EXPR: 0 | POS | FRA | 4 | 5.98 | 4.26174231332357 | 7.19=(x+(20/6.83)) | 7.19 x 20 6.83 / + = | 7.19:dollar x:dollar 20:dollar 6.83:dollar /:dollar +:dollar =:dollar
EXPR: 0 | POS | FRA | 4 | 5.98 | 10.1182576866764 | 7.19=(x-(20/6.83)) | 7.19 x 20 6.83 / - = | 7.19:dollar x:dollar 20:dollar 6.83:dollar /:dollar -:dollar =:dollar
EXPR: 0 | POS | FRA | 5 | 5.98 | 19.64 | x=((6.83+20)-7.19) | x 6.83 20 + 7.19 - = | x:dollar 6.83:dollar 20:dollar +:dollar 7.19:dollar -:dollar =:dollar
EXPR: 0 | POS | FRA | 5 | 5.98 | 34.02 | x=((6.83+20)+7.19) | x 6.83 20 + 7.19 + = | x:dollar 6.83:dollar 20:dollar +:dollar 7.19:dollar +:dollar =:dollar
EXPR: 0 | POS | FRA | 5 | 5.98 | 3.73157162726008 | x=((6.83+20)/7.19) | x 6.83 20 + 7.19 / = | x:dollar 6.83:dollar 20:dollar +:dollar 7.19:dollar /:dollar =:dollar
EXPR: 0 | POS | FRA | 5 | 5.98 | 19.64 | x=(6.83+(20-7.19)) | x 6.83 20 7.19 - + = | x:dollar 6.83:dollar 20:dollar 7.19:dollar -:dollar +:dollar =:dollar
EXPR: 0 | POS | FRA | 5 | 5.98 | 192.9077 | x=((6.83+20)*7.19) | x 6.83 20 + 7.19 * = | x:dollar 6.83:dollar 20:dollar +:dollar 7.19:dollar *:dollar =:dollar
EXPR: 1 | POS | FRA | 5 | 5.98 | 5.98 | x=((20-7.19)-6.83) | x 20 7.19 - 6.83 - = | x:dollar 20:dollar 7.19:dollar -:dollar 6.83:dollar -:dollar =:dollar
EXPR: 0 | POS | FRA | 5 | 5.98 | 19.64 | ((6.83+20)-7.19)=x | 6.83 20 + 7.19 - x = | 6.83:dollar 20:dollar +:dollar 7.19:dollar -:dollar x:dollar =:dollar
EXPR: 0 | POS | FRA | 5 | 5.98 | 87.4923 | ((20-7.19)*6.83)=x | 20 7.19 - 6.83 * x = | 20:dollar 7.19:dollar -:dollar 6.83:dollar *:dollar x:dollar =:dollar
EXPR: 0 | POS | FRA | 5 | 5.98 | 9.61164116828929 | x=(6.83+(20/7.19)) | x 6.83 20 7.19 / + = | x:dollar 6.83:dollar 20:dollar 7.19:dollar /:dollar +:dollar =:dollar
EXPR: 0 | POS | FRA | 5 | 5.98 | 7.2 | (20*(7.19-6.83))=x | 20 7.19 6.83 - * x = | 20:dollar 7.19:dollar 6.83:dollar -:dollar *:dollar x:dollar =:dollar
EXPR: 0 | POS | FRA | 5 | 5.98 | 20.36 | x=(20+(7.19-6.83)) | x 20 7.19 6.83 - + = | x:dollar 20:dollar 7.19:dollar 6.83:dollar -:dollar +:dollar =:dollar
EXPR: 0 | POS | FRA | 5 | 5.98 | 20.36 | (20+(7.19-6.83))=x | 20 7.19 6.83 - + x = | 20:dollar 7.19:dollar 6.83:dollar -:dollar +:dollar x:dollar =:dollar
EXPR: 0 | POS | FRA | 5 | 5.98 | 19.64 | x=(20-(7.19-6.83)) | x 20 7.19 6.83 - - = | x:dollar 20:dollar 7.19:dollar 6.83:dollar -:dollar -:dollar =:dollar
EXPR: 0 | POS | FRA | 5 | 5.98 | 19.64 | x=((20-7.19)+6.83) | x 20 7.19 - 6.83 + = | x:dollar 20:dollar 7.19:dollar -:dollar 6.83:dollar +:dollar =:dollar
EXPR: 0 | POS | FRA | 5 | 5.98 | 9.61164116828929 | x=((20/7.19)+6.83) | x 20 7.19 / 6.83 + = | x:dollar 20:dollar 7.19:dollar /:dollar 6.83:dollar +:dollar =:dollar
EXPR: 0 | POS | FRA | 5 | 5.98 | 87.4923 | (6.83*(20-7.19))=x | 6.83 20 7.19 - * x = | 6.83:dollar 20:dollar 7.19:dollar -:dollar *:dollar x:dollar =:dollar
EXPR: 0 | POS | FRA | 5 | 5.98 | 0.533177205308353 | (6.83/(20-7.19))=x | 6.83 20 7.19 - / x = | 6.83:dollar 20:dollar 7.19:dollar -:dollar /:dollar x:dollar =:dollar
EXPR: 0 | POS | FRA | 5 | 5.98 | 1.87554904831625 | x=((20-7.19)/6.83) | x 20 7.19 - 6.83 / = | x:dollar 20:dollar 7.19:dollar -:dollar 6.83:dollar /:dollar =:dollar
EXPR: 0 | POS | FRA | 5 | 5.98 | 34.02 | (20+(7.19+6.83))=x | 20 7.19 6.83 + + x = | 20:dollar 7.19:dollar 6.83:dollar +:dollar +:dollar x:dollar =:dollar
EXPR: 0 | POS | FRA | 5 | 5.98 | 143.79 | x=((6.83*20)+7.19) | x 6.83 20 * 7.19 + = | x:dollar 6.83:dollar 20:dollar *:dollar 7.19:dollar +:dollar =:dollar
EXPR: 0 | POS | FRA | 5 | 5.98 | 7.5315 | x=((6.83/20)+7.19) | x 6.83 20 / 7.19 + = | x:dollar 6.83:dollar 20:dollar /:dollar 7.19:dollar +:dollar =:dollar
EXPR: 0 | POS | FRA | 5 | 5.98 | 129.41 | x=((6.83*20)-7.19) | x 6.83 20 * 7.19 - = | x:dollar 6.83:dollar 20:dollar *:dollar 7.19:dollar -:dollar =:dollar
EXPR: 0 | POS | FRA | 5 | 5.98 | 19.64 | (20-(7.19-6.83))=x | 20 7.19 6.83 - - x = | 20:dollar 7.19:dollar 6.83:dollar -:dollar -:dollar x:dollar =:dollar
EXPR: 0 | POS | FRA | 5 | 5.98 | 34.02 | x=(20+(7.19+6.83)) | x 20 7.19 6.83 + + = | x:dollar 20:dollar 7.19:dollar 6.83:dollar +:dollar +:dollar =:dollar
EXPR: 0 | POS | FRA | 5 | 5.98 | 34.02 | ((6.83+20)+7.19)=x | 6.83 20 + 7.19 + x = | 6.83:dollar 20:dollar +:dollar 7.19:dollar +:dollar x:dollar =:dollar
EXPR: 0 | POS | FRA | 5 | 5.98 | 55.5555555555556 | (20/(7.19-6.83))=x | 20 7.19 6.83 - / x = | 20:dollar 7.19:dollar 6.83:dollar -:dollar /:dollar x:dollar =:dollar
EXPR: 0 | POS | FRA | 5 | 5.98 | 69.1077 | (20+(7.19*6.83))=x | 20 7.19 6.83 * + x = | 20:dollar 7.19:dollar 6.83:dollar *:dollar +:dollar x:dollar =:dollar
EXPR: 0 | POS | FRA | 5 | 5.98 | 18.9472913616398 | (20-(7.19/6.83))=x | 20 7.19 6.83 / - x = | 20:dollar 7.19:dollar 6.83:dollar /:dollar -:dollar x:dollar =:dollar
EXPR: 0 | POS | FRA | 5 | 5.98 | 19.64 | ((20-7.19)+6.83)=x | 20 7.19 - 6.83 + x = | 20:dollar 7.19:dollar -:dollar 6.83:dollar +:dollar x:dollar =:dollar
EXPR: 0 | POS | FRA | 5 | 5.98 | 9.61164116828929 | ((20/7.19)+6.83)=x | 20 7.19 / 6.83 + x = | 20:dollar 7.19:dollar /:dollar 6.83:dollar +:dollar x:dollar =:dollar
EXPR: 0 | POS | FRA | 5 | 5.98 | 18.9472913616398 | x=(20-(7.19/6.83)) | x 20 7.19 6.83 / - = | x:dollar 20:dollar 7.19:dollar 6.83:dollar /:dollar -:dollar =:dollar
EXPR: 0 | POS | FRA | 5 | 5.98 | 19.64 | (6.83+(20-7.19))=x | 6.83 20 7.19 - + x = | 6.83:dollar 20:dollar 7.19:dollar -:dollar +:dollar x:dollar =:dollar
EXPR: 0 | POS | FRA | 5 | 5.98 | 9.61164116828929 | (6.83+(20/7.19))=x | 6.83 20 7.19 / + x = | 6.83:dollar 20:dollar 7.19:dollar /:dollar +:dollar x:dollar =:dollar
EXPR: 0 | POS | FRA | 5 | 5.98 | 21.0527086383602 | x=(20+(7.19/6.83)) | x 20 7.19 6.83 / + = | x:dollar 20:dollar 7.19:dollar 6.83:dollar /:dollar +:dollar =:dollar
EXPR: 1 | POS | FRA | 5 | 5.98 | 5.98 | (20-(7.19+6.83))=x | 20 7.19 6.83 + - x = | 20:dollar 7.19:dollar 6.83:dollar +:dollar -:dollar x:dollar =:dollar
EXPR: 0 | POS | FRA | 5 | 5.98 | 4.04835883171071 | (6.83-(20/7.19))=x | 6.83 20 7.19 / - x = | 6.83:dollar 20:dollar 7.19:dollar /:dollar -:dollar x:dollar =:dollar
EXPR: 1 | POS | FRA | 5 | 5.98 | 5.98 | ((20-7.19)-6.83)=x | 20 7.19 - 6.83 - x = | 20:dollar 7.19:dollar -:dollar 6.83:dollar -:dollar x:dollar =:dollar
EXPR: 0 | POS | FRA | 5 | 5.98 | 21.0527086383602 | (20+(7.19/6.83))=x | 20 7.19 6.83 / + x = | 20:dollar 7.19:dollar 6.83:dollar /:dollar +:dollar x:dollar =:dollar
EXPR: 0 | POS | FRA | 5 | 5.98 | 192.9077 | ((6.83+20)*7.19)=x | 6.83 20 + 7.19 * x = | 6.83:dollar 20:dollar +:dollar 7.19:dollar *:dollar x:dollar =:dollar
EXPR: 0 | POS | FRA | 5 | 5.98 | 3.73157162726008 | ((6.83+20)/7.19)=x | 6.83 20 + 7.19 / x = | 6.83:dollar 20:dollar +:dollar 7.19:dollar /:dollar x:dollar =:dollar
EXPR: 0 | POS | FRA | 5 | 5.98 | 280.4 | (20*(7.19+6.83))=x | 20 7.19 6.83 + * x = | 20:dollar 7.19:dollar 6.83:dollar +:dollar *:dollar x:dollar =:dollar
EXPR: 0 | POS | FRA | 5 | 5.98 | 1.4265335235378 | (20/(7.19+6.83))=x | 20 7.19 6.83 + / x = | 20:dollar 7.19:dollar 6.83:dollar +:dollar /:dollar x:dollar =:dollar
EXPR: 0 | POS | FRA | 5 | 5.98 | 69.1077 | x=(20+(7.19*6.83)) | x 20 7.19 6.83 * + = | x:dollar 20:dollar 7.19:dollar 6.83:dollar *:dollar +:dollar =:dollar
EXPR: 0 | POS | FRA | 5 | 5.98 | 4.04835883171071 | x=(6.83-(20/7.19)) | x 6.83 20 7.19 / - = | x:dollar 6.83:dollar 20:dollar 7.19:dollar /:dollar -:dollar =:dollar
EXPR: 0 | POS | FRA | 5 | 5.98 | 143.79 | ((6.83*20)+7.19)=x | 6.83 20 * 7.19 + x = | 6.83:dollar 20:dollar *:dollar 7.19:dollar +:dollar x:dollar =:dollar
EXPR: 0 | POS | FRA | 5 | 5.98 | 129.41 | ((6.83*20)-7.19)=x | 6.83 20 * 7.19 - x = | 6.83:dollar 20:dollar *:dollar 7.19:dollar -:dollar x:dollar =:dollar
EXPR: 0 | POS | FRA | 5 | 5.98 | 7.5315 | ((6.83/20)+7.19)=x | 6.83 20 / 7.19 + x = | 6.83:dollar 20:dollar /:dollar 7.19:dollar +:dollar x:dollar =:dollar
EXPR: 0 | POS | FRA | 5 | 5.98 | 87.4923 | x=((20-7.19)*6.83) | x 20 7.19 - 6.83 * = | x:dollar 20:dollar 7.19:dollar -:dollar 6.83:dollar *:dollar =:dollar
EXPR: 0 | POS | FRA | 5 | 5.98 | 1.87554904831625 | ((20-7.19)/6.83)=x | 20 7.19 - 6.83 / x = | 20:dollar 7.19:dollar -:dollar 6.83:dollar /:dollar x:dollar =:dollar
EXPR: 0 | POS | FRA | 5 | 5.98 | 1.4265335235378 | x=(20/(7.19+6.83)) | x 20 7.19 6.83 + / = | x:dollar 20:dollar 7.19:dollar 6.83:dollar +:dollar /:dollar =:dollar
EXPR: 1 | POS | FRA | 5 | 5.98 | 5.98 | x=(20-(7.19+6.83)) | x 20 7.19 6.83 + - = | x:dollar 20:dollar 7.19:dollar 6.83:dollar +:dollar -:dollar =:dollar
EXPR: 0 | POS | FRA | 5 | 5.98 | 280.4 | x=(20*(7.19+6.83)) | x 20 7.19 6.83 + * = | x:dollar 20:dollar 7.19:dollar 6.83:dollar +:dollar *:dollar =:dollar
EXPR: 0 | POS | FRA | 5 | 5.98 | 87.4923 | x=(6.83*(20-7.19)) | x 6.83 20 7.19 - * = | x:dollar 6.83:dollar 20:dollar 7.19:dollar -:dollar *:dollar =:dollar
EXPR: 0 | POS | FRA | 5 | 5.98 | 0.533177205308353 | x=(6.83/(20-7.19)) | x 6.83 20 7.19 - / = | x:dollar 6.83:dollar 20:dollar 7.19:dollar -:dollar /:dollar =:dollar
EXPR: 0 | POS | FRA | 5 | 5.98 | 55.5555555555556 | x=(20/(7.19-6.83)) | x 20 7.19 6.83 - / = | x:dollar 20:dollar 7.19:dollar 6.83:dollar -:dollar /:dollar =:dollar
EXPR: 0 | POS | FRA | 5 | 5.98 | 7.2 | x=(20*(7.19-6.83)) | x 20 7.19 6.83 - * = | x:dollar 20:dollar 7.19:dollar 6.83:dollar -:dollar *:dollar =:dollar
EXPR: 0 | POS | FRA | 7 | 5.98 | 20.36 | x=(20-(6.83-7.19)) | x 20 6.83 7.19 - - = | x:dollar 20:dollar 6.83:dollar 7.19:dollar -:dollar -:dollar =:dollar
EXPR: 1 | POS | FRA | 7 | 5.98 | 5.98 | (20-(x+7.19))=6.83 | 20 x 7.19 + - 6.83 = | 20:dollar x:dollar 7.19:dollar +:dollar -:dollar 6.83:dollar =:dollar
EXPR: 0 | POS | FRA | 7 | 5.98 | 7.5315 | (20*(x-7.19))=6.83 | 20 x 7.19 - * 6.83 = | 20:dollar x:dollar 7.19:dollar -:dollar *:dollar 6.83:dollar =:dollar
EXPR: 0 | POS | FRA | 7 | 5.98 | 20.36 | ((20-x)+7.19)=6.83 | 20 x - 7.19 + 6.83 = | 20:dollar x:dollar -:dollar 7.19:dollar +:dollar 6.83:dollar =:dollar
EXPR: 0 | POS | FRA | 7 | 5.98 | 19.0500695410292 | ((20-x)*7.19)=6.83 | 20 x - 7.19 * 6.83 = | 20:dollar x:dollar -:dollar 7.19:dollar *:dollar 6.83:dollar =:dollar
EXPR: 1 | POS | FRA | 7 | 5.98 | 5.98 | 20=(7.19+(x+6.83)) | 20 7.19 x 6.83 + + = | 20:dollar 7.19:dollar x:dollar 6.83:dollar +:dollar +:dollar =:dollar
EXPR: 0 | POS | FRA | 7 | 5.98 | 19.64 | 6.83=((x-20)+7.19) | 6.83 x 20 - 7.19 + = | 6.83:dollar x:dollar 20:dollar -:dollar 7.19:dollar +:dollar =:dollar
EXPR: 0 | POS | FRA | 7 | 5.98 | 34.02 | 6.83=((x-20)-7.19) | 6.83 x 20 - 7.19 - = | 6.83:dollar x:dollar 20:dollar -:dollar 7.19:dollar -:dollar =:dollar
EXPR: 0 | POS | FRA | 7 | 5.98 | 20.36 | (6.83+(x-20))=7.19 | 6.83 x 20 - + 7.19 = | 6.83:dollar x:dollar 20:dollar -:dollar +:dollar 7.19:dollar =:dollar
EXPR: 0 | POS | FRA | 7 | 5.98 | 19.64 | ((6.83-x)+20)=7.19 | 6.83 x - 20 + 7.19 = | 6.83:dollar x:dollar -:dollar 20:dollar +:dollar 7.19:dollar =:dollar
EXPR: 0 | POS | FRA | 7 | 5.98 | 19.64 | ((6.83+20)-x)=7.19 | 6.83 20 + x - 7.19 = | 6.83:dollar 20:dollar +:dollar x:dollar -:dollar 7.19:dollar =:dollar
EXPR: 0 | POS | FRA | 7 | 5.98 | 10.1182576866764 | (20/(x-7.19))=6.83 | 20 x 7.19 - / 6.83 = | 20:dollar x:dollar 7.19:dollar -:dollar /:dollar 6.83:dollar =:dollar
EXPR: 0 | POS | FRA | 7 | 5.98 | 3.9809663250366 | ((6.83*x)-20)=7.19 | 6.83 x * 20 - 7.19 = | 6.83:dollar x:dollar *:dollar 20:dollar -:dollar 7.19:dollar =:dollar
EXPR: 1 | POS | FRA | 7 | 5.98 | 5.98 | 20=((7.19+x)+6.83) | 20 7.19 x + 6.83 + = | 20:dollar 7.19:dollar x:dollar +:dollar 6.83:dollar +:dollar =:dollar
EXPR: 0 | POS | FRA | 7 | 5.98 | 87.4923 | 6.83=(x/(20-7.19)) | 6.83 x 20 7.19 - / = | 6.83:dollar x:dollar 20:dollar 7.19:dollar -:dollar /:dollar =:dollar
EXPR: 0 | POS | FRA | 7 | 5.98 | 0.701 | ((20*x)-7.19)=6.83 | 20 x * 7.19 - 6.83 = | 20:dollar x:dollar *:dollar 7.19:dollar -:dollar 6.83:dollar =:dollar
EXPR: 0 | POS | FRA | 7 | 5.98 | 20.36 | 6.83=((20-x)+7.19) | 6.83 20 x - 7.19 + = | 6.83:dollar 20:dollar x:dollar -:dollar 7.19:dollar +:dollar =:dollar
EXPR: 0 | POS | FRA | 7 | 5.98 | 0.267983600447261 | ((6.83+20)*x)=7.19 | 6.83 20 + x * 7.19 = | 6.83:dollar 20:dollar +:dollar x:dollar *:dollar 7.19:dollar =:dollar
EXPR: 0 | POS | FRA | 7 | 5.98 | 20.36 | ((6.83-20)+x)=7.19 | 6.83 20 - x + 7.19 = | 6.83:dollar 20:dollar -:dollar x:dollar +:dollar 7.19:dollar =:dollar
EXPR: 0 | POS | FRA | 7 | 5.98 | 19.0500695410292 | x=(20-(6.83/7.19)) | x 20 6.83 7.19 / - = | x:dollar 20:dollar 6.83:dollar 7.19:dollar /:dollar -:dollar =:dollar
EXPR: 0 | POS | FRA | 7 | 5.98 | 94.6923 | ((20-6.83)*7.19)=x | 20 6.83 - 7.19 * x = | 20:dollar 6.83:dollar -:dollar 7.19:dollar *:dollar x:dollar =:dollar
EXPR: 0 | POS | FRA | 7 | 5.98 | 1.8317107093185 | ((20-6.83)/7.19)=x | 20 6.83 - 7.19 / x = | 20:dollar 6.83:dollar -:dollar 7.19:dollar /:dollar x:dollar =:dollar
EXPR: 0 | POS | FRA | 7 | 5.98 | 1.8317107093185 | (20-(x*7.19))=6.83 | 20 x 7.19 * - 6.83 = | 20:dollar x:dollar 7.19:dollar *:dollar -:dollar 6.83:dollar =:dollar
EXPR: 0 | POS | FRA | 7 | 5.98 | 69.1077 | ((x-20)/7.19)=6.83 | x 20 - 7.19 / 6.83 = | x:dollar 20:dollar -:dollar 7.19:dollar /:dollar 6.83:dollar =:dollar
EXPR: 0 | POS | FRA | 7 | 5.98 | 19.64 | 20=(7.19+(x-6.83)) | 20 7.19 x 6.83 - + = | 20:dollar 7.19:dollar x:dollar 6.83:dollar -:dollar +:dollar =:dollar
EXPR: 0 | POS | FRA | 7 | 5.98 | 129.41 | 20=((7.19+x)/6.83) | 20 7.19 x + 6.83 / = | 20:dollar 7.19:dollar x:dollar +:dollar 6.83:dollar /:dollar =:dollar
EXPR: 1 | POS | FRA | 7 | 5.98 | 5.98 | 6.83=(20-(7.19+x)) | 6.83 20 7.19 x + - = | 6.83:dollar 20:dollar 7.19:dollar x:dollar +:dollar -:dollar =:dollar
EXPR: 0 | POS | FRA | 7 | 5.98 | 6.8485 | 6.83=(20*(7.19-x)) | 6.83 20 7.19 x - * = | 6.83:dollar 20:dollar 7.19:dollar x:dollar -:dollar *:dollar =:dollar
EXPR: 0 | POS | FRA | 7 | 5.98 | 4.26174231332357 | 6.83=(20/(7.19-x)) | 6.83 20 7.19 x - / = | 6.83:dollar 20:dollar 7.19:dollar x:dollar -:dollar /:dollar =:dollar
EXPR: 0 | POS | FRA | 7 | 5.98 | 29.1077 | ((20+x)/7.19)=6.83 | 20 x + 7.19 / 6.83 = | 20:dollar x:dollar +:dollar 7.19:dollar /:dollar 6.83:dollar =:dollar
EXPR: 0 | POS | FRA | 7 | 5.98 | 1.4265335235378 | 20=(x*(7.19+6.83)) | 20 x 7.19 6.83 + * = | 20:dollar x:dollar 7.19:dollar 6.83:dollar +:dollar *:dollar =:dollar
EXPR: 0 | POS | FRA | 7 | 5.98 | 3.73157162726008 | ((6.83+20)/x)=7.19 | 6.83 20 + x / 7.19 = | 6.83:dollar 20:dollar +:dollar x:dollar /:dollar 7.19:dollar =:dollar
EXPR: 0 | POS | FRA | 7 | 5.98 | 0.251195292386907 | ((6.83/x)-20)=7.19 | 6.83 x / 20 - 7.19 = | 6.83:dollar x:dollar /:dollar 20:dollar -:dollar 7.19:dollar =:dollar
EXPR: 0 | POS | FRA | 7 | 5.98 | 6.8485 | ((6.83/20)+x)=7.19 | 6.83 20 / x + 7.19 = | 6.83:dollar 20:dollar /:dollar x:dollar +:dollar 7.19:dollar =:dollar
EXPR: 0 | POS | FRA | 7 | 5.98 | 7.1895 | ((x-6.83)*20)=7.19 | x 6.83 - 20 * 7.19 = | x:dollar 6.83:dollar -:dollar 20:dollar *:dollar 7.19:dollar =:dollar
EXPR: 0 | POS | FRA | 7 | 5.98 | 34.02 | 20=(x-(7.19+6.83)) | 20 x 7.19 6.83 + - = | 20:dollar x:dollar 7.19:dollar 6.83:dollar +:dollar -:dollar =:dollar
EXPR: 0 | POS | FRA | 7 | 5.98 | 34.02 | (x-(6.83+20))=7.19 | x 6.83 20 + - 7.19 = | x:dollar 6.83:dollar 20:dollar +:dollar -:dollar 7.19:dollar =:dollar
EXPR: 0 | POS | FRA | 7 | 5.98 | 0.267983600447261 | (x*(6.83+20))=7.19 | x 6.83 20 + * 7.19 = | x:dollar 6.83:dollar 20:dollar +:dollar *:dollar 7.19:dollar =:dollar
EXPR: 0 | POS | FRA | 7 | 5.98 | 20.9499304589708 | ((x-20)*7.19)=6.83 | x 20 - 7.19 * 6.83 = | x:dollar 20:dollar -:dollar 7.19:dollar *:dollar 6.83:dollar =:dollar
EXPR: 0 | POS | FRA | 7 | 5.98 | 0.533177205308353 | ((20-7.19)*x)=6.83 | 20 7.19 - x * 6.83 = | 20:dollar 7.19:dollar -:dollar x:dollar *:dollar 6.83:dollar =:dollar
EXPR: 0 | POS | FRA | 7 | 5.98 | 0.018 | (6.83+(x*20))=7.19 | 6.83 x 20 * + 7.19 = | 6.83:dollar x:dollar 20:dollar *:dollar +:dollar 7.19:dollar =:dollar
EXPR: 0 | POS | FRA | 7 | 5.98 | 7.2 | (6.83+(x/20))=7.19 | 6.83 x 20 / + 7.19 = | 6.83:dollar x:dollar 20:dollar /:dollar +:dollar 7.19:dollar =:dollar
EXPR: 0 | POS | FRA | 7 | 5.98 | 20.36 | ((20-6.83)+7.19)=x | 20 6.83 - 7.19 + x = | 20:dollar 6.83:dollar -:dollar 7.19:dollar +:dollar x:dollar =:dollar
EXPR: 1 | POS | FRA | 7 | 5.98 | 5.98 | 20=(7.19+(6.83+x)) | 20 7.19 6.83 x + + = | 20:dollar 7.19:dollar 6.83:dollar x:dollar +:dollar +:dollar =:dollar
EXPR: 0 | POS | FRA | 7 | 5.98 | 20.36 | x=((20-6.83)+7.19) | x 20 6.83 - 7.19 + = | x:dollar 20:dollar 6.83:dollar -:dollar 7.19:dollar +:dollar =:dollar
EXPR: 1 | POS | FRA | 7 | 5.98 | 5.98 | x=((20-6.83)-7.19) | x 20 6.83 - 7.19 - = | x:dollar 20:dollar 6.83:dollar -:dollar 7.19:dollar -:dollar =:dollar
EXPR: 0 | POS | FRA | 7 | 5.98 | 20.36 | (20-(x-7.19))=6.83 | 20 x 7.19 - - 6.83 = | 20:dollar x:dollar 7.19:dollar -:dollar -:dollar 6.83:dollar =:dollar
EXPR: 0 | POS | FRA | 7 | 5.98 | 7.2 | 20=(x/(7.19-6.83)) | 20 x 7.19 6.83 - / = | 20:dollar x:dollar 7.19:dollar 6.83:dollar -:dollar /:dollar =:dollar
EXPR: 0 | POS | FRA | 7 | 5.98 | 20.36 | 6.83=(20-(x-7.19)) | 6.83 20 x 7.19 - - = | 6.83:dollar 20:dollar x:dollar 7.19:dollar -:dollar -:dollar =:dollar
EXPR: 0 | POS | FRA | 7 | 5.98 | 1.8317107093185 | 6.83=(20-(x*7.19)) | 6.83 20 x 7.19 * - = | 6.83:dollar 20:dollar x:dollar 7.19:dollar *:dollar -:dollar =:dollar
EXPR: 1 | POS | FRA | 7 | 5.98 | 5.98 | 20=(x+(7.19+6.83)) | 20 x 7.19 6.83 + + = | 20:dollar x:dollar 7.19:dollar 6.83:dollar +:dollar +:dollar =:dollar
EXPR: 0 | POS | FRA | 7 | 5.98 | 20.36 | 20=((x-7.19)+6.83) | 20 x 7.19 - 6.83 + = | 20:dollar x:dollar 7.19:dollar -:dollar 6.83:dollar +:dollar =:dollar
EXPR: 0 | POS | FRA | 7 | 5.98 | 21.0527086383602 | (6.83*(x-20))=7.19 | 6.83 x 20 - * 7.19 = | 6.83:dollar x:dollar 20:dollar -:dollar *:dollar 7.19:dollar =:dollar
EXPR: 0 | POS | FRA | 7 | 5.98 | 34.02 | 20=((x-7.19)-6.83) | 20 x 7.19 - 6.83 - = | 20:dollar x:dollar 7.19:dollar -:dollar 6.83:dollar -:dollar =:dollar
EXPR: 0 | POS | FRA | 7 | 5.98 | 1.8317107093185 | 20=((7.19*x)+6.83) | 20 7.19 x * 6.83 + = | 20:dollar 7.19:dollar x:dollar *:dollar 6.83:dollar +:dollar =:dollar
EXPR: 0 | POS | FRA | 7 | 5.98 | 4.26174231332357 | 20=((7.19-x)*6.83) | 20 7.19 x - 6.83 * = | 20:dollar 7.19:dollar x:dollar -:dollar 6.83:dollar *:dollar =:dollar
EXPR: 0 | POS | FRA | 7 | 5.98 | 94.6923 | 6.83=(20-(x/7.19)) | 6.83 20 x 7.19 / - = | 6.83:dollar 20:dollar x:dollar 7.19:dollar /:dollar -:dollar =:dollar
EXPR: 0 | POS | FRA | 7 | 5.98 | 20.36 | (x+(6.83-20))=7.19 | x 6.83 20 - + 7.19 = | x:dollar 6.83:dollar 20:dollar -:dollar +:dollar 7.19:dollar =:dollar
EXPR: 0 | POS | FRA | 7 | 5.98 | 3.73157162726008 | 20=((7.19*x)-6.83) | 20 7.19 x * 6.83 - = | 20:dollar 7.19:dollar x:dollar *:dollar 6.83:dollar -:dollar =:dollar
EXPR: 0 | POS | FRA | 7 | 5.98 | 0.545937737281701 | 20=((7.19/x)+6.83) | 20 7.19 x / 6.83 + = | 20:dollar 7.19:dollar x:dollar /:dollar 6.83:dollar +:dollar =:dollar
EXPR: 0 | POS | FRA | 7 | 5.98 | 192.9077 | (x/(6.83+20))=7.19 | x 6.83 20 + / 7.19 = | x:dollar 6.83:dollar 20:dollar +:dollar /:dollar 7.19:dollar =:dollar
EXPR: 0 | POS | FRA | 7 | 5.98 | 1.87554904831625 | 20=(7.19+(6.83*x)) | 20 7.19 6.83 x * + = | 20:dollar 7.19:dollar 6.83:dollar x:dollar *:dollar +:dollar =:dollar
EXPR: 0 | POS | FRA | 7 | 5.98 | 1.8317107093185 | 20=((x*7.19)+6.83) | 20 x 7.19 * 6.83 + = | 20:dollar x:dollar 7.19:dollar *:dollar 6.83:dollar +:dollar =:dollar
EXPR: 0 | POS | FRA | 7 | 5.98 | 3.73157162726008 | 20=((x*7.19)-6.83) | 20 x 7.19 * 6.83 - = | 20:dollar x:dollar 7.19:dollar *:dollar 6.83:dollar -:dollar =:dollar
EXPR: 0 | POS | FRA | 7 | 5.98 | 94.6923 | 20=((x/7.19)+6.83) | 20 x 7.19 / 6.83 + = | 20:dollar x:dollar 7.19:dollar /:dollar 6.83:dollar +:dollar =:dollar
EXPR: 0 | POS | FRA | 7 | 5.98 | 19.64 | 20=(x+(7.19-6.83)) | 20 x 7.19 6.83 - + = | 20:dollar x:dollar 7.19:dollar 6.83:dollar -:dollar +:dollar =:dollar
EXPR: 0 | POS | FRA | 7 | 5.98 | 18.9472913616398 | 20=(x+(7.19/6.83)) | 20 x 7.19 6.83 / + = | 20:dollar x:dollar 7.19:dollar 6.83:dollar /:dollar +:dollar =:dollar
EXPR: 0 | POS | FRA | 7 | 5.98 | 0.533177205308353 | 20=(7.19+(6.83/x)) | 20 7.19 6.83 x / + = | 20:dollar 7.19:dollar 6.83:dollar x:dollar /:dollar +:dollar =:dollar
EXPR: 1 | POS | FRA | 7 | 5.98 | 5.98 | 20=((7.19+6.83)+x) | 20 7.19 6.83 + x + = | 20:dollar 7.19:dollar 6.83:dollar +:dollar x:dollar +:dollar =:dollar
EXPR: 0 | POS | FRA | 7 | 5.98 | 7.5315 | 6.83=(20*(x-7.19)) | 6.83 20 x 7.19 - * = | 6.83:dollar 20:dollar x:dollar 7.19:dollar -:dollar *:dollar =:dollar
EXPR: 0 | POS | FRA | 7 | 5.98 | 55.5555555555556 | 20=(x*(7.19-6.83)) | 20 x 7.19 6.83 - * = | 20:dollar x:dollar 7.19:dollar 6.83:dollar -:dollar *:dollar =:dollar
EXPR: 0 | POS | FRA | 7 | 5.98 | 1.87554904831625 | 20=(7.19+(x*6.83)) | 20 7.19 x 6.83 * + = | 20:dollar 7.19:dollar x:dollar 6.83:dollar *:dollar +:dollar =:dollar
EXPR: 0 | POS | FRA | 7 | 5.98 | 1.4265335235378 | 20=((7.19+6.83)*x) | 20 7.19 6.83 + x * = | 20:dollar 7.19:dollar 6.83:dollar +:dollar x:dollar *:dollar =:dollar
EXPR: 0 | POS | FRA | 7 | 5.98 | 20.36 | (20+(7.19-x))=6.83 | 20 7.19 x - + 6.83 = | 20:dollar 7.19:dollar x:dollar -:dollar +:dollar 6.83:dollar =:dollar
EXPR: 0 | POS | FRA | 7 | 5.98 | 192.9077 | 20=((x/7.19)-6.83) | 20 x 7.19 / 6.83 - = | 20:dollar x:dollar 7.19:dollar /:dollar 6.83:dollar -:dollar =:dollar
EXPR: 0 | POS | FRA | 7 | 5.98 | 19.64 | 20=(7.19-(6.83-x)) | 20 7.19 6.83 x - - = | 20:dollar 7.19:dollar 6.83:dollar x:dollar -:dollar -:dollar =:dollar
EXPR: 0 | POS | FRA | 7 | 5.98 | 87.4923 | 20=(7.19+(x/6.83)) | 20 7.19 x 6.83 / + = | 20:dollar 7.19:dollar x:dollar 6.83:dollar /:dollar +:dollar =:dollar
EXPR: 0 | POS | FRA | 7 | 5.98 | 20.9499304589708 | 6.83=((x-20)*7.19) | 6.83 x 20 - 7.19 * = | 6.83:dollar x:dollar 20:dollar -:dollar 7.19:dollar *:dollar =:dollar
EXPR: 1 | POS | FRA | 7 | 5.98 | 5.98 | ((20-x)-7.19)=6.83 | 20 x - 7.19 - 6.83 = | 20:dollar x:dollar -:dollar 7.19:dollar -:dollar 6.83:dollar =:dollar
EXPR: 0 | POS | FRA | 7 | 5.98 | 69.1077 | 6.83=((x-20)/7.19) | 6.83 x 20 - 7.19 / = | 6.83:dollar x:dollar 20:dollar -:dollar 7.19:dollar /:dollar =:dollar
EXPR: 0 | POS | FRA | 7 | 5.98 | 20.36 | ((6.83+x)-20)=7.19 | 6.83 x + 20 - 7.19 = | 6.83:dollar x:dollar +:dollar 20:dollar -:dollar 7.19:dollar =:dollar
EXPR: 0 | POS | FRA | 7 | 5.98 | 6.4705 | ((6.83-x)*20)=7.19 | 6.83 x - 20 * 7.19 = | 6.83:dollar x:dollar -:dollar 20:dollar *:dollar 7.19:dollar =:dollar
EXPR: 0 | POS | FRA | 7 | 5.98 | 129.41 | ((6.83*20)-x)=7.19 | 6.83 20 * x - 7.19 = | 6.83:dollar 20:dollar *:dollar x:dollar -:dollar 7.19:dollar =:dollar
EXPR: 0 | POS | FRA | 7 | 5.98 | 20.36 | 6.83=(20+(7.19-x)) | 6.83 20 7.19 x - + = | 6.83:dollar 20:dollar 7.19:dollar x:dollar -:dollar +:dollar =:dollar
EXPR: 0 | POS | FRA | 7 | 5.98 | 20.9499304589708 | (6.83/(x-20))=7.19 | 6.83 x 20 - / 7.19 = | 6.83:dollar x:dollar 20:dollar -:dollar /:dollar 7.19:dollar =:dollar
EXPR: 0 | POS | FRA | 7 | 5.98 | 4.04835883171071 | ((20/7.19)+x)=6.83 | 20 7.19 / x + 6.83 = | 20:dollar 7.19:dollar /:dollar x:dollar +:dollar 6.83:dollar =:dollar
EXPR: 0 | POS | FRA | 7 | 5.98 | 10.1182576866764 | x=((20/6.83)+7.19) | x 20 6.83 / 7.19 + = | x:dollar 20:dollar 6.83:dollar /:dollar 7.19:dollar +:dollar =:dollar
EXPR: 1 | POS | FRA | 7 | 5.98 | 5.98 | ((20-7.19)-x)=6.83 | 20 7.19 - x - 6.83 = | 20:dollar 7.19:dollar -:dollar x:dollar -:dollar 6.83:dollar =:dollar
EXPR: 0 | POS | FRA | 7 | 5.98 | 1.4265335235378 | ((20/x)-7.19)=6.83 | 20 x / 7.19 - 6.83 = | 20:dollar x:dollar /:dollar 7.19:dollar -:dollar 6.83:dollar =:dollar
EXPR: 0 | POS | FRA | 7 | 5.98 | 280.4 | 20=(x/(7.19+6.83)) | 20 x 7.19 6.83 + / = | 20:dollar x:dollar 7.19:dollar 6.83:dollar +:dollar /:dollar =:dollar
EXPR: 0 | POS | FRA | 7 | 5.98 | 1.87554904831625 | ((20-7.19)/x)=6.83 | 20 7.19 - x / 6.83 = | 20:dollar 7.19:dollar -:dollar x:dollar /:dollar 6.83:dollar =:dollar
EXPR: 0 | POS | FRA | 7 | 5.98 | 0.267983600447261 | 20=((7.19/x)-6.83) | 20 7.19 x / 6.83 - = | 20:dollar 7.19:dollar x:dollar /:dollar 6.83:dollar -:dollar =:dollar
EXPR: 0 | POS | FRA | 7 | 5.98 | 0.701 | 20=((7.19+6.83)/x) | 20 7.19 6.83 + x / = | 20:dollar 7.19:dollar 6.83:dollar +:dollar x:dollar /:dollar =:dollar
EXPR: 0 | POS | FRA | 7 | 5.98 | 0.533177205308353 | 6.83=(x*(20-7.19)) | 6.83 x 20 7.19 - * = | 6.83:dollar x:dollar 20:dollar 7.19:dollar -:dollar *:dollar =:dollar
EXPR: 1 | POS | FRA | 7 | 5.98 | 5.98 | ((20-6.83)-7.19)=x | 20 6.83 - 7.19 - x = | 20:dollar 6.83:dollar -:dollar 7.19:dollar -:dollar x:dollar =:dollar
EXPR: 0 | POS | FRA | 7 | 5.98 | 29.1077 | 6.83=((x+20)/7.19) | 6.83 x 20 + 7.19 / = | 6.83:dollar x:dollar 20:dollar +:dollar 7.19:dollar /:dollar =:dollar
EXPR: 1 | POS | FRA | 7 | 5.98 | 5.98 | 6.83=((20-7.19)-x) | 6.83 20 7.19 - x - = | 6.83:dollar 20:dollar 7.19:dollar -:dollar x:dollar -:dollar =:dollar
EXPR: 1 | POS | FRA | 7 | 5.98 | 5.98 | 20=((x+7.19)+6.83) | 20 x 7.19 + 6.83 + = | 20:dollar x:dollar 7.19:dollar +:dollar 6.83:dollar +:dollar =:dollar
EXPR: 0 | POS | FRA | 7 | 5.98 | 4.04835883171071 | 6.83=((20/7.19)+x) | 6.83 20 7.19 / x + = | 6.83:dollar 20:dollar 7.19:dollar /:dollar x:dollar +:dollar =:dollar
EXPR: 0 | POS | FRA | 7 | 5.98 | 0.533177205308353 | 6.83=((20-7.19)*x) | 6.83 20 7.19 - x * = | 6.83:dollar 20:dollar 7.19:dollar -:dollar x:dollar *:dollar =:dollar
EXPR: 0 | POS | FRA | 7 | 5.98 | 19.64 | 20=((7.19+x)-6.83) | 20 7.19 x + 6.83 - = | 20:dollar 7.19:dollar x:dollar +:dollar 6.83:dollar -:dollar =:dollar
EXPR: 0 | POS | FRA | 7 | 5.98 | 19.64 | ((x-20)+7.19)=6.83 | x 20 - 7.19 + 6.83 = | x:dollar 20:dollar -:dollar 7.19:dollar +:dollar 6.83:dollar =:dollar
EXPR: 0 | POS | FRA | 7 | 5.98 | 129.41 | 20=((x+7.19)/6.83) | 20 x 7.19 + 6.83 / = | 20:dollar x:dollar 7.19:dollar +:dollar 6.83:dollar /:dollar =:dollar
EXPR: 0 | POS | FRA | 7 | 5.98 | 19.64 | 20=((x+7.19)-6.83) | 20 x 7.19 + 6.83 - = | 20:dollar x:dollar 7.19:dollar +:dollar 6.83:dollar -:dollar =:dollar
EXPR: 0 | POS | FRA | 7 | 5.98 | 19.64 | (6.83+(20-x))=7.19 | 6.83 20 x - + 7.19 = | 6.83:dollar 20:dollar x:dollar -:dollar +:dollar 7.19:dollar =:dollar
EXPR: 0 | POS | FRA | 7 | 5.98 | 0.018 | (6.83+(20*x))=7.19 | 6.83 20 x * + 7.19 = | 6.83:dollar 20:dollar x:dollar *:dollar +:dollar 7.19:dollar =:dollar
EXPR: 0 | POS | FRA | 7 | 5.98 | 94.6923 | x=((20-6.83)*7.19) | x 20 6.83 - 7.19 * = | x:dollar 20:dollar 6.83:dollar -:dollar 7.19:dollar *:dollar =:dollar
EXPR: 0 | POS | FRA | 7 | 5.98 | 10.1182576866764 | ((20/6.83)+7.19)=x | 20 6.83 / 7.19 + x = | 20:dollar 6.83:dollar /:dollar 7.19:dollar +:dollar x:dollar =:dollar
EXPR: 0 | POS | FRA | 7 | 5.98 | 7.1895 | 20=(7.19/(x-6.83)) | 20 7.19 x 6.83 - / = | 20:dollar 7.19:dollar x:dollar 6.83:dollar -:dollar /:dollar =:dollar
EXPR: 0 | POS | FRA | 7 | 5.98 | 19.64 | x=(20+(6.83-7.19)) | x 20 6.83 7.19 - + = | x:dollar 20:dollar 6.83:dollar 7.19:dollar -:dollar +:dollar =:dollar
EXPR: 0 | POS | FRA | 7 | 5.98 | 34.02 | ((x-20)-7.19)=6.83 | x 20 - 7.19 - 6.83 = | x:dollar 20:dollar -:dollar 7.19:dollar -:dollar 6.83:dollar =:dollar
EXPR: 0 | POS | FRA | 7 | 5.98 | 20.36 | (6.83-(20-x))=7.19 | 6.83 20 x - - 7.19 = | 6.83:dollar 20:dollar x:dollar -:dollar -:dollar 7.19:dollar =:dollar
EXPR: 0 | POS | FRA | 7 | 5.98 | 0.533177205308353 | (x*(20-7.19))=6.83 | x 20 7.19 - * 6.83 = | x:dollar 20:dollar 7.19:dollar -:dollar *:dollar 6.83:dollar =:dollar
EXPR: 0 | POS | FRA | 7 | 5.98 | 1.8317107093185 | x=((20-6.83)/7.19) | x 20 6.83 - 7.19 / = | x:dollar 20:dollar 6.83:dollar -:dollar 7.19:dollar /:dollar =:dollar
EXPR: 0 | POS | FRA | 7 | 5.98 | 10.1182576866764 | 6.83=(20/(x-7.19)) | 6.83 20 x 7.19 - / = | 6.83:dollar 20:dollar x:dollar 7.19:dollar -:dollar /:dollar =:dollar
EXPR: 0 | POS | FRA | 7 | 5.98 | 19.64 | (20+(6.83-7.19))=x | 20 6.83 7.19 - + x = | 20:dollar 6.83:dollar 7.19:dollar -:dollar +:dollar x:dollar =:dollar
EXPR: 0 | POS | FRA | 7 | 5.98 | 20.9499304589708 | (20+(6.83/7.19))=x | 20 6.83 7.19 / + x = | 20:dollar 6.83:dollar 7.19:dollar /:dollar +:dollar x:dollar =:dollar
EXPR: 0 | POS | FRA | 7 | 5.98 | 20.9499304589708 | x=(20+(6.83/7.19)) | x 20 6.83 7.19 / + = | x:dollar 20:dollar 6.83:dollar 7.19:dollar /:dollar +:dollar =:dollar
EXPR: 0 | POS | FRA | 7 | 5.98 | 19.64 | (x-(20-7.19))=6.83 | x 20 7.19 - - 6.83 = | x:dollar 20:dollar 7.19:dollar -:dollar -:dollar 6.83:dollar =:dollar
EXPR: 0 | POS | FRA | 7 | 5.98 | 6.4705 | 20=(7.19/(6.83-x)) | 20 7.19 6.83 x - / = | 20:dollar 7.19:dollar 6.83:dollar x:dollar -:dollar /:dollar =:dollar
EXPR: 0 | POS | FRA | 7 | 5.98 | 18.9472913616398 | (6.83*(20-x))=7.19 | 6.83 20 x - * 7.19 = | 6.83:dollar 20:dollar x:dollar -:dollar *:dollar 7.19:dollar =:dollar
EXPR: 0 | POS | FRA | 7 | 5.98 | 19.0500695410292 | (6.83/(20-x))=7.19 | 6.83 20 x - / 7.19 = | 6.83:dollar 20:dollar x:dollar -:dollar /:dollar 7.19:dollar =:dollar
EXPR: 0 | POS | FRA | 7 | 5.98 | 0.701 | 6.83=((x*20)-7.19) | 6.83 x 20 * 7.19 - = | 6.83:dollar x:dollar 20:dollar *:dollar 7.19:dollar -:dollar =:dollar
EXPR: 0 | POS | FRA | 7 | 5.98 | 280.4 | 6.83=((x/20)-7.19) | 6.83 x 20 / 7.19 - = | 6.83:dollar x:dollar 20:dollar /:dollar 7.19:dollar -:dollar =:dollar
EXPR: 0 | POS | FRA | 7 | 5.98 | 20.36 | ((x+6.83)-20)=7.19 | x 6.83 + 20 - 7.19 = | x:dollar 6.83:dollar +:dollar 20:dollar -:dollar 7.19:dollar =:dollar
EXPR: 0 | POS | FRA | 7 | 5.98 | 20.36 | (20-(6.83-7.19))=x | 20 6.83 7.19 - - x = | 20:dollar 6.83:dollar 7.19:dollar -:dollar -:dollar x:dollar =:dollar
NET 495 unique, non-negative solutions found out of 1000 total solutions
