parameters: n=7 l=3 k=1 p=5 q=1 m=9
TOTAL 1000 solutions found
SOLN: CORRECT | POS/NEG | INT/FRA | OBJ-SCORE | TRUE-ANS | ANS | INFIX | POSTFIX | TYPED-POSTFIX
EXPR: 0 | POS | FRA | 0 | 0.26 | 39.74 | x=((8.77+10.97)+20) | x 8.77 10.97 + 20 + = | x:dollar 8.77:dollar 10.97:dollar +:dollar 20:dollar +:dollar =:dollar
EXPR: 0 | POS | FRA | 0 | 0.26 | 39.74 | (8.77+(10.97+20))=x | 8.77 10.97 20 + + x = | 8.77:dollar 10.97:dollar 20:dollar +:dollar +:dollar x:dollar =:dollar
EXPR: 0 | POS | FRA | 0 | 0.26 | 17.8 | (8.77-(10.97-20))=x | 8.77 10.97 20 - - x = | 8.77:dollar 10.97:dollar 20:dollar -:dollar -:dollar x:dollar =:dollar
EXPR: 0 | POS | FRA | 0 | 0.26 | 394.8 | ((8.77+10.97)*20)=x | 8.77 10.97 + 20 * x = | 8.77:dollar 10.97:dollar +:dollar 20:dollar *:dollar x:dollar =:dollar
EXPR: 0 | POS | FRA | 0 | 0.26 | 39.74 | x=(8.77+(10.97+20)) | x 8.77 10.97 20 + + = | x:dollar 8.77:dollar 10.97:dollar 20:dollar +:dollar +:dollar =:dollar
EXPR: 0 | POS | FRA | 0 | 0.26 | 394.8 | x=((8.77+10.97)*20) | x 8.77 10.97 + 20 * = | x:dollar 8.77:dollar 10.97:dollar +:dollar 20:dollar *:dollar =:dollar
EXPR: 0 | POS | FRA | 0 | 0.26 | 0.987 | x=((8.77+10.97)/20) | x 8.77 10.97 + 20 / = | x:dollar 8.77:dollar 10.97:dollar +:dollar 20:dollar /:dollar =:dollar
EXPR: 0 | POS | FRA | 0 | 0.26 | 228.17 | (8.77+(10.97*20))=x | 8.77 10.97 20 * + x = | 8.77:dollar 10.97:dollar 20:dollar *:dollar +:dollar x:dollar =:dollar
EXPR: 0 | POS | FRA | 0 | 0.26 | 17.8 | x=(8.77-(10.97-20)) | x 8.77 10.97 20 - - = | x:dollar 8.77:dollar 10.97:dollar 20:dollar -:dollar -:dollar =:dollar
EXPR: 0 | POS | FRA | 0 | 0.26 | 0.987 | ((8.77+10.97)/20)=x | 8.77 10.97 + 20 / x = | 8.77:dollar 10.97:dollar +:dollar 20:dollar /:dollar x:dollar =:dollar
EXPR: 0 | POS | FRA | 0 | 0.26 | 228.17 | x=(8.77+(10.97*20)) | x 8.77 10.97 20 * + = | x:dollar 8.77:dollar 10.97:dollar 20:dollar *:dollar +:dollar =:dollar
EXPR: 0 | POS | FRA | 0 | 0.26 | 9.3185 | x=(8.77+(10.97/20)) | x 8.77 10.97 20 / + = | x:dollar 8.77:dollar 10.97:dollar 20:dollar /:dollar +:dollar =:dollar
EXPR: 0 | POS | FRA | 0 | 0.26 | 271.6069 | (8.77*(10.97+20))=x | 8.77 10.97 20 + * x = | 8.77:dollar 10.97:dollar 20:dollar +:dollar *:dollar x:dollar =:dollar
EXPR: 0 | POS | FRA | 0 | 0.26 | 271.6069 | x=(8.77*(10.97+20)) | x 8.77 10.97 20 + * = | x:dollar 8.77:dollar 10.97:dollar 20:dollar +:dollar *:dollar =:dollar
EXPR: 0 | POS | FRA | 0 | 0.26 | 0.283177268324185 | (8.77/(10.97+20))=x | 8.77 10.97 20 + / x = | 8.77:dollar 10.97:dollar 20:dollar +:dollar /:dollar x:dollar =:dollar
EXPR: 0 | POS | FRA | 0 | 0.26 | 17.8 | x=((8.77-10.97)+20) | x 8.77 10.97 - 20 + = | x:dollar 8.77:dollar 10.97:dollar -:dollar 20:dollar +:dollar =:dollar
EXPR: 0 | POS | FRA | 0 | 0.26 | 0.283177268324185 | x=(8.77/(10.97+20)) | x 8.77 10.97 20 + / = | x:dollar 8.77:dollar 10.97:dollar 20:dollar +:dollar /:dollar =:dollar
EXPR: 0 | POS | FRA | 0 | 0.26 | 8.2215 | (8.77-(10.97/20))=x | 8.77 10.97 20 / - x = | 8.77:dollar 10.97:dollar 20:dollar /:dollar -:dollar x:dollar =:dollar
EXPR: 0 | POS | FRA | 0 | 0.26 | 9.3185 | (8.77+(10.97/20))=x | 8.77 10.97 20 / + x = | 8.77:dollar 10.97:dollar 20:dollar /:dollar +:dollar x:dollar =:dollar
EXPR: 0 | POS | FRA | 0 | 0.26 | 116.2069 | x=((8.77*10.97)+20) | x 8.77 10.97 * 20 + = | x:dollar 8.77:dollar 10.97:dollar *:dollar 20:dollar +:dollar =:dollar
EXPR: 0 | POS | FRA | 0 | 0.26 | 20.799453053783 | x=((8.77/10.97)+20) | x 8.77 10.97 / 20 + = | x:dollar 8.77:dollar 10.97:dollar /:dollar 20:dollar +:dollar =:dollar
EXPR: 0 | POS | FRA | 0 | 0.26 | 17.8 | ((8.77-10.97)+20)=x | 8.77 10.97 - 20 + x = | 8.77:dollar 10.97:dollar -:dollar 20:dollar +:dollar x:dollar =:dollar
EXPR: 0 | POS | FRA | 0 | 0.26 | 116.2069 | ((8.77*10.97)+20)=x | 8.77 10.97 * 20 + x = | 8.77:dollar 10.97:dollar *:dollar 20:dollar +:dollar x:dollar =:dollar
EXPR: 0 | POS | FRA | 0 | 0.26 | 76.2069 | x=((8.77*10.97)-20) | x 8.77 10.97 * 20 - = | x:dollar 8.77:dollar 10.97:dollar *:dollar 20:dollar -:dollar =:dollar
EXPR: 0 | POS | FRA | 0 | 0.26 | 76.2069 | ((8.77*10.97)-20)=x | 8.77 10.97 * 20 - x = | 8.77:dollar 10.97:dollar *:dollar 20:dollar -:dollar x:dollar =:dollar
EXPR: 0 | POS | FRA | 0 | 0.26 | 8.2215 | x=(8.77-(10.97/20)) | x 8.77 10.97 20 / - = | x:dollar 8.77:dollar 10.97:dollar 20:dollar /:dollar -:dollar =:dollar
EXPR: 0 | POS | FRA | 0 | 0.26 | 39.74 | ((8.77+10.97)+20)=x | 8.77 10.97 + 20 + x = | 8.77:dollar 10.97:dollar +:dollar 20:dollar +:dollar x:dollar =:dollar
EXPR: 0 | POS | FRA | 0 | 0.26 | 20.799453053783 | ((8.77/10.97)+20)=x | 8.77 10.97 / 20 + x = | 8.77:dollar 10.97:dollar /:dollar 20:dollar +:dollar x:dollar =:dollar
EXPR: 0 | POS | FRA | 2 | 0.26 | 22.2 | ((10.97-8.77)+20)=x | 10.97 8.77 - 20 + x = | 10.97:dollar 8.77:dollar -:dollar 20:dollar +:dollar x:dollar =:dollar
EXPR: 0 | POS | FRA | 2 | 0.26 | 21.2508551881414 | ((10.97/8.77)+20)=x | 10.97 8.77 / 20 + x = | 10.97:dollar 8.77:dollar /:dollar 20:dollar +:dollar x:dollar =:dollar
EXPR: 0 | POS | FRA | 2 | 0.26 | 39.74 | (x-(8.77+10.97))=20 | x 8.77 10.97 + - 20 = | x:dollar 8.77:dollar 10.97:dollar +:dollar -:dollar 20:dollar =:dollar
EXPR: 0 | POS | FRA | 2 | 0.26 | 17.8 | ((8.77+20)-10.97)=x | 8.77 20 + 10.97 - x = | 8.77:dollar 20:dollar +:dollar 10.97:dollar -:dollar x:dollar =:dollar
EXPR: 0 | POS | FRA | 2 | 0.26 | 1.01317122593718 | (x*(8.77+10.97))=20 | x 8.77 10.97 + * 20 = | x:dollar 8.77:dollar 10.97:dollar +:dollar *:dollar 20:dollar =:dollar
EXPR: 0 | POS | FRA | 2 | 0.26 | 17.8 | x=((8.77+20)-10.97) | x 8.77 20 + 10.97 - = | x:dollar 8.77:dollar 20:dollar +:dollar 10.97:dollar -:dollar =:dollar
EXPR: 0 | POS | FRA | 2 | 0.26 | 22.2 | ((8.77+x)-10.97)=20 | 8.77 x + 10.97 - 20 = | 8.77:dollar x:dollar +:dollar 10.97:dollar -:dollar 20:dollar =:dollar
EXPR: 0 | POS | FRA | 2 | 0.26 | 22.2 | (x+(8.77-10.97))=20 | x 8.77 10.97 - + 20 = | x:dollar 8.77:dollar 10.97:dollar -:dollar +:dollar 20:dollar =:dollar
EXPR: 0 | POS | FRA | 2 | 0.26 | 2.62260711030082 | x=((8.77+20)/10.97) | x 8.77 20 + 10.97 / = | x:dollar 8.77:dollar 20:dollar +:dollar 10.97:dollar /:dollar =:dollar
EXPR: 0 | POS | FRA | 2 | 0.26 | 17.8 | x=(8.77+(20-10.97)) | x 8.77 20 10.97 - + = | x:dollar 8.77:dollar 20:dollar 10.97:dollar -:dollar +:dollar =:dollar
EXPR: 0 | POS | FRA | 2 | 0.26 | 10.5931540565178 | x=(8.77+(20/10.97)) | x 8.77 20 10.97 / + = | x:dollar 8.77:dollar 20:dollar 10.97:dollar /:dollar +:dollar =:dollar
EXPR: 0 | POS | FRA | 2 | 0.26 | 315.6069 | x=((8.77+20)*10.97) | x 8.77 20 + 10.97 * = | x:dollar 8.77:dollar 20:dollar +:dollar 10.97:dollar *:dollar =:dollar
EXPR: 0 | POS | FRA | 2 | 0.26 | 79.1931 | (8.77*(20-10.97))=x | 8.77 20 10.97 - * x = | 8.77:dollar 20:dollar 10.97:dollar -:dollar *:dollar x:dollar =:dollar
EXPR: 0 | POS | FRA | 2 | 0.26 | 0.971207087486157 | (8.77/(20-10.97))=x | 8.77 20 10.97 - / x = | 8.77:dollar 20:dollar 10.97:dollar -:dollar /:dollar x:dollar =:dollar
EXPR: 0 | POS | FRA | 2 | 0.26 | 39.74 | x=((8.77+20)+10.97) | x 8.77 20 + 10.97 + = | x:dollar 8.77:dollar 20:dollar +:dollar 10.97:dollar +:dollar =:dollar
EXPR: 0 | POS | FRA | 2 | 0.26 | 315.6069 | ((8.77+20)*10.97)=x | 8.77 20 + 10.97 * x = | 8.77:dollar 20:dollar +:dollar 10.97:dollar *:dollar x:dollar =:dollar
EXPR: 0 | POS | FRA | 2 | 0.26 | 2.62260711030082 | ((8.77+20)/10.97)=x | 8.77 20 + 10.97 / x = | 8.77:dollar 20:dollar +:dollar 10.97:dollar /:dollar x:dollar =:dollar
EXPR: 0 | POS | FRA | 2 | 0.26 | 22.2 | (8.77+(x-10.97))=20 | 8.77 x 10.97 - + 20 = | 8.77:dollar x:dollar 10.97:dollar -:dollar +:dollar 20:dollar =:dollar
EXPR: 0 | POS | FRA | 2 | 0.26 | 79.1931 | x=(8.77*(20-10.97)) | x 8.77 20 10.97 - * = | x:dollar 8.77:dollar 20:dollar 10.97:dollar -:dollar *:dollar =:dollar
EXPR: 0 | POS | FRA | 2 | 0.26 | 1.02964652223489 | ((8.77*x)+10.97)=20 | 8.77 x * 10.97 + 20 = | 8.77:dollar x:dollar *:dollar 10.97:dollar +:dollar 20:dollar =:dollar
EXPR: 0 | POS | FRA | 2 | 0.26 | 186.37 | x=((8.77*20)+10.97) | x 8.77 20 * 10.97 + = | x:dollar 8.77:dollar 20:dollar *:dollar 10.97:dollar +:dollar =:dollar
EXPR: 0 | POS | FRA | 2 | 0.26 | 164.43 | x=((8.77*20)-10.97) | x 8.77 20 * 10.97 - = | x:dollar 8.77:dollar 20:dollar *:dollar 10.97:dollar -:dollar =:dollar
EXPR: 0 | POS | FRA | 2 | 0.26 | 22.2 | ((8.77-10.97)+x)=20 | 8.77 10.97 - x + 20 = | 8.77:dollar 10.97:dollar -:dollar x:dollar +:dollar 20:dollar =:dollar
EXPR: 0 | POS | FRA | 2 | 0.26 | 22.2 | x=((10.97-8.77)+20) | x 10.97 8.77 - 20 + = | x:dollar 10.97:dollar 8.77:dollar -:dollar 20:dollar +:dollar =:dollar
EXPR: 0 | POS | FRA | 2 | 0.26 | 186.37 | ((8.77*20)+10.97)=x | 8.77 20 * 10.97 + x = | 8.77:dollar 20:dollar *:dollar 10.97:dollar +:dollar x:dollar =:dollar
EXPR: 0 | POS | FRA | 2 | 0.26 | 39.74 | ((8.77+20)+10.97)=x | 8.77 20 + 10.97 + x = | 8.77:dollar 20:dollar +:dollar 10.97:dollar +:dollar x:dollar =:dollar
EXPR: 0 | POS | FRA | 2 | 0.26 | 164.43 | ((8.77*20)-10.97)=x | 8.77 20 * 10.97 - x = | 8.77:dollar 20:dollar *:dollar 10.97:dollar -:dollar x:dollar =:dollar
EXPR: 0 | POS | FRA | 2 | 0.26 | 11.4085 | 8.77=((x-10.97)*20) | 8.77 x 10.97 - 20 * = | 8.77:dollar x:dollar 10.97:dollar -:dollar 20:dollar *:dollar =:dollar
EXPR: 1 | POS | FRA | 2 | 0.26 | 0.259999999999998 | ((8.77+10.97)+x)=20 | 8.77 10.97 + x + 20 = | 8.77:dollar 10.97:dollar +:dollar x:dollar +:dollar 20:dollar =:dollar
EXPR: 0 | POS | FRA | 2 | 0.26 | 11.4085 | ((8.77/20)+10.97)=x | 8.77 20 / 10.97 + x = | 8.77:dollar 20:dollar /:dollar 10.97:dollar +:dollar x:dollar =:dollar
EXPR: 0 | POS | FRA | 2 | 0.26 | 39.74 | 8.77=((x-10.97)-20) | 8.77 x 10.97 - 20 - = | 8.77:dollar x:dollar 10.97:dollar -:dollar 20:dollar -:dollar =:dollar
EXPR: 0 | POS | FRA | 2 | 0.26 | 11.4085 | x=((8.77/20)+10.97) | x 8.77 20 / 10.97 + = | x:dollar 8.77:dollar 20:dollar /:dollar 10.97:dollar +:dollar =:dollar
EXPR: 0 | POS | FRA | 2 | 0.26 | 271.6069 | 8.77=(x/(10.97+20)) | 8.77 x 10.97 20 + / = | 8.77:dollar x:dollar 10.97:dollar 20:dollar +:dollar /:dollar =:dollar
EXPR: 0 | POS | FRA | 2 | 0.26 | 0.283177268324185 | 8.77=(x*(10.97+20)) | 8.77 x 10.97 20 + * = | 8.77:dollar x:dollar 10.97:dollar 20:dollar +:dollar *:dollar =:dollar
EXPR: 0 | POS | FRA | 2 | 0.26 | 10.5931540565178 | ((x-8.77)*10.97)=20 | x 8.77 - 10.97 * 20 = | x:dollar 8.77:dollar -:dollar 10.97:dollar *:dollar 20:dollar =:dollar
EXPR: 0 | POS | FRA | 2 | 0.26 | 228.169999999999 | ((x-8.77)/10.97)=20 | x 8.77 - 10.97 / 20 = | x:dollar 8.77:dollar -:dollar 10.97:dollar /:dollar 20:dollar =:dollar
EXPR: 0 | POS | FRA | 2 | 0.26 | 39.74 | x=(10.97+(8.77+20)) | x 10.97 8.77 20 + + = | x:dollar 10.97:dollar 8.77:dollar 20:dollar +:dollar +:dollar =:dollar
EXPR: 0 | POS | FRA | 2 | 0.26 | 3.53135689851767 | ((8.77*x)-10.97)=20 | 8.77 x * 10.97 - 20 = | 8.77:dollar x:dollar *:dollar 10.97:dollar -:dollar 20:dollar =:dollar
EXPR: 0 | POS | FRA | 2 | 0.26 | 0.283177268324185 | ((8.77/x)-10.97)=20 | 8.77 x / 10.97 - 20 = | 8.77:dollar x:dollar /:dollar 10.97:dollar -:dollar 20:dollar =:dollar
EXPR: 0 | POS | FRA | 2 | 0.26 | 186.37 | (10.97+(8.77*20))=x | 10.97 8.77 20 * + x = | 10.97:dollar 8.77:dollar 20:dollar *:dollar +:dollar x:dollar =:dollar
EXPR: 0 | POS | FRA | 2 | 0.26 | 2.62260711030082 | 8.77=((x*10.97)-20) | 8.77 x 10.97 * 20 - = | 8.77:dollar x:dollar 10.97:dollar *:dollar 20:dollar -:dollar =:dollar
EXPR: 0 | POS | FRA | 2 | 0.26 | 315.6069 | 8.77=((x/10.97)-20) | 8.77 x 10.97 / 20 - = | 8.77:dollar x:dollar 10.97:dollar /:dollar 20:dollar -:dollar =:dollar
EXPR: 0 | POS | FRA | 2 | 0.26 | 39.74 | 8.77=(x-(10.97+20)) | 8.77 x 10.97 20 + - = | 8.77:dollar x:dollar 10.97:dollar 20:dollar +:dollar -:dollar =:dollar
EXPR: 0 | POS | FRA | 2 | 0.26 | 186.37 | x=(10.97+(8.77*20)) | x 10.97 8.77 20 * + = | x:dollar 10.97:dollar 8.77:dollar 20:dollar *:dollar +:dollar =:dollar
EXPR: 0 | POS | FRA | 2 | 0.26 | 19.200546946217 | ((8.77/10.97)+x)=20 | 8.77 10.97 / x + 20 = | 8.77:dollar 10.97:dollar /:dollar x:dollar +:dollar 20:dollar =:dollar
EXPR: 1 | POS | FRA | 2 | 0.26 | 0.259999999999998 | (x+(8.77+10.97))=20 | x 8.77 10.97 + + 20 = | x:dollar 8.77:dollar 10.97:dollar +:dollar +:dollar 20:dollar =:dollar
EXPR: 0 | POS | FRA | 2 | 0.26 | 22.2 | x=(10.97-(8.77-20)) | x 10.97 8.77 20 - - = | x:dollar 10.97:dollar 8.77:dollar 20:dollar -:dollar -:dollar =:dollar
EXPR: 0 | POS | FRA | 2 | 0.26 | 21.2508551881414 | x=((10.97/8.77)+20) | x 10.97 8.77 / 20 + = | x:dollar 10.97:dollar 8.77:dollar /:dollar 20:dollar +:dollar =:dollar
EXPR: 0 | POS | INT | 2 | 0.26 | 44 | x=((10.97-8.77)*20) | x 10.97 8.77 - 20 * = | x:dollar 10.97:dollar 8.77:dollar -:dollar 20:dollar *:dollar =:dollar
EXPR: 0 | POS | FRA | 2 | 0.26 | 19.200546946217 | 8.77=(10.97*(20-x)) | 8.77 10.97 20 x - * = | 8.77:dollar 10.97:dollar 20:dollar x:dollar -:dollar *:dollar =:dollar
EXPR: 0 | POS | FRA | 2 | 0.26 | 0.11 | x=((10.97-8.77)/20) | x 10.97 8.77 - 20 / = | x:dollar 10.97:dollar 8.77:dollar -:dollar 20:dollar /:dollar =:dollar
EXPR: 0 | POS | FRA | 2 | 0.26 | 22.2 | (10.97-(8.77-20))=x | 10.97 8.77 20 - - x = | 10.97:dollar 8.77:dollar 20:dollar -:dollar -:dollar x:dollar =:dollar
EXPR: 0 | POS | INT | 2 | 0.26 | 44 | ((10.97-8.77)*20)=x | 10.97 8.77 - 20 * x = | 10.97:dollar 8.77:dollar -:dollar 20:dollar *:dollar x:dollar =:dollar
EXPR: 0 | POS | FRA | 2 | 0.26 | 22.2 | 8.77=((10.97-x)+20) | 8.77 10.97 x - 20 + = | 8.77:dollar 10.97:dollar x:dollar -:dollar 20:dollar +:dollar =:dollar
EXPR: 0 | POS | FRA | 2 | 0.26 | 17.8 | (8.77+(20-10.97))=x | 8.77 20 10.97 - + x = | 8.77:dollar 20:dollar 10.97:dollar -:dollar +:dollar x:dollar =:dollar
EXPR: 0 | POS | FRA | 2 | 0.26 | 10.5931540565178 | (8.77+(20/10.97))=x | 8.77 20 10.97 / + x = | 8.77:dollar 20:dollar 10.97:dollar /:dollar +:dollar x:dollar =:dollar
EXPR: 0 | POS | FRA | 2 | 0.26 | 6.94684594348222 | ((8.77-x)*10.97)=20 | 8.77 x - 10.97 * 20 = | 8.77:dollar x:dollar -:dollar 10.97:dollar *:dollar 20:dollar =:dollar
EXPR: 0 | POS | FRA | 2 | 0.26 | 0.11 | ((10.97-8.77)/20)=x | 10.97 8.77 - 20 / x = | 10.97:dollar 8.77:dollar -:dollar 20:dollar /:dollar x:dollar =:dollar
EXPR: 0 | POS | FRA | 2 | 0.26 | 11.4085 | x=(10.97+(8.77/20)) | x 10.97 8.77 20 / + = | x:dollar 10.97:dollar 8.77:dollar 20:dollar /:dollar +:dollar =:dollar
EXPR: 0 | POS | FRA | 2 | 0.26 | 76.2069 | ((8.77*10.97)-x)=20 | 8.77 10.97 * x - 20 = | 8.77:dollar 10.97:dollar *:dollar x:dollar -:dollar 20:dollar =:dollar
EXPR: 0 | POS | FRA | 2 | 0.26 | 164.43 | 8.77=((x+10.97)/20) | 8.77 x 10.97 + 20 / = | 8.77:dollar x:dollar 10.97:dollar +:dollar 20:dollar /:dollar =:dollar
EXPR: 0 | POS | FRA | 2 | 0.26 | 22.2 | 8.77=((10.97+20)-x) | 8.77 10.97 20 + x - = | 8.77:dollar 10.97:dollar 20:dollar +:dollar x:dollar -:dollar =:dollar
EXPR: 0 | POS | FRA | 2 | 0.26 | 1.02370100273473 | (8.77+(x*10.97))=20 | 8.77 x 10.97 * + 20 = | 8.77:dollar x:dollar 10.97:dollar *:dollar +:dollar 20:dollar =:dollar
EXPR: 0 | POS | FRA | 2 | 0.26 | 123.1931 | (8.77+(x/10.97))=20 | 8.77 x 10.97 / + 20 = | 8.77:dollar x:dollar 10.97:dollar /:dollar +:dollar 20:dollar =:dollar
EXPR: 0 | POS | FRA | 2 | 0.26 | 1.02370100273473 | (8.77+(10.97*x))=20 | 8.77 10.97 x * + 20 = | 8.77:dollar 10.97:dollar x:dollar *:dollar +:dollar 20:dollar =:dollar
EXPR: 0 | POS | FRA | 2 | 0.26 | 10.5315 | x=(10.97-(8.77/20)) | x 10.97 8.77 20 / - = | x:dollar 10.97:dollar 8.77:dollar 20:dollar /:dollar -:dollar =:dollar
EXPR: 0 | POS | FRA | 2 | 0.26 | 6.94684594348222 | x=(8.77-(20/10.97)) | x 8.77 20 10.97 / - = | x:dollar 8.77:dollar 20:dollar 10.97:dollar /:dollar -:dollar =:dollar
EXPR: 0 | POS | FRA | 2 | 0.26 | 11.4085 | (10.97+(8.77/20))=x | 10.97 8.77 20 / + x = | 10.97:dollar 8.77:dollar 20:dollar /:dollar +:dollar x:dollar =:dollar
EXPR: 0 | POS | FRA | 2 | 0.26 | 22.2 | 8.77=(10.97+(20-x)) | 8.77 10.97 20 x - + = | 8.77:dollar 10.97:dollar 20:dollar x:dollar -:dollar +:dollar =:dollar
EXPR: 0 | POS | FRA | 2 | 0.26 | 39.74 | (10.97+(8.77+20))=x | 10.97 8.77 20 + + x = | 10.97:dollar 8.77:dollar 20:dollar +:dollar +:dollar x:dollar =:dollar
EXPR: 0 | POS | FRA | 2 | 0.26 | 10.5315 | (10.97-(8.77/20))=x | 10.97 8.77 20 / - x = | 10.97:dollar 8.77:dollar 20:dollar /:dollar -:dollar x:dollar =:dollar
EXPR: 0 | POS | FRA | 2 | 0.26 | 6.94684594348222 | (8.77-(20/10.97))=x | 8.77 20 10.97 / - x = | 8.77:dollar 20:dollar 10.97:dollar /:dollar -:dollar x:dollar =:dollar
EXPR: 0 | POS | FRA | 2 | 0.26 | 186.37 | 8.77=((x-10.97)/20) | 8.77 x 10.97 - 20 / = | 8.77:dollar x:dollar 10.97:dollar -:dollar 20:dollar /:dollar =:dollar
EXPR: 0 | POS | FRA | 2 | 0.26 | 13.2505017103763 | (8.77*(x-10.97))=20 | 8.77 x 10.97 - * 20 = | 8.77:dollar x:dollar 10.97:dollar -:dollar *:dollar 20:dollar =:dollar
EXPR: 1 | POS | FRA | 2 | 0.26 | 0.259999999999998 | (8.77+(10.97+x))=20 | 8.77 10.97 x + + 20 = | 8.77:dollar 10.97:dollar x:dollar +:dollar +:dollar 20:dollar =:dollar
EXPR: 1 | POS | FRA | 2 | 0.26 | 0.259999999999998 | ((8.77+x)+10.97)=20 | 8.77 x + 10.97 + 20 = | 8.77:dollar x:dollar +:dollar 10.97:dollar +:dollar 20:dollar =:dollar
EXPR: 0 | POS | FRA | 2 | 0.26 | 0.971207087486157 | ((8.77/x)+10.97)=20 | 8.77 x / 10.97 + 20 = | 8.77:dollar x:dollar /:dollar 10.97:dollar +:dollar 20:dollar =:dollar
EXPR: 0 | POS | FRA | 2 | 0.26 | 20.799453053783 | 8.77=(10.97*(x-20)) | 8.77 10.97 x 20 - * = | 8.77:dollar 10.97:dollar x:dollar 20:dollar -:dollar *:dollar =:dollar
EXPR: 0 | POS | FRA | 2 | 0.26 | 21.2508551881414 | 8.77=(10.97/(x-20)) | 8.77 10.97 x 20 - / = | 8.77:dollar 10.97:dollar x:dollar 20:dollar -:dollar /:dollar =:dollar
EXPR: 0 | POS | FRA | 2 | 0.26 | 0.283177268324185 | 8.77=((10.97+20)*x) | 8.77 10.97 20 + x * = | 8.77:dollar 10.97:dollar 20:dollar +:dollar x:dollar *:dollar =:dollar
EXPR: 0 | POS | FRA | 2 | 0.26 | 3.53135689851767 | 8.77=((10.97+20)/x) | 8.77 10.97 20 + x / = | 8.77:dollar 10.97:dollar 20:dollar +:dollar x:dollar /:dollar =:dollar
EXPR: 0 | POS | FRA | 2 | 0.26 | 17.8 | (x-(8.77-10.97))=20 | x 8.77 10.97 - - 20 = | x:dollar 8.77:dollar 10.97:dollar -:dollar -:dollar 20:dollar =:dollar
EXPR: 0 | POS | FRA | 2 | 0.26 | 228.17 | 8.77=(x-(10.97*20)) | 8.77 x 10.97 20 * - = | 8.77:dollar x:dollar 10.97:dollar 20:dollar *:dollar -:dollar =:dollar
EXPR: 0 | POS | FRA | 2 | 0.26 | 17.8 | 8.77=(10.97+(x-20)) | 8.77 10.97 x 20 - + = | 8.77:dollar 10.97:dollar x:dollar 20:dollar -:dollar +:dollar =:dollar
EXPR: 0 | POS | FRA | 2 | 0.26 | 0.976847729296527 | (8.77+(10.97/x))=20 | 8.77 10.97 x / + 20 = | 8.77:dollar 10.97:dollar x:dollar /:dollar +:dollar 20:dollar =:dollar
EXPR: 0 | POS | FRA | 2 | 0.26 | 0.971207087486157 | x=(8.77/(20-10.97)) | x 8.77 20 10.97 - / = | x:dollar 8.77:dollar 20:dollar 10.97:dollar -:dollar /:dollar =:dollar
EXPR: 0 | POS | FRA | 2 | 0.26 | 8.68949828962372 | (8.77*(10.97-x))=20 | 8.77 10.97 x - * 20 = | 8.77:dollar 10.97:dollar x:dollar -:dollar *:dollar 20:dollar =:dollar
EXPR: 0 | POS | FRA | 2 | 0.26 | 8.2215 | 8.77=((10.97/20)+x) | 8.77 10.97 20 / x + = | 8.77:dollar 10.97:dollar 20:dollar /:dollar x:dollar +:dollar =:dollar
EXPR: 0 | POS | FRA | 2 | 0.26 | 22.2 | (8.77-(10.97-x))=20 | 8.77 10.97 x - - 20 = | 8.77:dollar 10.97:dollar x:dollar -:dollar -:dollar 20:dollar =:dollar
EXPR: 0 | POS | FRA | 2 | 0.26 | 210.63 | ((8.77+x)/10.97)=20 | 8.77 x + 10.97 / 20 = | 8.77:dollar x:dollar +:dollar 10.97:dollar /:dollar 20:dollar =:dollar
EXPR: 0 | POS | FRA | 2 | 0.26 | 164.43 | 8.77=((10.97+x)/20) | 8.77 10.97 x + 20 / = | 8.77:dollar 10.97:dollar x:dollar +:dollar 20:dollar /:dollar =:dollar
EXPR: 0 | POS | FRA | 2 | 0.26 | 210.63 | 8.77=((10.97*20)-x) | 8.77 10.97 20 * x - = | 8.77:dollar 10.97:dollar 20:dollar *:dollar x:dollar -:dollar =:dollar
EXPR: 0 | POS | FRA | 2 | 0.26 | 1.02964652223489 | ((x*8.77)+10.97)=20 | x 8.77 * 10.97 + 20 = | x:dollar 8.77:dollar *:dollar 10.97:dollar +:dollar 20:dollar =:dollar
EXPR: 0 | POS | FRA | 2 | 0.26 | 315.6069 | (10.97*(8.77+20))=x | 10.97 8.77 20 + * x = | 10.97:dollar 8.77:dollar 20:dollar +:dollar *:dollar x:dollar =:dollar
EXPR: 0 | POS | FRA | 2 | 0.26 | 9.3185 | 8.77=(x-(10.97/20)) | 8.77 x 10.97 20 / - = | 8.77:dollar x:dollar 10.97:dollar 20:dollar /:dollar -:dollar =:dollar
EXPR: 0 | POS | FRA | 2 | 0.26 | 17.8 | ((x-8.77)+10.97)=20 | x 8.77 - 10.97 + 20 = | x:dollar 8.77:dollar -:dollar 10.97:dollar +:dollar 20:dollar =:dollar
EXPR: 0 | POS | FRA | 2 | 0.26 | 39.74 | ((x-8.77)-10.97)=20 | x 8.77 - 10.97 - 20 = | x:dollar 8.77:dollar -:dollar 10.97:dollar -:dollar 20:dollar =:dollar
EXPR: 0 | POS | FRA | 2 | 0.26 | 17.8 | 8.77=((10.97+x)-20) | 8.77 10.97 x + 20 - = | 8.77:dollar 10.97:dollar x:dollar +:dollar 20:dollar -:dollar =:dollar
EXPR: 1 | POS | FRA | 2 | 0.26 | 0.259999999999998 | ((x+8.77)+10.97)=20 | x 8.77 + 10.97 + 20 = | x:dollar 8.77:dollar +:dollar 10.97:dollar +:dollar 20:dollar =:dollar
EXPR: 0 | POS | FRA | 2 | 0.26 | 17.8 | 8.77=(10.97-(20-x)) | 8.77 10.97 20 x - - = | 8.77:dollar 10.97:dollar 20:dollar x:dollar -:dollar -:dollar =:dollar
EXPR: 0 | POS | FRA | 2 | 0.26 | 0.11 | 8.77=(10.97-(20*x)) | 8.77 10.97 20 x * - = | 8.77:dollar 10.97:dollar 20:dollar x:dollar *:dollar -:dollar =:dollar
EXPR: 0 | POS | FRA | 2 | 0.26 | 11.4085 | (8.77/(x-10.97))=20 | 8.77 x 10.97 - / 20 = | 8.77:dollar x:dollar 10.97:dollar -:dollar /:dollar 20:dollar =:dollar
EXPR: 0 | POS | FRA | 2 | 0.26 | 18.7491448118586 | 8.77=(10.97/(20-x)) | 8.77 10.97 20 x - / = | 8.77:dollar 10.97:dollar 20:dollar x:dollar -:dollar /:dollar =:dollar
EXPR: 0 | POS | FRA | 2 | 0.26 | 17.8 | 8.77=((x+10.97)-20) | 8.77 x 10.97 + 20 - = | 8.77:dollar x:dollar 10.97:dollar +:dollar 20:dollar -:dollar =:dollar
EXPR: 0 | POS | FRA | 2 | 0.26 | 10.5315 | (8.77/(10.97-x))=20 | 8.77 10.97 x - / 20 = | 8.77:dollar 10.97:dollar x:dollar -:dollar /:dollar 20:dollar =:dollar
EXPR: 0 | POS | FRA | 2 | 0.26 | 10.5315 | 8.77=((10.97-x)*20) | 8.77 10.97 x - 20 * = | 8.77:dollar 10.97:dollar x:dollar -:dollar 20:dollar *:dollar =:dollar
EXPR: 0 | POS | FRA | 2 | 0.26 | 79.1931 | ((x/8.77)+10.97)=20 | x 8.77 / 10.97 + 20 = | x:dollar 8.77:dollar /:dollar 10.97:dollar +:dollar 20:dollar =:dollar
EXPR: 0 | POS | FRA | 2 | 0.26 | 22.2 | 8.77=(10.97-(x-20)) | 8.77 10.97 x 20 - - = | 8.77:dollar 10.97:dollar x:dollar 20:dollar -:dollar -:dollar =:dollar
EXPR: 0 | POS | FRA | 2 | 0.26 | 0.11 | 8.77=(10.97-(x*20)) | 8.77 10.97 x 20 * - = | 8.77:dollar 10.97:dollar x:dollar 20:dollar *:dollar -:dollar =:dollar
EXPR: 0 | POS | FRA | 2 | 0.26 | 17.8 | 8.77=((10.97-20)+x) | 8.77 10.97 20 - x + = | 8.77:dollar 10.97:dollar 20:dollar -:dollar x:dollar +:dollar =:dollar
EXPR: 0 | POS | FRA | 2 | 0.26 | 116.2069 | (x-(8.77*10.97))=20 | x 8.77 10.97 * - 20 = | x:dollar 8.77:dollar 10.97:dollar *:dollar -:dollar 20:dollar =:dollar
EXPR: 0 | POS | FRA | 2 | 0.26 | 19.200546946217 | (x+(8.77/10.97))=20 | x 8.77 10.97 / + 20 = | x:dollar 8.77:dollar 10.97:dollar /:dollar +:dollar 20:dollar =:dollar
EXPR: 1 | POS | FRA | 2 | 0.26 | 0.259999999999998 | (8.77+(x+10.97))=20 | 8.77 x 10.97 + + 20 = | 8.77:dollar x:dollar 10.97:dollar +:dollar +:dollar 20:dollar =:dollar
EXPR: 0 | POS | FRA | 2 | 0.26 | 3.53135689851767 | ((x*8.77)-10.97)=20 | x 8.77 * 10.97 - 20 = | x:dollar 8.77:dollar *:dollar 10.97:dollar -:dollar 20:dollar =:dollar
EXPR: 0 | POS | FRA | 2 | 0.26 | 22.2 | ((x+8.77)-10.97)=20 | x 8.77 + 10.97 - 20 = | x:dollar 8.77:dollar +:dollar 10.97:dollar -:dollar 20:dollar =:dollar
EXPR: 0 | POS | FRA | 2 | 0.26 | 2.62260711030082 | 8.77=((10.97*x)-20) | 8.77 10.97 x * 20 - = | 8.77:dollar 10.97:dollar x:dollar *:dollar 20:dollar -:dollar =:dollar
EXPR: 0 | POS | FRA | 2 | 0.26 | 0.381299965241571 | 8.77=((10.97/x)-20) | 8.77 10.97 x / 20 - = | 8.77:dollar 10.97:dollar x:dollar /:dollar 20:dollar -:dollar =:dollar
EXPR: 0 | POS | FRA | 2 | 0.26 | 271.6069 | ((x/8.77)-10.97)=20 | x 8.77 / 10.97 - 20 = | x:dollar 8.77:dollar /:dollar 10.97:dollar -:dollar 20:dollar =:dollar
EXPR: 0 | POS | FRA | 2 | 0.26 | 394.8 | (x/(8.77+10.97))=20 | x 8.77 10.97 + / 20 = | x:dollar 8.77:dollar 10.97:dollar +:dollar /:dollar 20:dollar =:dollar
EXPR: 0 | POS | FRA | 2 | 0.26 | 210.63 | ((x+8.77)/10.97)=20 | x 8.77 + 10.97 / 20 = | x:dollar 8.77:dollar +:dollar 10.97:dollar /:dollar 20:dollar =:dollar
EXPR: 0 | POS | FRA | 2 | 0.26 | 20.799453053783 | (x-(8.77/10.97))=20 | x 8.77 10.97 / - 20 = | x:dollar 8.77:dollar 10.97:dollar /:dollar -:dollar 20:dollar =:dollar
EXPR: 0 | POS | FRA | 2 | 0.26 | 9.09090909090909 | 8.77=(10.97-(20/x)) | 8.77 10.97 20 x / - = | 8.77:dollar 10.97:dollar 20:dollar x:dollar /:dollar -:dollar =:dollar
EXPR: 0 | POS | FRA | 2 | 0.26 | 0.381299965241571 | (10.97/(8.77+20))=x | 10.97 8.77 20 + / x = | 10.97:dollar 8.77:dollar 20:dollar +:dollar /:dollar x:dollar =:dollar
EXPR: 0 | POS | FRA | 2 | 0.26 | 0.381299965241571 | x=(10.97/(8.77+20)) | x 10.97 8.77 20 + / = | x:dollar 10.97:dollar 8.77:dollar 20:dollar +:dollar /:dollar =:dollar
EXPR: 0 | POS | INT | 2 | 0.26 | 44 | 8.77=(10.97-(x/20)) | 8.77 10.97 x 20 / - = | 8.77:dollar 10.97:dollar x:dollar 20:dollar /:dollar -:dollar =:dollar
EXPR: 0 | POS | FRA | 2 | 0.26 | 315.6069 | x=(10.97*(8.77+20)) | x 10.97 8.77 20 + * = | x:dollar 10.97:dollar 8.77:dollar 20:dollar +:dollar *:dollar =:dollar
EXPR: 0 | POS | FRA | 2 | 0.26 | 1.01317122593718 | ((8.77+10.97)*x)=20 | 8.77 10.97 + x * 20 = | 8.77:dollar 10.97:dollar +:dollar x:dollar *:dollar 20:dollar =:dollar
EXPR: 0 | POS | FRA | 2 | 0.26 | 0.987 | ((8.77+10.97)/x)=20 | 8.77 10.97 + x / 20 = | 8.77:dollar 10.97:dollar +:dollar x:dollar /:dollar 20:dollar =:dollar
EXPR: 0 | POS | FRA | 2 | 0.26 | 17.8 | 8.77=(x+(10.97-20)) | 8.77 x 10.97 20 - + = | 8.77:dollar x:dollar 10.97:dollar 20:dollar -:dollar +:dollar =:dollar
EXPR: 0 | POS | FRA | 2 | 0.26 | 8.2215 | 8.77=(x+(10.97/20)) | 8.77 x 10.97 20 / + = | 8.77:dollar x:dollar 10.97:dollar 20:dollar /:dollar +:dollar =:dollar
EXPR: 0 | POS | FRA | 4 | 0.26 | 17.8 | ((10.97+x)-8.77)=20 | 10.97 x + 8.77 - 20 = | 10.97:dollar x:dollar +:dollar 8.77:dollar -:dollar 20:dollar =:dollar
EXPR: 0 | POS | FRA | 4 | 0.26 | 39.74 | (x-(8.77+20))=10.97 | x 8.77 20 + - 10.97 = | x:dollar 8.77:dollar 20:dollar +:dollar -:dollar 10.97:dollar =:dollar
EXPR: 0 | POS | FRA | 4 | 0.26 | 9.09090909090909 | ((10.97-8.77)*x)=20 | 10.97 8.77 - x * 20 = | 10.97:dollar 8.77:dollar -:dollar x:dollar *:dollar 20:dollar =:dollar
EXPR: 0 | POS | FRA | 4 | 0.26 | 22.2 | ((8.77-20)+x)=10.97 | 8.77 20 - x + 10.97 = | 8.77:dollar 20:dollar -:dollar x:dollar +:dollar 10.97:dollar =:dollar
EXPR: 0 | POS | FRA | 4 | 0.26 | 17.8 | 10.97=((8.77-x)+20) | 10.97 8.77 x - 20 + = | 10.97:dollar 8.77:dollar x:dollar -:dollar 20:dollar +:dollar =:dollar
EXPR: 0 | POS | FRA | 4 | 0.26 | 8.2215 | 10.97=((8.77-x)*20) | 10.97 8.77 x - 20 * = | 10.97:dollar 8.77:dollar x:dollar -:dollar 20:dollar *:dollar =:dollar
EXPR: 0 | POS | FRA | 4 | 0.26 | 17.8 | 8.77=((x-20)+10.97) | 8.77 x 20 - 10.97 + = | 8.77:dollar x:dollar 20:dollar -:dollar 10.97:dollar +:dollar =:dollar
EXPR: 0 | POS | FRA | 4 | 0.26 | 0.11 | ((10.97-8.77)/x)=20 | 10.97 8.77 - x / 20 = | 10.97:dollar 8.77:dollar -:dollar x:dollar /:dollar 20:dollar =:dollar
EXPR: 0 | POS | FRA | 4 | 0.26 | 39.74 | 8.77=((x-20)-10.97) | 8.77 x 20 - 10.97 - = | 8.77:dollar x:dollar 20:dollar -:dollar 10.97:dollar -:dollar =:dollar
EXPR: 0 | POS | FRA | 4 | 0.26 | 17.8 | (10.97+(x-8.77))=20 | 10.97 x 8.77 - + 20 = | 10.97:dollar x:dollar 8.77:dollar -:dollar +:dollar 20:dollar =:dollar
EXPR: 0 | POS | FRA | 4 | 0.26 | 1.02964652223489 | (10.97+(x*8.77))=20 | 10.97 x 8.77 * + 20 = | 10.97:dollar x:dollar 8.77:dollar *:dollar +:dollar 20:dollar =:dollar
EXPR: 0 | POS | FRA | 4 | 0.26 | 79.1931 | 8.77=(x/(20-10.97)) | 8.77 x 20 10.97 - / = | 8.77:dollar x:dollar 20:dollar 10.97:dollar -:dollar /:dollar =:dollar
EXPR: 0 | POS | FRA | 4 | 0.26 | 13.2505017103763 | ((x-10.97)*8.77)=20 | x 10.97 - 8.77 * 20 = | x:dollar 10.97:dollar -:dollar 8.77:dollar *:dollar 20:dollar =:dollar
EXPR: 0 | POS | FRA | 4 | 0.26 | 186.37 | ((x-10.97)/8.77)=20 | x 10.97 - 8.77 / 20 = | x:dollar 10.97:dollar -:dollar 8.77:dollar /:dollar 20:dollar =:dollar
EXPR: 0 | POS | FRA | 4 | 0.26 | 22.2 | 10.97=((x+8.77)-20) | 10.97 x 8.77 + 20 - = | 10.97:dollar x:dollar 8.77:dollar +:dollar 20:dollar -:dollar =:dollar
EXPR: 0 | POS | FRA | 4 | 0.26 | 20.799453053783 | 8.77=((x-20)*10.97) | 8.77 x 20 - 10.97 * = | 8.77:dollar x:dollar 20:dollar -:dollar 10.97:dollar *:dollar =:dollar
EXPR: 0 | POS | FRA | 4 | 0.26 | 17.8 | ((8.77-x)+20)=10.97 | 8.77 x - 20 + 10.97 = | 8.77:dollar x:dollar -:dollar 20:dollar +:dollar 10.97:dollar =:dollar
EXPR: 0 | POS | FRA | 4 | 0.26 | 0.987 | 8.77=((x*20)-10.97) | 8.77 x 20 * 10.97 - = | 8.77:dollar x:dollar 20:dollar *:dollar 10.97:dollar -:dollar =:dollar
EXPR: 0 | POS | FRA | 4 | 0.26 | 0.381299965241571 | 10.97=(x*(8.77+20)) | 10.97 x 8.77 20 + * = | 10.97:dollar x:dollar 8.77:dollar 20:dollar +:dollar *:dollar =:dollar
EXPR: 0 | POS | FRA | 4 | 0.26 | 22.2 | (8.77+(x-20))=10.97 | 8.77 x 20 - + 10.97 = | 8.77:dollar x:dollar 20:dollar -:dollar +:dollar 10.97:dollar =:dollar
EXPR: 0 | POS | FRA | 4 | 0.26 | 8.68949828962372 | ((10.97-x)*8.77)=20 | 10.97 x - 8.77 * 20 = | 10.97:dollar x:dollar -:dollar 8.77:dollar *:dollar 20:dollar =:dollar
EXPR: 0 | POS | FRA | 4 | 0.26 | 17.8 | (x+(10.97-8.77))=20 | x 10.97 8.77 - + 20 = | x:dollar 10.97:dollar 8.77:dollar -:dollar +:dollar 20:dollar =:dollar
EXPR: 0 | POS | FRA | 4 | 0.26 | 39.74 | 10.97=((x-8.77)-20) | 10.97 x 8.77 - 20 - = | 10.97:dollar x:dollar 8.77:dollar -:dollar 20:dollar -:dollar =:dollar
EXPR: 1 | POS | FRA | 4 | 0.26 | 0.259999999999998 | ((10.97+x)+8.77)=20 | 10.97 x + 8.77 + 20 = | 10.97:dollar x:dollar +:dollar 8.77:dollar +:dollar 20:dollar =:dollar
EXPR: 0 | POS | FRA | 4 | 0.26 | 17.8 | 10.97=(8.77+(20-x)) | 10.97 8.77 20 x - + = | 10.97:dollar 8.77:dollar 20:dollar x:dollar -:dollar +:dollar =:dollar
EXPR: 0 | POS | FRA | 4 | 0.26 | 0.11 | 10.97=(8.77+(20*x)) | 10.97 8.77 20 x * + = | 10.97:dollar 8.77:dollar 20:dollar x:dollar *:dollar +:dollar =:dollar
EXPR: 1 | POS | FRA | 4 | 0.26 | 0.26 | 8.77=((20-x)-10.97) | 8.77 20 x - 10.97 - = | 8.77:dollar 20:dollar x:dollar -:dollar 10.97:dollar -:dollar =:dollar
EXPR: 0 | POS | FRA | 4 | 0.26 | 3.53135689851767 | 10.97=((8.77*x)-20) | 10.97 8.77 x * 20 - = | 10.97:dollar 8.77:dollar x:dollar *:dollar 20:dollar -:dollar =:dollar
EXPR: 0 | POS | FRA | 4 | 0.26 | 0.381299965241571 | (x*(8.77+20))=10.97 | x 8.77 20 + * 10.97 = | x:dollar 8.77:dollar 20:dollar +:dollar *:dollar 10.97:dollar =:dollar
EXPR: 0 | POS | FRA | 4 | 0.26 | 18.7491448118586 | (8.77*(20-x))=10.97 | 8.77 20 x - * 10.97 = | 8.77:dollar 20:dollar x:dollar -:dollar *:dollar 10.97:dollar =:dollar
EXPR: 0 | POS | FRA | 4 | 0.26 | 19.200546946217 | (8.77/(20-x))=10.97 | 8.77 20 x - / 10.97 = | 8.77:dollar 20:dollar x:dollar -:dollar /:dollar 10.97:dollar =:dollar
EXPR: 0 | POS | FRA | 4 | 0.26 | 22.2 | 8.77=((20-x)+10.97) | 8.77 20 x - 10.97 + = | 8.77:dollar 20:dollar x:dollar -:dollar 10.97:dollar +:dollar =:dollar
EXPR: 0 | POS | FRA | 4 | 0.26 | 210.63 | 10.97=((8.77+x)/20) | 10.97 8.77 x + 20 / = | 10.97:dollar 8.77:dollar x:dollar +:dollar 20:dollar /:dollar =:dollar
EXPR: 0 | POS | FRA | 4 | 0.26 | 22.2 | 8.77=(20+(10.97-x)) | 8.77 20 10.97 x - + = | 8.77:dollar 20:dollar 10.97:dollar x:dollar -:dollar +:dollar =:dollar
EXPR: 0 | POS | FRA | 4 | 0.26 | 22.2 | (x+(8.77-20))=10.97 | x 8.77 20 - + 10.97 = | x:dollar 8.77:dollar 20:dollar -:dollar +:dollar 10.97:dollar =:dollar
EXPR: 1 | POS | FRA | 4 | 0.26 | 0.259999999999998 | (10.97+(x+8.77))=20 | 10.97 x 8.77 + + 20 = | 10.97:dollar x:dollar 8.77:dollar +:dollar +:dollar 20:dollar =:dollar
EXPR: 0 | POS | FRA | 4 | 0.26 | 10.5315 | 8.77=(20*(10.97-x)) | 8.77 20 10.97 x - * = | 8.77:dollar 20:dollar 10.97:dollar x:dollar -:dollar *:dollar =:dollar
EXPR: 0 | POS | FRA | 4 | 0.26 | 0.283177268324185 | 10.97=((8.77/x)-20) | 10.97 8.77 x / 20 - = | 10.97:dollar 8.77:dollar x:dollar /:dollar 20:dollar -:dollar =:dollar
EXPR: 0 | POS | FRA | 4 | 0.26 | 0.11 | (8.77+(x*20))=10.97 | 8.77 x 20 * + 10.97 = | 8.77:dollar x:dollar 20:dollar *:dollar +:dollar 10.97:dollar =:dollar
EXPR: 0 | POS | FRA | 4 | 0.26 | 17.8 | (8.77+(20-x))=10.97 | 8.77 20 x - + 10.97 = | 8.77:dollar 20:dollar x:dollar -:dollar +:dollar 10.97:dollar =:dollar
EXPR: 0 | POS | FRA | 4 | 0.26 | 1.02964652223489 | (10.97+(8.77*x))=20 | 10.97 8.77 x * + 20 = | 10.97:dollar 8.77:dollar x:dollar *:dollar +:dollar 20:dollar =:dollar
EXPR: 0 | POS | FRA | 4 | 0.26 | 3.53135689851767 | ((8.77*x)-20)=10.97 | 8.77 x * 20 - 10.97 = | 8.77:dollar x:dollar *:dollar 20:dollar -:dollar 10.97:dollar =:dollar
EXPR: 0 | POS | FRA | 4 | 0.26 | 0.283177268324185 | ((8.77/x)-20)=10.97 | 8.77 x / 20 - 10.97 = | 8.77:dollar x:dollar /:dollar 20:dollar -:dollar 10.97:dollar =:dollar
EXPR: 0 | POS | FRA | 4 | 0.26 | 39.74 | 10.97=(x-(8.77+20)) | 10.97 x 8.77 20 + - = | 10.97:dollar x:dollar 8.77:dollar 20:dollar +:dollar -:dollar =:dollar
EXPR: 0 | POS | FRA | 4 | 0.26 | 164.43 | ((8.77*20)-x)=10.97 | 8.77 20 * x - 10.97 = | 8.77:dollar 20:dollar *:dollar x:dollar -:dollar 10.97:dollar =:dollar
EXPR: 0 | POS | FRA | 4 | 0.26 | 9.3185 | ((x-8.77)*20)=10.97 | x 8.77 - 20 * 10.97 = | x:dollar 8.77:dollar -:dollar 20:dollar *:dollar 10.97:dollar =:dollar
EXPR: 0 | POS | FRA | 4 | 0.26 | 228.17 | ((x-8.77)/20)=10.97 | x 8.77 - 20 / 10.97 = | x:dollar 8.77:dollar -:dollar 20:dollar /:dollar 10.97:dollar =:dollar
EXPR: 0 | POS | FRA | 4 | 0.26 | 19.200546946217 | 10.97=(8.77/(20-x)) | 10.97 8.77 20 x - / = | 10.97:dollar 8.77:dollar 20:dollar x:dollar -:dollar /:dollar =:dollar
EXPR: 0 | POS | FRA | 4 | 0.26 | 22.2 | ((8.77+x)-20)=10.97 | 8.77 x + 20 - 10.97 = | 8.77:dollar x:dollar +:dollar 20:dollar -:dollar 10.97:dollar =:dollar
EXPR: 0 | POS | FRA | 4 | 0.26 | 186.37 | 10.97=(x-(8.77*20)) | 10.97 x 8.77 20 * - = | 10.97:dollar x:dollar 8.77:dollar 20:dollar *:dollar -:dollar =:dollar
EXPR: 0 | POS | FRA | 4 | 0.26 | 116.2069 | 8.77=((x-20)/10.97) | 8.77 x 20 - 10.97 / = | 8.77:dollar x:dollar 20:dollar -:dollar 10.97:dollar /:dollar =:dollar
EXPR: 1 | POS | FRA | 4 | 0.26 | 0.26 | 8.77=((20-10.97)-x) | 8.77 20 10.97 - x - = | 8.77:dollar 20:dollar 10.97:dollar -:dollar x:dollar -:dollar =:dollar
EXPR: 0 | POS | FRA | 4 | 0.26 | 79.1931 | (10.97+(x/8.77))=20 | 10.97 x 8.77 / + 20 = | 10.97:dollar x:dollar 8.77:dollar /:dollar +:dollar 20:dollar =:dollar
EXPR: 0 | POS | FRA | 4 | 0.26 | 0.381299965241571 | 10.97=((8.77+20)*x) | 10.97 8.77 20 + x * = | 10.97:dollar 8.77:dollar 20:dollar +:dollar x:dollar *:dollar =:dollar
EXPR: 0 | POS | FRA | 4 | 0.26 | 2.62260711030082 | 10.97=((8.77+20)/x) | 10.97 8.77 20 + x / = | 10.97:dollar 8.77:dollar 20:dollar +:dollar x:dollar /:dollar =:dollar
EXPR: 1 | POS | FRA | 4 | 0.26 | 0.259999999999998 | (10.97+(8.77+x))=20 | 10.97 8.77 x + + 20 = | 10.97:dollar 8.77:dollar x:dollar +:dollar +:dollar 20:dollar =:dollar
EXPR: 0 | POS | FRA | 4 | 0.26 | 1.02370100273473 | 8.77=(20-(10.97*x)) | 8.77 20 10.97 x * - = | 8.77:dollar 20:dollar 10.97:dollar x:dollar *:dollar -:dollar =:dollar
EXPR: 0 | POS | FRA | 4 | 0.26 | 11.4085 | 8.77=(20*(x-10.97)) | 8.77 20 x 10.97 - * = | 8.77:dollar 20:dollar x:dollar 10.97:dollar -:dollar *:dollar =:dollar
EXPR: 0 | POS | FRA | 4 | 0.26 | 21.2508551881414 | (8.77*(x-20))=10.97 | 8.77 x 20 - * 10.97 = | 8.77:dollar x:dollar 20:dollar -:dollar *:dollar 10.97:dollar =:dollar
EXPR: 0 | POS | FRA | 4 | 0.26 | 9.09090909090909 | 10.97=(8.77+(20/x)) | 10.97 8.77 20 x / + = | 10.97:dollar 8.77:dollar 20:dollar x:dollar /:dollar +:dollar =:dollar
EXPR: 0 | POS | FRA | 4 | 0.26 | 11.4085 | 10.97=(x-(8.77/20)) | 10.97 x 8.77 20 / - = | 10.97:dollar x:dollar 8.77:dollar 20:dollar /:dollar -:dollar =:dollar
EXPR: 0 | POS | FRA | 4 | 0.26 | 22.2 | 10.97=(x+(8.77-20)) | 10.97 x 8.77 20 - + = | 10.97:dollar x:dollar 8.77:dollar 20:dollar -:dollar +:dollar =:dollar
EXPR: 0 | POS | INT | 4 | 0.26 | 44 | (8.77+(x/20))=10.97 | 8.77 x 20 / + 10.97 = | 8.77:dollar x:dollar 20:dollar /:dollar +:dollar 10.97:dollar =:dollar
EXPR: 0 | POS | FRA | 4 | 0.26 | 20.799453053783 | 10.97=(8.77/(x-20)) | 10.97 8.77 x 20 - / = | 10.97:dollar 8.77:dollar x:dollar 20:dollar -:dollar /:dollar =:dollar
EXPR: 0 | POS | FRA | 4 | 0.26 | 22.2 | 10.97=((8.77-20)+x) | 10.97 8.77 20 - x + = | 10.97:dollar 8.77:dollar 20:dollar -:dollar x:dollar +:dollar =:dollar
EXPR: 0 | POS | FRA | 4 | 0.26 | 13.2505017103763 | 8.77=(20/(x-10.97)) | 8.77 20 x 10.97 - / = | 8.77:dollar 20:dollar x:dollar 10.97:dollar -:dollar /:dollar =:dollar
EXPR: 0 | POS | FRA | 4 | 0.26 | 8.68949828962372 | 8.77=(20/(10.97-x)) | 8.77 20 10.97 x - / = | 8.77:dollar 20:dollar 10.97:dollar x:dollar -:dollar /:dollar =:dollar
EXPR: 0 | POS | FRA | 4 | 0.26 | 18.7491448118586 | 10.97=(8.77*(20-x)) | 10.97 8.77 20 x - * = | 10.97:dollar 8.77:dollar 20:dollar x:dollar -:dollar *:dollar =:dollar
EXPR: 0 | POS | FRA | 4 | 0.26 | 0.11 | (8.77+(20*x))=10.97 | 8.77 20 x * + 10.97 = | 8.77:dollar 20:dollar x:dollar *:dollar +:dollar 10.97:dollar =:dollar
EXPR: 0 | POS | FRA | 4 | 0.26 | 0.976847729296527 | 8.77=(20-(10.97/x)) | 8.77 20 10.97 x / - = | 8.77:dollar 20:dollar 10.97:dollar x:dollar /:dollar -:dollar =:dollar
EXPR: 0 | POS | FRA | 4 | 0.26 | 76.2068999999999 | 8.77=((x+20)/10.97) | 8.77 x 20 + 10.97 / = | 8.77:dollar x:dollar 20:dollar +:dollar 10.97:dollar /:dollar =:dollar
EXPR: 0 | POS | FRA | 4 | 0.26 | 8.2215 | ((8.77-x)*20)=10.97 | 8.77 x - 20 * 10.97 = | 8.77:dollar x:dollar -:dollar 20:dollar *:dollar 10.97:dollar =:dollar
EXPR: 0 | POS | FRA | 4 | 0.26 | 0.971207087486157 | (10.97+(8.77/x))=20 | 10.97 8.77 x / + 20 = | 10.97:dollar 8.77:dollar x:dollar /:dollar +:dollar 20:dollar =:dollar
EXPR: 0 | POS | FRA | 4 | 0.26 | 17.8 | ((10.97-8.77)+x)=20 | 10.97 8.77 - x + 20 = | 10.97:dollar 8.77:dollar -:dollar x:dollar +:dollar 20:dollar =:dollar
EXPR: 0 | POS | FRA | 4 | 0.26 | 18.7491448118586 | ((10.97/8.77)+x)=20 | 10.97 8.77 / x + 20 = | 10.97:dollar 8.77:dollar /:dollar x:dollar +:dollar 20:dollar =:dollar
EXPR: 0 | POS | FRA | 4 | 0.26 | 17.8 | 10.97=(8.77-(x-20)) | 10.97 8.77 x 20 - - = | 10.97:dollar 8.77:dollar x:dollar 20:dollar -:dollar -:dollar =:dollar
EXPR: 0 | POS | FRA | 4 | 0.26 | 210.63 | 10.97=((x+8.77)/20) | 10.97 x 8.77 + 20 / = | 10.97:dollar x:dollar 8.77:dollar +:dollar 20:dollar /:dollar =:dollar
EXPR: 0 | POS | FRA | 4 | 0.26 | 164.43 | ((10.97+x)/8.77)=20 | 10.97 x + 8.77 / 20 = | 10.97:dollar x:dollar +:dollar 8.77:dollar /:dollar 20:dollar =:dollar
EXPR: 1 | POS | FRA | 4 | 0.26 | 0.26 | 8.77=(20-(10.97+x)) | 8.77 20 10.97 x + - = | 8.77:dollar 20:dollar 10.97:dollar x:dollar +:dollar -:dollar =:dollar
EXPR: 0 | POS | FRA | 4 | 0.26 | 10.5315 | ((8.77/20)+x)=10.97 | 8.77 20 / x + 10.97 = | 8.77:dollar 20:dollar /:dollar x:dollar +:dollar 10.97:dollar =:dollar
EXPR: 0 | POS | FRA | 4 | 0.26 | 394.8 | 8.77=((x/20)-10.97) | 8.77 x 20 / 10.97 - = | 8.77:dollar x:dollar 20:dollar /:dollar 10.97:dollar -:dollar =:dollar
EXPR: 0 | POS | FRA | 4 | 0.26 | 315.6069 | 10.97=(x/(8.77+20)) | 10.97 x 8.77 20 + / = | 10.97:dollar x:dollar 8.77:dollar 20:dollar +:dollar /:dollar =:dollar
EXPR: 0 | POS | FRA | 4 | 0.26 | 3.53135689851767 | 10.97=((x*8.77)-20) | 10.97 x 8.77 * 20 - = | 10.97:dollar x:dollar 8.77:dollar *:dollar 20:dollar -:dollar =:dollar
EXPR: 0 | POS | FRA | 4 | 0.26 | 39.74 | ((x-10.97)-8.77)=20 | x 10.97 - 8.77 - 20 = | x:dollar 10.97:dollar -:dollar 8.77:dollar -:dollar 20:dollar =:dollar
EXPR: 0 | POS | FRA | 4 | 0.26 | 3.53135689851767 | ((x*8.77)-20)=10.97 | x 8.77 * 20 - 10.97 = | x:dollar 8.77:dollar *:dollar 20:dollar -:dollar 10.97:dollar =:dollar
EXPR: 1 | POS | FRA | 4 | 0.26 | 0.259999999999998 | ((x+10.97)+8.77)=20 | x 10.97 + 8.77 + 20 = | x:dollar 10.97:dollar +:dollar 8.77:dollar +:dollar 20:dollar =:dollar
EXPR: 0 | POS | FRA | 4 | 0.26 | 1.02370100273473 | ((10.97*x)+8.77)=20 | 10.97 x * 8.77 + 20 = | 10.97:dollar x:dollar *:dollar 8.77:dollar +:dollar 20:dollar =:dollar
EXPR: 0 | POS | FRA | 4 | 0.26 | 2.62260711030082 | ((10.97*x)-8.77)=20 | 10.97 x * 8.77 - 20 = | 10.97:dollar x:dollar *:dollar 8.77:dollar -:dollar 20:dollar =:dollar
EXPR: 0 | POS | FRA | 4 | 0.26 | 0.976847729296527 | ((10.97/x)+8.77)=20 | 10.97 x / 8.77 + 20 = | 10.97:dollar x:dollar /:dollar 8.77:dollar +:dollar 20:dollar =:dollar
EXPR: 0 | POS | FRA | 4 | 0.26 | 10.5315 | 10.97=(x+(8.77/20)) | 10.97 x 8.77 20 / + = | 10.97:dollar x:dollar 8.77:dollar 20:dollar /:dollar +:dollar =:dollar
EXPR: 0 | POS | FRA | 4 | 0.26 | 9.09090909090909 | (8.77+(20/x))=10.97 | 8.77 20 x / + 10.97 = | 8.77:dollar 20:dollar x:dollar /:dollar +:dollar 10.97:dollar =:dollar
EXPR: 0 | POS | FRA | 4 | 0.26 | 22.2 | (8.77-(20-x))=10.97 | 8.77 20 x - - 10.97 = | 8.77:dollar 20:dollar x:dollar -:dollar -:dollar 10.97:dollar =:dollar
EXPR: 0 | POS | FRA | 4 | 0.26 | 10.5931540565178 | (10.97*(x-8.77))=20 | 10.97 x 8.77 - * 20 = | 10.97:dollar x:dollar 8.77:dollar -:dollar *:dollar 20:dollar =:dollar
EXPR: 0 | POS | FRA | 4 | 0.26 | 22.2 | ((x-10.97)+8.77)=20 | x 10.97 - 8.77 + 20 = | x:dollar 10.97:dollar -:dollar 8.77:dollar +:dollar 20:dollar =:dollar
EXPR: 0 | POS | FRA | 4 | 0.26 | 22.2 | 10.97=((8.77+x)-20) | 10.97 8.77 x + 20 - = | 10.97:dollar 8.77:dollar x:dollar +:dollar 20:dollar -:dollar =:dollar
EXPR: 0 | POS | FRA | 4 | 0.26 | 6.94684594348222 | (10.97*(8.77-x))=20 | 10.97 8.77 x - * 20 = | 10.97:dollar 8.77:dollar x:dollar -:dollar *:dollar 20:dollar =:dollar
EXPR: 0 | POS | FRA | 4 | 0.26 | 0.381299965241571 | ((10.97/x)-8.77)=20 | 10.97 x / 8.77 - 20 = | 10.97:dollar x:dollar /:dollar 8.77:dollar -:dollar 20:dollar =:dollar
EXPR: 0 | POS | FRA | 4 | 0.26 | 19.200546946217 | 8.77=((20-x)*10.97) | 8.77 20 x - 10.97 * = | 8.77:dollar 20:dollar x:dollar -:dollar 10.97:dollar *:dollar =:dollar
EXPR: 0 | POS | FRA | 4 | 0.26 | 8.2215 | (10.97/(8.77-x))=20 | 10.97 8.77 x - / 20 = | 10.97:dollar 8.77:dollar x:dollar -:dollar /:dollar 20:dollar =:dollar
EXPR: 0 | POS | FRA | 4 | 0.26 | 123.1931 | ((x/10.97)+8.77)=20 | x 10.97 / 8.77 + 20 = | x:dollar 10.97:dollar /:dollar 8.77:dollar +:dollar 20:dollar =:dollar
EXPR: 0 | POS | FRA | 4 | 0.26 | 9.09090909090909 | (x*(10.97-8.77))=20 | x 10.97 8.77 - * 20 = | x:dollar 10.97:dollar 8.77:dollar -:dollar *:dollar 20:dollar =:dollar
EXPR: 0 | POS | INT | 4 | 0.26 | 44 | (x/(10.97-8.77))=20 | x 10.97 8.77 - / 20 = | x:dollar 10.97:dollar 8.77:dollar -:dollar /:dollar 20:dollar =:dollar
EXPR: 0 | POS | FRA | 4 | 0.26 | 164.43 | 10.97=((8.77*20)-x) | 10.97 8.77 20 * x - = | 10.97:dollar 8.77:dollar 20:dollar *:dollar x:dollar -:dollar =:dollar
EXPR: 0 | POS | FRA | 4 | 0.26 | 0.971207087486157 | 8.77=(x*(20-10.97)) | 8.77 x 20 10.97 - * = | 8.77:dollar x:dollar 20:dollar 10.97:dollar -:dollar *:dollar =:dollar
EXPR: 0 | POS | FRA | 4 | 0.26 | 9.3185 | (10.97/(x-8.77))=20 | 10.97 x 8.77 - / 20 = | 10.97:dollar x:dollar 8.77:dollar -:dollar /:dollar 20:dollar =:dollar
EXPR: 0 | POS | FRA | 4 | 0.26 | 76.2068999999999 | 8.77=((20+x)/10.97) | 8.77 20 x + 10.97 / = | 8.77:dollar 20:dollar x:dollar +:dollar 10.97:dollar /:dollar =:dollar
EXPR: 0 | POS | FRA | 4 | 0.26 | 17.8 | (10.97-(8.77-x))=20 | 10.97 8.77 x - - 20 = | 10.97:dollar 8.77:dollar x:dollar -:dollar -:dollar 20:dollar =:dollar
EXPR: 0 | POS | FRA | 4 | 0.26 | 22.2 | (x-(10.97-8.77))=20 | x 10.97 8.77 - - 20 = | x:dollar 10.97:dollar 8.77:dollar -:dollar -:dollar 20:dollar =:dollar
EXPR: 0 | POS | FRA | 4 | 0.26 | 22.2 | 8.77=(20-(x-10.97)) | 8.77 20 x 10.97 - - = | 8.77:dollar 20:dollar x:dollar 10.97:dollar -:dollar -:dollar =:dollar
EXPR: 0 | POS | FRA | 4 | 0.26 | 1.02370100273473 | ((x*10.97)+8.77)=20 | x 10.97 * 8.77 + 20 = | x:dollar 10.97:dollar *:dollar 8.77:dollar +:dollar 20:dollar =:dollar
EXPR: 0 | POS | FRA | 4 | 0.26 | 22.2 | 10.97=(8.77+(x-20)) | 10.97 8.77 x 20 - + = | 10.97:dollar 8.77:dollar x:dollar 20:dollar -:dollar +:dollar =:dollar
EXPR: 0 | POS | FRA | 4 | 0.26 | 17.8 | ((8.77+20)-x)=10.97 | 8.77 20 + x - 10.97 = | 8.77:dollar 20:dollar +:dollar x:dollar -:dollar 10.97:dollar =:dollar
EXPR: 0 | POS | FRA | 4 | 0.26 | 17.8 | ((x+10.97)-8.77)=20 | x 10.97 + 8.77 - 20 = | x:dollar 10.97:dollar +:dollar 8.77:dollar -:dollar 20:dollar =:dollar
EXPR: 0 | POS | FRA | 4 | 0.26 | 22.2 | ((x+8.77)-20)=10.97 | x 8.77 + 20 - 10.97 = | x:dollar 8.77:dollar +:dollar 20:dollar -:dollar 10.97:dollar =:dollar
EXPR: 0 | POS | FRA | 4 | 0.26 | 0.987 | 8.77=((20*x)-10.97) | 8.77 20 x * 10.97 - = | 8.77:dollar 20:dollar x:dollar *:dollar 10.97:dollar -:dollar =:dollar
EXPR: 0 | POS | FRA | 4 | 0.26 | 6.94684594348222 | 8.77=((20/10.97)+x) | 8.77 20 10.97 / x + = | 8.77:dollar 20:dollar 10.97:dollar /:dollar x:dollar +:dollar =:dollar
EXPR: 0 | POS | FRA | 4 | 0.26 | 0.971207087486157 | 8.77=((20-10.97)*x) | 8.77 20 10.97 - x * = | 8.77:dollar 20:dollar 10.97:dollar -:dollar x:dollar *:dollar =:dollar
EXPR: 0 | POS | FRA | 4 | 0.26 | 315.6069 | ((x/10.97)-8.77)=20 | x 10.97 / 8.77 - 20 = | x:dollar 10.97:dollar /:dollar 8.77:dollar -:dollar 20:dollar =:dollar
EXPR: 0 | POS | FRA | 4 | 0.26 | 0.11 | 10.97=(8.77+(x*20)) | 10.97 8.77 x 20 * + = | 10.97:dollar 8.77:dollar x:dollar 20:dollar *:dollar +:dollar =:dollar
EXPR: 0 | POS | INT | 4 | 0.26 | 44 | 10.97=(8.77+(x/20)) | 10.97 8.77 x 20 / + = | 10.97:dollar 8.77:dollar x:dollar 20:dollar /:dollar +:dollar =:dollar
EXPR: 0 | POS | FRA | 4 | 0.26 | 2.62260711030082 | ((x*10.97)-8.77)=20 | x 10.97 * 8.77 - 20 = | x:dollar 10.97:dollar *:dollar 8.77:dollar -:dollar 20:dollar =:dollar
EXPR: 0 | POS | FRA | 4 | 0.26 | 22.2 | 10.97=(8.77-(20-x)) | 10.97 8.77 20 x - - = | 10.97:dollar 8.77:dollar 20:dollar x:dollar -:dollar -:dollar =:dollar
EXPR: 0 | POS | FRA | 4 | 0.26 | 10.5315 | (x+(8.77/20))=10.97 | x 8.77 20 / + 10.97 = | x:dollar 8.77:dollar 20:dollar /:dollar +:dollar 10.97:dollar =:dollar
EXPR: 0 | POS | FRA | 4 | 0.26 | 210.63 | ((x+8.77)/20)=10.97 | x 8.77 + 20 / 10.97 = | x:dollar 8.77:dollar +:dollar 20:dollar /:dollar 10.97:dollar =:dollar
EXPR: 0 | POS | FRA | 4 | 0.26 | 17.8 | 10.97=((8.77+20)-x) | 10.97 8.77 20 + x - = | 10.97:dollar 8.77:dollar 20:dollar +:dollar x:dollar -:dollar =:dollar
EXPR: 0 | POS | FRA | 4 | 0.26 | 1.02964652223489 | 8.77=((20-10.97)/x) | 8.77 20 10.97 - x / = | 8.77:dollar 20:dollar 10.97:dollar -:dollar x:dollar /:dollar =:dollar
EXPR: 0 | POS | FRA | 4 | 0.26 | 10.5315 | 10.97=((8.77/20)+x) | 10.97 8.77 20 / x + = | 10.97:dollar 8.77:dollar 20:dollar /:dollar x:dollar +:dollar =:dollar
EXPR: 0 | POS | FRA | 4 | 0.26 | 20.799453053783 | (8.77/(x-20))=10.97 | 8.77 x 20 - / 10.97 = | 8.77:dollar x:dollar 20:dollar -:dollar /:dollar 10.97:dollar =:dollar
EXPR: 0 | POS | FRA | 4 | 0.26 | 164.43 | ((x+10.97)/8.77)=20 | x 10.97 + 8.77 / 20 = | x:dollar 10.97:dollar +:dollar 8.77:dollar /:dollar 20:dollar =:dollar
EXPR: 0 | POS | FRA | 4 | 0.26 | 1.02370100273473 | 8.77=(20-(x*10.97)) | 8.77 20 x 10.97 * - = | 8.77:dollar 20:dollar x:dollar 10.97:dollar *:dollar -:dollar =:dollar
EXPR: 0 | POS | FRA | 4 | 0.26 | 1.01317122593718 | 8.77=((20/x)-10.97) | 8.77 20 x / 10.97 - = | 8.77:dollar 20:dollar x:dollar /:dollar 10.97:dollar -:dollar =:dollar
EXPR: 0 | POS | FRA | 4 | 0.26 | 315.6069 | (x/(8.77+20))=10.97 | x 8.77 20 + / 10.97 = | x:dollar 8.77:dollar 20:dollar +:dollar /:dollar 10.97:dollar =:dollar
EXPR: 0 | POS | FRA | 4 | 0.26 | 21.2508551881414 | 10.97=(8.77*(x-20)) | 10.97 8.77 x 20 - * = | 10.97:dollar 8.77:dollar x:dollar 20:dollar -:dollar *:dollar =:dollar
EXPR: 0 | POS | FRA | 4 | 0.26 | 18.7491448118586 | (x+(10.97/8.77))=20 | x 10.97 8.77 / + 20 = | x:dollar 10.97:dollar 8.77:dollar /:dollar +:dollar 20:dollar =:dollar
EXPR: 0 | POS | FRA | 4 | 0.26 | 21.2508551881414 | (x-(10.97/8.77))=20 | x 10.97 8.77 / - 20 = | x:dollar 10.97:dollar 8.77:dollar /:dollar -:dollar 20:dollar =:dollar
EXPR: 0 | POS | FRA | 4 | 0.26 | 9.3185 | 10.97=((x-8.77)*20) | 10.97 x 8.77 - 20 * = | 10.97:dollar x:dollar 8.77:dollar -:dollar 20:dollar *:dollar =:dollar
EXPR: 0 | POS | FRA | 4 | 0.26 | 228.17 | 10.97=((x-8.77)/20) | 10.97 x 8.77 - 20 / = | 10.97:dollar x:dollar 8.77:dollar -:dollar 20:dollar /:dollar =:dollar
EXPR: 0 | POS | FRA | 4 | 0.26 | 17.8 | (8.77-(x-20))=10.97 | 8.77 x 20 - - 10.97 = | 8.77:dollar x:dollar 20:dollar -:dollar -:dollar 10.97:dollar =:dollar
EXPR: 1 | POS | FRA | 4 | 0.26 | 0.26 | 8.77=(20-(x+10.97)) | 8.77 20 x 10.97 + - = | 8.77:dollar 20:dollar x:dollar 10.97:dollar +:dollar -:dollar =:dollar
EXPR: 0 | POS | FRA | 4 | 0.26 | 123.1931 | 8.77=(20-(x/10.97)) | 8.77 20 x 10.97 / - = | 8.77:dollar 20:dollar x:dollar 10.97:dollar /:dollar -:dollar =:dollar
EXPR: 0 | POS | FRA | 4 | 0.26 | 210.63 | ((8.77+x)/20)=10.97 | 8.77 x + 20 / 10.97 = | 8.77:dollar x:dollar +:dollar 20:dollar /:dollar 10.97:dollar =:dollar
EXPR: 0 | POS | FRA | 4 | 0.26 | 271.6069 | 10.97=((x/8.77)-20) | 10.97 x 8.77 / 20 - = | 10.97:dollar x:dollar 8.77:dollar /:dollar 20:dollar -:dollar =:dollar
EXPR: 0 | POS | FRA | 4 | 0.26 | 39.74 | ((x-8.77)-20)=10.97 | x 8.77 - 20 - 10.97 = | x:dollar 8.77:dollar -:dollar 20:dollar -:dollar 10.97:dollar =:dollar
EXPR: 0 | POS | FRA | 4 | 0.26 | 17.8 | 8.77=(x-(20-10.97)) | 8.77 x 20 10.97 - - = | 8.77:dollar x:dollar 20:dollar 10.97:dollar -:dollar -:dollar =:dollar
EXPR: 0 | POS | FRA | 4 | 0.26 | 11.4085 | (x-(8.77/20))=10.97 | x 8.77 20 / - 10.97 = | x:dollar 8.77:dollar 20:dollar /:dollar -:dollar 10.97:dollar =:dollar
EXPR: 0 | POS | FRA | 4 | 0.26 | 0.381299965241571 | ((8.77+20)*x)=10.97 | 8.77 20 + x * 10.97 = | 8.77:dollar 20:dollar +:dollar x:dollar *:dollar 10.97:dollar =:dollar
EXPR: 0 | POS | FRA | 4 | 0.26 | 2.62260711030082 | ((8.77+20)/x)=10.97 | 8.77 20 + x / 10.97 = | 8.77:dollar 20:dollar +:dollar x:dollar /:dollar 10.97:dollar =:dollar
EXPR: 0 | POS | FRA | 4 | 0.26 | 186.37 | (x-(8.77*20))=10.97 | x 8.77 20 * - 10.97 = | x:dollar 8.77:dollar 20:dollar *:dollar -:dollar 10.97:dollar =:dollar
EXPR: 0 | POS | FRA | 4 | 0.26 | 271.6069 | ((x/8.77)-20)=10.97 | x 8.77 / 20 - 10.97 = | x:dollar 8.77:dollar /:dollar 20:dollar -:dollar 10.97:dollar =:dollar
EXPR: 0 | POS | FRA | 4 | 0.26 | 6.94684594348222 | 8.77=(x+(20/10.97)) | 8.77 x 20 10.97 / + = | 8.77:dollar x:dollar 20:dollar 10.97:dollar /:dollar +:dollar =:dollar
EXPR: 0 | POS | FRA | 4 | 0.26 | 10.5931540565178 | 8.77=(x-(20/10.97)) | 8.77 x 20 10.97 / - = | 8.77:dollar x:dollar 20:dollar 10.97:dollar /:dollar -:dollar =:dollar
EXPR: 0 | POS | FRA | 5 | 0.26 | 22.2 | x=((10.97+20)-8.77) | x 10.97 20 + 8.77 - = | x:dollar 10.97:dollar 20:dollar +:dollar 8.77:dollar -:dollar =:dollar
EXPR: 0 | POS | FRA | 5 | 0.26 | 39.74 | x=((10.97+20)+8.77) | x 10.97 20 + 8.77 + = | x:dollar 10.97:dollar 20:dollar +:dollar 8.77:dollar +:dollar =:dollar
EXPR: 0 | POS | FRA | 5 | 0.26 | 3.53135689851767 | x=((10.97+20)/8.77) | x 10.97 20 + 8.77 / = | x:dollar 10.97:dollar 20:dollar +:dollar 8.77:dollar /:dollar =:dollar
EXPR: 0 | POS | FRA | 5 | 0.26 | 22.2 | x=(10.97+(20-8.77)) | x 10.97 20 8.77 - + = | x:dollar 10.97:dollar 20:dollar 8.77:dollar -:dollar +:dollar =:dollar
EXPR: 0 | POS | FRA | 5 | 0.26 | 271.6069 | x=((10.97+20)*8.77) | x 10.97 20 + 8.77 * = | x:dollar 10.97:dollar 20:dollar +:dollar 8.77:dollar *:dollar =:dollar
EXPR: 1 | POS | FRA | 5 | 0.26 | 0.26 | x=((20-8.77)-10.97) | x 20 8.77 - 10.97 - = | x:dollar 20:dollar 8.77:dollar -:dollar 10.97:dollar -:dollar =:dollar
EXPR: 0 | POS | FRA | 5 | 0.26 | 22.2 | ((10.97+20)-8.77)=x | 10.97 20 + 8.77 - x = | 10.97:dollar 20:dollar +:dollar 8.77:dollar -:dollar x:dollar =:dollar
EXPR: 0 | POS | FRA | 5 | 0.26 | 123.1931 | ((20-8.77)*10.97)=x | 20 8.77 - 10.97 * x = | 20:dollar 8.77:dollar -:dollar 10.97:dollar *:dollar x:dollar =:dollar
EXPR: 0 | POS | FRA | 5 | 0.26 | 13.2505017103763 | x=(10.97+(20/8.77)) | x 10.97 20 8.77 / + = | x:dollar 10.97:dollar 20:dollar 8.77:dollar /:dollar +:dollar =:dollar
EXPR: 0 | POS | FRA | 5 | 0.26 | 17.8 | x=(20+(8.77-10.97)) | x 20 8.77 10.97 - + = | x:dollar 20:dollar 8.77:dollar 10.97:dollar -:dollar +:dollar =:dollar
EXPR: 0 | POS | FRA | 5 | 0.26 | 17.8 | (20+(8.77-10.97))=x | 20 8.77 10.97 - + x = | 20:dollar 8.77:dollar 10.97:dollar -:dollar +:dollar x:dollar =:dollar
EXPR: 0 | POS | FRA | 5 | 0.26 | 22.2 | x=(20-(8.77-10.97)) | x 20 8.77 10.97 - - = | x:dollar 20:dollar 8.77:dollar 10.97:dollar -:dollar -:dollar =:dollar
EXPR: 0 | POS | FRA | 5 | 0.26 | 22.2 | x=((20-8.77)+10.97) | x 20 8.77 - 10.97 + = | x:dollar 20:dollar 8.77:dollar -:dollar 10.97:dollar +:dollar =:dollar
EXPR: 0 | POS | FRA | 5 | 0.26 | 13.2505017103763 | x=((20/8.77)+10.97) | x 20 8.77 / 10.97 + = | x:dollar 20:dollar 8.77:dollar /:dollar 10.97:dollar +:dollar =:dollar
EXPR: 0 | POS | FRA | 5 | 0.26 | 123.1931 | (10.97*(20-8.77))=x | 10.97 20 8.77 - * x = | 10.97:dollar 20:dollar 8.77:dollar -:dollar *:dollar x:dollar =:dollar
EXPR: 0 | POS | FRA | 5 | 0.26 | 0.976847729296527 | (10.97/(20-8.77))=x | 10.97 20 8.77 - / x = | 10.97:dollar 20:dollar 8.77:dollar -:dollar /:dollar x:dollar =:dollar
EXPR: 0 | POS | FRA | 5 | 0.26 | 1.02370100273473 | x=((20-8.77)/10.97) | x 20 8.77 - 10.97 / = | x:dollar 20:dollar 8.77:dollar -:dollar 10.97:dollar /:dollar =:dollar
EXPR: 0 | POS | FRA | 5 | 0.26 | 39.74 | (20+(8.77+10.97))=x | 20 8.77 10.97 + + x = | 20:dollar 8.77:dollar 10.97:dollar +:dollar +:dollar x:dollar =:dollar
EXPR: 0 | POS | FRA | 5 | 0.26 | 228.17 | x=((10.97*20)+8.77) | x 10.97 20 * 8.77 + = | x:dollar 10.97:dollar 20:dollar *:dollar 8.77:dollar +:dollar =:dollar
EXPR: 0 | POS | FRA | 5 | 0.26 | 9.3185 | x=((10.97/20)+8.77) | x 10.97 20 / 8.77 + = | x:dollar 10.97:dollar 20:dollar /:dollar 8.77:dollar +:dollar =:dollar
EXPR: 0 | POS | FRA | 5 | 0.26 | 210.63 | x=((10.97*20)-8.77) | x 10.97 20 * 8.77 - = | x:dollar 10.97:dollar 20:dollar *:dollar 8.77:dollar -:dollar =:dollar
EXPR: 0 | POS | FRA | 5 | 0.26 | 22.2 | (20-(8.77-10.97))=x | 20 8.77 10.97 - - x = | 20:dollar 8.77:dollar 10.97:dollar -:dollar -:dollar x:dollar =:dollar
EXPR: 0 | POS | FRA | 5 | 0.26 | 39.74 | x=(20+(8.77+10.97)) | x 20 8.77 10.97 + + = | x:dollar 20:dollar 8.77:dollar 10.97:dollar +:dollar +:dollar =:dollar
EXPR: 0 | POS | FRA | 5 | 0.26 | 39.74 | ((10.97+20)+8.77)=x | 10.97 20 + 8.77 + x = | 10.97:dollar 20:dollar +:dollar 8.77:dollar +:dollar x:dollar =:dollar
EXPR: 0 | POS | FRA | 5 | 0.26 | 116.2069 | (20+(8.77*10.97))=x | 20 8.77 10.97 * + x = | 20:dollar 8.77:dollar 10.97:dollar *:dollar +:dollar x:dollar =:dollar
EXPR: 0 | POS | FRA | 5 | 0.26 | 19.200546946217 | (20-(8.77/10.97))=x | 20 8.77 10.97 / - x = | 20:dollar 8.77:dollar 10.97:dollar /:dollar -:dollar x:dollar =:dollar
EXPR: 0 | POS | FRA | 5 | 0.26 | 22.2 | ((20-8.77)+10.97)=x | 20 8.77 - 10.97 + x = | 20:dollar 8.77:dollar -:dollar 10.97:dollar +:dollar x:dollar =:dollar
EXPR: 0 | POS | FRA | 5 | 0.26 | 13.2505017103763 | ((20/8.77)+10.97)=x | 20 8.77 / 10.97 + x = | 20:dollar 8.77:dollar /:dollar 10.97:dollar +:dollar x:dollar =:dollar
EXPR: 0 | POS | FRA | 5 | 0.26 | 19.200546946217 | x=(20-(8.77/10.97)) | x 20 8.77 10.97 / - = | x:dollar 20:dollar 8.77:dollar 10.97:dollar /:dollar -:dollar =:dollar
EXPR: 0 | POS | FRA | 5 | 0.26 | 22.2 | (10.97+(20-8.77))=x | 10.97 20 8.77 - + x = | 10.97:dollar 20:dollar 8.77:dollar -:dollar +:dollar x:dollar =:dollar
EXPR: 0 | POS | FRA | 5 | 0.26 | 13.2505017103763 | (10.97+(20/8.77))=x | 10.97 20 8.77 / + x = | 10.97:dollar 20:dollar 8.77:dollar /:dollar +:dollar x:dollar =:dollar
EXPR: 0 | POS | FRA | 5 | 0.26 | 20.799453053783 | x=(20+(8.77/10.97)) | x 20 8.77 10.97 / + = | x:dollar 20:dollar 8.77:dollar 10.97:dollar /:dollar +:dollar =:dollar
EXPR: 1 | POS | FRA | 5 | 0.26 | 0.259999999999998 | (20-(8.77+10.97))=x | 20 8.77 10.97 + - x = | 20:dollar 8.77:dollar 10.97:dollar +:dollar -:dollar x:dollar =:dollar
EXPR: 0 | POS | FRA | 5 | 0.26 | 8.68949828962372 | (10.97-(20/8.77))=x | 10.97 20 8.77 / - x = | 10.97:dollar 20:dollar 8.77:dollar /:dollar -:dollar x:dollar =:dollar
EXPR: 1 | POS | FRA | 5 | 0.26 | 0.26 | ((20-8.77)-10.97)=x | 20 8.77 - 10.97 - x = | 20:dollar 8.77:dollar -:dollar 10.97:dollar -:dollar x:dollar =:dollar
EXPR: 0 | POS | FRA | 5 | 0.26 | 20.799453053783 | (20+(8.77/10.97))=x | 20 8.77 10.97 / + x = | 20:dollar 8.77:dollar 10.97:dollar /:dollar +:dollar x:dollar =:dollar
EXPR: 0 | POS | FRA | 5 | 0.26 | 271.6069 | ((10.97+20)*8.77)=x | 10.97 20 + 8.77 * x = | 10.97:dollar 20:dollar +:dollar 8.77:dollar *:dollar x:dollar =:dollar
EXPR: 0 | POS | FRA | 5 | 0.26 | 3.53135689851767 | ((10.97+20)/8.77)=x | 10.97 20 + 8.77 / x = | 10.97:dollar 20:dollar +:dollar 8.77:dollar /:dollar x:dollar =:dollar
EXPR: 0 | POS | FRA | 5 | 0.26 | 394.8 | (20*(8.77+10.97))=x | 20 8.77 10.97 + * x = | 20:dollar 8.77:dollar 10.97:dollar +:dollar *:dollar x:dollar =:dollar
EXPR: 0 | POS | FRA | 5 | 0.26 | 1.01317122593718 | (20/(8.77+10.97))=x | 20 8.77 10.97 + / x = | 20:dollar 8.77:dollar 10.97:dollar +:dollar /:dollar x:dollar =:dollar
EXPR: 0 | POS | FRA | 5 | 0.26 | 116.2069 | x=(20+(8.77*10.97)) | x 20 8.77 10.97 * + = | x:dollar 20:dollar 8.77:dollar 10.97:dollar *:dollar +:dollar =:dollar
EXPR: 0 | POS | FRA | 5 | 0.26 | 8.68949828962372 | x=(10.97-(20/8.77)) | x 10.97 20 8.77 / - = | x:dollar 10.97:dollar 20:dollar 8.77:dollar /:dollar -:dollar =:dollar
EXPR: 0 | POS | FRA | 5 | 0.26 | 228.17 | ((10.97*20)+8.77)=x | 10.97 20 * 8.77 + x = | 10.97:dollar 20:dollar *:dollar 8.77:dollar +:dollar x:dollar =:dollar
EXPR: 0 | POS | FRA | 5 | 0.26 | 210.63 | ((10.97*20)-8.77)=x | 10.97 20 * 8.77 - x = | 10.97:dollar 20:dollar *:dollar 8.77:dollar -:dollar x:dollar =:dollar
EXPR: 0 | POS | FRA | 5 | 0.26 | 9.3185 | ((10.97/20)+8.77)=x | 10.97 20 / 8.77 + x = | 10.97:dollar 20:dollar /:dollar 8.77:dollar +:dollar x:dollar =:dollar
EXPR: 0 | POS | FRA | 5 | 0.26 | 123.1931 | x=((20-8.77)*10.97) | x 20 8.77 - 10.97 * = | x:dollar 20:dollar 8.77:dollar -:dollar 10.97:dollar *:dollar =:dollar
EXPR: 0 | POS | FRA | 5 | 0.26 | 1.02370100273473 | ((20-8.77)/10.97)=x | 20 8.77 - 10.97 / x = | 20:dollar 8.77:dollar -:dollar 10.97:dollar /:dollar x:dollar =:dollar
EXPR: 0 | POS | FRA | 5 | 0.26 | 1.01317122593718 | x=(20/(8.77+10.97)) | x 20 8.77 10.97 + / = | x:dollar 20:dollar 8.77:dollar 10.97:dollar +:dollar /:dollar =:dollar
EXPR: 1 | POS | FRA | 5 | 0.26 | 0.259999999999998 | x=(20-(8.77+10.97)) | x 20 8.77 10.97 + - = | x:dollar 20:dollar 8.77:dollar 10.97:dollar +:dollar -:dollar =:dollar
EXPR: 0 | POS | FRA | 5 | 0.26 | 394.8 | x=(20*(8.77+10.97)) | x 20 8.77 10.97 + * = | x:dollar 20:dollar 8.77:dollar 10.97:dollar +:dollar *:dollar =:dollar
EXPR: 0 | POS | FRA | 5 | 0.26 | 123.1931 | x=(10.97*(20-8.77)) | x 10.97 20 8.77 - * = | x:dollar 10.97:dollar 20:dollar 8.77:dollar -:dollar *:dollar =:dollar
EXPR: 0 | POS | FRA | 5 | 0.26 | 0.976847729296527 | x=(10.97/(20-8.77)) | x 10.97 20 8.77 - / = | x:dollar 10.97:dollar 20:dollar 8.77:dollar -:dollar /:dollar =:dollar
EXPR: 0 | POS | FRA | 7 | 0.26 | 17.8 | x=(20-(10.97-8.77)) | x 20 10.97 8.77 - - = | x:dollar 20:dollar 10.97:dollar 8.77:dollar -:dollar -:dollar =:dollar
EXPR: 1 | POS | FRA | 7 | 0.26 | 0.26 | (20-(x+8.77))=10.97 | 20 x 8.77 + - 10.97 = | 20:dollar x:dollar 8.77:dollar +:dollar -:dollar 10.97:dollar =:dollar
EXPR: 0 | POS | FRA | 7 | 0.26 | 9.3185 | (20*(x-8.77))=10.97 | 20 x 8.77 - * 10.97 = | 20:dollar x:dollar 8.77:dollar -:dollar *:dollar 10.97:dollar =:dollar
EXPR: 0 | POS | FRA | 7 | 0.26 | 17.8 | ((20-x)+8.77)=10.97 | 20 x - 8.77 + 10.97 = | 20:dollar x:dollar -:dollar 8.77:dollar +:dollar 10.97:dollar =:dollar
EXPR: 0 | POS | FRA | 7 | 0.26 | 18.7491448118586 | ((20-x)*8.77)=10.97 | 20 x - 8.77 * 10.97 = | 20:dollar x:dollar -:dollar 8.77:dollar *:dollar 10.97:dollar =:dollar
EXPR: 1 | POS | FRA | 7 | 0.26 | 0.259999999999998 | 20=(8.77+(x+10.97)) | 20 8.77 x 10.97 + + = | 20:dollar 8.77:dollar x:dollar 10.97:dollar +:dollar +:dollar =:dollar
EXPR: 0 | POS | FRA | 7 | 0.26 | 22.2 | 10.97=((x-20)+8.77) | 10.97 x 20 - 8.77 + = | 10.97:dollar x:dollar 20:dollar -:dollar 8.77:dollar +:dollar =:dollar
EXPR: 0 | POS | FRA | 7 | 0.26 | 39.74 | 10.97=((x-20)-8.77) | 10.97 x 20 - 8.77 - = | 10.97:dollar x:dollar 20:dollar -:dollar 8.77:dollar -:dollar =:dollar
EXPR: 0 | POS | FRA | 7 | 0.26 | 17.8 | (10.97+(x-20))=8.77 | 10.97 x 20 - + 8.77 = | 10.97:dollar x:dollar 20:dollar -:dollar +:dollar 8.77:dollar =:dollar
EXPR: 0 | POS | FRA | 7 | 0.26 | 22.2 | ((10.97-x)+20)=8.77 | 10.97 x - 20 + 8.77 = | 10.97:dollar x:dollar -:dollar 20:dollar +:dollar 8.77:dollar =:dollar
EXPR: 0 | POS | FRA | 7 | 0.26 | 22.2 | ((10.97+20)-x)=8.77 | 10.97 20 + x - 8.77 = | 10.97:dollar 20:dollar +:dollar x:dollar -:dollar 8.77:dollar =:dollar
EXPR: 0 | POS | FRA | 7 | 0.26 | 10.5931540565178 | (20/(x-8.77))=10.97 | 20 x 8.77 - / 10.97 = | 20:dollar x:dollar 8.77:dollar -:dollar /:dollar 10.97:dollar =:dollar
EXPR: 0 | POS | FRA | 7 | 0.26 | 2.62260711030082 | ((10.97*x)-20)=8.77 | 10.97 x * 20 - 8.77 = | 10.97:dollar x:dollar *:dollar 20:dollar -:dollar 8.77:dollar =:dollar
EXPR: 1 | POS | FRA | 7 | 0.26 | 0.259999999999998 | 20=((8.77+x)+10.97) | 20 8.77 x + 10.97 + = | 20:dollar 8.77:dollar x:dollar +:dollar 10.97:dollar +:dollar =:dollar
EXPR: 0 | POS | FRA | 7 | 0.26 | 123.1931 | 10.97=(x/(20-8.77)) | 10.97 x 20 8.77 - / = | 10.97:dollar x:dollar 20:dollar 8.77:dollar -:dollar /:dollar =:dollar
EXPR: 0 | POS | FRA | 7 | 0.26 | 0.11 | ((20*x)+8.77)=10.97 | 20 x * 8.77 + 10.97 = | 20:dollar x:dollar *:dollar 8.77:dollar +:dollar 10.97:dollar =:dollar
EXPR: 0 | POS | FRA | 7 | 0.26 | 0.987 | ((20*x)-8.77)=10.97 | 20 x * 8.77 - 10.97 = | 20:dollar x:dollar *:dollar 8.77:dollar -:dollar 10.97:dollar =:dollar
EXPR: 0 | POS | FRA | 7 | 0.26 | 9.09090909090909 | ((20/x)+8.77)=10.97 | 20 x / 8.77 + 10.97 = | 20:dollar x:dollar /:dollar 8.77:dollar +:dollar 10.97:dollar =:dollar
EXPR: 0 | POS | FRA | 7 | 0.26 | 17.8 | 10.97=((20-x)+8.77) | 10.97 20 x - 8.77 + = | 10.97:dollar 20:dollar x:dollar -:dollar 8.77:dollar +:dollar =:dollar
EXPR: 0 | POS | FRA | 7 | 0.26 | 0.283177268324185 | ((10.97+20)*x)=8.77 | 10.97 20 + x * 8.77 = | 10.97:dollar 20:dollar +:dollar x:dollar *:dollar 8.77:dollar =:dollar
EXPR: 0 | POS | FRA | 7 | 0.26 | 17.8 | ((10.97-20)+x)=8.77 | 10.97 20 - x + 8.77 = | 10.97:dollar 20:dollar -:dollar x:dollar +:dollar 8.77:dollar =:dollar
EXPR: 0 | POS | FRA | 7 | 0.26 | 18.7491448118586 | x=(20-(10.97/8.77)) | x 20 10.97 8.77 / - = | x:dollar 20:dollar 10.97:dollar 8.77:dollar /:dollar -:dollar =:dollar
EXPR: 0 | POS | FRA | 7 | 0.26 | 79.1931 | ((20-10.97)*8.77)=x | 20 10.97 - 8.77 * x = | 20:dollar 10.97:dollar -:dollar 8.77:dollar *:dollar x:dollar =:dollar
EXPR: 0 | POS | FRA | 7 | 0.26 | 1.02964652223489 | ((20-10.97)/8.77)=x | 20 10.97 - 8.77 / x = | 20:dollar 10.97:dollar -:dollar 8.77:dollar /:dollar x:dollar =:dollar
EXPR: 0 | POS | FRA | 7 | 0.26 | 1.02964652223489 | (20-(x*8.77))=10.97 | 20 x 8.77 * - 10.97 = | 20:dollar x:dollar 8.77:dollar *:dollar -:dollar 10.97:dollar =:dollar
EXPR: 0 | POS | FRA | 7 | 0.26 | 116.2069 | ((x-20)/8.77)=10.97 | x 20 - 8.77 / 10.97 = | x:dollar 20:dollar -:dollar 8.77:dollar /:dollar 10.97:dollar =:dollar
EXPR: 0 | POS | FRA | 7 | 0.26 | 22.2 | 20=(8.77+(x-10.97)) | 20 8.77 x 10.97 - + = | 20:dollar 8.77:dollar x:dollar 10.97:dollar -:dollar +:dollar =:dollar
EXPR: 0 | POS | FRA | 7 | 0.26 | 210.63 | 20=((8.77+x)/10.97) | 20 8.77 x + 10.97 / = | 20:dollar 8.77:dollar x:dollar +:dollar 10.97:dollar /:dollar =:dollar
EXPR: 1 | POS | FRA | 7 | 0.26 | 0.26 | 10.97=(20-(8.77+x)) | 10.97 20 8.77 x + - = | 10.97:dollar 20:dollar 8.77:dollar x:dollar +:dollar -:dollar =:dollar
EXPR: 0 | POS | FRA | 7 | 0.26 | 8.2215 | 10.97=(20*(8.77-x)) | 10.97 20 8.77 x - * = | 10.97:dollar 20:dollar 8.77:dollar x:dollar -:dollar *:dollar =:dollar
EXPR: 0 | POS | FRA | 7 | 0.26 | 6.94684594348222 | 10.97=(20/(8.77-x)) | 10.97 20 8.77 x - / = | 10.97:dollar 20:dollar 8.77:dollar x:dollar -:dollar /:dollar =:dollar
EXPR: 0 | POS | FRA | 7 | 0.26 | 76.2069 | ((20+x)/8.77)=10.97 | 20 x + 8.77 / 10.97 = | 20:dollar x:dollar +:dollar 8.77:dollar /:dollar 10.97:dollar =:dollar
EXPR: 0 | POS | FRA | 7 | 0.26 | 1.01317122593718 | 20=(x*(8.77+10.97)) | 20 x 8.77 10.97 + * = | 20:dollar x:dollar 8.77:dollar 10.97:dollar +:dollar *:dollar =:dollar
EXPR: 0 | POS | FRA | 7 | 0.26 | 3.53135689851767 | ((10.97+20)/x)=8.77 | 10.97 20 + x / 8.77 = | 10.97:dollar 20:dollar +:dollar x:dollar /:dollar 8.77:dollar =:dollar
EXPR: 0 | POS | FRA | 7 | 0.26 | 0.381299965241571 | ((10.97/x)-20)=8.77 | 10.97 x / 20 - 8.77 = | 10.97:dollar x:dollar /:dollar 20:dollar -:dollar 8.77:dollar =:dollar
EXPR: 0 | POS | FRA | 7 | 0.26 | 8.2215 | ((10.97/20)+x)=8.77 | 10.97 20 / x + 8.77 = | 10.97:dollar 20:dollar /:dollar x:dollar +:dollar 8.77:dollar =:dollar
EXPR: 0 | POS | FRA | 7 | 0.26 | 11.4085 | ((x-10.97)*20)=8.77 | x 10.97 - 20 * 8.77 = | x:dollar 10.97:dollar -:dollar 20:dollar *:dollar 8.77:dollar =:dollar
EXPR: 0 | POS | FRA | 7 | 0.26 | 39.74 | 20=(x-(8.77+10.97)) | 20 x 8.77 10.97 + - = | 20:dollar x:dollar 8.77:dollar 10.97:dollar +:dollar -:dollar =:dollar
EXPR: 0 | POS | FRA | 7 | 0.26 | 39.74 | (x-(10.97+20))=8.77 | x 10.97 20 + - 8.77 = | x:dollar 10.97:dollar 20:dollar +:dollar -:dollar 8.77:dollar =:dollar
EXPR: 0 | POS | FRA | 7 | 0.26 | 0.283177268324185 | (x*(10.97+20))=8.77 | x 10.97 20 + * 8.77 = | x:dollar 10.97:dollar 20:dollar +:dollar *:dollar 8.77:dollar =:dollar
EXPR: 0 | POS | FRA | 7 | 0.26 | 21.2508551881414 | ((x-20)*8.77)=10.97 | x 20 - 8.77 * 10.97 = | x:dollar 20:dollar -:dollar 8.77:dollar *:dollar 10.97:dollar =:dollar
EXPR: 0 | POS | FRA | 7 | 0.26 | 0.976847729296527 | ((20-8.77)*x)=10.97 | 20 8.77 - x * 10.97 = | 20:dollar 8.77:dollar -:dollar x:dollar *:dollar 10.97:dollar =:dollar
EXPR: 0 | POS | FRA | 7 | 0.26 | 0.11 | (10.97-(x*20))=8.77 | 10.97 x 20 * - 8.77 = | 10.97:dollar x:dollar 20:dollar *:dollar -:dollar 8.77:dollar =:dollar
EXPR: 0 | POS | FRA | 7 | 0.26 | 17.8 | ((20-10.97)+8.77)=x | 20 10.97 - 8.77 + x = | 20:dollar 10.97:dollar -:dollar 8.77:dollar +:dollar x:dollar =:dollar
EXPR: 1 | POS | FRA | 7 | 0.26 | 0.259999999999998 | 20=(8.77+(10.97+x)) | 20 8.77 10.97 x + + = | 20:dollar 8.77:dollar 10.97:dollar x:dollar +:dollar +:dollar =:dollar
EXPR: 0 | POS | FRA | 7 | 0.26 | 17.8 | x=((20-10.97)+8.77) | x 20 10.97 - 8.77 + = | x:dollar 20:dollar 10.97:dollar -:dollar 8.77:dollar +:dollar =:dollar
EXPR: 1 | POS | FRA | 7 | 0.26 | 0.26 | x=((20-10.97)-8.77) | x 20 10.97 - 8.77 - = | x:dollar 20:dollar 10.97:dollar -:dollar 8.77:dollar -:dollar =:dollar
EXPR: 0 | POS | FRA | 7 | 0.26 | 17.8 | (20-(x-8.77))=10.97 | 20 x 8.77 - - 10.97 = | 20:dollar x:dollar 8.77:dollar -:dollar -:dollar 10.97:dollar =:dollar
EXPR: 0 | POS | FRA | 7 | 0.26 | 17.8 | 10.97=(20-(x-8.77)) | 10.97 20 x 8.77 - - = | 10.97:dollar 20:dollar x:dollar 8.77:dollar -:dollar -:dollar =:dollar
EXPR: 0 | POS | FRA | 7 | 0.26 | 1.02964652223489 | 10.97=(20-(x*8.77)) | 10.97 20 x 8.77 * - = | 10.97:dollar 20:dollar x:dollar 8.77:dollar *:dollar -:dollar =:dollar
EXPR: 1 | POS | FRA | 7 | 0.26 | 0.259999999999998 | 20=(x+(8.77+10.97)) | 20 x 8.77 10.97 + + = | 20:dollar x:dollar 8.77:dollar 10.97:dollar +:dollar +:dollar =:dollar
EXPR: 0 | POS | FRA | 7 | 0.26 | 17.8 | 20=((x-8.77)+10.97) | 20 x 8.77 - 10.97 + = | 20:dollar x:dollar 8.77:dollar -:dollar 10.97:dollar +:dollar =:dollar
EXPR: 0 | POS | FRA | 7 | 0.26 | 20.799453053783 | (10.97*(x-20))=8.77 | 10.97 x 20 - * 8.77 = | 10.97:dollar x:dollar 20:dollar -:dollar *:dollar 8.77:dollar =:dollar
EXPR: 0 | POS | FRA | 7 | 0.26 | 39.74 | 20=((x-8.77)-10.97) | 20 x 8.77 - 10.97 - = | 20:dollar x:dollar 8.77:dollar -:dollar 10.97:dollar -:dollar =:dollar
EXPR: 0 | POS | INT | 7 | 0.26 | 44 | (10.97-(x/20))=8.77 | 10.97 x 20 / - 8.77 = | 10.97:dollar x:dollar 20:dollar /:dollar -:dollar 8.77:dollar =:dollar
EXPR: 0 | POS | FRA | 7 | 0.26 | 1.02964652223489 | 20=((8.77*x)+10.97) | 20 8.77 x * 10.97 + = | 20:dollar 8.77:dollar x:dollar *:dollar 10.97:dollar +:dollar =:dollar
EXPR: 0 | POS | FRA | 7 | 0.26 | 6.94684594348222 | 20=((8.77-x)*10.97) | 20 8.77 x - 10.97 * = | 20:dollar 8.77:dollar x:dollar -:dollar 10.97:dollar *:dollar =:dollar
EXPR: 0 | POS | FRA | 7 | 0.26 | 79.1931 | 10.97=(20-(x/8.77)) | 10.97 20 x 8.77 / - = | 10.97:dollar 20:dollar x:dollar 8.77:dollar /:dollar -:dollar =:dollar
EXPR: 0 | POS | FRA | 7 | 0.26 | 17.8 | (x+(10.97-20))=8.77 | x 10.97 20 - + 8.77 = | x:dollar 10.97:dollar 20:dollar -:dollar +:dollar 8.77:dollar =:dollar
EXPR: 0 | POS | FRA | 7 | 0.26 | 3.53135689851767 | 20=((8.77*x)-10.97) | 20 8.77 x * 10.97 - = | 20:dollar 8.77:dollar x:dollar *:dollar 10.97:dollar -:dollar =:dollar
EXPR: 0 | POS | FRA | 7 | 0.26 | 0.971207087486157 | 20=((8.77/x)+10.97) | 20 8.77 x / 10.97 + = | 20:dollar 8.77:dollar x:dollar /:dollar 10.97:dollar +:dollar =:dollar
EXPR: 0 | POS | FRA | 7 | 0.26 | 271.6069 | (x/(10.97+20))=8.77 | x 10.97 20 + / 8.77 = | x:dollar 10.97:dollar 20:dollar +:dollar /:dollar 8.77:dollar =:dollar
EXPR: 0 | POS | FRA | 7 | 0.26 | 1.02370100273473 | 20=(8.77+(10.97*x)) | 20 8.77 10.97 x * + = | 20:dollar 8.77:dollar 10.97:dollar x:dollar *:dollar +:dollar =:dollar
EXPR: 0 | POS | FRA | 7 | 0.26 | 1.02964652223489 | 20=((x*8.77)+10.97) | 20 x 8.77 * 10.97 + = | 20:dollar x:dollar 8.77:dollar *:dollar 10.97:dollar +:dollar =:dollar
EXPR: 0 | POS | FRA | 7 | 0.26 | 3.53135689851767 | 20=((x*8.77)-10.97) | 20 x 8.77 * 10.97 - = | 20:dollar x:dollar 8.77:dollar *:dollar 10.97:dollar -:dollar =:dollar
EXPR: 0 | POS | FRA | 7 | 0.26 | 79.1931 | 20=((x/8.77)+10.97) | 20 x 8.77 / 10.97 + = | 20:dollar x:dollar 8.77:dollar /:dollar 10.97:dollar +:dollar =:dollar
EXPR: 0 | POS | FRA | 7 | 0.26 | 22.2 | 20=(x+(8.77-10.97)) | 20 x 8.77 10.97 - + = | 20:dollar x:dollar 8.77:dollar 10.97:dollar -:dollar +:dollar =:dollar
EXPR: 0 | POS | FRA | 7 | 0.26 | 19.200546946217 | 20=(x+(8.77/10.97)) | 20 x 8.77 10.97 / + = | 20:dollar x:dollar 8.77:dollar 10.97:dollar /:dollar +:dollar =:dollar
EXPR: 0 | POS | FRA | 7 | 0.26 | 0.976847729296527 | 20=(8.77+(10.97/x)) | 20 8.77 10.97 x / + = | 20:dollar 8.77:dollar 10.97:dollar x:dollar /:dollar +:dollar =:dollar
EXPR: 1 | POS | FRA | 7 | 0.26 | 0.259999999999998 | 20=((8.77+10.97)+x) | 20 8.77 10.97 + x + = | 20:dollar 8.77:dollar 10.97:dollar +:dollar x:dollar +:dollar =:dollar
EXPR: 0 | POS | FRA | 7 | 0.26 | 9.3185 | 10.97=(20*(x-8.77)) | 10.97 20 x 8.77 - * = | 10.97:dollar 20:dollar x:dollar 8.77:dollar -:dollar *:dollar =:dollar
EXPR: 0 | POS | FRA | 7 | 0.26 | 1.02370100273473 | 20=(8.77+(x*10.97)) | 20 8.77 x 10.97 * + = | 20:dollar 8.77:dollar x:dollar 10.97:dollar *:dollar +:dollar =:dollar
EXPR: 0 | POS | FRA | 7 | 0.26 | 1.01317122593718 | 20=((8.77+10.97)*x) | 20 8.77 10.97 + x * = | 20:dollar 8.77:dollar 10.97:dollar +:dollar x:dollar *:dollar =:dollar
EXPR: 0 | POS | FRA | 7 | 0.26 | 17.8 | (20+(8.77-x))=10.97 | 20 8.77 x - + 10.97 = | 20:dollar 8.77:dollar x:dollar -:dollar +:dollar 10.97:dollar =:dollar
EXPR: 0 | POS | FRA | 7 | 0.26 | 271.6069 | 20=((x/8.77)-10.97) | 20 x 8.77 / 10.97 - = | 20:dollar x:dollar 8.77:dollar /:dollar 10.97:dollar -:dollar =:dollar
EXPR: 0 | POS | FRA | 7 | 0.26 | 22.2 | 20=(8.77-(10.97-x)) | 20 8.77 10.97 x - - = | 20:dollar 8.77:dollar 10.97:dollar x:dollar -:dollar -:dollar =:dollar
EXPR: 0 | POS | FRA | 7 | 0.26 | 123.1931 | 20=(8.77+(x/10.97)) | 20 8.77 x 10.97 / + = | 20:dollar 8.77:dollar x:dollar 10.97:dollar /:dollar +:dollar =:dollar
EXPR: 0 | POS | FRA | 7 | 0.26 | 0.11 | 10.97=((x*20)+8.77) | 10.97 x 20 * 8.77 + = | 10.97:dollar x:dollar 20:dollar *:dollar 8.77:dollar +:dollar =:dollar
EXPR: 0 | POS | FRA | 7 | 0.26 | 21.2508551881414 | 10.97=((x-20)*8.77) | 10.97 x 20 - 8.77 * = | 10.97:dollar x:dollar 20:dollar -:dollar 8.77:dollar *:dollar =:dollar
EXPR: 1 | POS | FRA | 7 | 0.26 | 0.26 | ((20-x)-8.77)=10.97 | 20 x - 8.77 - 10.97 = | 20:dollar x:dollar -:dollar 8.77:dollar -:dollar 10.97:dollar =:dollar
EXPR: 0 | POS | FRA | 7 | 0.26 | 116.2069 | 10.97=((x-20)/8.77) | 10.97 x 20 - 8.77 / = | 10.97:dollar x:dollar 20:dollar -:dollar 8.77:dollar /:dollar =:dollar
EXPR: 0 | POS | FRA | 7 | 0.26 | 17.8 | ((10.97+x)-20)=8.77 | 10.97 x + 20 - 8.77 = | 10.97:dollar x:dollar +:dollar 20:dollar -:dollar 8.77:dollar =:dollar
EXPR: 0 | POS | FRA | 7 | 0.26 | 10.5315 | ((10.97-x)*20)=8.77 | 10.97 x - 20 * 8.77 = | 10.97:dollar x:dollar -:dollar 20:dollar *:dollar 8.77:dollar =:dollar
EXPR: 0 | POS | FRA | 7 | 0.26 | 210.63 | ((10.97*20)-x)=8.77 | 10.97 20 * x - 8.77 = | 10.97:dollar 20:dollar *:dollar x:dollar -:dollar 8.77:dollar =:dollar
EXPR: 0 | POS | FRA | 7 | 0.26 | 17.8 | 10.97=(20+(8.77-x)) | 10.97 20 8.77 x - + = | 10.97:dollar 20:dollar 8.77:dollar x:dollar -:dollar +:dollar =:dollar
EXPR: 0 | POS | FRA | 7 | 0.26 | 21.2508551881414 | (10.97/(x-20))=8.77 | 10.97 x 20 - / 8.77 = | 10.97:dollar x:dollar 20:dollar -:dollar /:dollar 8.77:dollar =:dollar
EXPR: 0 | POS | FRA | 7 | 0.26 | 8.68949828962372 | ((20/8.77)+x)=10.97 | 20 8.77 / x + 10.97 = | 20:dollar 8.77:dollar /:dollar x:dollar +:dollar 10.97:dollar =:dollar
EXPR: 0 | POS | FRA | 7 | 0.26 | 10.5931540565178 | x=((20/10.97)+8.77) | x 20 10.97 / 8.77 + = | x:dollar 20:dollar 10.97:dollar /:dollar 8.77:dollar +:dollar =:dollar
EXPR: 1 | POS | FRA | 7 | 0.26 | 0.26 | ((20-8.77)-x)=10.97 | 20 8.77 - x - 10.97 = | 20:dollar 8.77:dollar -:dollar x:dollar -:dollar 10.97:dollar =:dollar
EXPR: 0 | POS | FRA | 7 | 0.26 | 1.01317122593718 | ((20/x)-8.77)=10.97 | 20 x / 8.77 - 10.97 = | 20:dollar x:dollar /:dollar 8.77:dollar -:dollar 10.97:dollar =:dollar
EXPR: 0 | POS | FRA | 7 | 0.26 | 394.8 | 20=(x/(8.77+10.97)) | 20 x 8.77 10.97 + / = | 20:dollar x:dollar 8.77:dollar 10.97:dollar +:dollar /:dollar =:dollar
EXPR: 0 | POS | FRA | 7 | 0.26 | 1.02370100273473 | ((20-8.77)/x)=10.97 | 20 8.77 - x / 10.97 = | 20:dollar 8.77:dollar -:dollar x:dollar /:dollar 10.97:dollar =:dollar
EXPR: 0 | POS | FRA | 7 | 0.26 | 0.283177268324185 | 20=((8.77/x)-10.97) | 20 8.77 x / 10.97 - = | 20:dollar 8.77:dollar x:dollar /:dollar 10.97:dollar -:dollar =:dollar
EXPR: 0 | POS | FRA | 7 | 0.26 | 0.987 | 20=((8.77+10.97)/x) | 20 8.77 10.97 + x / = | 20:dollar 8.77:dollar 10.97:dollar +:dollar x:dollar /:dollar =:dollar
EXPR: 0 | POS | FRA | 7 | 0.26 | 0.976847729296527 | 10.97=(x*(20-8.77)) | 10.97 x 20 8.77 - * = | 10.97:dollar x:dollar 20:dollar 8.77:dollar -:dollar *:dollar =:dollar
EXPR: 1 | POS | FRA | 7 | 0.26 | 0.26 | ((20-10.97)-8.77)=x | 20 10.97 - 8.77 - x = | 20:dollar 10.97:dollar -:dollar 8.77:dollar -:dollar x:dollar =:dollar
EXPR: 0 | POS | FRA | 7 | 0.26 | 76.2069 | 10.97=((x+20)/8.77) | 10.97 x 20 + 8.77 / = | 10.97:dollar x:dollar 20:dollar +:dollar 8.77:dollar /:dollar =:dollar
EXPR: 0 | POS | INT | 7 | 0.26 | 44 | (20*(10.97-8.77))=x | 20 10.97 8.77 - * x = | 20:dollar 10.97:dollar 8.77:dollar -:dollar *:dollar x:dollar =:dollar
EXPR: 0 | POS | FRA | 7 | 0.26 | 9.09090909090909 | (20/(10.97-8.77))=x | 20 10.97 8.77 - / x = | 20:dollar 10.97:dollar 8.77:dollar -:dollar /:dollar x:dollar =:dollar
EXPR: 1 | POS | FRA | 7 | 0.26 | 0.26 | 10.97=((20-8.77)-x) | 10.97 20 8.77 - x - = | 10.97:dollar 20:dollar 8.77:dollar -:dollar x:dollar -:dollar =:dollar
EXPR: 1 | POS | FRA | 7 | 0.26 | 0.259999999999998 | 20=((x+8.77)+10.97) | 20 x 8.77 + 10.97 + = | 20:dollar x:dollar 8.77:dollar +:dollar 10.97:dollar +:dollar =:dollar
EXPR: 0 | POS | FRA | 7 | 0.26 | 8.68949828962372 | 10.97=((20/8.77)+x) | 10.97 20 8.77 / x + = | 10.97:dollar 20:dollar 8.77:dollar /:dollar x:dollar +:dollar =:dollar
EXPR: 0 | POS | FRA | 7 | 0.26 | 0.976847729296527 | 10.97=((20-8.77)*x) | 10.97 20 8.77 - x * = | 10.97:dollar 20:dollar 8.77:dollar -:dollar x:dollar *:dollar =:dollar
EXPR: 0 | POS | FRA | 7 | 0.26 | 22.2 | 20=((8.77+x)-10.97) | 20 8.77 x + 10.97 - = | 20:dollar 8.77:dollar x:dollar +:dollar 10.97:dollar -:dollar =:dollar
EXPR: 0 | POS | FRA | 7 | 0.26 | 22.2 | ((x-20)+8.77)=10.97 | x 20 - 8.77 + 10.97 = | x:dollar 20:dollar -:dollar 8.77:dollar +:dollar 10.97:dollar =:dollar
EXPR: 0 | POS | FRA | 7 | 0.26 | 210.63 | 20=((x+8.77)/10.97) | 20 x 8.77 + 10.97 / = | 20:dollar x:dollar 8.77:dollar +:dollar 10.97:dollar /:dollar =:dollar
EXPR: 0 | POS | FRA | 7 | 0.26 | 22.2 | 20=((x+8.77)-10.97) | 20 x 8.77 + 10.97 - = | 20:dollar x:dollar 8.77:dollar +:dollar 10.97:dollar -:dollar =:dollar
EXPR: 0 | POS | FRA | 7 | 0.26 | 22.2 | (10.97+(20-x))=8.77 | 10.97 20 x - + 8.77 = | 10.97:dollar 20:dollar x:dollar -:dollar +:dollar 8.77:dollar =:dollar
EXPR: 0 | POS | FRA | 7 | 0.26 | 79.1931 | x=((20-10.97)*8.77) | x 20 10.97 - 8.77 * = | x:dollar 20:dollar 10.97:dollar -:dollar 8.77:dollar *:dollar =:dollar
EXPR: 0 | POS | FRA | 7 | 0.26 | 10.5931540565178 | ((20/10.97)+8.77)=x | 20 10.97 / 8.77 + x = | 20:dollar 10.97:dollar /:dollar 8.77:dollar +:dollar x:dollar =:dollar
EXPR: 0 | POS | FRA | 7 | 0.26 | 11.4085 | 20=(8.77/(x-10.97)) | 20 8.77 x 10.97 - / = | 20:dollar 8.77:dollar x:dollar 10.97:dollar -:dollar /:dollar =:dollar
EXPR: 0 | POS | FRA | 7 | 0.26 | 0.11 | (10.97-(20*x))=8.77 | 10.97 20 x * - 8.77 = | 10.97:dollar 20:dollar x:dollar *:dollar -:dollar 8.77:dollar =:dollar
EXPR: 0 | POS | FRA | 7 | 0.26 | 9.09090909090909 | (10.97-(20/x))=8.77 | 10.97 20 x / - 8.77 = | 10.97:dollar 20:dollar x:dollar /:dollar -:dollar 8.77:dollar =:dollar
EXPR: 0 | POS | FRA | 7 | 0.26 | 22.2 | x=(20+(10.97-8.77)) | x 20 10.97 8.77 - + = | x:dollar 20:dollar 10.97:dollar 8.77:dollar -:dollar +:dollar =:dollar
EXPR: 0 | POS | FRA | 7 | 0.26 | 39.74 | ((x-20)-8.77)=10.97 | x 20 - 8.77 - 10.97 = | x:dollar 20:dollar -:dollar 8.77:dollar -:dollar 10.97:dollar =:dollar
EXPR: 0 | POS | FRA | 7 | 0.26 | 17.8 | (10.97-(20-x))=8.77 | 10.97 20 x - - 8.77 = | 10.97:dollar 20:dollar x:dollar -:dollar -:dollar 8.77:dollar =:dollar
EXPR: 0 | POS | FRA | 7 | 0.26 | 0.976847729296527 | (x*(20-8.77))=10.97 | x 20 8.77 - * 10.97 = | x:dollar 20:dollar 8.77:dollar -:dollar *:dollar 10.97:dollar =:dollar
EXPR: 0 | POS | FRA | 7 | 0.26 | 1.02964652223489 | x=((20-10.97)/8.77) | x 20 10.97 - 8.77 / = | x:dollar 20:dollar 10.97:dollar -:dollar 8.77:dollar /:dollar =:dollar
EXPR: 0 | POS | FRA | 7 | 0.26 | 10.5931540565178 | 10.97=(20/(x-8.77)) | 10.97 20 x 8.77 - / = | 10.97:dollar 20:dollar x:dollar 8.77:dollar -:dollar /:dollar =:dollar
EXPR: 0 | POS | FRA | 7 | 0.26 | 22.2 | (20+(10.97-8.77))=x | 20 10.97 8.77 - + x = | 20:dollar 10.97:dollar 8.77:dollar -:dollar +:dollar x:dollar =:dollar
EXPR: 0 | POS | FRA | 7 | 0.26 | 21.2508551881414 | (20+(10.97/8.77))=x | 20 10.97 8.77 / + x = | 20:dollar 10.97:dollar 8.77:dollar /:dollar +:dollar x:dollar =:dollar
EXPR: 0 | POS | FRA | 7 | 0.26 | 21.2508551881414 | x=(20+(10.97/8.77)) | x 20 10.97 8.77 / + = | x:dollar 20:dollar 10.97:dollar 8.77:dollar /:dollar +:dollar =:dollar
EXPR: 0 | POS | FRA | 7 | 0.26 | 22.2 | (x-(20-8.77))=10.97 | x 20 8.77 - - 10.97 = | x:dollar 20:dollar 8.77:dollar -:dollar -:dollar 10.97:dollar =:dollar
EXPR: 0 | POS | FRA | 7 | 0.26 | 0.11 | ((x*20)+8.77)=10.97 | x 20 * 8.77 + 10.97 = | x:dollar 20:dollar *:dollar 8.77:dollar +:dollar 10.97:dollar =:dollar
EXPR: 0 | POS | FRA | 7 | 0.26 | 10.5315 | 20=(8.77/(10.97-x)) | 20 8.77 10.97 x - / = | 20:dollar 8.77:dollar 10.97:dollar x:dollar -:dollar /:dollar =:dollar
EXPR: 0 | POS | FRA | 7 | 0.26 | 19.200546946217 | (10.97*(20-x))=8.77 | 10.97 20 x - * 8.77 = | 10.97:dollar 20:dollar x:dollar -:dollar *:dollar 8.77:dollar =:dollar
EXPR: 0 | POS | FRA | 7 | 0.26 | 18.7491448118586 | (10.97/(20-x))=8.77 | 10.97 20 x - / 8.77 = | 10.97:dollar 20:dollar x:dollar -:dollar /:dollar 8.77:dollar =:dollar
EXPR: 0 | POS | FRA | 7 | 0.26 | 0.987 | 10.97=((x*20)-8.77) | 10.97 x 20 * 8.77 - = | 10.97:dollar x:dollar 20:dollar *:dollar 8.77:dollar -:dollar =:dollar
EXPR: 0 | POS | INT | 7 | 0.26 | 44 | ((x/20)+8.77)=10.97 | x 20 / 8.77 + 10.97 = | x:dollar 20:dollar /:dollar 8.77:dollar +:dollar 10.97:dollar =:dollar
EXPR: 0 | POS | FRA | 7 | 0.26 | 394.8 | 10.97=((x/20)-8.77) | 10.97 x 20 / 8.77 - = | 10.97:dollar x:dollar 20:dollar /:dollar 8.77:dollar -:dollar =:dollar
EXPR: 0 | POS | FRA | 7 | 0.26 | 17.8 | ((x+10.97)-20)=8.77 | x 10.97 + 20 - 8.77 = | x:dollar 10.97:dollar +:dollar 20:dollar -:dollar 8.77:dollar =:dollar
EXPR: 0 | POS | FRA | 7 | 0.26 | 17.8 | (20-(10.97-8.77))=x | 20 10.97 8.77 - - x = | 20:dollar 10.97:dollar 8.77:dollar -:dollar -:dollar x:dollar =:dollar
NET 493 unique, non-negative solutions found out of 1000 total solutions
