parameters: n=9 l=4 k=1 p=5 q=1 m=10
TOTAL 1000 solutions found
SOLN: CORRECT | POS/NEG | INT/FRA | OBJ-SCORE | TRUE-ANS | ANS | INFIX | POSTFIX | TYPED-POSTFIX
EXPR: 0 | POS | INT | 0 | 50 | 132 | (((91.0+24.0)+6.0)+11.0)=x | 91.0 24.0 + 6.0 + 11.0 + x = | 91.0:money 24.0:money +:money 6.0:money +:money 11.0:money +:money x:money =:money
EXPR: 0 | POS | INT | 0 | 50 | 98 | (91.0+(24.0-(6.0+11.0)))=x | 91.0 24.0 6.0 11.0 + - + x = | 91.0:money 24.0:money 6.0:money 11.0:money +:money -:money +:money x:money =:money
EXPR: 0 | POS | INT | 0 | 50 | 110 | (91.0+(24.0+(6.0-11.0)))=x | 91.0 24.0 6.0 11.0 - + + x = | 91.0:money 24.0:money 6.0:money 11.0:money -:money +:money +:money x:money =:money
EXPR: 0 | POS | INT | 0 | 50 | 72 | (91.0-((24.0+6.0)-11.0))=x | 91.0 24.0 6.0 + 11.0 - - x = | 91.0:money 24.0:money 6.0:money +:money 11.0:money -:money -:money x:money =:money
EXPR: 0 | POS | INT | 0 | 50 | 120 | (91.0+(24.0-(6.0-11.0)))=x | 91.0 24.0 6.0 11.0 - - + x = | 91.0:money 24.0:money 6.0:money 11.0:money -:money -:money +:money x:money =:money
EXPR: 0 | POS | INT | 0 | 50 | 120 | (91.0+((24.0-6.0)+11.0))=x | 91.0 24.0 6.0 - 11.0 + + x = | 91.0:money 24.0:money 6.0:money -:money 11.0:money +:money +:money x:money =:money
EXPR: 0 | POS | INT | 0 | 50 | 72 | (91.0-(24.0+(6.0-11.0)))=x | 91.0 24.0 6.0 11.0 - + - x = | 91.0:money 24.0:money 6.0:money 11.0:money -:money +:money -:money x:money =:money
EXPR: 0 | POS | INT | 0 | 50 | 84 | x=(((91.0-24.0)+6.0)+11.0) | x 91.0 24.0 - 6.0 + 11.0 + = | x:money 91.0:money 24.0:money -:money 6.0:money +:money 11.0:money +:money =:money
EXPR: 1 | POS | INT | 0 | 50 | 50 | x=((91.0-(24.0+6.0))-11.0) | x 91.0 24.0 6.0 + - 11.0 - = | x:money 91.0:money 24.0:money 6.0:money +:money -:money 11.0:money -:money =:money
EXPR: 0 | POS | INT | 0 | 50 | 62 | (((91.0-24.0)+6.0)-11.0)=x | 91.0 24.0 - 6.0 + 11.0 - x = | 91.0:money 24.0:money -:money 6.0:money +:money 11.0:money -:money x:money =:money
EXPR: 0 | POS | INT | 0 | 50 | 110 | x=((91.0+(24.0+6.0))-11.0) | x 91.0 24.0 6.0 + + 11.0 - = | x:money 91.0:money 24.0:money 6.0:money +:money +:money 11.0:money -:money =:money
EXPR: 0 | POS | INT | 0 | 50 | 72 | x=((91.0-(24.0+6.0))+11.0) | x 91.0 24.0 6.0 + - 11.0 + = | x:money 91.0:money 24.0:money 6.0:money +:money -:money 11.0:money +:money =:money
EXPR: 0 | POS | INT | 0 | 50 | 132 | x=((91.0+(24.0+6.0))+11.0) | x 91.0 24.0 6.0 + + 11.0 + = | x:money 91.0:money 24.0:money 6.0:money +:money +:money 11.0:money +:money =:money
EXPR: 1 | POS | INT | 0 | 50 | 50 | (91.0-(24.0+(6.0+11.0)))=x | 91.0 24.0 6.0 11.0 + + - x = | 91.0:money 24.0:money 6.0:money 11.0:money +:money +:money -:money x:money =:money
EXPR: 0 | POS | INT | 0 | 50 | 62 | (91.0-(24.0-(6.0-11.0)))=x | 91.0 24.0 6.0 11.0 - - - x = | 91.0:money 24.0:money 6.0:money 11.0:money -:money -:money -:money x:money =:money
EXPR: 0 | POS | INT | 0 | 50 | 132 | (91.0+(24.0+(6.0+11.0)))=x | 91.0 24.0 6.0 11.0 + + + x = | 91.0:money 24.0:money 6.0:money 11.0:money +:money +:money +:money x:money =:money
EXPR: 0 | POS | INT | 0 | 50 | 110 | (91.0+((24.0+6.0)-11.0))=x | 91.0 24.0 6.0 + 11.0 - + x = | 91.0:money 24.0:money 6.0:money +:money 11.0:money -:money +:money x:money =:money
EXPR: 0 | POS | INT | 0 | 50 | 120 | x=(91.0+(24.0-(6.0-11.0))) | x 91.0 24.0 6.0 11.0 - - + = | x:money 91.0:money 24.0:money 6.0:money 11.0:money -:money -:money +:money =:money
EXPR: 0 | POS | INT | 0 | 50 | 98 | x=(((91.0+24.0)-6.0)-11.0) | x 91.0 24.0 + 6.0 - 11.0 - = | x:money 91.0:money 24.0:money +:money 6.0:money -:money 11.0:money -:money =:money
EXPR: 0 | POS | INT | 0 | 50 | 62 | (91.0-((24.0-6.0)+11.0))=x | 91.0 24.0 6.0 - 11.0 + - x = | 91.0:money 24.0:money 6.0:money -:money 11.0:money +:money -:money x:money =:money
EXPR: 0 | POS | INT | 0 | 50 | 98 | ((91.0+24.0)-(6.0+11.0))=x | 91.0 24.0 + 6.0 11.0 + - x = | 91.0:money 24.0:money +:money 6.0:money 11.0:money +:money -:money x:money =:money
EXPR: 1 | POS | INT | 0 | 50 | 50 | (91.0-((24.0+6.0)+11.0))=x | 91.0 24.0 6.0 + 11.0 + - x = | 91.0:money 24.0:money 6.0:money +:money 11.0:money +:money -:money x:money =:money
EXPR: 0 | POS | INT | 0 | 50 | 120 | (((91.0+24.0)-6.0)+11.0)=x | 91.0 24.0 + 6.0 - 11.0 + x = | 91.0:money 24.0:money +:money 6.0:money -:money 11.0:money +:money x:money =:money
EXPR: 0 | POS | INT | 0 | 50 | 84 | x=(91.0-(24.0-(6.0+11.0))) | x 91.0 24.0 6.0 11.0 + - - = | x:money 91.0:money 24.0:money 6.0:money 11.0:money +:money -:money -:money =:money
EXPR: 0 | POS | INT | 0 | 50 | 98 | x=(91.0+(24.0-(6.0+11.0))) | x 91.0 24.0 6.0 11.0 + - + = | x:money 91.0:money 24.0:money 6.0:money 11.0:money +:money -:money +:money =:money
EXPR: 0 | POS | INT | 0 | 50 | 62 | x=(91.0-(24.0-(6.0-11.0))) | x 91.0 24.0 6.0 11.0 - - - = | x:money 91.0:money 24.0:money 6.0:money 11.0:money -:money -:money -:money =:money
EXPR: 0 | POS | INT | 0 | 50 | 120 | ((91.0+24.0)-(6.0-11.0))=x | 91.0 24.0 + 6.0 11.0 - - x = | 91.0:money 24.0:money +:money 6.0:money 11.0:money -:money -:money x:money =:money
EXPR: 0 | POS | INT | 0 | 50 | 98 | x=((91.0+(24.0-6.0))-11.0) | x 91.0 24.0 6.0 - + 11.0 - = | x:money 91.0:money 24.0:money 6.0:money -:money +:money 11.0:money -:money =:money
EXPR: 0 | POS | INT | 0 | 50 | 72 | (((91.0-24.0)-6.0)+11.0)=x | 91.0 24.0 - 6.0 - 11.0 + x = | 91.0:money 24.0:money -:money 6.0:money -:money 11.0:money +:money x:money =:money
EXPR: 0 | POS | INT | 0 | 50 | 110 | (((91.0+24.0)+6.0)-11.0)=x | 91.0 24.0 + 6.0 + 11.0 - x = | 91.0:money 24.0:money +:money 6.0:money +:money 11.0:money -:money x:money =:money
EXPR: 0 | POS | INT | 0 | 50 | 98 | (((91.0+24.0)-6.0)-11.0)=x | 91.0 24.0 + 6.0 - 11.0 - x = | 91.0:money 24.0:money +:money 6.0:money -:money 11.0:money -:money x:money =:money
EXPR: 0 | POS | INT | 0 | 50 | 120 | x=((91.0+(24.0-6.0))+11.0) | x 91.0 24.0 6.0 - + 11.0 + = | x:money 91.0:money 24.0:money 6.0:money -:money +:money 11.0:money +:money =:money
EXPR: 0 | POS | INT | 0 | 50 | 84 | (((91.0-24.0)+6.0)+11.0)=x | 91.0 24.0 - 6.0 + 11.0 + x = | 91.0:money 24.0:money -:money 6.0:money +:money 11.0:money +:money x:money =:money
EXPR: 0 | POS | INT | 0 | 50 | 72 | x=(((91.0-24.0)-6.0)+11.0) | x 91.0 24.0 - 6.0 - 11.0 + = | x:money 91.0:money 24.0:money -:money 6.0:money -:money 11.0:money +:money =:money
EXPR: 0 | POS | INT | 0 | 50 | 62 | x=((91.0-(24.0-6.0))-11.0) | x 91.0 24.0 6.0 - - 11.0 - = | x:money 91.0:money 24.0:money 6.0:money -:money -:money 11.0:money -:money =:money
EXPR: 0 | POS | INT | 0 | 50 | 62 | x=((91.0-24.0)+(6.0-11.0)) | x 91.0 24.0 - 6.0 11.0 - + = | x:money 91.0:money 24.0:money -:money 6.0:money 11.0:money -:money +:money =:money
EXPR: 1 | POS | INT | 0 | 50 | 50 | x=(91.0-((24.0+6.0)+11.0)) | x 91.0 24.0 6.0 + 11.0 + - = | x:money 91.0:money 24.0:money 6.0:money +:money 11.0:money +:money -:money =:money
EXPR: 0 | POS | INT | 0 | 50 | 110 | x=(91.0+(24.0+(6.0-11.0))) | x 91.0 24.0 6.0 11.0 - + + = | x:money 91.0:money 24.0:money 6.0:money 11.0:money -:money +:money +:money =:money
EXPR: 0 | POS | INT | 0 | 50 | 98 | (91.0+((24.0-6.0)-11.0))=x | 91.0 24.0 6.0 - 11.0 - + x = | 91.0:money 24.0:money 6.0:money -:money 11.0:money -:money +:money x:money =:money
EXPR: 0 | POS | INT | 0 | 50 | 84 | x=((91.0-(24.0-6.0))+11.0) | x 91.0 24.0 6.0 - - 11.0 + = | x:money 91.0:money 24.0:money 6.0:money -:money -:money 11.0:money +:money =:money
EXPR: 0 | POS | INT | 0 | 50 | 98 | ((91.0+(24.0-6.0))-11.0)=x | 91.0 24.0 6.0 - + 11.0 - x = | 91.0:money 24.0:money 6.0:money -:money +:money 11.0:money -:money x:money =:money
EXPR: 0 | POS | INT | 0 | 50 | 110 | x=((91.0+24.0)+(6.0-11.0)) | x 91.0 24.0 + 6.0 11.0 - + = | x:money 91.0:money 24.0:money +:money 6.0:money 11.0:money -:money +:money =:money
EXPR: 1 | POS | INT | 0 | 50 | 50 | x=((91.0-24.0)-(6.0+11.0)) | x 91.0 24.0 - 6.0 11.0 + - = | x:money 91.0:money 24.0:money -:money 6.0:money 11.0:money +:money -:money =:money
EXPR: 0 | POS | INT | 0 | 50 | 110 | x=(((91.0+24.0)+6.0)-11.0) | x 91.0 24.0 + 6.0 + 11.0 - = | x:money 91.0:money 24.0:money +:money 6.0:money +:money 11.0:money -:money =:money
EXPR: 0 | POS | INT | 0 | 50 | 98 | x=(91.0+((24.0-6.0)-11.0)) | x 91.0 24.0 6.0 - 11.0 - + = | x:money 91.0:money 24.0:money 6.0:money -:money 11.0:money -:money +:money =:money
EXPR: 0 | POS | INT | 0 | 50 | 120 | x=(((91.0+24.0)-6.0)+11.0) | x 91.0 24.0 + 6.0 - 11.0 + = | x:money 91.0:money 24.0:money +:money 6.0:money -:money 11.0:money +:money =:money
EXPR: 1 | POS | INT | 0 | 50 | 50 | ((91.0-24.0)-(6.0+11.0))=x | 91.0 24.0 - 6.0 11.0 + - x = | 91.0:money 24.0:money -:money 6.0:money 11.0:money +:money -:money x:money =:money
EXPR: 0 | POS | INT | 0 | 50 | 110 | ((91.0+(24.0+6.0))-11.0)=x | 91.0 24.0 6.0 + + 11.0 - x = | 91.0:money 24.0:money 6.0:money +:money +:money 11.0:money -:money x:money =:money
EXPR: 0 | POS | INT | 0 | 50 | 132 | x=(91.0+(24.0+(6.0+11.0))) | x 91.0 24.0 6.0 11.0 + + + = | x:money 91.0:money 24.0:money 6.0:money 11.0:money +:money +:money +:money =:money
EXPR: 0 | POS | INT | 0 | 50 | 72 | x=(91.0-(24.0+(6.0-11.0))) | x 91.0 24.0 6.0 11.0 - + - = | x:money 91.0:money 24.0:money 6.0:money 11.0:money -:money +:money -:money =:money
EXPR: 0 | POS | INT | 0 | 50 | 84 | (91.0-((24.0-6.0)-11.0))=x | 91.0 24.0 6.0 - 11.0 - - x = | 91.0:money 24.0:money 6.0:money -:money 11.0:money -:money -:money x:money =:money
EXPR: 0 | POS | INT | 0 | 50 | 110 | x=(91.0+((24.0+6.0)-11.0)) | x 91.0 24.0 6.0 + 11.0 - + = | x:money 91.0:money 24.0:money 6.0:money +:money 11.0:money -:money +:money =:money
EXPR: 1 | POS | INT | 0 | 50 | 50 | ((91.0-(24.0+6.0))-11.0)=x | 91.0 24.0 6.0 + - 11.0 - x = | 91.0:money 24.0:money 6.0:money +:money -:money 11.0:money -:money x:money =:money
EXPR: 0 | POS | INT | 0 | 50 | 72 | ((91.0-(24.0+6.0))+11.0)=x | 91.0 24.0 6.0 + - 11.0 + x = | 91.0:money 24.0:money 6.0:money +:money -:money 11.0:money +:money x:money =:money
EXPR: 0 | POS | INT | 0 | 50 | 132 | (91.0+((24.0+6.0)+11.0))=x | 91.0 24.0 6.0 + 11.0 + + x = | 91.0:money 24.0:money 6.0:money +:money 11.0:money +:money +:money x:money =:money
EXPR: 0 | POS | INT | 0 | 50 | 120 | x=(91.0+((24.0-6.0)+11.0)) | x 91.0 24.0 6.0 - 11.0 + + = | x:money 91.0:money 24.0:money 6.0:money -:money 11.0:money +:money +:money =:money
EXPR: 0 | POS | INT | 0 | 50 | 72 | x=((91.0-24.0)-(6.0-11.0)) | x 91.0 24.0 - 6.0 11.0 - - = | x:money 91.0:money 24.0:money -:money 6.0:money 11.0:money -:money -:money =:money
EXPR: 0 | POS | INT | 0 | 50 | 72 | x=(91.0-((24.0+6.0)-11.0)) | x 91.0 24.0 6.0 + 11.0 - - = | x:money 91.0:money 24.0:money 6.0:money +:money 11.0:money -:money -:money =:money
EXPR: 0 | POS | INT | 0 | 50 | 132 | ((91.0+(24.0+6.0))+11.0)=x | 91.0 24.0 6.0 + + 11.0 + x = | 91.0:money 24.0:money 6.0:money +:money +:money 11.0:money +:money x:money =:money
EXPR: 0 | POS | INT | 0 | 50 | 84 | ((91.0-24.0)+(6.0+11.0))=x | 91.0 24.0 - 6.0 11.0 + + x = | 91.0:money 24.0:money -:money 6.0:money 11.0:money +:money +:money x:money =:money
EXPR: 1 | POS | INT | 0 | 50 | 50 | (((91.0-24.0)-6.0)-11.0)=x | 91.0 24.0 - 6.0 - 11.0 - x = | 91.0:money 24.0:money -:money 6.0:money -:money 11.0:money -:money x:money =:money
EXPR: 0 | POS | INT | 0 | 50 | 62 | x=(((91.0-24.0)+6.0)-11.0) | x 91.0 24.0 - 6.0 + 11.0 - = | x:money 91.0:money 24.0:money -:money 6.0:money +:money 11.0:money -:money =:money
EXPR: 0 | POS | INT | 0 | 50 | 62 | ((91.0-(24.0-6.0))-11.0)=x | 91.0 24.0 6.0 - - 11.0 - x = | 91.0:money 24.0:money 6.0:money -:money -:money 11.0:money -:money x:money =:money
EXPR: 1 | POS | INT | 0 | 50 | 50 | x=(91.0-(24.0+(6.0+11.0))) | x 91.0 24.0 6.0 11.0 + + - = | x:money 91.0:money 24.0:money 6.0:money 11.0:money +:money +:money -:money =:money
EXPR: 0 | POS | INT | 0 | 50 | 110 | ((91.0+24.0)+(6.0-11.0))=x | 91.0 24.0 + 6.0 11.0 - + x = | 91.0:money 24.0:money +:money 6.0:money 11.0:money -:money +:money x:money =:money
EXPR: 0 | POS | INT | 0 | 50 | 132 | ((91.0+24.0)+(6.0+11.0))=x | 91.0 24.0 + 6.0 11.0 + + x = | 91.0:money 24.0:money +:money 6.0:money 11.0:money +:money +:money x:money =:money
EXPR: 0 | POS | INT | 0 | 50 | 120 | ((91.0+(24.0-6.0))+11.0)=x | 91.0 24.0 6.0 - + 11.0 + x = | 91.0:money 24.0:money 6.0:money -:money +:money 11.0:money +:money x:money =:money
EXPR: 0 | POS | INT | 0 | 50 | 72 | ((91.0-24.0)-(6.0-11.0))=x | 91.0 24.0 - 6.0 11.0 - - x = | 91.0:money 24.0:money -:money 6.0:money 11.0:money -:money -:money x:money =:money
EXPR: 0 | POS | INT | 0 | 50 | 62 | x=(91.0-((24.0-6.0)+11.0)) | x 91.0 24.0 6.0 - 11.0 + - = | x:money 91.0:money 24.0:money 6.0:money -:money 11.0:money +:money -:money =:money
EXPR: 0 | POS | INT | 0 | 50 | 62 | ((91.0-24.0)+(6.0-11.0))=x | 91.0 24.0 - 6.0 11.0 - + x = | 91.0:money 24.0:money -:money 6.0:money 11.0:money -:money +:money x:money =:money
EXPR: 0 | POS | INT | 0 | 50 | 98 | x=((91.0+24.0)-(6.0+11.0)) | x 91.0 24.0 + 6.0 11.0 + - = | x:money 91.0:money 24.0:money +:money 6.0:money 11.0:money +:money -:money =:money
EXPR: 0 | POS | INT | 0 | 50 | 132 | x=(((91.0+24.0)+6.0)+11.0) | x 91.0 24.0 + 6.0 + 11.0 + = | x:money 91.0:money 24.0:money +:money 6.0:money +:money 11.0:money +:money =:money
EXPR: 0 | POS | INT | 0 | 50 | 120 | x=((91.0+24.0)-(6.0-11.0)) | x 91.0 24.0 + 6.0 11.0 - - = | x:money 91.0:money 24.0:money +:money 6.0:money 11.0:money -:money -:money =:money
EXPR: 0 | POS | INT | 0 | 50 | 84 | ((91.0-(24.0-6.0))+11.0)=x | 91.0 24.0 6.0 - - 11.0 + x = | 91.0:money 24.0:money 6.0:money -:money -:money 11.0:money +:money x:money =:money
EXPR: 1 | POS | INT | 0 | 50 | 50 | x=(((91.0-24.0)-6.0)-11.0) | x 91.0 24.0 - 6.0 - 11.0 - = | x:money 91.0:money 24.0:money -:money 6.0:money -:money 11.0:money -:money =:money
EXPR: 0 | POS | INT | 0 | 50 | 132 | x=(91.0+((24.0+6.0)+11.0)) | x 91.0 24.0 6.0 + 11.0 + + = | x:money 91.0:money 24.0:money 6.0:money +:money 11.0:money +:money +:money =:money
EXPR: 0 | POS | INT | 0 | 50 | 84 | x=(91.0-((24.0-6.0)-11.0)) | x 91.0 24.0 6.0 - 11.0 - - = | x:money 91.0:money 24.0:money 6.0:money -:money 11.0:money -:money -:money =:money
EXPR: 0 | POS | INT | 0 | 50 | 132 | x=((91.0+24.0)+(6.0+11.0)) | x 91.0 24.0 + 6.0 11.0 + + = | x:money 91.0:money 24.0:money +:money 6.0:money 11.0:money +:money +:money =:money
EXPR: 0 | POS | INT | 0 | 50 | 84 | x=((91.0-24.0)+(6.0+11.0)) | x 91.0 24.0 - 6.0 11.0 + + = | x:money 91.0:money 24.0:money -:money 6.0:money 11.0:money +:money +:money =:money
EXPR: 0 | POS | INT | 0 | 50 | 84 | (91.0-(24.0-(6.0+11.0)))=x | 91.0 24.0 6.0 11.0 + - - x = | 91.0:money 24.0:money 6.0:money 11.0:money +:money -:money -:money x:money =:money
EXPR: 0 | POS | INT | 2 | 50 | 120 | x=(24.0+(91.0-(6.0-11.0))) | x 24.0 91.0 6.0 11.0 - - + = | x:money 24.0:money 91.0:money 6.0:money 11.0:money -:money -:money +:money =:money
EXPR: 0 | POS | INT | 2 | 50 | 62 | (91.0-((24.0+11.0)-6.0))=x | 91.0 24.0 11.0 + 6.0 - - x = | 91.0:money 24.0:money 11.0:money +:money 6.0:money -:money -:money x:money =:money
EXPR: 0 | POS | INT | 2 | 50 | 84 | (91.0+((6.0-24.0)+11.0))=x | 91.0 6.0 24.0 - 11.0 + + x = | 91.0:money 6.0:money 24.0:money -:money 11.0:money +:money +:money x:money =:money
EXPR: 0 | POS | INT | 2 | 50 | 120 | (91.0+((24.0+11.0)-6.0))=x | 91.0 24.0 11.0 + 6.0 - + x = | 91.0:money 24.0:money 11.0:money +:money 6.0:money -:money +:money x:money =:money
EXPR: 0 | POS | INT | 2 | 50 | 62 | x=((91.0-(24.0+11.0))+6.0) | x 91.0 24.0 11.0 + - 6.0 + = | x:money 91.0:money 24.0:money 11.0:money +:money -:money 6.0:money +:money =:money
EXPR: 1 | POS | INT | 2 | 50 | 50 | x=((91.0-(24.0+11.0))-6.0) | x 91.0 24.0 11.0 + - 6.0 - = | x:money 91.0:money 24.0:money 11.0:money +:money -:money 6.0:money -:money =:money
EXPR: 0 | POS | INT | 2 | 50 | 120 | x=((91.0+(24.0+11.0))-6.0) | x 91.0 24.0 11.0 + + 6.0 - = | x:money 91.0:money 24.0:money 11.0:money +:money +:money 6.0:money -:money =:money
EXPR: 0 | POS | INT | 2 | 50 | 72 | x=((91.0-24.0)+(11.0-6.0)) | x 91.0 24.0 - 11.0 6.0 - + = | x:money 91.0:money 24.0:money -:money 11.0:money 6.0:money -:money +:money =:money
EXPR: 0 | POS | INT | 2 | 50 | 110 | (((91.0+24.0)-11.0)+6.0)=x | 91.0 24.0 + 11.0 - 6.0 + x = | 91.0:money 24.0:money +:money 11.0:money -:money 6.0:money +:money x:money =:money
EXPR: 0 | POS | INT | 2 | 50 | 84 | (((91.0+6.0)-24.0)+11.0)=x | 91.0 6.0 + 24.0 - 11.0 + x = | 91.0:money 6.0:money +:money 24.0:money -:money 11.0:money +:money x:money =:money
EXPR: 0 | POS | INT | 2 | 50 | 72 | (((91.0-6.0)-24.0)+11.0)=x | 91.0 6.0 - 24.0 - 11.0 + x = | 91.0:money 6.0:money -:money 24.0:money -:money 11.0:money +:money x:money =:money
EXPR: 0 | POS | INT | 2 | 50 | 110 | (((91.0+6.0)+24.0)-11.0)=x | 91.0 6.0 + 24.0 + 11.0 - x = | 91.0:money 6.0:money +:money 24.0:money +:money 11.0:money -:money x:money =:money
EXPR: 0 | POS | INT | 2 | 50 | 132 | x=((91.0+(24.0+11.0))+6.0) | x 91.0 24.0 11.0 + + 6.0 + = | x:money 91.0:money 24.0:money 11.0:money +:money +:money 6.0:money +:money =:money
EXPR: 0 | POS | INT | 2 | 50 | 110 | x=((91.0+(24.0-11.0))+6.0) | x 91.0 24.0 11.0 - + 6.0 + = | x:money 91.0:money 24.0:money 11.0:money -:money +:money 6.0:money +:money =:money
EXPR: 0 | POS | INT | 2 | 50 | 120 | (((91.0-6.0)+24.0)+11.0)=x | 91.0 6.0 - 24.0 + 11.0 + x = | 91.0:money 6.0:money -:money 24.0:money +:money 11.0:money +:money x:money =:money
EXPR: 0 | POS | INT | 2 | 50 | 72 | x=((91.0-(24.0-11.0))-6.0) | x 91.0 24.0 11.0 - - 6.0 - = | x:money 91.0:money 24.0:money 11.0:money -:money -:money 6.0:money -:money =:money
EXPR: 0 | POS | INT | 2 | 50 | 98 | ((91.0+(24.0-11.0))-6.0)=x | 91.0 24.0 11.0 - + 6.0 - x = | 91.0:money 24.0:money 11.0:money -:money +:money 6.0:money -:money x:money =:money
EXPR: 1 | POS | INT | 2 | 50 | 50 | ((91.0-(24.0+11.0))-6.0)=x | 91.0 24.0 11.0 + - 6.0 - x = | 91.0:money 24.0:money 11.0:money +:money -:money 6.0:money -:money x:money =:money
EXPR: 0 | POS | INT | 2 | 50 | 120 | (((91.0+24.0)+11.0)-6.0)=x | 91.0 24.0 + 11.0 + 6.0 - x = | 91.0:money 24.0:money +:money 11.0:money +:money 6.0:money -:money x:money =:money
EXPR: 0 | POS | INT | 2 | 50 | 62 | (((91.0+6.0)-24.0)-11.0)=x | 91.0 6.0 + 24.0 - 11.0 - x = | 91.0:money 6.0:money +:money 24.0:money -:money 11.0:money -:money x:money =:money
EXPR: 0 | POS | INT | 2 | 50 | 120 | ((91.0-(6.0-24.0))+11.0)=x | 91.0 6.0 24.0 - - 11.0 + x = | 91.0:money 6.0:money 24.0:money -:money -:money 11.0:money +:money x:money =:money
EXPR: 0 | POS | INT | 2 | 50 | 84 | x=((91.0-(24.0-11.0))+6.0) | x 91.0 24.0 11.0 - - 6.0 + = | x:money 91.0:money 24.0:money 11.0:money -:money -:money 6.0:money +:money =:money
EXPR: 0 | POS | INT | 2 | 50 | 98 | x=((91.0+(24.0-11.0))-6.0) | x 91.0 24.0 11.0 - + 6.0 - = | x:money 91.0:money 24.0:money 11.0:money -:money +:money 6.0:money -:money =:money
EXPR: 0 | POS | INT | 2 | 50 | 120 | x=(91.0+(24.0+(11.0-6.0))) | x 91.0 24.0 11.0 6.0 - + + = | x:money 91.0:money 24.0:money 11.0:money 6.0:money -:money +:money +:money =:money
EXPR: 0 | POS | INT | 2 | 50 | 120 | x=(24.0+((91.0-6.0)+11.0)) | x 24.0 91.0 6.0 - 11.0 + + = | x:money 24.0:money 91.0:money 6.0:money -:money 11.0:money +:money +:money =:money
EXPR: 0 | POS | INT | 2 | 50 | 62 | x=(91.0+((6.0-24.0)-11.0)) | x 91.0 6.0 24.0 - 11.0 - + = | x:money 91.0:money 6.0:money 24.0:money -:money 11.0:money -:money +:money =:money
EXPR: 0 | POS | INT | 2 | 50 | 62 | (((91.0-24.0)-11.0)+6.0)=x | 91.0 24.0 - 11.0 - 6.0 + x = | 91.0:money 24.0:money -:money 11.0:money -:money 6.0:money +:money x:money =:money
EXPR: 0 | POS | INT | 2 | 50 | 120 | x=(91.0+((24.0+11.0)-6.0)) | x 91.0 24.0 11.0 + 6.0 - + = | x:money 91.0:money 24.0:money 11.0:money +:money 6.0:money -:money +:money =:money
EXPR: 0 | POS | INT | 2 | 50 | 62 | x=(91.0-(24.0+(11.0-6.0))) | x 91.0 24.0 11.0 6.0 - + - = | x:money 91.0:money 24.0:money 11.0:money 6.0:money -:money +:money -:money =:money
EXPR: 0 | POS | INT | 2 | 50 | 132 | (((91.0+6.0)+24.0)+11.0)=x | 91.0 6.0 + 24.0 + 11.0 + x = | 91.0:money 6.0:money +:money 24.0:money +:money 11.0:money +:money x:money =:money
EXPR: 1 | POS | INT | 2 | 50 | 50 | (((91.0-6.0)-24.0)-11.0)=x | 91.0 6.0 - 24.0 - 11.0 - x = | 91.0:money 6.0:money -:money 24.0:money -:money 11.0:money -:money x:money =:money
EXPR: 0 | POS | INT | 2 | 50 | 110 | ((91.0+24.0)-(11.0-6.0))=x | 91.0 24.0 + 11.0 6.0 - - x = | 91.0:money 24.0:money +:money 11.0:money 6.0:money -:money -:money x:money =:money
EXPR: 0 | POS | INT | 2 | 50 | 98 | x=(((91.0+24.0)-11.0)-6.0) | x 91.0 24.0 + 11.0 - 6.0 - = | x:money 91.0:money 24.0:money +:money 11.0:money -:money 6.0:money -:money =:money
EXPR: 0 | POS | INT | 2 | 50 | 120 | ((91.0+(24.0+11.0))-6.0)=x | 91.0 24.0 11.0 + + 6.0 - x = | 91.0:money 24.0:money 11.0:money +:money +:money 6.0:money -:money x:money =:money
EXPR: 0 | POS | INT | 2 | 50 | 84 | x=(91.0+((6.0-24.0)+11.0)) | x 91.0 6.0 24.0 - 11.0 + + = | x:money 91.0:money 6.0:money 24.0:money -:money 11.0:money +:money +:money =:money
EXPR: 0 | POS | INT | 2 | 50 | 110 | 91.0=(((x-24.0)-6.0)+11.0) | 91.0 x 24.0 - 6.0 - 11.0 + = | 91.0:money x:money 24.0:money -:money 6.0:money -:money 11.0:money +:money =:money
EXPR: 0 | POS | INT | 2 | 50 | 84 | x=(((91.0-24.0)+11.0)+6.0) | x 91.0 24.0 - 11.0 + 6.0 + = | x:money 91.0:money 24.0:money -:money 11.0:money +:money 6.0:money +:money =:money
EXPR: 0 | POS | INT | 2 | 50 | 62 | (((91.0-x)-24.0)+6.0)=11.0 | 91.0 x - 24.0 - 6.0 + 11.0 = | 91.0:money x:money -:money 24.0:money -:money 6.0:money +:money 11.0:money =:money
EXPR: 0 | POS | INT | 2 | 50 | 120 | x=((91.0+24.0)+(11.0-6.0)) | x 91.0 24.0 + 11.0 6.0 - + = | x:money 91.0:money 24.0:money +:money 11.0:money 6.0:money -:money +:money =:money
EXPR: 0 | POS | INT | 2 | 50 | 120 | 91.0=((x-24.0)+(6.0-11.0)) | 91.0 x 24.0 - 6.0 11.0 - + = | 91.0:money x:money 24.0:money -:money 6.0:money 11.0:money -:money +:money =:money
EXPR: 0 | POS | INT | 2 | 50 | 72 | 91.0=(((x+24.0)+6.0)-11.0) | 91.0 x 24.0 + 6.0 + 11.0 - = | 91.0:money x:money 24.0:money +:money 6.0:money +:money 11.0:money -:money =:money
EXPR: 0 | POS | INT | 2 | 50 | 72 | 91.0=(24.0+((x+6.0)-11.0)) | 91.0 24.0 x 6.0 + 11.0 - + = | 91.0:money 24.0:money x:money 6.0:money +:money 11.0:money -:money +:money =:money
EXPR: 0 | POS | INT | 2 | 50 | 110 | x=(91.0+((24.0-11.0)+6.0)) | x 91.0 24.0 11.0 - 6.0 + + = | x:money 91.0:money 24.0:money 11.0:money -:money 6.0:money +:money +:money =:money
EXPR: 0 | POS | INT | 2 | 50 | 72 | (((91.0-24.0)+11.0)-6.0)=x | 91.0 24.0 - 11.0 + 6.0 - x = | 91.0:money 24.0:money -:money 11.0:money +:money 6.0:money -:money x:money =:money
EXPR: 0 | POS | INT | 2 | 50 | 132 | 91.0=((x-24.0)-(6.0+11.0)) | 91.0 x 24.0 - 6.0 11.0 + - = | 91.0:money x:money 24.0:money -:money 6.0:money 11.0:money +:money -:money =:money
EXPR: 0 | POS | INT | 2 | 50 | 84 | 91.0=((x+24.0)-(6.0+11.0)) | 91.0 x 24.0 + 6.0 11.0 + - = | 91.0:money x:money 24.0:money +:money 6.0:money 11.0:money +:money -:money =:money
EXPR: 0 | POS | INT | 2 | 50 | 72 | x=(91.0-((24.0-11.0)+6.0)) | x 91.0 24.0 11.0 - 6.0 + - = | x:money 91.0:money 24.0:money 11.0:money -:money 6.0:money +:money -:money =:money
EXPR: 0 | POS | INT | 2 | 50 | 132 | x=(91.0+((24.0+11.0)+6.0)) | x 91.0 24.0 11.0 + 6.0 + + = | x:money 91.0:money 24.0:money 11.0:money +:money 6.0:money +:money +:money =:money
EXPR: 0 | POS | INT | 2 | 50 | 98 | 91.0=(((x-24.0)+6.0)+11.0) | 91.0 x 24.0 - 6.0 + 11.0 + = | 91.0:money x:money 24.0:money -:money 6.0:money +:money 11.0:money +:money =:money
EXPR: 0 | POS | INT | 2 | 50 | 110 | 91.0=((x-24.0)-(6.0-11.0)) | 91.0 x 24.0 - 6.0 11.0 - - = | 91.0:money x:money 24.0:money -:money 6.0:money 11.0:money -:money -:money =:money
EXPR: 0 | POS | INT | 2 | 50 | 84 | 91.0=(((x+24.0)-6.0)-11.0) | 91.0 x 24.0 + 6.0 - 11.0 - = | 91.0:money x:money 24.0:money +:money 6.0:money -:money 11.0:money -:money =:money
EXPR: 0 | POS | INT | 2 | 50 | 98 | 91.0=((x-24.0)+(6.0+11.0)) | 91.0 x 24.0 - 6.0 11.0 + + = | 91.0:money x:money 24.0:money -:money 6.0:money 11.0:money +:money +:money =:money
EXPR: 0 | POS | INT | 2 | 50 | 98 | x=(24.0+(91.0-(6.0+11.0))) | x 24.0 91.0 6.0 11.0 + - + = | x:money 24.0:money 91.0:money 6.0:money 11.0:money +:money -:money +:money =:money
EXPR: 1 | POS | INT | 2 | 50 | 50 | x=(91.0-((24.0+11.0)+6.0)) | x 91.0 24.0 11.0 + 6.0 + - = | x:money 91.0:money 24.0:money 11.0:money +:money 6.0:money +:money -:money =:money
EXPR: 0 | POS | INT | 2 | 50 | 132 | x=(24.0+(91.0+(6.0+11.0))) | x 24.0 91.0 6.0 11.0 + + + = | x:money 24.0:money 91.0:money 6.0:money 11.0:money +:money +:money +:money =:money
EXPR: 0 | POS | INT | 2 | 50 | 62 | 91.0=(24.0-(6.0-(11.0+x))) | 91.0 24.0 6.0 11.0 x + - - = | 91.0:money 24.0:money 6.0:money 11.0:money x:money +:money -:money -:money =:money
EXPR: 0 | POS | INT | 2 | 50 | 72 | x=(((91.0-24.0)+11.0)-6.0) | x 91.0 24.0 - 11.0 + 6.0 - = | x:money 91.0:money 24.0:money -:money 11.0:money +:money 6.0:money -:money =:money
EXPR: 0 | POS | INT | 2 | 50 | 72 | 91.0=((x+24.0)+(6.0-11.0)) | 91.0 x 24.0 + 6.0 11.0 - + = | 91.0:money x:money 24.0:money +:money 6.0:money 11.0:money -:money +:money =:money
EXPR: 0 | POS | INT | 2 | 50 | 132 | x=(((91.0+24.0)+11.0)+6.0) | x 91.0 24.0 + 11.0 + 6.0 + = | x:money 91.0:money 24.0:money +:money 11.0:money +:money 6.0:money +:money =:money
EXPR: 0 | POS | INT | 2 | 50 | 62 | 91.0=(((x+24.0)-6.0)+11.0) | 91.0 x 24.0 + 6.0 - 11.0 + = | 91.0:money x:money 24.0:money +:money 6.0:money -:money 11.0:money +:money =:money
EXPR: 0 | POS | INT | 2 | 50 | 120 | 91.0=(((x-24.0)+6.0)-11.0) | 91.0 x 24.0 - 6.0 + 11.0 - = | 91.0:money x:money 24.0:money -:money 6.0:money +:money 11.0:money -:money =:money
EXPR: 1 | POS | INT | 2 | 50 | 50 | 91.0=(((x+24.0)+6.0)+11.0) | 91.0 x 24.0 + 6.0 + 11.0 + = | 91.0:money x:money 24.0:money +:money 6.0:money +:money 11.0:money +:money =:money
EXPR: 0 | POS | INT | 2 | 50 | 72 | 91.0=(24.0+(6.0-(11.0-x))) | 91.0 24.0 6.0 11.0 x - - + = | 91.0:money 24.0:money 6.0:money 11.0:money x:money -:money -:money +:money =:money
EXPR: 0 | POS | INT | 2 | 50 | 98 | (((91.0+24.0)-6.0)-x)=11.0 | 91.0 24.0 + 6.0 - x - 11.0 = | 91.0:money 24.0:money +:money 6.0:money -:money x:money -:money 11.0:money =:money
EXPR: 1 | POS | INT | 2 | 50 | 50 | (((91.0-24.0)-6.0)-x)=11.0 | 91.0 24.0 - 6.0 - x - 11.0 = | 91.0:money 24.0:money -:money 6.0:money -:money x:money -:money 11.0:money =:money
EXPR: 0 | POS | INT | 2 | 50 | 98 | (((91.0-6.0)+24.0)-11.0)=x | 91.0 6.0 - 24.0 + 11.0 - x = | 91.0:money 6.0:money -:money 24.0:money +:money 11.0:money -:money x:money =:money
EXPR: 0 | POS | INT | 2 | 50 | 98 | (24.0+((91.0-6.0)-11.0))=x | 24.0 91.0 6.0 - 11.0 - + x = | 24.0:money 91.0:money 6.0:money -:money 11.0:money -:money +:money x:money =:money
EXPR: 0 | POS | INT | 2 | 50 | 62 | (91.0+((6.0-24.0)-11.0))=x | 91.0 6.0 24.0 - 11.0 - + x = | 91.0:money 6.0:money 24.0:money -:money 11.0:money -:money +:money x:money =:money
EXPR: 0 | POS | INT | 2 | 50 | 132 | x=(24.0+((91.0+6.0)+11.0)) | x 24.0 91.0 6.0 + 11.0 + + = | x:money 24.0:money 91.0:money 6.0:money +:money 11.0:money +:money +:money =:money
EXPR: 1 | POS | INT | 2 | 50 | 50 | (91.0-((24.0+11.0)+6.0))=x | 91.0 24.0 11.0 + 6.0 + - x = | 91.0:money 24.0:money 11.0:money +:money 6.0:money +:money -:money x:money =:money
EXPR: 0 | POS | INT | 2 | 50 | 98 | (91.0+((24.0-11.0)-6.0))=x | 91.0 24.0 11.0 - 6.0 - + x = | 91.0:money 24.0:money 11.0:money -:money 6.0:money -:money +:money x:money =:money
EXPR: 0 | POS | INT | 2 | 50 | 62 | x=((91.0+(6.0-24.0))-11.0) | x 91.0 6.0 24.0 - + 11.0 - = | x:money 91.0:money 6.0:money 24.0:money -:money +:money 11.0:money -:money =:money
EXPR: 0 | POS | INT | 2 | 50 | 120 | x=((91.0-(6.0-24.0))+11.0) | x 91.0 6.0 24.0 - - 11.0 + = | x:money 91.0:money 6.0:money 24.0:money -:money -:money 11.0:money +:money =:money
EXPR: 1 | POS | INT | 2 | 50 | 50 | ((91.0-(x+24.0))-6.0)=11.0 | 91.0 x 24.0 + - 6.0 - 11.0 = | 91.0:money x:money 24.0:money +:money -:money 6.0:money -:money 11.0:money =:money
EXPR: 0 | POS | INT | 2 | 50 | 84 | x=((91.0+(6.0-24.0))+11.0) | x 91.0 6.0 24.0 - + 11.0 + = | x:money 91.0:money 6.0:money 24.0:money -:money +:money 11.0:money +:money =:money
EXPR: 0 | POS | INT | 2 | 50 | 98 | x=((91.0-(6.0-24.0))-11.0) | x 91.0 6.0 24.0 - - 11.0 - = | x:money 91.0:money 6.0:money 24.0:money -:money -:money 11.0:money -:money =:money
EXPR: 0 | POS | INT | 2 | 50 | 110 | (91.0+((24.0+6.0)-x))=11.0 | 91.0 24.0 6.0 + x - + 11.0 = | 91.0:money 24.0:money 6.0:money +:money x:money -:money +:money 11.0:money =:money
EXPR: 0 | POS | INT | 2 | 50 | 84 | ((91.0+(6.0-24.0))+11.0)=x | 91.0 6.0 24.0 - + 11.0 + x = | 91.0:money 6.0:money 24.0:money -:money +:money 11.0:money +:money x:money =:money
EXPR: 0 | POS | INT | 2 | 50 | 62 | ((91.0-(x+24.0))+6.0)=11.0 | 91.0 x 24.0 + - 6.0 + 11.0 = | 91.0:money x:money 24.0:money +:money -:money 6.0:money +:money 11.0:money =:money
EXPR: 0 | POS | INT | 2 | 50 | 120 | ((91.0+24.0)+(11.0-6.0))=x | 91.0 24.0 + 11.0 6.0 - + x = | 91.0:money 24.0:money +:money 11.0:money 6.0:money -:money +:money x:money =:money
EXPR: 1 | POS | INT | 2 | 50 | 50 | (91.0-((24.0+6.0)+x))=11.0 | 91.0 24.0 6.0 + x + - 11.0 = | 91.0:money 24.0:money 6.0:money +:money x:money +:money -:money 11.0:money =:money
EXPR: 0 | POS | INT | 2 | 50 | 98 | (91.0+((24.0-6.0)-x))=11.0 | 91.0 24.0 6.0 - x - + 11.0 = | 91.0:money 24.0:money 6.0:money -:money x:money -:money +:money 11.0:money =:money
EXPR: 0 | POS | INT | 2 | 50 | 62 | (91.0-((24.0-6.0)+x))=11.0 | 91.0 24.0 6.0 - x + - 11.0 = | 91.0:money 24.0:money 6.0:money -:money x:money +:money -:money 11.0:money =:money
EXPR: 0 | POS | INT | 2 | 50 | 62 | 91.0=(((24.0+x)-6.0)+11.0) | 91.0 24.0 x + 6.0 - 11.0 + = | 91.0:money 24.0:money x:money +:money 6.0:money -:money 11.0:money +:money =:money
EXPR: 1 | POS | INT | 2 | 50 | 50 | 91.0=(((24.0+x)+6.0)+11.0) | 91.0 24.0 x + 6.0 + 11.0 + = | 91.0:money 24.0:money x:money +:money 6.0:money +:money 11.0:money +:money =:money
EXPR: 0 | POS | INT | 2 | 50 | 132 | ((x-91.0)-(24.0+6.0))=11.0 | x 91.0 - 24.0 6.0 + - 11.0 = | x:money 91.0:money -:money 24.0:money 6.0:money +:money -:money 11.0:money =:money
EXPR: 0 | POS | INT | 2 | 50 | 84 | 91.0=(((24.0+x)-6.0)-11.0) | 91.0 24.0 x + 6.0 - 11.0 - = | 91.0:money 24.0:money x:money +:money 6.0:money -:money 11.0:money -:money =:money
EXPR: 0 | POS | INT | 2 | 50 | 72 | ((x-91.0)+(24.0+6.0))=11.0 | x 91.0 - 24.0 6.0 + + 11.0 = | x:money 91.0:money -:money 24.0:money 6.0:money +:money +:money 11.0:money =:money
EXPR: 0 | POS | INT | 2 | 50 | 62 | 91.0=(24.0+(x-(6.0-11.0))) | 91.0 24.0 x 6.0 11.0 - - + = | 91.0:money 24.0:money x:money 6.0:money 11.0:money -:money -:money +:money =:money
EXPR: 0 | POS | INT | 2 | 50 | 120 | ((x-91.0)-(24.0-6.0))=11.0 | x 91.0 - 24.0 6.0 - - 11.0 = | x:money 91.0:money -:money 24.0:money 6.0:money -:money -:money 11.0:money =:money
EXPR: 0 | POS | INT | 2 | 50 | 62 | (((91.0-24.0)+6.0)-x)=11.0 | 91.0 24.0 - 6.0 + x - 11.0 = | 91.0:money 24.0:money -:money 6.0:money +:money x:money -:money 11.0:money =:money
EXPR: 0 | POS | INT | 2 | 50 | 98 | ((91.0-(6.0-24.0))-11.0)=x | 91.0 6.0 24.0 - - 11.0 - x = | 91.0:money 6.0:money 24.0:money -:money -:money 11.0:money -:money x:money =:money
EXPR: 0 | POS | INT | 2 | 50 | 72 | 91.0=(24.0+(x+(6.0-11.0))) | 91.0 24.0 x 6.0 11.0 - + + = | 91.0:money 24.0:money x:money 6.0:money 11.0:money -:money +:money +:money =:money
EXPR: 0 | POS | INT | 2 | 50 | 84 | x=(91.0-((24.0-11.0)-6.0)) | x 91.0 24.0 11.0 - 6.0 - - = | x:money 91.0:money 24.0:money 11.0:money -:money 6.0:money -:money -:money =:money
EXPR: 0 | POS | INT | 2 | 50 | 72 | (x-(91.0-(24.0+6.0)))=11.0 | x 91.0 24.0 6.0 + - - 11.0 = | x:money 91.0:money 24.0:money 6.0:money +:money -:money -:money 11.0:money =:money
EXPR: 1 | POS | INT | 2 | 50 | 50 | 91.0=(24.0+(x+(6.0+11.0))) | 91.0 24.0 x 6.0 11.0 + + + = | 91.0:money 24.0:money x:money 6.0:money 11.0:money +:money +:money +:money =:money
EXPR: 0 | POS | INT | 2 | 50 | 84 | 91.0=(24.0+(x-(6.0+11.0))) | 91.0 24.0 x 6.0 11.0 + - + = | 91.0:money 24.0:money x:money 6.0:money 11.0:money +:money -:money +:money =:money
EXPR: 0 | POS | INT | 2 | 50 | 98 | (((91.0+24.0)-x)-6.0)=11.0 | 91.0 24.0 + x - 6.0 - 11.0 = | 91.0:money 24.0:money +:money x:money -:money 6.0:money -:money 11.0:money =:money
EXPR: 0 | POS | INT | 2 | 50 | 84 | (x-(91.0-(24.0-6.0)))=11.0 | x 91.0 24.0 6.0 - - - 11.0 = | x:money 91.0:money 24.0:money 6.0:money -:money -:money -:money 11.0:money =:money
EXPR: 0 | POS | INT | 2 | 50 | 110 | (24.0+(91.0+(6.0-11.0)))=x | 24.0 91.0 6.0 11.0 - + + x = | 24.0:money 91.0:money 6.0:money 11.0:money -:money +:money +:money x:money =:money
EXPR: 0 | POS | INT | 2 | 50 | 120 | (24.0+(91.0-(6.0-11.0)))=x | 24.0 91.0 6.0 11.0 - - + x = | 24.0:money 91.0:money 6.0:money 11.0:money -:money -:money +:money x:money =:money
EXPR: 0 | POS | INT | 2 | 50 | 110 | (((91.0+24.0)-x)+6.0)=11.0 | 91.0 24.0 + x - 6.0 + 11.0 = | 91.0:money 24.0:money +:money x:money -:money 6.0:money +:money 11.0:money =:money
EXPR: 0 | POS | INT | 2 | 50 | 62 | (((91.0-24.0)-x)+6.0)=11.0 | 91.0 24.0 - x - 6.0 + 11.0 = | 91.0:money 24.0:money -:money x:money -:money 6.0:money +:money 11.0:money =:money
EXPR: 0 | POS | INT | 2 | 50 | 132 | (x-(91.0+(24.0+6.0)))=11.0 | x 91.0 24.0 6.0 + + - 11.0 = | x:money 91.0:money 24.0:money 6.0:money +:money +:money -:money 11.0:money =:money
EXPR: 0 | POS | INT | 2 | 50 | 120 | (x-(91.0+(24.0-6.0)))=11.0 | x 91.0 24.0 6.0 - + - 11.0 = | x:money 91.0:money 24.0:money 6.0:money -:money +:money -:money 11.0:money =:money
EXPR: 0 | POS | INT | 2 | 50 | 110 | x=(91.0+(24.0-(11.0-6.0))) | x 91.0 24.0 11.0 6.0 - - + = | x:money 91.0:money 24.0:money 11.0:money 6.0:money -:money -:money +:money =:money
EXPR: 0 | POS | INT | 2 | 50 | 98 | x=(91.0+((24.0-11.0)-6.0)) | x 91.0 24.0 11.0 - 6.0 - + = | x:money 91.0:money 24.0:money 11.0:money -:money 6.0:money -:money +:money =:money
EXPR: 0 | POS | INT | 2 | 50 | 132 | 91.0=(((x-24.0)-6.0)-11.0) | 91.0 x 24.0 - 6.0 - 11.0 - = | 91.0:money x:money 24.0:money -:money 6.0:money -:money 11.0:money -:money =:money
EXPR: 0 | POS | INT | 2 | 50 | 72 | x=(91.0-(24.0-(11.0-6.0))) | x 91.0 24.0 11.0 6.0 - - - = | x:money 91.0:money 24.0:money 11.0:money 6.0:money -:money -:money -:money =:money
EXPR: 1 | POS | INT | 2 | 50 | 50 | (((91.0-24.0)-x)-6.0)=11.0 | 91.0 24.0 - x - 6.0 - 11.0 = | 91.0:money 24.0:money -:money x:money -:money 6.0:money -:money 11.0:money =:money
EXPR: 0 | POS | INT | 2 | 50 | 110 | (91.0-((x-24.0)-6.0))=11.0 | 91.0 x 24.0 - 6.0 - - 11.0 = | 91.0:money x:money 24.0:money -:money 6.0:money -:money -:money 11.0:money =:money
EXPR: 0 | POS | INT | 2 | 50 | 98 | (91.0-((x-24.0)+6.0))=11.0 | 91.0 x 24.0 - 6.0 + - 11.0 = | 91.0:money x:money 24.0:money -:money 6.0:money +:money -:money 11.0:money =:money
EXPR: 0 | POS | INT | 2 | 50 | 72 | 91.0=(24.0+(6.0+(x-11.0))) | 91.0 24.0 6.0 x 11.0 - + + = | 91.0:money 24.0:money 6.0:money x:money 11.0:money -:money +:money +:money =:money
EXPR: 0 | POS | INT | 4 | 50 | 120 | 91.0=(((6.0-24.0)-11.0)+x) | 91.0 6.0 24.0 - 11.0 - x + = | 91.0:money 6.0:money 24.0:money -:money 11.0:money -:money x:money +:money =:money
EXPR: 0 | POS | INT | 4 | 50 | 98 | (91.0-((x+6.0)-24.0))=11.0 | 91.0 x 6.0 + 24.0 - - 11.0 = | 91.0:money x:money 6.0:money +:money 24.0:money -:money -:money 11.0:money =:money
EXPR: 0 | POS | INT | 4 | 50 | 120 | (24.0+((91.0+11.0)-6.0))=x | 24.0 91.0 11.0 + 6.0 - + x = | 24.0:money 91.0:money 11.0:money +:money 6.0:money -:money +:money x:money =:money
EXPR: 0 | POS | INT | 4 | 50 | 62 | (91.0-((x-6.0)+24.0))=11.0 | 91.0 x 6.0 - 24.0 + - 11.0 = | 91.0:money x:money 6.0:money -:money 24.0:money +:money -:money 11.0:money =:money
EXPR: 0 | POS | INT | 4 | 50 | 110 | x=(24.0+((91.0-11.0)+6.0)) | x 24.0 91.0 11.0 - 6.0 + + = | x:money 24.0:money 91.0:money 11.0:money -:money 6.0:money +:money +:money =:money
EXPR: 0 | POS | INT | 4 | 50 | 120 | x=(24.0+((91.0+11.0)-6.0)) | x 24.0 91.0 11.0 + 6.0 - + = | x:money 24.0:money 91.0:money 11.0:money +:money 6.0:money -:money +:money =:money
EXPR: 1 | POS | INT | 4 | 50 | 50 | (91.0-((x+6.0)+24.0))=11.0 | 91.0 x 6.0 + 24.0 + - 11.0 = | 91.0:money x:money 6.0:money +:money 24.0:money +:money -:money 11.0:money =:money
EXPR: 0 | POS | INT | 4 | 50 | 110 | (91.0-((x-6.0)-24.0))=11.0 | 91.0 x 6.0 - 24.0 - - 11.0 = | 91.0:money x:money 6.0:money -:money 24.0:money -:money -:money 11.0:money =:money
EXPR: 0 | POS | INT | 4 | 50 | 72 | (((91.0-x)-24.0)+11.0)=6.0 | 91.0 x - 24.0 - 11.0 + 6.0 = | 91.0:money x:money -:money 24.0:money -:money 11.0:money +:money 6.0:money =:money
EXPR: 0 | POS | INT | 4 | 50 | 84 | 91.0=((24.0+(x-11.0))-6.0) | 91.0 24.0 x 11.0 - + 6.0 - = | 91.0:money 24.0:money x:money 11.0:money -:money +:money 6.0:money -:money =:money
EXPR: 0 | POS | INT | 4 | 50 | 72 | (((91.0-24.0)+11.0)-x)=6.0 | 91.0 24.0 - 11.0 + x - 6.0 = | 91.0:money 24.0:money -:money 11.0:money +:money x:money -:money 6.0:money =:money
EXPR: 0 | POS | INT | 4 | 50 | 72 | 91.0=((24.0+x)-(11.0-6.0)) | 91.0 24.0 x + 11.0 6.0 - - = | 91.0:money 24.0:money x:money +:money 11.0:money 6.0:money -:money -:money =:money
EXPR: 0 | POS | INT | 4 | 50 | 72 | 91.0=((24.0+(x-11.0))+6.0) | 91.0 24.0 x 11.0 - + 6.0 + = | 91.0:money 24.0:money x:money 11.0:money -:money +:money 6.0:money +:money =:money
EXPR: 0 | POS | INT | 4 | 50 | 120 | (((91.0-x)+24.0)+11.0)=6.0 | 91.0 x - 24.0 + 11.0 + 6.0 = | 91.0:money x:money -:money 24.0:money +:money 11.0:money +:money 6.0:money =:money
EXPR: 0 | POS | INT | 4 | 50 | 72 | 91.0=(((x+24.0)-11.0)+6.0) | 91.0 x 24.0 + 11.0 - 6.0 + = | 91.0:money x:money 24.0:money +:money 11.0:money -:money 6.0:money +:money =:money
EXPR: 0 | POS | INT | 4 | 50 | 110 | 91.0=(((x-24.0)+11.0)-6.0) | 91.0 x 24.0 - 11.0 + 6.0 - = | 91.0:money x:money 24.0:money -:money 11.0:money +:money 6.0:money -:money =:money
EXPR: 0 | POS | INT | 4 | 50 | 120 | (((91.0+24.0)+11.0)-x)=6.0 | 91.0 24.0 + 11.0 + x - 6.0 = | 91.0:money 24.0:money +:money 11.0:money +:money x:money -:money 6.0:money =:money
EXPR: 0 | POS | INT | 4 | 50 | 62 | 24.0=(91.0+(6.0-(11.0+x))) | 24.0 91.0 6.0 11.0 x + - + = | 24.0:money 91.0:money 6.0:money 11.0:money x:money +:money -:money +:money =:money
EXPR: 0 | POS | INT | 4 | 50 | 84 | 24.0=(91.0+(6.0+(11.0-x))) | 24.0 91.0 6.0 11.0 x - + + = | 24.0:money 91.0:money 6.0:money 11.0:money x:money -:money +:money +:money =:money
EXPR: 0 | POS | INT | 4 | 50 | 72 | 24.0=(91.0-((x+6.0)-11.0)) | 24.0 91.0 x 6.0 + 11.0 - - = | 24.0:money 91.0:money x:money 6.0:money +:money 11.0:money -:money -:money =:money
EXPR: 0 | POS | INT | 4 | 50 | 120 | 91.0=(((x-24.0)-11.0)+6.0) | 91.0 x 24.0 - 11.0 - 6.0 + = | 91.0:money x:money 24.0:money -:money 11.0:money -:money 6.0:money +:money =:money
EXPR: 0 | POS | INT | 4 | 50 | 110 | (24.0+((91.0-11.0)+6.0))=x | 24.0 91.0 11.0 - 6.0 + + x = | 24.0:money 91.0:money 11.0:money -:money 6.0:money +:money +:money x:money =:money
EXPR: 0 | POS | INT | 4 | 50 | 72 | (((24.0-91.0)+x)+6.0)=11.0 | 24.0 91.0 - x + 6.0 + 11.0 = | 24.0:money 91.0:money -:money x:money +:money 6.0:money +:money 11.0:money =:money
EXPR: 0 | POS | INT | 4 | 50 | 98 | 91.0=(((x-24.0)+11.0)+6.0) | 91.0 x 24.0 - 11.0 + 6.0 + = | 91.0:money x:money 24.0:money -:money 11.0:money +:money 6.0:money +:money =:money
EXPR: 0 | POS | INT | 4 | 50 | 84 | 91.0=(((x+24.0)-11.0)-6.0) | 91.0 x 24.0 + 11.0 - 6.0 - = | 91.0:money x:money 24.0:money +:money 11.0:money -:money 6.0:money -:money =:money
EXPR: 0 | POS | INT | 4 | 50 | 120 | (91.0+((24.0+11.0)-x))=6.0 | 91.0 24.0 11.0 + x - + 6.0 = | 91.0:money 24.0:money 11.0:money +:money x:money -:money +:money 6.0:money =:money
EXPR: 0 | POS | INT | 4 | 50 | 72 | 91.0=(6.0+(24.0-(11.0-x))) | 91.0 6.0 24.0 11.0 x - - + = | 91.0:money 6.0:money 24.0:money 11.0:money x:money -:money -:money +:money =:money
EXPR: 0 | POS | INT | 4 | 50 | 98 | ((91.0+24.0)-(x+11.0))=6.0 | 91.0 24.0 + x 11.0 + - 6.0 = | 91.0:money 24.0:money +:money x:money 11.0:money +:money -:money 6.0:money =:money
EXPR: 0 | POS | INT | 4 | 50 | 62 | (x-(91.0-(24.0+11.0)))=6.0 | x 91.0 24.0 11.0 + - - 6.0 = | x:money 91.0:money 24.0:money 11.0:money +:money -:money -:money 6.0:money =:money
EXPR: 0 | POS | INT | 4 | 50 | 72 | (91.0-((24.0-11.0)+x))=6.0 | 91.0 24.0 11.0 - x + - 6.0 = | 91.0:money 24.0:money 11.0:money -:money x:money +:money -:money 6.0:money =:money
EXPR: 0 | POS | INT | 4 | 50 | 98 | (((24.0-x)+91.0)-6.0)=11.0 | 24.0 x - 91.0 + 6.0 - 11.0 = | 24.0:money x:money -:money 91.0:money +:money 6.0:money -:money 11.0:money =:money
EXPR: 0 | POS | INT | 4 | 50 | 120 | ((91.0+24.0)-(x-11.0))=6.0 | 91.0 24.0 + x 11.0 - - 6.0 = | 91.0:money 24.0:money +:money x:money 11.0:money -:money -:money 6.0:money =:money
EXPR: 0 | POS | INT | 4 | 50 | 98 | (((91.0-x)-6.0)+24.0)=11.0 | 91.0 x - 6.0 - 24.0 + 11.0 = | 91.0:money x:money -:money 6.0:money -:money 24.0:money +:money 11.0:money =:money
EXPR: 0 | POS | INT | 4 | 50 | 62 | (((91.0-x)+6.0)-24.0)=11.0 | 91.0 x - 6.0 + 24.0 - 11.0 = | 91.0:money x:money -:money 6.0:money +:money 24.0:money -:money 11.0:money =:money
EXPR: 0 | POS | INT | 4 | 50 | 62 | (91.0+((6.0-24.0)-x))=11.0 | 91.0 6.0 24.0 - x - + 11.0 = | 91.0:money 6.0:money 24.0:money -:money x:money -:money +:money 11.0:money =:money
EXPR: 0 | POS | INT | 4 | 50 | 98 | (91.0-((6.0-24.0)+x))=11.0 | 91.0 6.0 24.0 - x + - 11.0 = | 91.0:money 6.0:money 24.0:money -:money x:money +:money -:money 11.0:money =:money
EXPR: 0 | POS | INT | 4 | 50 | 98 | 91.0=(6.0-(24.0-(11.0+x))) | 91.0 6.0 24.0 11.0 x + - - = | 91.0:money 6.0:money 24.0:money 11.0:money x:money +:money -:money -:money =:money
EXPR: 1 | POS | INT | 4 | 50 | 50 | (((91.0-6.0)-24.0)-x)=11.0 | 91.0 6.0 - 24.0 - x - 11.0 = | 91.0:money 6.0:money -:money 24.0:money -:money x:money -:money 11.0:money =:money
EXPR: 0 | POS | INT | 4 | 50 | 84 | (x-(91.0-(24.0-11.0)))=6.0 | x 91.0 24.0 11.0 - - - 6.0 = | x:money 91.0:money 24.0:money 11.0:money -:money -:money -:money 6.0:money =:money
EXPR: 1 | POS | INT | 4 | 50 | 50 | ((91.0-(x+24.0))-11.0)=6.0 | 91.0 x 24.0 + - 11.0 - 6.0 = | 91.0:money x:money 24.0:money +:money -:money 11.0:money -:money 6.0:money =:money
EXPR: 0 | POS | INT | 4 | 50 | 110 | (x-(91.0+(24.0-11.0)))=6.0 | x 91.0 24.0 11.0 - + - 6.0 = | x:money 91.0:money 24.0:money 11.0:money -:money +:money -:money 6.0:money =:money
EXPR: 1 | POS | INT | 4 | 50 | 50 | 24.0=(91.0-((x+6.0)+11.0)) | 24.0 91.0 x 6.0 + 11.0 + - = | 24.0:money 91.0:money x:money 6.0:money +:money 11.0:money +:money -:money =:money
EXPR: 0 | POS | INT | 4 | 50 | 132 | (x-(91.0+(24.0+11.0)))=6.0 | x 91.0 24.0 11.0 + + - 6.0 = | x:money 91.0:money 24.0:money 11.0:money +:money +:money -:money 6.0:money =:money
EXPR: 1 | POS | INT | 4 | 50 | 50 | ((91.0-24.0)-(11.0+x))=6.0 | 91.0 24.0 - 11.0 x + - 6.0 = | 91.0:money 24.0:money -:money 11.0:money x:money +:money -:money 6.0:money =:money
EXPR: 0 | POS | INT | 4 | 50 | 120 | ((91.0+24.0)+(11.0-x))=6.0 | 91.0 24.0 + 11.0 x - + 6.0 = | 91.0:money 24.0:money +:money 11.0:money x:money -:money +:money 6.0:money =:money
EXPR: 0 | POS | INT | 4 | 50 | 84 | ((24.0-(91.0-x))-6.0)=11.0 | 24.0 91.0 x - - 6.0 - 11.0 = | 24.0:money 91.0:money x:money -:money -:money 6.0:money -:money 11.0:money =:money
EXPR: 0 | POS | INT | 4 | 50 | 120 | ((91.0-(x-24.0))+11.0)=6.0 | 91.0 x 24.0 - - 11.0 + 6.0 = | 91.0:money x:money 24.0:money -:money -:money 11.0:money +:money 6.0:money =:money
EXPR: 0 | POS | INT | 4 | 50 | 72 | ((91.0-(x+24.0))+11.0)=6.0 | 91.0 x 24.0 + - 11.0 + 6.0 = | 91.0:money x:money 24.0:money +:money -:money 11.0:money +:money 6.0:money =:money
EXPR: 0 | POS | INT | 4 | 50 | 110 | 24.0=(((x-91.0)-6.0)+11.0) | 24.0 x 91.0 - 6.0 - 11.0 + = | 24.0:money x:money 91.0:money -:money 6.0:money -:money 11.0:money +:money =:money
EXPR: 0 | POS | INT | 4 | 50 | 98 | ((24.0+(91.0-x))-6.0)=11.0 | 24.0 91.0 x - + 6.0 - 11.0 = | 24.0:money 91.0:money x:money -:money +:money 6.0:money -:money 11.0:money =:money
EXPR: 0 | POS | INT | 4 | 50 | 110 | ((24.0+(91.0-x))+6.0)=11.0 | 24.0 91.0 x - + 6.0 + 11.0 = | 24.0:money 91.0:money x:money -:money +:money 6.0:money +:money 11.0:money =:money
EXPR: 0 | POS | INT | 4 | 50 | 72 | 91.0=(6.0+(24.0+(x-11.0))) | 91.0 6.0 24.0 x 11.0 - + + = | 91.0:money 6.0:money 24.0:money x:money 11.0:money -:money +:money +:money =:money
EXPR: 1 | POS | INT | 4 | 50 | 50 | 91.0=(6.0+(24.0+(x+11.0))) | 91.0 6.0 24.0 x 11.0 + + + = | 91.0:money 6.0:money 24.0:money x:money 11.0:money +:money +:money +:money =:money
EXPR: 0 | POS | INT | 4 | 50 | 98 | x=(24.0+((91.0-11.0)-6.0)) | x 24.0 91.0 11.0 - 6.0 - + = | x:money 24.0:money 91.0:money 11.0:money -:money 6.0:money -:money +:money =:money
EXPR: 0 | POS | INT | 4 | 50 | 110 | x=(24.0+(91.0-(11.0-6.0))) | x 24.0 91.0 11.0 6.0 - - + = | x:money 24.0:money 91.0:money 11.0:money 6.0:money -:money -:money +:money =:money
EXPR: 0 | POS | INT | 4 | 50 | 98 | 91.0=(((6.0+x)-24.0)+11.0) | 91.0 6.0 x + 24.0 - 11.0 + = | 91.0:money 6.0:money x:money +:money 24.0:money -:money 11.0:money +:money =:money
EXPR: 0 | POS | INT | 4 | 50 | 120 | x=(24.0+(91.0+(11.0-6.0))) | x 24.0 91.0 11.0 6.0 - + + = | x:money 24.0:money 91.0:money 11.0:money 6.0:money -:money +:money +:money =:money
EXPR: 1 | POS | INT | 4 | 50 | 50 | 91.0=(((6.0+x)+24.0)+11.0) | 91.0 6.0 x + 24.0 + 11.0 + = | 91.0:money 6.0:money x:money +:money 24.0:money +:money 11.0:money +:money =:money
EXPR: 0 | POS | INT | 4 | 50 | 120 | 91.0=(6.0-(24.0-(x-11.0))) | 91.0 6.0 24.0 x 11.0 - - - = | 91.0:money 6.0:money 24.0:money x:money 11.0:money -:money -:money -:money =:money
EXPR: 0 | POS | INT | 4 | 50 | 84 | ((x-91.0)-(6.0-24.0))=11.0 | x 91.0 - 6.0 24.0 - - 11.0 = | x:money 91.0:money -:money 6.0:money 24.0:money -:money -:money 11.0:money =:money
EXPR: 0 | POS | INT | 4 | 50 | 98 | ((91.0-(x-24.0))-11.0)=6.0 | 91.0 x 24.0 - - 11.0 - 6.0 = | 91.0:money x:money 24.0:money -:money -:money 11.0:money -:money 6.0:money =:money
EXPR: 0 | POS | INT | 4 | 50 | 62 | (((x-91.0)+24.0)+11.0)=6.0 | x 91.0 - 24.0 + 11.0 + 6.0 = | x:money 91.0:money -:money 24.0:money +:money 11.0:money +:money 6.0:money =:money
EXPR: 0 | POS | INT | 4 | 50 | 72 | 91.0=(((6.0+x)+24.0)-11.0) | 91.0 6.0 x + 24.0 + 11.0 - = | 91.0:money 6.0:money x:money +:money 24.0:money +:money 11.0:money -:money =:money
EXPR: 0 | POS | INT | 4 | 50 | 62 | 91.0=(24.0+((x+11.0)-6.0)) | 91.0 24.0 x 11.0 + 6.0 - + = | 91.0:money 24.0:money x:money 11.0:money +:money 6.0:money -:money +:money =:money
EXPR: 0 | POS | INT | 4 | 50 | 110 | (((x-91.0)-24.0)+11.0)=6.0 | x 91.0 - 24.0 - 11.0 + 6.0 = | x:money 91.0:money -:money 24.0:money -:money 11.0:money +:money 6.0:money =:money
EXPR: 0 | POS | INT | 4 | 50 | 120 | 91.0=(((6.0+x)-24.0)-11.0) | 91.0 6.0 x + 24.0 - 11.0 - = | 91.0:money 6.0:money x:money +:money 24.0:money -:money 11.0:money -:money =:money
EXPR: 1 | POS | INT | 4 | 50 | 50 | (((91.0-24.0)-x)-11.0)=6.0 | 91.0 24.0 - x - 11.0 - 6.0 = | 91.0:money 24.0:money -:money x:money -:money 11.0:money -:money 6.0:money =:money
EXPR: 0 | POS | INT | 4 | 50 | 72 | ((x+24.0)-(91.0-6.0))=11.0 | x 24.0 + 91.0 6.0 - - 11.0 = | x:money 24.0:money +:money 91.0:money 6.0:money -:money -:money 11.0:money =:money
EXPR: 0 | POS | INT | 4 | 50 | 84 | ((x+24.0)-(91.0+6.0))=11.0 | x 24.0 + 91.0 6.0 + - 11.0 = | x:money 24.0:money +:money 91.0:money 6.0:money +:money -:money 11.0:money =:money
EXPR: 0 | POS | INT | 4 | 50 | 132 | ((x-91.0)-(24.0+11.0))=6.0 | x 91.0 - 24.0 11.0 + - 6.0 = | x:money 91.0:money -:money 24.0:money 11.0:money +:money -:money 6.0:money =:money
EXPR: 0 | POS | INT | 4 | 50 | 62 | ((x-91.0)+(24.0+11.0))=6.0 | x 91.0 - 24.0 11.0 + + 6.0 = | x:money 91.0:money -:money 24.0:money 11.0:money +:money +:money 6.0:money =:money
EXPR: 0 | POS | INT | 4 | 50 | 98 | 91.0=(x+(6.0-(24.0-11.0))) | 91.0 x 6.0 24.0 11.0 - - + = | 91.0:money x:money 6.0:money 24.0:money 11.0:money -:money -:money +:money =:money
EXPR: 0 | POS | INT | 4 | 50 | 72 | (((91.0-24.0)-x)+11.0)=6.0 | 91.0 24.0 - x - 11.0 + 6.0 = | 91.0:money 24.0:money -:money x:money -:money 11.0:money +:money 6.0:money =:money
EXPR: 0 | POS | INT | 4 | 50 | 84 | ((x-91.0)+(24.0-11.0))=6.0 | x 91.0 - 24.0 11.0 - + 6.0 = | x:money 91.0:money -:money 24.0:money 11.0:money -:money +:money 6.0:money =:money
EXPR: 0 | POS | INT | 4 | 50 | 132 | (24.0+((91.0+11.0)+6.0))=x | 24.0 91.0 11.0 + 6.0 + + x = | 24.0:money 91.0:money 11.0:money +:money 6.0:money +:money +:money x:money =:money
EXPR: 0 | POS | INT | 4 | 50 | 72 | 91.0=(x+(6.0+(24.0-11.0))) | 91.0 x 6.0 24.0 11.0 - + + = | 91.0:money x:money 6.0:money 24.0:money 11.0:money -:money +:money +:money =:money
EXPR: 0 | POS | INT | 4 | 50 | 98 | (((91.0-6.0)+24.0)-x)=11.0 | 91.0 6.0 - 24.0 + x - 11.0 = | 91.0:money 6.0:money -:money 24.0:money +:money x:money -:money 11.0:money =:money
EXPR: 0 | POS | INT | 4 | 50 | 72 | 91.0=(6.0+((x+24.0)-11.0)) | 91.0 6.0 x 24.0 + 11.0 - + = | 91.0:money 6.0:money x:money 24.0:money +:money 11.0:money -:money +:money =:money
EXPR: 1 | POS | INT | 4 | 50 | 50 | 24.0=((91.0-(x+6.0))-11.0) | 24.0 91.0 x 6.0 + - 11.0 - = | 24.0:money 91.0:money x:money 6.0:money +:money -:money 11.0:money -:money =:money
EXPR: 0 | POS | INT | 4 | 50 | 120 | ((x-24.0)-(91.0-6.0))=11.0 | x 24.0 - 91.0 6.0 - - 11.0 = | x:money 24.0:money -:money 91.0:money 6.0:money -:money -:money 11.0:money =:money
EXPR: 0 | POS | INT | 4 | 50 | 98 | (((91.0-6.0)-x)+24.0)=11.0 | 91.0 6.0 - x - 24.0 + 11.0 = | 91.0:money 6.0:money -:money x:money -:money 24.0:money +:money 11.0:money =:money
EXPR: 0 | POS | INT | 4 | 50 | 120 | (24.0+(91.0+(11.0-6.0)))=x | 24.0 91.0 11.0 6.0 - + + x = | 24.0:money 91.0:money 11.0:money 6.0:money -:money +:money +:money x:money =:money
EXPR: 0 | POS | INT | 4 | 50 | 110 | (((91.0+6.0)-x)+24.0)=11.0 | 91.0 6.0 + x - 24.0 + 11.0 = | 91.0:money 6.0:money +:money x:money -:money 24.0:money +:money 11.0:money =:money
EXPR: 0 | POS | INT | 4 | 50 | 110 | (24.0+(91.0-(11.0-6.0)))=x | 24.0 91.0 11.0 6.0 - - + x = | 24.0:money 91.0:money 11.0:money 6.0:money -:money -:money +:money x:money =:money
EXPR: 0 | POS | INT | 4 | 50 | 120 | 91.0=(x+(6.0-(24.0+11.0))) | 91.0 x 6.0 24.0 11.0 + - + = | 91.0:money x:money 6.0:money 24.0:money 11.0:money +:money -:money +:money =:money
EXPR: 0 | POS | INT | 4 | 50 | 72 | 91.0=(24.0+(x-(11.0-6.0))) | 91.0 24.0 x 11.0 6.0 - - + = | 91.0:money 24.0:money x:money 11.0:money 6.0:money -:money -:money +:money =:money
EXPR: 0 | POS | INT | 4 | 50 | 62 | 91.0=(24.0+(x+(11.0-6.0))) | 91.0 24.0 x 11.0 6.0 - + + = | 91.0:money 24.0:money x:money 11.0:money 6.0:money -:money +:money +:money =:money
EXPR: 0 | POS | INT | 4 | 50 | 84 | 24.0=(91.0+(6.0-(x-11.0))) | 24.0 91.0 6.0 x 11.0 - - + = | 24.0:money 91.0:money 6.0:money x:money 11.0:money -:money -:money +:money =:money
EXPR: 0 | POS | INT | 4 | 50 | 98 | 91.0=(6.0+(x-(24.0-11.0))) | 91.0 6.0 x 24.0 11.0 - - + = | 91.0:money 6.0:money x:money 24.0:money 11.0:money -:money -:money +:money =:money
EXPR: 0 | POS | INT | 4 | 50 | 72 | ((24.0-91.0)+(x+6.0))=11.0 | 24.0 91.0 - x 6.0 + + 11.0 = | 24.0:money 91.0:money -:money x:money 6.0:money +:money +:money 11.0:money =:money
EXPR: 0 | POS | INT | 4 | 50 | 62 | 91.0=(x-(6.0-(24.0+11.0))) | 91.0 x 6.0 24.0 11.0 + - - = | 91.0:money x:money 6.0:money 24.0:money 11.0:money +:money -:money -:money =:money
EXPR: 0 | POS | INT | 4 | 50 | 120 | (x-(91.0-(6.0-24.0)))=11.0 | x 91.0 6.0 24.0 - - - 11.0 = | x:money 91.0:money 6.0:money 24.0:money -:money -:money -:money 11.0:money =:money
EXPR: 0 | POS | INT | 4 | 50 | 62 | (((91.0+6.0)-x)-24.0)=11.0 | 91.0 6.0 + x - 24.0 - 11.0 = | 91.0:money 6.0:money +:money x:money -:money 24.0:money -:money 11.0:money =:money
EXPR: 0 | POS | INT | 4 | 50 | 72 | 91.0=(6.0+(x+(24.0-11.0))) | 91.0 6.0 x 24.0 11.0 - + + = | 91.0:money 6.0:money x:money 24.0:money 11.0:money -:money +:money +:money =:money
EXPR: 1 | POS | INT | 4 | 50 | 50 | 91.0=(6.0+(x+(24.0+11.0))) | 91.0 6.0 x 24.0 11.0 + + + = | 91.0:money 6.0:money x:money 24.0:money 11.0:money +:money +:money +:money =:money
EXPR: 0 | POS | INT | 4 | 50 | 62 | 91.0=(((x+24.0)+11.0)-6.0) | 91.0 x 24.0 + 11.0 + 6.0 - = | 91.0:money x:money 24.0:money +:money 11.0:money +:money 6.0:money -:money =:money
EXPR: 0 | POS | INT | 4 | 50 | 62 | 24.0=((91.0-(x-6.0))-11.0) | 24.0 91.0 x 6.0 - - 11.0 - = | 24.0:money 91.0:money x:money 6.0:money -:money -:money 11.0:money -:money =:money
EXPR: 0 | POS | INT | 4 | 50 | 62 | 24.0=(91.0+(6.0-(x+11.0))) | 24.0 91.0 6.0 x 11.0 + - + = | 24.0:money 91.0:money 6.0:money x:money 11.0:money +:money -:money +:money =:money
EXPR: 0 | POS | INT | 4 | 50 | 84 | ((24.0-91.0)+(x-6.0))=11.0 | 24.0 91.0 - x 6.0 - + 11.0 = | 24.0:money 91.0:money -:money x:money 6.0:money -:money +:money 11.0:money =:money
EXPR: 0 | POS | INT | 4 | 50 | 132 | 91.0=(x-(6.0+(24.0+11.0))) | 91.0 x 6.0 24.0 11.0 + + - = | 91.0:money x:money 6.0:money 24.0:money 11.0:money +:money +:money -:money =:money
EXPR: 0 | POS | INT | 4 | 50 | 84 | (x-(91.0+(6.0-24.0)))=11.0 | x 91.0 6.0 24.0 - + - 11.0 = | x:money 91.0:money 6.0:money 24.0:money -:money +:money -:money 11.0:money =:money
EXPR: 0 | POS | INT | 4 | 50 | 120 | (91.0+(24.0+(11.0-x)))=6.0 | 91.0 24.0 11.0 x - + + 6.0 = | 91.0:money 24.0:money 11.0:money x:money -:money +:money +:money 6.0:money =:money
EXPR: 1 | POS | INT | 4 | 50 | 50 | (((91.0-6.0)-x)-24.0)=11.0 | 91.0 6.0 - x - 24.0 - 11.0 = | 91.0:money 6.0:money -:money x:money -:money 24.0:money -:money 11.0:money =:money
EXPR: 0 | POS | INT | 4 | 50 | 84 | 24.0=((91.0-(x-6.0))+11.0) | 24.0 91.0 x 6.0 - - 11.0 + = | 24.0:money 91.0:money x:money 6.0:money -:money -:money 11.0:money +:money =:money
EXPR: 0 | POS | INT | 4 | 50 | 84 | 91.0=(x-(6.0-(24.0-11.0))) | 91.0 x 6.0 24.0 11.0 - - - = | 91.0:money x:money 6.0:money 24.0:money 11.0:money -:money -:money -:money =:money
EXPR: 0 | POS | INT | 4 | 50 | 98 | (91.0+(24.0-(11.0+x)))=6.0 | 91.0 24.0 11.0 x + - + 6.0 = | 91.0:money 24.0:money 11.0:money x:money +:money -:money +:money 6.0:money =:money
EXPR: 0 | POS | INT | 4 | 50 | 98 | (91.0-((x-24.0)+11.0))=6.0 | 91.0 x 24.0 - 11.0 + - 6.0 = | 91.0:money x:money 24.0:money -:money 11.0:money +:money -:money 6.0:money =:money
EXPR: 0 | POS | INT | 4 | 50 | 120 | (91.0-((x-24.0)-11.0))=6.0 | 91.0 x 24.0 - 11.0 - - 6.0 = | 91.0:money x:money 24.0:money -:money 11.0:money -:money -:money 6.0:money =:money
EXPR: 1 | POS | INT | 4 | 50 | 50 | (91.0-(24.0+(11.0+x)))=6.0 | 91.0 24.0 11.0 x + + - 6.0 = | 91.0:money 24.0:money 11.0:money x:money +:money +:money -:money 6.0:money =:money
EXPR: 1 | POS | INT | 4 | 50 | 50 | 24.0=(91.0-(6.0+(11.0+x))) | 24.0 91.0 6.0 11.0 x + + - = | 24.0:money 91.0:money 6.0:money 11.0:money x:money +:money +:money -:money =:money
EXPR: 0 | POS | INT | 4 | 50 | 84 | (x-((91.0+6.0)-24.0))=11.0 | x 91.0 6.0 + 24.0 - - 11.0 = | x:money 91.0:money 6.0:money +:money 24.0:money -:money -:money 11.0:money =:money
EXPR: 0 | POS | INT | 4 | 50 | 72 | (91.0-(24.0-(11.0-x)))=6.0 | 91.0 24.0 11.0 x - - - 6.0 = | 91.0:money 24.0:money 11.0:money x:money -:money -:money -:money 6.0:money =:money
EXPR: 0 | POS | INT | 4 | 50 | 132 | (x-((91.0+6.0)+24.0))=11.0 | x 91.0 6.0 + 24.0 + - 11.0 = | x:money 91.0:money 6.0:money +:money 24.0:money +:money -:money 11.0:money =:money
EXPR: 0 | POS | INT | 4 | 50 | 62 | 24.0=((91.0-x)+(6.0-11.0)) | 24.0 91.0 x - 6.0 11.0 - + = | 24.0:money 91.0:money x:money -:money 6.0:money 11.0:money -:money +:money =:money
EXPR: 1 | POS | INT | 4 | 50 | 50 | 24.0=(91.0-(6.0+(x+11.0))) | 24.0 91.0 6.0 x 11.0 + + - = | 24.0:money 91.0:money 6.0:money x:money 11.0:money +:money +:money -:money =:money
EXPR: 0 | POS | INT | 5 | 50 | 84 | (91.0+((11.0-24.0)+6.0))=x | 91.0 11.0 24.0 - 6.0 + + x = | 91.0:money 11.0:money 24.0:money -:money 6.0:money +:money +:money x:money =:money
EXPR: 0 | POS | INT | 5 | 50 | 72 | x=((91.0-6.0)+(11.0-24.0)) | x 91.0 6.0 - 11.0 24.0 - + = | x:money 91.0:money 6.0:money -:money 11.0:money 24.0:money -:money +:money =:money
EXPR: 0 | POS | INT | 5 | 50 | 98 | (91.0-((11.0-24.0)+6.0))=x | 91.0 11.0 24.0 - 6.0 + - x = | 91.0:money 11.0:money 24.0:money -:money 6.0:money +:money -:money x:money =:money
EXPR: 0 | POS | INT | 5 | 50 | 120 | x=((91.0+11.0)+(24.0-6.0)) | x 91.0 11.0 + 24.0 6.0 - + = | x:money 91.0:money 11.0:money +:money 24.0:money 6.0:money -:money +:money =:money
EXPR: 0 | POS | INT | 5 | 50 | 72 | x=(91.0+((11.0-24.0)-6.0)) | x 91.0 11.0 24.0 - 6.0 - + = | x:money 91.0:money 11.0:money 24.0:money -:money 6.0:money -:money +:money =:money
EXPR: 0 | POS | INT | 5 | 50 | 62 | x=(((91.0-11.0)-24.0)+6.0) | x 91.0 11.0 - 24.0 - 6.0 + = | x:money 91.0:money 11.0:money -:money 24.0:money -:money 6.0:money +:money =:money
EXPR: 0 | POS | INT | 5 | 50 | 110 | (((24.0+6.0)+91.0)-11.0)=x | 24.0 6.0 + 91.0 + 11.0 - x = | 24.0:money 6.0:money +:money 91.0:money +:money 11.0:money -:money x:money =:money
EXPR: 0 | POS | INT | 5 | 50 | 84 | x=(91.0+((6.0+11.0)-24.0)) | x 91.0 6.0 11.0 + 24.0 - + = | x:money 91.0:money 6.0:money 11.0:money +:money 24.0:money -:money +:money =:money
EXPR: 0 | POS | INT | 5 | 50 | 132 | (((24.0+6.0)+91.0)+11.0)=x | 24.0 6.0 + 91.0 + 11.0 + x = | 24.0:money 6.0:money +:money 91.0:money +:money 11.0:money +:money x:money =:money
EXPR: 0 | POS | INT | 5 | 50 | 110 | (((91.0-11.0)+24.0)+6.0)=x | 91.0 11.0 - 24.0 + 6.0 + x = | 91.0:money 11.0:money -:money 24.0:money +:money 6.0:money +:money x:money =:money
EXPR: 0 | POS | INT | 5 | 50 | 72 | x=((91.0+(11.0-24.0))-6.0) | x 91.0 11.0 24.0 - + 6.0 - = | x:money 91.0:money 11.0:money 24.0:money -:money +:money 6.0:money -:money =:money
EXPR: 0 | POS | INT | 5 | 50 | 110 | x=((24.0+6.0)+(91.0-11.0)) | x 24.0 6.0 + 91.0 11.0 - + = | x:money 24.0:money 6.0:money +:money 91.0:money 11.0:money -:money +:money =:money
EXPR: 1 | POS | INT | 5 | 50 | 50 | x=(91.0-((6.0+11.0)+24.0)) | x 91.0 6.0 11.0 + 24.0 + - = | x:money 91.0:money 6.0:money 11.0:money +:money 24.0:money +:money -:money =:money
EXPR: 0 | POS | INT | 5 | 50 | 84 | (((91.0+6.0)+11.0)-24.0)=x | 91.0 6.0 + 11.0 + 24.0 - x = | 91.0:money 6.0:money +:money 11.0:money +:money 24.0:money -:money x:money =:money
EXPR: 0 | POS | INT | 5 | 50 | 62 | x=(91.0+((6.0-11.0)-24.0)) | x 91.0 6.0 11.0 - 24.0 - + = | x:money 91.0:money 6.0:money 11.0:money -:money 24.0:money -:money +:money =:money
EXPR: 0 | POS | INT | 5 | 50 | 120 | (((91.0+11.0)+24.0)-6.0)=x | 91.0 11.0 + 24.0 + 6.0 - x = | 91.0:money 11.0:money +:money 24.0:money +:money 6.0:money -:money x:money =:money
EXPR: 0 | POS | INT | 5 | 50 | 98 | (((91.0-6.0)-11.0)+24.0)=x | 91.0 6.0 - 11.0 - 24.0 + x = | 91.0:money 6.0:money -:money 11.0:money -:money 24.0:money +:money x:money =:money
EXPR: 0 | POS | INT | 5 | 50 | 110 | x=(91.0+((6.0-11.0)+24.0)) | x 91.0 6.0 11.0 - 24.0 + + = | x:money 91.0:money 6.0:money 11.0:money -:money 24.0:money +:money +:money =:money
EXPR: 0 | POS | INT | 5 | 50 | 62 | (((91.0-11.0)-24.0)+6.0)=x | 91.0 11.0 - 24.0 - 6.0 + x = | 91.0:money 11.0:money -:money 24.0:money -:money 6.0:money +:money x:money =:money
EXPR: 0 | POS | INT | 5 | 50 | 110 | x=(6.0+((91.0+24.0)-11.0)) | x 6.0 91.0 24.0 + 11.0 - + = | x:money 6.0:money 91.0:money 24.0:money +:money 11.0:money -:money +:money =:money
EXPR: 0 | POS | INT | 5 | 50 | 98 | x=((91.0-11.0)+(24.0-6.0)) | x 91.0 11.0 - 24.0 6.0 - + = | x:money 91.0:money 11.0:money -:money 24.0:money 6.0:money -:money +:money =:money
EXPR: 0 | POS | INT | 5 | 50 | 84 | x=((91.0+6.0)+(11.0-24.0)) | x 91.0 6.0 + 11.0 24.0 - + = | x:money 91.0:money 6.0:money +:money 11.0:money 24.0:money -:money +:money =:money
EXPR: 1 | POS | INT | 5 | 50 | 50 | x=((91.0-11.0)-(24.0+6.0)) | x 91.0 11.0 - 24.0 6.0 + - = | x:money 91.0:money 11.0:money -:money 24.0:money 6.0:money +:money -:money =:money
EXPR: 0 | POS | INT | 5 | 50 | 84 | (6.0+((91.0-24.0)+11.0))=x | 6.0 91.0 24.0 - 11.0 + + x = | 6.0:money 91.0:money 24.0:money -:money 11.0:money +:money +:money x:money =:money
EXPR: 0 | POS | INT | 5 | 50 | 110 | (6.0+((91.0+24.0)-11.0))=x | 6.0 91.0 24.0 + 11.0 - + x = | 6.0:money 91.0:money 24.0:money +:money 11.0:money -:money +:money x:money =:money
EXPR: 0 | POS | INT | 5 | 50 | 98 | (91.0-((6.0+11.0)-24.0))=x | 91.0 6.0 11.0 + 24.0 - - x = | 91.0:money 6.0:money 11.0:money +:money 24.0:money -:money -:money x:money =:money
EXPR: 0 | POS | INT | 5 | 50 | 62 | x=((91.0-11.0)-(24.0-6.0)) | x 91.0 11.0 - 24.0 6.0 - - = | x:money 91.0:money 11.0:money -:money 24.0:money 6.0:money -:money -:money =:money
EXPR: 0 | POS | INT | 5 | 50 | 62 | (6.0+(91.0-(24.0+11.0)))=x | 6.0 91.0 24.0 11.0 + - + x = | 6.0:money 91.0:money 24.0:money 11.0:money +:money -:money +:money x:money =:money
EXPR: 0 | POS | INT | 5 | 50 | 132 | (6.0+(91.0+(24.0+11.0)))=x | 6.0 91.0 24.0 11.0 + + + x = | 6.0:money 91.0:money 24.0:money 11.0:money +:money +:money +:money x:money =:money
EXPR: 0 | POS | INT | 5 | 50 | 110 | ((91.0+(6.0-11.0))+24.0)=x | 91.0 6.0 11.0 - + 24.0 + x = | 91.0:money 6.0:money 11.0:money -:money +:money 24.0:money +:money x:money =:money
EXPR: 0 | POS | INT | 5 | 50 | 132 | ((91.0+(6.0+11.0))+24.0)=x | 91.0 6.0 11.0 + + 24.0 + x = | 91.0:money 6.0:money 11.0:money +:money +:money 24.0:money +:money x:money =:money
EXPR: 0 | POS | INT | 5 | 50 | 110 | x=((91.0-11.0)+(24.0+6.0)) | x 91.0 11.0 - 24.0 6.0 + + = | x:money 91.0:money 11.0:money -:money 24.0:money 6.0:money +:money +:money =:money
EXPR: 0 | POS | INT | 5 | 50 | 110 | (91.0-((11.0-24.0)-6.0))=x | 91.0 11.0 24.0 - 6.0 - - x = | 91.0:money 11.0:money 24.0:money -:money 6.0:money -:money -:money x:money =:money
EXPR: 0 | POS | INT | 5 | 50 | 98 | (24.0-((6.0-91.0)+11.0))=x | 24.0 6.0 91.0 - 11.0 + - x = | 24.0:money 6.0:money 91.0:money -:money 11.0:money +:money -:money x:money =:money
EXPR: 0 | POS | INT | 5 | 50 | 98 | (((24.0-6.0)+91.0)-11.0)=x | 24.0 6.0 - 91.0 + 11.0 - x = | 24.0:money 6.0:money -:money 91.0:money +:money 11.0:money -:money x:money =:money
EXPR: 0 | POS | INT | 5 | 50 | 72 | (((91.0-6.0)+11.0)-24.0)=x | 91.0 6.0 - 11.0 + 24.0 - x = | 91.0:money 6.0:money -:money 11.0:money +:money 24.0:money -:money x:money =:money
EXPR: 0 | POS | INT | 5 | 50 | 84 | (((91.0+11.0)-24.0)+6.0)=x | 91.0 11.0 + 24.0 - 6.0 + x = | 91.0:money 11.0:money +:money 24.0:money -:money 6.0:money +:money x:money =:money
EXPR: 0 | POS | INT | 5 | 50 | 120 | (((24.0-6.0)+91.0)+11.0)=x | 24.0 6.0 - 91.0 + 11.0 + x = | 24.0:money 6.0:money -:money 91.0:money +:money 11.0:money +:money x:money =:money
EXPR: 0 | POS | INT | 5 | 50 | 98 | (((91.0-11.0)+24.0)-6.0)=x | 91.0 11.0 - 24.0 + 6.0 - x = | 91.0:money 11.0:money -:money 24.0:money +:money 6.0:money -:money x:money =:money
EXPR: 1 | POS | INT | 5 | 50 | 50 | ((91.0-(6.0+11.0))-24.0)=x | 91.0 6.0 11.0 + - 24.0 - x = | 91.0:money 6.0:money 11.0:money +:money -:money 24.0:money -:money x:money =:money
EXPR: 1 | POS | INT | 5 | 50 | 50 | (91.0-((6.0+11.0)+24.0))=x | 91.0 6.0 11.0 + 24.0 + - x = | 91.0:money 6.0:money 11.0:money +:money 24.0:money +:money -:money x:money =:money
EXPR: 0 | POS | INT | 5 | 50 | 72 | (91.0+((11.0-24.0)-6.0))=x | 91.0 11.0 24.0 - 6.0 - + x = | 91.0:money 11.0:money 24.0:money -:money 6.0:money -:money +:money x:money =:money
EXPR: 0 | POS | INT | 5 | 50 | 120 | ((91.0-(6.0-11.0))+24.0)=x | 91.0 6.0 11.0 - - 24.0 + x = | 91.0:money 6.0:money 11.0:money -:money -:money 24.0:money +:money x:money =:money
EXPR: 0 | POS | INT | 5 | 50 | 62 | (91.0+((6.0-11.0)-24.0))=x | 91.0 6.0 11.0 - 24.0 - + x = | 91.0:money 6.0:money 11.0:money -:money 24.0:money -:money +:money x:money =:money
EXPR: 0 | POS | INT | 5 | 50 | 98 | x=(91.0-((11.0-24.0)+6.0)) | x 91.0 11.0 24.0 - 6.0 + - = | x:money 91.0:money 11.0:money 24.0:money -:money 6.0:money +:money -:money =:money
EXPR: 0 | POS | INT | 5 | 50 | 84 | ((91.0+(11.0-24.0))+6.0)=x | 91.0 11.0 24.0 - + 6.0 + x = | 91.0:money 11.0:money 24.0:money -:money +:money 6.0:money +:money x:money =:money
EXPR: 0 | POS | INT | 5 | 50 | 110 | x=(91.0-((11.0-24.0)-6.0)) | x 91.0 11.0 24.0 - 6.0 - - = | x:money 91.0:money 11.0:money 24.0:money -:money 6.0:money -:money -:money =:money
EXPR: 0 | POS | INT | 5 | 50 | 110 | ((91.0-(11.0-24.0))+6.0)=x | 91.0 11.0 24.0 - - 6.0 + x = | 91.0:money 11.0:money 24.0:money -:money -:money 6.0:money +:money x:money =:money
EXPR: 0 | POS | INT | 5 | 50 | 84 | ((91.0+6.0)+(11.0-24.0))=x | 91.0 6.0 + 11.0 24.0 - + x = | 91.0:money 6.0:money +:money 11.0:money 24.0:money -:money +:money x:money =:money
EXPR: 0 | POS | INT | 5 | 50 | 120 | x=((24.0-(6.0-91.0))+11.0) | x 24.0 6.0 91.0 - - 11.0 + = | x:money 24.0:money 6.0:money 91.0:money -:money -:money 11.0:money +:money =:money
EXPR: 1 | POS | INT | 5 | 50 | 50 | ((91.0-11.0)-(24.0+6.0))=x | 91.0 11.0 - 24.0 6.0 + - x = | 91.0:money 11.0:money -:money 24.0:money 6.0:money +:money -:money x:money =:money
EXPR: 0 | POS | INT | 5 | 50 | 62 | ((91.0-11.0)-(24.0-6.0))=x | 91.0 11.0 - 24.0 6.0 - - x = | 91.0:money 11.0:money -:money 24.0:money 6.0:money -:money -:money x:money =:money
EXPR: 0 | POS | INT | 5 | 50 | 110 | ((91.0-11.0)+(24.0+6.0))=x | 91.0 11.0 - 24.0 6.0 + + x = | 91.0:money 11.0:money -:money 24.0:money 6.0:money +:money +:money x:money =:money
EXPR: 0 | POS | INT | 5 | 50 | 84 | (6.0+(91.0-(24.0-11.0)))=x | 6.0 91.0 24.0 11.0 - - + x = | 6.0:money 91.0:money 24.0:money 11.0:money -:money -:money +:money x:money =:money
EXPR: 0 | POS | INT | 5 | 50 | 110 | (6.0+(91.0+(24.0-11.0)))=x | 6.0 91.0 24.0 11.0 - + + x = | 6.0:money 91.0:money 24.0:money 11.0:money -:money +:money +:money x:money =:money
EXPR: 0 | POS | INT | 5 | 50 | 98 | x=((24.0-(6.0-91.0))-11.0) | x 24.0 6.0 91.0 - - 11.0 - = | x:money 24.0:money 6.0:money 91.0:money -:money -:money 11.0:money -:money =:money
EXPR: 0 | POS | INT | 5 | 50 | 98 | ((91.0-11.0)+(24.0-6.0))=x | 91.0 11.0 - 24.0 6.0 - + x = | 91.0:money 11.0:money -:money 24.0:money 6.0:money -:money +:money x:money =:money
EXPR: 0 | POS | INT | 5 | 50 | 120 | ((91.0+11.0)+(24.0-6.0))=x | 91.0 11.0 + 24.0 6.0 - + x = | 91.0:money 11.0:money +:money 24.0:money 6.0:money -:money +:money x:money =:money
EXPR: 0 | POS | INT | 5 | 50 | 132 | ((91.0+11.0)+(24.0+6.0))=x | 91.0 11.0 + 24.0 6.0 + + x = | 91.0:money 11.0:money +:money 24.0:money 6.0:money +:money +:money x:money =:money
EXPR: 0 | POS | INT | 5 | 50 | 62 | (6.0+((91.0-24.0)-11.0))=x | 6.0 91.0 24.0 - 11.0 - + x = | 6.0:money 91.0:money 24.0:money -:money 11.0:money -:money +:money x:money =:money
EXPR: 0 | POS | INT | 5 | 50 | 132 | (6.0+((91.0+24.0)+11.0))=x | 6.0 91.0 24.0 + 11.0 + + x = | 6.0:money 91.0:money 24.0:money +:money 11.0:money +:money +:money x:money =:money
EXPR: 0 | POS | INT | 5 | 50 | 72 | ((91.0+11.0)-(24.0+6.0))=x | 91.0 11.0 + 24.0 6.0 + - x = | 91.0:money 11.0:money +:money 24.0:money 6.0:money +:money -:money x:money =:money
EXPR: 0 | POS | INT | 5 | 50 | 84 | ((91.0+11.0)-(24.0-6.0))=x | 91.0 11.0 + 24.0 6.0 - - x = | 91.0:money 11.0:money +:money 24.0:money 6.0:money -:money -:money x:money =:money
EXPR: 0 | POS | INT | 5 | 50 | 72 | (((91.0+11.0)-24.0)-6.0)=x | 91.0 11.0 + 24.0 - 6.0 - x = | 91.0:money 11.0:money +:money 24.0:money -:money 6.0:money -:money x:money =:money
EXPR: 0 | POS | INT | 6 | 50 | 72 | 24.0=((91.0-x)+(11.0-6.0)) | 24.0 91.0 x - 11.0 6.0 - + = | 24.0:money 91.0:money x:money -:money 11.0:money 6.0:money -:money +:money =:money
EXPR: 0 | POS | INT | 6 | 50 | 62 | 24.0=((91.0-x)-(11.0-6.0)) | 24.0 91.0 x - 11.0 6.0 - - = | 24.0:money 91.0:money x:money -:money 11.0:money 6.0:money -:money -:money =:money
EXPR: 0 | POS | INT | 6 | 50 | 62 | 24.0=(91.0-((x+11.0)-6.0)) | 24.0 91.0 x 11.0 + 6.0 - - = | 24.0:money 91.0:money x:money 11.0:money +:money 6.0:money -:money -:money =:money
EXPR: 0 | POS | INT | 6 | 50 | 84 | ((24.0+x)-(91.0+11.0))=6.0 | 24.0 x + 91.0 11.0 + - 6.0 = | 24.0:money x:money +:money 91.0:money 11.0:money +:money -:money 6.0:money =:money
EXPR: 0 | POS | INT | 6 | 50 | 62 | ((24.0+x)-(91.0-11.0))=6.0 | 24.0 x + 91.0 11.0 - - 6.0 = | 24.0:money x:money +:money 91.0:money 11.0:money -:money -:money 6.0:money =:money
EXPR: 1 | POS | INT | 6 | 50 | 50 | 24.0=(91.0-((x+11.0)+6.0)) | 24.0 91.0 x 11.0 + 6.0 + - = | 24.0:money 91.0:money x:money 11.0:money +:money 6.0:money +:money -:money =:money
EXPR: 0 | POS | INT | 6 | 50 | 62 | (((24.0-91.0)+11.0)+x)=6.0 | 24.0 91.0 - 11.0 + x + 6.0 = | 24.0:money 91.0:money -:money 11.0:money +:money x:money +:money 6.0:money =:money
EXPR: 0 | POS | INT | 6 | 50 | 84 | (((24.0-91.0)-11.0)+x)=6.0 | 24.0 91.0 - 11.0 - x + 6.0 = | 24.0:money 91.0:money -:money 11.0:money -:money x:money +:money 6.0:money =:money
EXPR: 0 | POS | INT | 6 | 50 | 120 | 24.0=(((x-91.0)-11.0)+6.0) | 24.0 x 91.0 - 11.0 - 6.0 + = | 24.0:money x:money 91.0:money -:money 11.0:money -:money 6.0:money +:money =:money
EXPR: 0 | POS | INT | 6 | 50 | 84 | (((x+24.0)-91.0)-11.0)=6.0 | x 24.0 + 91.0 - 11.0 - 6.0 = | x:money 24.0:money +:money 91.0:money -:money 11.0:money -:money 6.0:money =:money
EXPR: 0 | POS | INT | 6 | 50 | 110 | (((x-24.0)-91.0)+11.0)=6.0 | x 24.0 - 91.0 - 11.0 + 6.0 = | x:money 24.0:money -:money 91.0:money -:money 11.0:money +:money 6.0:money =:money
EXPR: 0 | POS | INT | 6 | 50 | 62 | ((24.0-(91.0-11.0))+x)=6.0 | 24.0 91.0 11.0 - - x + 6.0 = | 24.0:money 91.0:money 11.0:money -:money -:money x:money +:money 6.0:money =:money
EXPR: 0 | POS | INT | 6 | 50 | 84 | ((24.0-(91.0+11.0))+x)=6.0 | 24.0 91.0 11.0 + - x + 6.0 = | 24.0:money 91.0:money 11.0:money +:money -:money x:money +:money 6.0:money =:money
EXPR: 0 | POS | INT | 6 | 50 | 62 | (((x+24.0)-91.0)+11.0)=6.0 | x 24.0 + 91.0 - 11.0 + 6.0 = | x:money 24.0:money +:money 91.0:money -:money 11.0:money +:money 6.0:money =:money
EXPR: 0 | POS | INT | 6 | 50 | 62 | (((24.0-91.0)+x)+11.0)=6.0 | 24.0 91.0 - x + 11.0 + 6.0 = | 24.0:money 91.0:money -:money x:money +:money 11.0:money +:money 6.0:money =:money
EXPR: 0 | POS | INT | 6 | 50 | 98 | ((24.0+(91.0-x))-11.0)=6.0 | 24.0 91.0 x - + 11.0 - 6.0 = | 24.0:money 91.0:money x:money -:money +:money 11.0:money -:money 6.0:money =:money
EXPR: 0 | POS | INT | 6 | 50 | 62 | 24.0=(((91.0-x)-11.0)+6.0) | 24.0 91.0 x - 11.0 - 6.0 + = | 24.0:money 91.0:money x:money -:money 11.0:money -:money 6.0:money +:money =:money
EXPR: 0 | POS | INT | 6 | 50 | 120 | ((24.0+(91.0-x))+11.0)=6.0 | 24.0 91.0 x - + 11.0 + 6.0 = | 24.0:money 91.0:money x:money -:money +:money 11.0:money +:money 6.0:money =:money
EXPR: 0 | POS | INT | 6 | 50 | 62 | ((24.0-(91.0-x))+11.0)=6.0 | 24.0 91.0 x - - 11.0 + 6.0 = | 24.0:money 91.0:money x:money -:money -:money 11.0:money +:money 6.0:money =:money
EXPR: 0 | POS | INT | 6 | 50 | 132 | (((x-24.0)-91.0)-11.0)=6.0 | x 24.0 - 91.0 - 11.0 - 6.0 = | x:money 24.0:money -:money 91.0:money -:money 11.0:money -:money 6.0:money =:money
EXPR: 1 | POS | INT | 6 | 50 | 50 | 24.0=(((91.0-x)-11.0)-6.0) | 24.0 91.0 x - 11.0 - 6.0 - = | 24.0:money 91.0:money x:money -:money 11.0:money -:money 6.0:money -:money =:money
EXPR: 0 | POS | INT | 6 | 50 | 84 | ((x+24.0)-(91.0+11.0))=6.0 | x 24.0 + 91.0 11.0 + - 6.0 = | x:money 24.0:money +:money 91.0:money 11.0:money +:money -:money 6.0:money =:money
EXPR: 0 | POS | INT | 6 | 50 | 72 | 24.0=(((91.0-x)+11.0)-6.0) | 24.0 91.0 x - 11.0 + 6.0 - = | 24.0:money 91.0:money x:money -:money 11.0:money +:money 6.0:money -:money =:money
EXPR: 0 | POS | INT | 6 | 50 | 84 | 24.0=(((91.0-x)+11.0)+6.0) | 24.0 91.0 x - 11.0 + 6.0 + = | 24.0:money 91.0:money x:money -:money 11.0:money +:money 6.0:money +:money =:money
EXPR: 0 | POS | INT | 6 | 50 | 62 | (24.0+((x-91.0)+11.0))=6.0 | 24.0 x 91.0 - 11.0 + + 6.0 = | 24.0:money x:money 91.0:money -:money 11.0:money +:money +:money 6.0:money =:money
EXPR: 0 | POS | INT | 6 | 50 | 110 | 24.0=(((x-91.0)+11.0)-6.0) | 24.0 x 91.0 - 11.0 + 6.0 - = | 24.0:money x:money 91.0:money -:money 11.0:money +:money 6.0:money -:money =:money
EXPR: 0 | POS | INT | 6 | 50 | 98 | (24.0-((x-91.0)+11.0))=6.0 | 24.0 x 91.0 - 11.0 + - 6.0 = | 24.0:money x:money 91.0:money -:money 11.0:money +:money -:money 6.0:money =:money
EXPR: 1 | POS | INT | 6 | 50 | 50 | 24.0=((91.0-(x+11.0))-6.0) | 24.0 91.0 x 11.0 + - 6.0 - = | 24.0:money 91.0:money x:money 11.0:money +:money -:money 6.0:money -:money =:money
EXPR: 0 | POS | INT | 6 | 50 | 72 | 24.0=((91.0-(x-11.0))-6.0) | 24.0 91.0 x 11.0 - - 6.0 - = | 24.0:money 91.0:money x:money 11.0:money -:money -:money 6.0:money -:money =:money
EXPR: 0 | POS | INT | 6 | 50 | 84 | 24.0=((91.0-(x-11.0))+6.0) | 24.0 91.0 x 11.0 - - 6.0 + = | 24.0:money 91.0:money x:money 11.0:money -:money -:money 6.0:money +:money =:money
EXPR: 0 | POS | INT | 7 | 50 | 120 | (((91.0+11.0)+24.0)-x)=6.0 | 91.0 11.0 + 24.0 + x - 6.0 = | 91.0:money 11.0:money +:money 24.0:money +:money x:money -:money 6.0:money =:money
EXPR: 0 | POS | INT | 7 | 50 | 98 | (((91.0-11.0)+24.0)-x)=6.0 | 91.0 11.0 - 24.0 + x - 6.0 = | 91.0:money 11.0:money -:money 24.0:money +:money x:money -:money 6.0:money =:money
EXPR: 0 | POS | INT | 7 | 50 | 72 | 6.0=((91.0-24.0)+(11.0-x)) | 6.0 91.0 24.0 - 11.0 x - + = | 6.0:money 91.0:money 24.0:money -:money 11.0:money x:money -:money +:money =:money
EXPR: 0 | POS | INT | 7 | 50 | 110 | 91.0=(((11.0-24.0)-6.0)+x) | 91.0 11.0 24.0 - 6.0 - x + = | 91.0:money 11.0:money 24.0:money -:money 6.0:money -:money x:money +:money =:money
EXPR: 0 | POS | INT | 7 | 50 | 72 | (((91.0+11.0)-24.0)-x)=6.0 | 91.0 11.0 + 24.0 - x - 6.0 = | 91.0:money 11.0:money +:money 24.0:money -:money x:money -:money 6.0:money =:money
EXPR: 0 | POS | INT | 7 | 50 | 120 | (91.0+((11.0-6.0)+24.0))=x | 91.0 11.0 6.0 - 24.0 + + x = | 91.0:money 11.0:money 6.0:money -:money 24.0:money +:money +:money x:money =:money
EXPR: 0 | POS | INT | 7 | 50 | 120 | x=(91.0+((11.0-6.0)+24.0)) | x 91.0 11.0 6.0 - 24.0 + + = | x:money 91.0:money 11.0:money 6.0:money -:money 24.0:money +:money +:money =:money
EXPR: 0 | POS | INT | 7 | 50 | 84 | x=((91.0+11.0)+(6.0-24.0)) | x 91.0 11.0 + 6.0 24.0 - + = | x:money 91.0:money 11.0:money +:money 6.0:money 24.0:money -:money +:money =:money
EXPR: 0 | POS | INT | 7 | 50 | 72 | x=(91.0+((11.0-6.0)-24.0)) | x 91.0 11.0 6.0 - 24.0 - + = | x:money 91.0:money 11.0:money 6.0:money -:money 24.0:money -:money +:money =:money
EXPR: 0 | POS | INT | 7 | 50 | 62 | (91.0-((11.0-6.0)+24.0))=x | 91.0 11.0 6.0 - 24.0 + - x = | 91.0:money 11.0:money 6.0:money -:money 24.0:money +:money -:money x:money =:money
EXPR: 1 | POS | INT | 7 | 50 | 50 | ((91.0-6.0)-(x+11.0))=24.0 | 91.0 6.0 - x 11.0 + - 24.0 = | 91.0:money 6.0:money -:money x:money 11.0:money +:money -:money 24.0:money =:money
EXPR: 0 | POS | INT | 7 | 50 | 62 | x=((6.0-24.0)+(91.0-11.0)) | x 6.0 24.0 - 91.0 11.0 - + = | x:money 6.0:money 24.0:money -:money 91.0:money 11.0:money -:money +:money =:money
EXPR: 0 | POS | INT | 7 | 50 | 98 | (((91.0-11.0)-6.0)+24.0)=x | 91.0 11.0 - 6.0 - 24.0 + x = | 91.0:money 11.0:money -:money 6.0:money -:money 24.0:money +:money x:money =:money
EXPR: 0 | POS | INT | 7 | 50 | 72 | (91.0+((11.0-6.0)-24.0))=x | 91.0 11.0 6.0 - 24.0 - + x = | 91.0:money 11.0:money 6.0:money -:money 24.0:money -:money +:money x:money =:money
EXPR: 0 | POS | INT | 7 | 50 | 120 | (((91.0+11.0)-6.0)+24.0)=x | 91.0 11.0 + 6.0 - 24.0 + x = | 91.0:money 11.0:money +:money 6.0:money -:money 24.0:money +:money x:money =:money
EXPR: 0 | POS | INT | 7 | 50 | 132 | (((91.0+11.0)+6.0)+24.0)=x | 91.0 11.0 + 6.0 + 24.0 + x = | 91.0:money 11.0:money +:money 6.0:money +:money 24.0:money +:money x:money =:money
EXPR: 0 | POS | INT | 7 | 50 | 72 | (((91.0+11.0)-6.0)-24.0)=x | 91.0 11.0 + 6.0 - 24.0 - x = | 91.0:money 11.0:money +:money 6.0:money -:money 24.0:money -:money x:money =:money
EXPR: 0 | POS | INT | 7 | 50 | 62 | (((91.0-11.0)+6.0)-24.0)=x | 91.0 11.0 - 6.0 + 24.0 - x = | 91.0:money 11.0:money -:money 6.0:money +:money 24.0:money -:money x:money =:money
EXPR: 0 | POS | INT | 7 | 50 | 62 | x=(91.0-((11.0-6.0)+24.0)) | x 91.0 11.0 6.0 - 24.0 + - = | x:money 91.0:money 11.0:money 6.0:money -:money 24.0:money +:money -:money =:money
EXPR: 0 | POS | INT | 7 | 50 | 110 | (91.0-((11.0-6.0)-24.0))=x | 91.0 11.0 6.0 - 24.0 - - x = | 91.0:money 11.0:money 6.0:money -:money 24.0:money -:money -:money x:money =:money
EXPR: 0 | POS | INT | 7 | 50 | 84 | (((91.0+11.0)+6.0)-24.0)=x | 91.0 11.0 + 6.0 + 24.0 - x = | 91.0:money 11.0:money +:money 6.0:money +:money 24.0:money -:money x:money =:money
EXPR: 0 | POS | INT | 7 | 50 | 72 | ((91.0-x)+(11.0-24.0))=6.0 | 91.0 x - 11.0 24.0 - + 6.0 = | 91.0:money x:money -:money 11.0:money 24.0:money -:money +:money 6.0:money =:money
EXPR: 0 | POS | INT | 7 | 50 | 98 | ((91.0-x)-(11.0-24.0))=6.0 | 91.0 x - 11.0 24.0 - - 6.0 = | 91.0:money x:money -:money 11.0:money 24.0:money -:money -:money 6.0:money =:money
EXPR: 1 | POS | INT | 7 | 50 | 50 | ((91.0-x)-(6.0+11.0))=24.0 | 91.0 x - 6.0 11.0 + - 24.0 = | 91.0:money x:money -:money 6.0:money 11.0:money +:money -:money 24.0:money =:money
EXPR: 1 | POS | INT | 7 | 50 | 50 | (((91.0-11.0)-6.0)-24.0)=x | 91.0 11.0 - 6.0 - 24.0 - x = | 91.0:money 11.0:money -:money 6.0:money -:money 24.0:money -:money x:money =:money
EXPR: 0 | POS | INT | 7 | 50 | 72 | ((91.0+11.0)-(x+24.0))=6.0 | 91.0 11.0 + x 24.0 + - 6.0 = | 91.0:money 11.0:money +:money x:money 24.0:money +:money -:money 6.0:money =:money
EXPR: 1 | POS | INT | 7 | 50 | 50 | ((91.0-11.0)-(x+24.0))=6.0 | 91.0 11.0 - x 24.0 + - 6.0 = | 91.0:money 11.0:money -:money x:money 24.0:money +:money -:money 6.0:money =:money
EXPR: 0 | POS | INT | 7 | 50 | 62 | ((91.0+6.0)-(x+11.0))=24.0 | 91.0 6.0 + x 11.0 + - 24.0 = | 91.0:money 6.0:money +:money x:money 11.0:money +:money -:money 24.0:money =:money
EXPR: 0 | POS | INT | 7 | 50 | 72 | ((91.0-x)-(6.0-11.0))=24.0 | 91.0 x - 6.0 11.0 - - 24.0 = | 91.0:money x:money -:money 6.0:money 11.0:money -:money -:money 24.0:money =:money
EXPR: 0 | POS | INT | 7 | 50 | 84 | ((91.0+6.0)-(x-11.0))=24.0 | 91.0 6.0 + x 11.0 - - 24.0 = | 91.0:money 6.0:money +:money x:money 11.0:money -:money -:money 24.0:money =:money
EXPR: 0 | POS | INT | 7 | 50 | 98 | x=(((91.0-11.0)-6.0)+24.0) | x 91.0 11.0 - 6.0 - 24.0 + = | x:money 91.0:money 11.0:money -:money 6.0:money -:money 24.0:money +:money =:money
EXPR: 0 | POS | INT | 7 | 50 | 120 | ((91.0+11.0)-(x-24.0))=6.0 | 91.0 11.0 + x 24.0 - - 6.0 = | 91.0:money 11.0:money +:money x:money 24.0:money -:money -:money 6.0:money =:money
EXPR: 0 | POS | INT | 7 | 50 | 62 | ((91.0-x)+(6.0-11.0))=24.0 | 91.0 x - 6.0 11.0 - + 24.0 = | 91.0:money x:money -:money 6.0:money 11.0:money -:money +:money 24.0:money =:money
EXPR: 0 | POS | INT | 7 | 50 | 72 | (((24.0+6.0)-91.0)+x)=11.0 | 24.0 6.0 + 91.0 - x + 11.0 = | 24.0:money 6.0:money +:money 91.0:money -:money x:money +:money 11.0:money =:money
EXPR: 0 | POS | INT | 7 | 50 | 72 | (91.0-((x+6.0)-11.0))=24.0 | 91.0 x 6.0 + 11.0 - - 24.0 = | 91.0:money x:money 6.0:money +:money 11.0:money -:money -:money 24.0:money =:money
EXPR: 0 | POS | INT | 7 | 50 | 110 | x=(91.0-((11.0-6.0)-24.0)) | x 91.0 11.0 6.0 - 24.0 - - = | x:money 91.0:money 11.0:money 6.0:money -:money 24.0:money -:money -:money =:money
EXPR: 0 | POS | INT | 7 | 50 | 84 | (91.0+(6.0+(11.0-x)))=24.0 | 91.0 6.0 11.0 x - + + 24.0 = | 91.0:money 6.0:money 11.0:money x:money -:money +:money +:money 24.0:money =:money
EXPR: 0 | POS | INT | 7 | 50 | 98 | ((91.0-11.0)-(x-24.0))=6.0 | 91.0 11.0 - x 24.0 - - 6.0 = | 91.0:money 11.0:money -:money x:money 24.0:money -:money -:money 6.0:money =:money
EXPR: 0 | POS | INT | 7 | 50 | 62 | 91.0=((11.0+x)+(24.0-6.0)) | 91.0 11.0 x + 24.0 6.0 - + = | 91.0:money 11.0:money x:money +:money 24.0:money 6.0:money -:money +:money =:money
EXPR: 0 | POS | INT | 7 | 50 | 98 | 91.0=((6.0+x)+(11.0-24.0)) | 91.0 6.0 x + 11.0 24.0 - + = | 91.0:money 6.0:money x:money +:money 11.0:money 24.0:money -:money +:money =:money
EXPR: 0 | POS | INT | 7 | 50 | 62 | (91.0+(6.0-(11.0+x)))=24.0 | 91.0 6.0 11.0 x + - + 24.0 = | 91.0:money 6.0:money 11.0:money x:money +:money -:money +:money 24.0:money =:money
EXPR: 0 | POS | INT | 7 | 50 | 72 | (91.0-(6.0-(11.0-x)))=24.0 | 91.0 6.0 11.0 x - - - 24.0 = | 91.0:money 6.0:money 11.0:money x:money -:money -:money -:money 24.0:money =:money
EXPR: 0 | POS | INT | 7 | 50 | 84 | ((91.0-x)+(6.0+11.0))=24.0 | 91.0 x - 6.0 11.0 + + 24.0 = | 91.0:money x:money -:money 6.0:money 11.0:money +:money +:money 24.0:money =:money
EXPR: 0 | POS | INT | 7 | 50 | 84 | (x-(91.0+(11.0-24.0)))=6.0 | x 91.0 11.0 24.0 - + - 6.0 = | x:money 91.0:money 11.0:money 24.0:money -:money +:money -:money 6.0:money =:money
EXPR: 0 | POS | INT | 7 | 50 | 98 | 6.0=(((91.0+24.0)-11.0)-x) | 6.0 91.0 24.0 + 11.0 - x - = | 6.0:money 91.0:money 24.0:money +:money 11.0:money -:money x:money -:money =:money
EXPR: 0 | POS | INT | 7 | 50 | 62 | ((91.0+6.0)-(11.0+x))=24.0 | 91.0 6.0 + 11.0 x + - 24.0 = | 91.0:money 6.0:money +:money 11.0:money x:money +:money -:money 24.0:money =:money
EXPR: 0 | POS | INT | 7 | 50 | 84 | ((91.0+11.0)+(6.0-24.0))=x | 91.0 11.0 + 6.0 24.0 - + x = | 91.0:money 11.0:money +:money 6.0:money 24.0:money -:money +:money x:money =:money
EXPR: 0 | POS | INT | 7 | 50 | 120 | ((91.0+(11.0-6.0))+24.0)=x | 91.0 11.0 6.0 - + 24.0 + x = | 91.0:money 11.0:money 6.0:money -:money +:money 24.0:money +:money x:money =:money
EXPR: 0 | POS | INT | 7 | 50 | 72 | 6.0=(91.0-((x+24.0)-11.0)) | 6.0 91.0 x 24.0 + 11.0 - - = | 6.0:money 91.0:money x:money 24.0:money +:money 11.0:money -:money -:money =:money
EXPR: 0 | POS | INT | 7 | 50 | 110 | (x-(91.0-(11.0-24.0)))=6.0 | x 91.0 11.0 24.0 - - - 6.0 = | x:money 91.0:money 11.0:money 24.0:money -:money -:money -:money 6.0:money =:money
EXPR: 0 | POS | INT | 7 | 50 | 120 | 6.0=((91.0+24.0)+(11.0-x)) | 6.0 91.0 24.0 + 11.0 x - + = | 6.0:money 91.0:money 24.0:money +:money 11.0:money x:money -:money +:money =:money
EXPR: 0 | POS | INT | 7 | 50 | 72 | ((91.0-6.0)-(x-11.0))=24.0 | 91.0 6.0 - x 11.0 - - 24.0 = | 91.0:money 6.0:money -:money x:money 11.0:money -:money -:money 24.0:money =:money
EXPR: 0 | POS | INT | 7 | 50 | 98 | 6.0=((91.0+24.0)-(x+11.0)) | 6.0 91.0 24.0 + x 11.0 + - = | 6.0:money 91.0:money 24.0:money +:money x:money 11.0:money +:money -:money =:money
EXPR: 0 | POS | INT | 7 | 50 | 120 | ((91.0+11.0)-(6.0-24.0))=x | 91.0 11.0 + 6.0 24.0 - - x = | 91.0:money 11.0:money +:money 6.0:money 24.0:money -:money -:money x:money =:money
EXPR: 0 | POS | INT | 7 | 50 | 110 | (((91.0-11.0)+6.0)+24.0)=x | 91.0 11.0 - 6.0 + 24.0 + x = | 91.0:money 11.0:money -:money 6.0:money +:money 24.0:money +:money x:money =:money
EXPR: 0 | POS | INT | 7 | 50 | 120 | 6.0=((91.0+24.0)-(x-11.0)) | 6.0 91.0 24.0 + x 11.0 - - = | 6.0:money 91.0:money 24.0:money +:money x:money 11.0:money -:money -:money =:money
EXPR: 0 | POS | INT | 7 | 50 | 62 | 91.0=(11.0+(24.0-(6.0-x))) | 91.0 11.0 24.0 6.0 x - - + = | 91.0:money 11.0:money 24.0:money 6.0:money x:money -:money -:money +:money =:money
EXPR: 0 | POS | INT | 7 | 50 | 120 | 6.0=((91.0-(x-24.0))+11.0) | 6.0 91.0 x 24.0 - - 11.0 + = | 6.0:money 91.0:money x:money 24.0:money -:money -:money 11.0:money +:money =:money
EXPR: 0 | POS | INT | 7 | 50 | 98 | 6.0=((91.0-x)+(24.0-11.0)) | 6.0 91.0 x - 24.0 11.0 - + = | 6.0:money 91.0:money x:money -:money 24.0:money 11.0:money -:money +:money =:money
EXPR: 0 | POS | INT | 7 | 50 | 98 | 24.0=(((6.0-91.0)+x)+11.0) | 24.0 6.0 91.0 - x + 11.0 + = | 24.0:money 6.0:money 91.0:money -:money x:money +:money 11.0:money +:money =:money
EXPR: 0 | POS | INT | 7 | 50 | 72 | (91.0+((11.0-24.0)-x))=6.0 | 91.0 11.0 24.0 - x - + 6.0 = | 91.0:money 11.0:money 24.0:money -:money x:money -:money +:money 6.0:money =:money
EXPR: 1 | POS | INT | 7 | 50 | 50 | 6.0=((91.0-(x+24.0))-11.0) | 6.0 91.0 x 24.0 + - 11.0 - = | 6.0:money 91.0:money x:money 24.0:money +:money -:money 11.0:money -:money =:money
EXPR: 0 | POS | INT | 7 | 50 | 72 | 6.0=((91.0-(x+24.0))+11.0) | 6.0 91.0 x 24.0 + - 11.0 + = | 6.0:money 91.0:money x:money 24.0:money +:money -:money 11.0:money +:money =:money
EXPR: 0 | POS | INT | 7 | 50 | 110 | 6.0=(((x-91.0)-24.0)+11.0) | 6.0 x 91.0 - 24.0 - 11.0 + = | 6.0:money x:money 91.0:money -:money 24.0:money -:money 11.0:money +:money =:money
EXPR: 0 | POS | INT | 7 | 50 | 72 | 91.0=((6.0+x)-(11.0-24.0)) | 91.0 6.0 x + 11.0 24.0 - - = | 91.0:money 6.0:money x:money +:money 11.0:money 24.0:money -:money -:money =:money
EXPR: 0 | POS | INT | 7 | 50 | 98 | 6.0=((91.0+24.0)-(11.0+x)) | 6.0 91.0 24.0 + 11.0 x + - = | 6.0:money 91.0:money 24.0:money +:money 11.0:money x:money +:money -:money =:money
EXPR: 0 | POS | INT | 7 | 50 | 98 | (((24.0-x)-6.0)+91.0)=11.0 | 24.0 x - 6.0 - 91.0 + 11.0 = | 24.0:money x:money -:money 6.0:money -:money 91.0:money +:money 11.0:money =:money
EXPR: 0 | POS | INT | 7 | 50 | 62 | (91.0-((x-6.0)+11.0))=24.0 | 91.0 x 6.0 - 11.0 + - 24.0 = | 91.0:money x:money 6.0:money -:money 11.0:money +:money -:money 24.0:money =:money
EXPR: 0 | POS | INT | 7 | 50 | 98 | (91.0-((11.0-24.0)+x))=6.0 | 91.0 11.0 24.0 - x + - 6.0 = | 91.0:money 11.0:money 24.0:money -:money x:money +:money -:money 6.0:money =:money
EXPR: 1 | POS | INT | 7 | 50 | 50 | (91.0-((x+11.0)+24.0))=6.0 | 91.0 x 11.0 + 24.0 + - 6.0 = | 91.0:money x:money 11.0:money +:money 24.0:money +:money -:money 6.0:money =:money
EXPR: 1 | POS | INT | 7 | 50 | 50 | ((91.0-6.0)-(11.0+x))=24.0 | 91.0 6.0 - 11.0 x + - 24.0 = | 91.0:money 6.0:money -:money 11.0:money x:money +:money -:money 24.0:money =:money
EXPR: 1 | POS | INT | 7 | 50 | 50 | 91.0=(11.0+(24.0+(6.0+x))) | 91.0 11.0 24.0 6.0 x + + + = | 91.0:money 11.0:money 24.0:money 6.0:money x:money +:money +:money +:money =:money
EXPR: 0 | POS | INT | 7 | 50 | 110 | 91.0=(11.0-(24.0+(6.0-x))) | 91.0 11.0 24.0 6.0 x - + - = | 91.0:money 11.0:money 24.0:money 6.0:money x:money -:money +:money -:money =:money
EXPR: 0 | POS | INT | 7 | 50 | 120 | 6.0=(((91.0+24.0)-x)+11.0) | 6.0 91.0 24.0 + x - 11.0 + = | 6.0:money 91.0:money 24.0:money +:money x:money -:money 11.0:money +:money =:money
EXPR: 1 | POS | INT | 7 | 50 | 50 | (91.0-((6.0+11.0)+x))=24.0 | 91.0 6.0 11.0 + x + - 24.0 = | 91.0:money 6.0:money 11.0:money +:money x:money +:money -:money 24.0:money =:money
EXPR: 0 | POS | INT | 7 | 50 | 72 | (91.0-((6.0-11.0)+x))=24.0 | 91.0 6.0 11.0 - x + - 24.0 = | 91.0:money 6.0:money 11.0:money -:money x:money +:money -:money 24.0:money =:money
EXPR: 0 | POS | INT | 7 | 50 | 84 | (((x-91.0)-11.0)+24.0)=6.0 | x 91.0 - 11.0 - 24.0 + 6.0 = | x:money 91.0:money -:money 11.0:money -:money 24.0:money +:money 6.0:money =:money
EXPR: 0 | POS | INT | 7 | 50 | 72 | 6.0=(((91.0-24.0)+11.0)-x) | 6.0 91.0 24.0 - 11.0 + x - = | 6.0:money 91.0:money 24.0:money -:money 11.0:money +:money x:money -:money =:money
EXPR: 0 | POS | INT | 7 | 50 | 110 | (((x-91.0)+11.0)-24.0)=6.0 | x 91.0 - 11.0 + 24.0 - 6.0 = | x:money 91.0:money -:money 11.0:money +:money 24.0:money -:money 6.0:money =:money
EXPR: 1 | POS | INT | 7 | 50 | 50 | 6.0=((91.0-x)-(24.0+11.0)) | 6.0 91.0 x - 24.0 11.0 + - = | 6.0:money 91.0:money x:money -:money 24.0:money 11.0:money +:money -:money =:money
EXPR: 0 | POS | INT | 7 | 50 | 84 | (91.0+((6.0+11.0)-x))=24.0 | 91.0 6.0 11.0 + x - + 24.0 = | 91.0:money 6.0:money 11.0:money +:money x:money -:money +:money 24.0:money =:money
EXPR: 0 | POS | INT | 7 | 50 | 132 | 6.0=(x-((91.0+24.0)+11.0)) | 6.0 x 91.0 24.0 + 11.0 + - = | 6.0:money x:money 91.0:money 24.0:money +:money 11.0:money +:money -:money =:money
NET 484 unique, non-negative, integer-valued solutions found out of 1000 total solutions
