parameters: n=9 l=4 k=1 p=5 q=1 m=10
TOTAL 1000 solutions found
SOLN: CORRECT | POS/NEG | INT/FRA | OBJ-SCORE | TRUE-ANS | ANS | INFIX | POSTFIX | TYPED-POSTFIX
EXPR: 0 | POS | INT | 0 | 1 | 41 | (((8.0+13.0)+2.0)+18.0)=x | 8.0 13.0 + 2.0 + 18.0 + x = | 8.0:money 13.0:money +:money 2.0:money +:money 18.0:money +:money x:money =:money
EXPR: 1 | POS | INT | 0 | 1 | 1 | (8.0+(13.0-(2.0+18.0)))=x | 8.0 13.0 2.0 18.0 + - + x = | 8.0:money 13.0:money 2.0:money 18.0:money +:money -:money +:money x:money =:money
EXPR: 0 | POS | INT | 0 | 1 | 5 | (8.0+(13.0+(2.0-18.0)))=x | 8.0 13.0 2.0 18.0 - + + x = | 8.0:money 13.0:money 2.0:money 18.0:money -:money +:money +:money x:money =:money
EXPR: 0 | POS | INT | 0 | 1 | 11 | (8.0-((13.0+2.0)-18.0))=x | 8.0 13.0 2.0 + 18.0 - - x = | 8.0:money 13.0:money 2.0:money +:money 18.0:money -:money -:money x:money =:money
EXPR: 0 | POS | INT | 0 | 1 | 37 | (8.0+(13.0-(2.0-18.0)))=x | 8.0 13.0 2.0 18.0 - - + x = | 8.0:money 13.0:money 2.0:money 18.0:money -:money -:money +:money x:money =:money
EXPR: 0 | POS | INT | 0 | 1 | 37 | (8.0+((13.0-2.0)+18.0))=x | 8.0 13.0 2.0 - 18.0 + + x = | 8.0:money 13.0:money 2.0:money -:money 18.0:money +:money +:money x:money =:money
EXPR: 0 | POS | INT | 0 | 1 | 11 | (8.0-(13.0+(2.0-18.0)))=x | 8.0 13.0 2.0 18.0 - + - x = | 8.0:money 13.0:money 2.0:money 18.0:money -:money +:money -:money x:money =:money
EXPR: 0 | POS | INT | 0 | 1 | 15 | x=(((8.0-13.0)+2.0)+18.0) | x 8.0 13.0 - 2.0 + 18.0 + = | x:money 8.0:money 13.0:money -:money 2.0:money +:money 18.0:money +:money =:money
EXPR: 0 | POS | INT | 0 | 1 | 5 | x=((8.0+(13.0+2.0))-18.0) | x 8.0 13.0 2.0 + + 18.0 - = | x:money 8.0:money 13.0:money 2.0:money +:money +:money 18.0:money -:money =:money
EXPR: 0 | POS | INT | 0 | 1 | 11 | x=((8.0-(13.0+2.0))+18.0) | x 8.0 13.0 2.0 + - 18.0 + = | x:money 8.0:money 13.0:money 2.0:money +:money -:money 18.0:money +:money =:money
EXPR: 0 | POS | INT | 0 | 1 | 41 | x=((8.0+(13.0+2.0))+18.0) | x 8.0 13.0 2.0 + + 18.0 + = | x:money 8.0:money 13.0:money 2.0:money +:money +:money 18.0:money +:money =:money
EXPR: 0 | POS | INT | 0 | 1 | 41 | (8.0+(13.0+(2.0+18.0)))=x | 8.0 13.0 2.0 18.0 + + + x = | 8.0:money 13.0:money 2.0:money 18.0:money +:money +:money +:money x:money =:money
EXPR: 0 | POS | INT | 0 | 1 | 5 | (8.0+((13.0+2.0)-18.0))=x | 8.0 13.0 2.0 + 18.0 - + x = | 8.0:money 13.0:money 2.0:money +:money 18.0:money -:money +:money x:money =:money
EXPR: 0 | POS | INT | 0 | 1 | 37 | x=(8.0+(13.0-(2.0-18.0))) | x 8.0 13.0 2.0 18.0 - - + = | x:money 8.0:money 13.0:money 2.0:money 18.0:money -:money -:money +:money =:money
EXPR: 1 | POS | INT | 0 | 1 | 1 | x=(((8.0+13.0)-2.0)-18.0) | x 8.0 13.0 + 2.0 - 18.0 - = | x:money 8.0:money 13.0:money +:money 2.0:money -:money 18.0:money -:money =:money
EXPR: 1 | POS | INT | 0 | 1 | 1 | ((8.0+13.0)-(2.0+18.0))=x | 8.0 13.0 + 2.0 18.0 + - x = | 8.0:money 13.0:money +:money 2.0:money 18.0:money +:money -:money x:money =:money
EXPR: 0 | POS | INT | 0 | 1 | 37 | (((8.0+13.0)-2.0)+18.0)=x | 8.0 13.0 + 2.0 - 18.0 + x = | 8.0:money 13.0:money +:money 2.0:money -:money 18.0:money +:money x:money =:money
EXPR: 0 | POS | INT | 0 | 1 | 15 | x=(8.0-(13.0-(2.0+18.0))) | x 8.0 13.0 2.0 18.0 + - - = | x:money 8.0:money 13.0:money 2.0:money 18.0:money +:money -:money -:money =:money
EXPR: 1 | POS | INT | 0 | 1 | 1 | x=(8.0+(13.0-(2.0+18.0))) | x 8.0 13.0 2.0 18.0 + - + = | x:money 8.0:money 13.0:money 2.0:money 18.0:money +:money -:money +:money =:money
EXPR: 0 | POS | INT | 0 | 1 | 37 | ((8.0+13.0)-(2.0-18.0))=x | 8.0 13.0 + 2.0 18.0 - - x = | 8.0:money 13.0:money +:money 2.0:money 18.0:money -:money -:money x:money =:money
EXPR: 1 | POS | INT | 0 | 1 | 1 | x=((8.0+(13.0-2.0))-18.0) | x 8.0 13.0 2.0 - + 18.0 - = | x:money 8.0:money 13.0:money 2.0:money -:money +:money 18.0:money -:money =:money
EXPR: 0 | POS | INT | 0 | 1 | 11 | (((8.0-13.0)-2.0)+18.0)=x | 8.0 13.0 - 2.0 - 18.0 + x = | 8.0:money 13.0:money -:money 2.0:money -:money 18.0:money +:money x:money =:money
EXPR: 0 | POS | INT | 0 | 1 | 5 | (((8.0+13.0)+2.0)-18.0)=x | 8.0 13.0 + 2.0 + 18.0 - x = | 8.0:money 13.0:money +:money 2.0:money +:money 18.0:money -:money x:money =:money
EXPR: 1 | POS | INT | 0 | 1 | 1 | (((8.0+13.0)-2.0)-18.0)=x | 8.0 13.0 + 2.0 - 18.0 - x = | 8.0:money 13.0:money +:money 2.0:money -:money 18.0:money -:money x:money =:money
EXPR: 0 | POS | INT | 0 | 1 | 37 | x=((8.0+(13.0-2.0))+18.0) | x 8.0 13.0 2.0 - + 18.0 + = | x:money 8.0:money 13.0:money 2.0:money -:money +:money 18.0:money +:money =:money
EXPR: 0 | POS | INT | 0 | 1 | 15 | (((8.0-13.0)+2.0)+18.0)=x | 8.0 13.0 - 2.0 + 18.0 + x = | 8.0:money 13.0:money -:money 2.0:money +:money 18.0:money +:money x:money =:money
EXPR: 0 | POS | INT | 0 | 1 | 11 | x=(((8.0-13.0)-2.0)+18.0) | x 8.0 13.0 - 2.0 - 18.0 + = | x:money 8.0:money 13.0:money -:money 2.0:money -:money 18.0:money +:money =:money
EXPR: 0 | POS | INT | 0 | 1 | 5 | x=(8.0+(13.0+(2.0-18.0))) | x 8.0 13.0 2.0 18.0 - + + = | x:money 8.0:money 13.0:money 2.0:money 18.0:money -:money +:money +:money =:money
EXPR: 1 | POS | INT | 0 | 1 | 1 | (8.0+((13.0-2.0)-18.0))=x | 8.0 13.0 2.0 - 18.0 - + x = | 8.0:money 13.0:money 2.0:money -:money 18.0:money -:money +:money x:money =:money
EXPR: 0 | POS | INT | 0 | 1 | 15 | x=((8.0-(13.0-2.0))+18.0) | x 8.0 13.0 2.0 - - 18.0 + = | x:money 8.0:money 13.0:money 2.0:money -:money -:money 18.0:money +:money =:money
EXPR: 1 | POS | INT | 0 | 1 | 1 | ((8.0+(13.0-2.0))-18.0)=x | 8.0 13.0 2.0 - + 18.0 - x = | 8.0:money 13.0:money 2.0:money -:money +:money 18.0:money -:money x:money =:money
EXPR: 0 | POS | INT | 0 | 1 | 5 | x=((8.0+13.0)+(2.0-18.0)) | x 8.0 13.0 + 2.0 18.0 - + = | x:money 8.0:money 13.0:money +:money 2.0:money 18.0:money -:money +:money =:money
EXPR: 0 | POS | INT | 0 | 1 | 5 | x=(((8.0+13.0)+2.0)-18.0) | x 8.0 13.0 + 2.0 + 18.0 - = | x:money 8.0:money 13.0:money +:money 2.0:money +:money 18.0:money -:money =:money
EXPR: 1 | POS | INT | 0 | 1 | 1 | x=(8.0+((13.0-2.0)-18.0)) | x 8.0 13.0 2.0 - 18.0 - + = | x:money 8.0:money 13.0:money 2.0:money -:money 18.0:money -:money +:money =:money
EXPR: 0 | POS | INT | 0 | 1 | 37 | x=(((8.0+13.0)-2.0)+18.0) | x 8.0 13.0 + 2.0 - 18.0 + = | x:money 8.0:money 13.0:money +:money 2.0:money -:money 18.0:money +:money =:money
EXPR: 0 | POS | INT | 0 | 1 | 5 | ((8.0+(13.0+2.0))-18.0)=x | 8.0 13.0 2.0 + + 18.0 - x = | 8.0:money 13.0:money 2.0:money +:money +:money 18.0:money -:money x:money =:money
EXPR: 0 | POS | INT | 0 | 1 | 41 | x=(8.0+(13.0+(2.0+18.0))) | x 8.0 13.0 2.0 18.0 + + + = | x:money 8.0:money 13.0:money 2.0:money 18.0:money +:money +:money +:money =:money
EXPR: 0 | POS | INT | 0 | 1 | 11 | x=(8.0-(13.0+(2.0-18.0))) | x 8.0 13.0 2.0 18.0 - + - = | x:money 8.0:money 13.0:money 2.0:money 18.0:money -:money +:money -:money =:money
EXPR: 0 | POS | INT | 0 | 1 | 15 | (8.0-((13.0-2.0)-18.0))=x | 8.0 13.0 2.0 - 18.0 - - x = | 8.0:money 13.0:money 2.0:money -:money 18.0:money -:money -:money x:money =:money
EXPR: 0 | POS | INT | 0 | 1 | 5 | x=(8.0+((13.0+2.0)-18.0)) | x 8.0 13.0 2.0 + 18.0 - + = | x:money 8.0:money 13.0:money 2.0:money +:money 18.0:money -:money +:money =:money
EXPR: 0 | POS | INT | 0 | 1 | 11 | ((8.0-(13.0+2.0))+18.0)=x | 8.0 13.0 2.0 + - 18.0 + x = | 8.0:money 13.0:money 2.0:money +:money -:money 18.0:money +:money x:money =:money
EXPR: 0 | POS | INT | 0 | 1 | 41 | (8.0+((13.0+2.0)+18.0))=x | 8.0 13.0 2.0 + 18.0 + + x = | 8.0:money 13.0:money 2.0:money +:money 18.0:money +:money +:money x:money =:money
EXPR: 0 | POS | INT | 0 | 1 | 37 | x=(8.0+((13.0-2.0)+18.0)) | x 8.0 13.0 2.0 - 18.0 + + = | x:money 8.0:money 13.0:money 2.0:money -:money 18.0:money +:money +:money =:money
EXPR: 0 | POS | INT | 0 | 1 | 11 | x=((8.0-13.0)-(2.0-18.0)) | x 8.0 13.0 - 2.0 18.0 - - = | x:money 8.0:money 13.0:money -:money 2.0:money 18.0:money -:money -:money =:money
EXPR: 0 | POS | INT | 0 | 1 | 11 | x=(8.0-((13.0+2.0)-18.0)) | x 8.0 13.0 2.0 + 18.0 - - = | x:money 8.0:money 13.0:money 2.0:money +:money 18.0:money -:money -:money =:money
EXPR: 0 | POS | INT | 0 | 1 | 41 | ((8.0+(13.0+2.0))+18.0)=x | 8.0 13.0 2.0 + + 18.0 + x = | 8.0:money 13.0:money 2.0:money +:money +:money 18.0:money +:money x:money =:money
EXPR: 0 | POS | INT | 0 | 1 | 15 | ((8.0-13.0)+(2.0+18.0))=x | 8.0 13.0 - 2.0 18.0 + + x = | 8.0:money 13.0:money -:money 2.0:money 18.0:money +:money +:money x:money =:money
EXPR: 0 | POS | INT | 0 | 1 | 5 | ((8.0+13.0)+(2.0-18.0))=x | 8.0 13.0 + 2.0 18.0 - + x = | 8.0:money 13.0:money +:money 2.0:money 18.0:money -:money +:money x:money =:money
EXPR: 0 | POS | INT | 0 | 1 | 41 | ((8.0+13.0)+(2.0+18.0))=x | 8.0 13.0 + 2.0 18.0 + + x = | 8.0:money 13.0:money +:money 2.0:money 18.0:money +:money +:money x:money =:money
EXPR: 0 | POS | INT | 0 | 1 | 37 | ((8.0+(13.0-2.0))+18.0)=x | 8.0 13.0 2.0 - + 18.0 + x = | 8.0:money 13.0:money 2.0:money -:money +:money 18.0:money +:money x:money =:money
EXPR: 0 | POS | INT | 0 | 1 | 11 | ((8.0-13.0)-(2.0-18.0))=x | 8.0 13.0 - 2.0 18.0 - - x = | 8.0:money 13.0:money -:money 2.0:money 18.0:money -:money -:money x:money =:money
EXPR: 1 | POS | INT | 0 | 1 | 1 | x=((8.0+13.0)-(2.0+18.0)) | x 8.0 13.0 + 2.0 18.0 + - = | x:money 8.0:money 13.0:money +:money 2.0:money 18.0:money +:money -:money =:money
EXPR: 0 | POS | INT | 0 | 1 | 41 | x=(((8.0+13.0)+2.0)+18.0) | x 8.0 13.0 + 2.0 + 18.0 + = | x:money 8.0:money 13.0:money +:money 2.0:money +:money 18.0:money +:money =:money
EXPR: 0 | POS | INT | 0 | 1 | 37 | x=((8.0+13.0)-(2.0-18.0)) | x 8.0 13.0 + 2.0 18.0 - - = | x:money 8.0:money 13.0:money +:money 2.0:money 18.0:money -:money -:money =:money
EXPR: 0 | POS | INT | 0 | 1 | 15 | ((8.0-(13.0-2.0))+18.0)=x | 8.0 13.0 2.0 - - 18.0 + x = | 8.0:money 13.0:money 2.0:money -:money -:money 18.0:money +:money x:money =:money
EXPR: 0 | POS | INT | 0 | 1 | 41 | x=(8.0+((13.0+2.0)+18.0)) | x 8.0 13.0 2.0 + 18.0 + + = | x:money 8.0:money 13.0:money 2.0:money +:money 18.0:money +:money +:money =:money
EXPR: 0 | POS | INT | 0 | 1 | 15 | x=(8.0-((13.0-2.0)-18.0)) | x 8.0 13.0 2.0 - 18.0 - - = | x:money 8.0:money 13.0:money 2.0:money -:money 18.0:money -:money -:money =:money
EXPR: 0 | POS | INT | 0 | 1 | 41 | x=((8.0+13.0)+(2.0+18.0)) | x 8.0 13.0 + 2.0 18.0 + + = | x:money 8.0:money 13.0:money +:money 2.0:money 18.0:money +:money +:money =:money
EXPR: 0 | POS | INT | 0 | 1 | 15 | x=((8.0-13.0)+(2.0+18.0)) | x 8.0 13.0 - 2.0 18.0 + + = | x:money 8.0:money 13.0:money -:money 2.0:money 18.0:money +:money +:money =:money
EXPR: 0 | POS | INT | 0 | 1 | 15 | (8.0-(13.0-(2.0+18.0)))=x | 8.0 13.0 2.0 18.0 + - - x = | 8.0:money 13.0:money 2.0:money 18.0:money +:money -:money -:money x:money =:money
EXPR: 0 | POS | INT | 2 | 1 | 37 | x=(13.0+(8.0-(2.0-18.0))) | x 13.0 8.0 2.0 18.0 - - + = | x:money 13.0:money 8.0:money 2.0:money 18.0:money -:money -:money +:money =:money
EXPR: 0 | POS | INT | 2 | 1 | 15 | (8.0+((2.0-13.0)+18.0))=x | 8.0 2.0 13.0 - 18.0 + + x = | 8.0:money 2.0:money 13.0:money -:money 18.0:money +:money +:money x:money =:money
EXPR: 0 | POS | INT | 2 | 1 | 37 | (8.0+((13.0+18.0)-2.0))=x | 8.0 13.0 18.0 + 2.0 - + x = | 8.0:money 13.0:money 18.0:money +:money 2.0:money -:money +:money x:money =:money
EXPR: 0 | POS | INT | 2 | 1 | 25 | x=(((13.0-8.0)+2.0)+18.0) | x 13.0 8.0 - 2.0 + 18.0 + = | x:money 13.0:money 8.0:money -:money 2.0:money +:money 18.0:money +:money =:money
EXPR: 0 | POS | INT | 2 | 1 | 37 | x=((8.0+(13.0+18.0))-2.0) | x 8.0 13.0 18.0 + + 2.0 - = | x:money 8.0:money 13.0:money 18.0:money +:money +:money 2.0:money -:money =:money
EXPR: 0 | POS | INT | 2 | 1 | 11 | x=((8.0-13.0)+(18.0-2.0)) | x 8.0 13.0 - 18.0 2.0 - + = | x:money 8.0:money 13.0:money -:money 18.0:money 2.0:money -:money +:money =:money
EXPR: 0 | POS | INT | 2 | 1 | 5 | (((8.0+13.0)-18.0)+2.0)=x | 8.0 13.0 + 18.0 - 2.0 + x = | 8.0:money 13.0:money +:money 18.0:money -:money 2.0:money +:money x:money =:money
EXPR: 0 | POS | INT | 2 | 1 | 15 | (((8.0+2.0)-13.0)+18.0)=x | 8.0 2.0 + 13.0 - 18.0 + x = | 8.0:money 2.0:money +:money 13.0:money -:money 18.0:money +:money x:money =:money
EXPR: 0 | POS | INT | 2 | 1 | 11 | (((8.0-2.0)-13.0)+18.0)=x | 8.0 2.0 - 13.0 - 18.0 + x = | 8.0:money 2.0:money -:money 13.0:money -:money 18.0:money +:money x:money =:money
EXPR: 0 | POS | INT | 2 | 1 | 5 | (((8.0+2.0)+13.0)-18.0)=x | 8.0 2.0 + 13.0 + 18.0 - x = | 8.0:money 2.0:money +:money 13.0:money +:money 18.0:money -:money x:money =:money
EXPR: 0 | POS | INT | 2 | 1 | 41 | x=((8.0+(13.0+18.0))+2.0) | x 8.0 13.0 18.0 + + 2.0 + = | x:money 8.0:money 13.0:money 18.0:money +:money +:money 2.0:money +:money =:money
EXPR: 0 | POS | INT | 2 | 1 | 5 | x=((8.0+(13.0-18.0))+2.0) | x 8.0 13.0 18.0 - + 2.0 + = | x:money 8.0:money 13.0:money 18.0:money -:money +:money 2.0:money +:money =:money
EXPR: 0 | POS | INT | 2 | 1 | 37 | (((8.0-2.0)+13.0)+18.0)=x | 8.0 2.0 - 13.0 + 18.0 + x = | 8.0:money 2.0:money -:money 13.0:money +:money 18.0:money +:money x:money =:money
EXPR: 0 | POS | INT | 2 | 1 | 11 | x=((8.0-(13.0-18.0))-2.0) | x 8.0 13.0 18.0 - - 2.0 - = | x:money 8.0:money 13.0:money 18.0:money -:money -:money 2.0:money -:money =:money
EXPR: 1 | POS | INT | 2 | 1 | 1 | ((8.0+(13.0-18.0))-2.0)=x | 8.0 13.0 18.0 - + 2.0 - x = | 8.0:money 13.0:money 18.0:money -:money +:money 2.0:money -:money x:money =:money
EXPR: 0 | POS | INT | 2 | 1 | 37 | (((8.0+13.0)+18.0)-2.0)=x | 8.0 13.0 + 18.0 + 2.0 - x = | 8.0:money 13.0:money +:money 18.0:money +:money 2.0:money -:money x:money =:money
EXPR: 0 | POS | INT | 2 | 1 | 37 | ((8.0-(2.0-13.0))+18.0)=x | 8.0 2.0 13.0 - - 18.0 + x = | 8.0:money 2.0:money 13.0:money -:money -:money 18.0:money +:money x:money =:money
EXPR: 0 | POS | INT | 2 | 1 | 15 | x=((8.0-(13.0-18.0))+2.0) | x 8.0 13.0 18.0 - - 2.0 + = | x:money 8.0:money 13.0:money 18.0:money -:money -:money 2.0:money +:money =:money
EXPR: 1 | POS | INT | 2 | 1 | 1 | x=((8.0+(13.0-18.0))-2.0) | x 8.0 13.0 18.0 - + 2.0 - = | x:money 8.0:money 13.0:money 18.0:money -:money +:money 2.0:money -:money =:money
EXPR: 0 | POS | INT | 2 | 1 | 37 | x=(8.0+(13.0+(18.0-2.0))) | x 8.0 13.0 18.0 2.0 - + + = | x:money 8.0:money 13.0:money 18.0:money 2.0:money -:money +:money +:money =:money
EXPR: 0 | POS | INT | 2 | 1 | 37 | x=(13.0+((8.0-2.0)+18.0)) | x 13.0 8.0 2.0 - 18.0 + + = | x:money 13.0:money 8.0:money 2.0:money -:money 18.0:money +:money +:money =:money
EXPR: 0 | POS | INT | 2 | 1 | 37 | x=(8.0+((13.0+18.0)-2.0)) | x 8.0 13.0 18.0 + 2.0 - + = | x:money 8.0:money 13.0:money 18.0:money +:money 2.0:money -:money +:money =:money
EXPR: 0 | POS | INT | 2 | 1 | 41 | (((8.0+2.0)+13.0)+18.0)=x | 8.0 2.0 + 13.0 + 18.0 + x = | 8.0:money 2.0:money +:money 13.0:money +:money 18.0:money +:money x:money =:money
EXPR: 0 | POS | INT | 2 | 1 | 5 | ((8.0+13.0)-(18.0-2.0))=x | 8.0 13.0 + 18.0 2.0 - - x = | 8.0:money 13.0:money +:money 18.0:money 2.0:money -:money -:money x:money =:money
EXPR: 1 | POS | INT | 2 | 1 | 1 | x=(((8.0+13.0)-18.0)-2.0) | x 8.0 13.0 + 18.0 - 2.0 - = | x:money 8.0:money 13.0:money +:money 18.0:money -:money 2.0:money -:money =:money
EXPR: 0 | POS | INT | 2 | 1 | 37 | ((8.0+(13.0+18.0))-2.0)=x | 8.0 13.0 18.0 + + 2.0 - x = | 8.0:money 13.0:money 18.0:money +:money +:money 2.0:money -:money x:money =:money
EXPR: 0 | POS | INT | 2 | 1 | 15 | x=(8.0+((2.0-13.0)+18.0)) | x 8.0 2.0 13.0 - 18.0 + + = | x:money 8.0:money 2.0:money 13.0:money -:money 18.0:money +:money +:money =:money
EXPR: 0 | POS | INT | 2 | 1 | 5 | 8.0=(((x-13.0)-2.0)+18.0) | 8.0 x 13.0 - 2.0 - 18.0 + = | 8.0:money x:money 13.0:money -:money 2.0:money -:money 18.0:money +:money =:money
EXPR: 0 | POS | INT | 2 | 1 | 15 | x=(((8.0-13.0)+18.0)+2.0) | x 8.0 13.0 - 18.0 + 2.0 + = | x:money 8.0:money 13.0:money -:money 18.0:money +:money 2.0:money +:money =:money
EXPR: 0 | POS | INT | 2 | 1 | 37 | x=((8.0+13.0)+(18.0-2.0)) | x 8.0 13.0 + 18.0 2.0 - + = | x:money 8.0:money 13.0:money +:money 18.0:money 2.0:money -:money +:money =:money
EXPR: 0 | POS | INT | 2 | 1 | 37 | 8.0=((x-13.0)+(2.0-18.0)) | 8.0 x 13.0 - 2.0 18.0 - + = | 8.0:money x:money 13.0:money -:money 2.0:money 18.0:money -:money +:money =:money
EXPR: 0 | POS | INT | 2 | 1 | 11 | 8.0=(((x+13.0)+2.0)-18.0) | 8.0 x 13.0 + 2.0 + 18.0 - = | 8.0:money x:money 13.0:money +:money 2.0:money +:money 18.0:money -:money =:money
EXPR: 0 | POS | INT | 2 | 1 | 25 | x=(13.0-((8.0-2.0)-18.0)) | x 13.0 8.0 2.0 - 18.0 - - = | x:money 13.0:money 8.0:money 2.0:money -:money 18.0:money -:money -:money =:money
EXPR: 0 | POS | INT | 2 | 1 | 11 | 8.0=(13.0+((x+2.0)-18.0)) | 8.0 13.0 x 2.0 + 18.0 - + = | 8.0:money 13.0:money x:money 2.0:money +:money 18.0:money -:money +:money =:money
EXPR: 0 | POS | INT | 2 | 1 | 5 | x=(8.0+((13.0-18.0)+2.0)) | x 8.0 13.0 18.0 - 2.0 + + = | x:money 8.0:money 13.0:money 18.0:money -:money 2.0:money +:money +:money =:money
EXPR: 0 | POS | INT | 2 | 1 | 11 | (((8.0-13.0)+18.0)-2.0)=x | 8.0 13.0 - 18.0 + 2.0 - x = | 8.0:money 13.0:money -:money 18.0:money +:money 2.0:money -:money x:money =:money
EXPR: 0 | POS | INT | 2 | 1 | 41 | 8.0=((x-13.0)-(2.0+18.0)) | 8.0 x 13.0 - 2.0 18.0 + - = | 8.0:money x:money 13.0:money -:money 2.0:money 18.0:money +:money -:money =:money
EXPR: 0 | POS | INT | 2 | 1 | 15 | 8.0=((x+13.0)-(2.0+18.0)) | 8.0 x 13.0 + 2.0 18.0 + - = | 8.0:money x:money 13.0:money +:money 2.0:money 18.0:money +:money -:money =:money
EXPR: 0 | POS | INT | 2 | 1 | 11 | x=(8.0-((13.0-18.0)+2.0)) | x 8.0 13.0 18.0 - 2.0 + - = | x:money 8.0:money 13.0:money 18.0:money -:money 2.0:money +:money -:money =:money
EXPR: 0 | POS | INT | 2 | 1 | 25 | ((8.0+(x-13.0))-2.0)=18.0 | 8.0 x 13.0 - + 2.0 - 18.0 = | 8.0:money x:money 13.0:money -:money +:money 2.0:money -:money 18.0:money =:money
EXPR: 0 | POS | INT | 2 | 1 | 41 | x=(8.0+((13.0+18.0)+2.0)) | x 8.0 13.0 18.0 + 2.0 + + = | x:money 8.0:money 13.0:money 18.0:money +:money 2.0:money +:money +:money =:money
EXPR: 1 | POS | INT | 2 | 1 | 1 | 8.0=(((x-13.0)+2.0)+18.0) | 8.0 x 13.0 - 2.0 + 18.0 + = | 8.0:money x:money 13.0:money -:money 2.0:money +:money 18.0:money +:money =:money
EXPR: 0 | POS | INT | 2 | 1 | 25 | x=(13.0-(8.0-(2.0+18.0))) | x 13.0 8.0 2.0 18.0 + - - = | x:money 13.0:money 8.0:money 2.0:money 18.0:money +:money -:money -:money =:money
EXPR: 0 | POS | INT | 2 | 1 | 5 | 8.0=((x-13.0)-(2.0-18.0)) | 8.0 x 13.0 - 2.0 18.0 - - = | 8.0:money x:money 13.0:money -:money 2.0:money 18.0:money -:money -:money =:money
EXPR: 0 | POS | INT | 2 | 1 | 15 | 8.0=(((x+13.0)-2.0)-18.0) | 8.0 x 13.0 + 2.0 - 18.0 - = | 8.0:money x:money 13.0:money +:money 2.0:money -:money 18.0:money -:money =:money
EXPR: 1 | POS | INT | 2 | 1 | 1 | 8.0=((x-13.0)+(2.0+18.0)) | 8.0 x 13.0 - 2.0 18.0 + + = | 8.0:money x:money 13.0:money -:money 2.0:money 18.0:money +:money +:money =:money
EXPR: 1 | POS | INT | 2 | 1 | 1 | x=(13.0+(8.0-(2.0+18.0))) | x 13.0 8.0 2.0 18.0 + - + = | x:money 13.0:money 8.0:money 2.0:money 18.0:money +:money -:money +:money =:money
EXPR: 0 | POS | INT | 2 | 1 | 21 | 8.0=(13.0-((x+2.0)-18.0)) | 8.0 13.0 x 2.0 + 18.0 - - = | 8.0:money 13.0:money x:money 2.0:money +:money 18.0:money -:money -:money =:money
EXPR: 0 | POS | INT | 2 | 1 | 41 | x=(13.0+(8.0+(2.0+18.0))) | x 13.0 8.0 2.0 18.0 + + + = | x:money 13.0:money 8.0:money 2.0:money 18.0:money +:money +:money +:money =:money
EXPR: 0 | POS | INT | 2 | 1 | 21 | (13.0-((8.0+2.0)-18.0))=x | 13.0 8.0 2.0 + 18.0 - - x = | 13.0:money 8.0:money 2.0:money +:money 18.0:money -:money -:money x:money =:money
EXPR: 0 | POS | INT | 2 | 1 | 21 | (((8.0+x)-13.0)+2.0)=18.0 | 8.0 x + 13.0 - 2.0 + 18.0 = | 8.0:money x:money +:money 13.0:money -:money 2.0:money +:money 18.0:money =:money
EXPR: 0 | POS | INT | 2 | 1 | 11 | x=(((8.0-13.0)+18.0)-2.0) | x 8.0 13.0 - 18.0 + 2.0 - = | x:money 8.0:money 13.0:money -:money 18.0:money +:money 2.0:money -:money =:money
EXPR: 0 | POS | INT | 2 | 1 | 11 | 8.0=((x+13.0)+(2.0-18.0)) | 8.0 x 13.0 + 2.0 18.0 - + = | 8.0:money x:money 13.0:money +:money 2.0:money 18.0:money -:money +:money =:money
EXPR: 0 | POS | INT | 2 | 1 | 41 | x=(((8.0+13.0)+18.0)+2.0) | x 8.0 13.0 + 18.0 + 2.0 + = | x:money 8.0:money 13.0:money +:money 18.0:money +:money 2.0:money +:money =:money
EXPR: 0 | POS | INT | 2 | 1 | 21 | x=(13.0-(8.0+(2.0-18.0))) | x 13.0 8.0 2.0 18.0 - + - = | x:money 13.0:money 8.0:money 2.0:money 18.0:money -:money +:money -:money =:money
EXPR: 0 | POS | INT | 2 | 1 | 37 | 8.0=(((x-13.0)+2.0)-18.0) | 8.0 x 13.0 - 2.0 + 18.0 - = | 8.0:money x:money 13.0:money -:money 2.0:money +:money 18.0:money -:money =:money
EXPR: 0 | POS | INT | 2 | 1 | 11 | 8.0=(13.0+(2.0-(18.0-x))) | 8.0 13.0 2.0 18.0 x - - + = | 8.0:money 13.0:money 2.0:money 18.0:money x:money -:money -:money +:money =:money
EXPR: 1 | POS | INT | 2 | 1 | 1 | (((8.0+13.0)-2.0)-x)=18.0 | 8.0 13.0 + 2.0 - x - 18.0 = | 8.0:money 13.0:money +:money 2.0:money -:money x:money -:money 18.0:money =:money
EXPR: 0 | POS | INT | 2 | 1 | 21 | 8.0=(13.0-(2.0-(18.0-x))) | 8.0 13.0 2.0 18.0 x - - - = | 8.0:money 13.0:money 2.0:money 18.0:money x:money -:money -:money -:money =:money
EXPR: 0 | POS | INT | 2 | 1 | 25 | 8.0=(13.0+(2.0+(18.0-x))) | 8.0 13.0 2.0 18.0 x - + + = | 8.0:money 13.0:money 2.0:money 18.0:money x:money -:money +:money +:money =:money
EXPR: 0 | POS | INT | 2 | 1 | 21 | (((8.0-13.0)+2.0)+x)=18.0 | 8.0 13.0 - 2.0 + x + 18.0 = | 8.0:money 13.0:money -:money 2.0:money +:money x:money +:money 18.0:money =:money
EXPR: 1 | POS | INT | 2 | 1 | 1 | (((8.0-2.0)+13.0)-18.0)=x | 8.0 2.0 - 13.0 + 18.0 - x = | 8.0:money 2.0:money -:money 13.0:money +:money 18.0:money -:money x:money =:money
EXPR: 1 | POS | INT | 2 | 1 | 1 | (13.0+((8.0-2.0)-18.0))=x | 13.0 8.0 2.0 - 18.0 - + x = | 13.0:money 8.0:money 2.0:money -:money 18.0:money -:money +:money x:money =:money
EXPR: 0 | POS | INT | 2 | 1 | 25 | (8.0-((13.0+2.0)-x))=18.0 | 8.0 13.0 2.0 + x - - 18.0 = | 8.0:money 13.0:money 2.0:money +:money x:money -:money -:money 18.0:money =:money
EXPR: 0 | POS | INT | 2 | 1 | 41 | x=(13.0+((8.0+2.0)+18.0)) | x 13.0 8.0 2.0 + 18.0 + + = | x:money 13.0:money 8.0:money 2.0:money +:money 18.0:money +:money +:money =:money
EXPR: 1 | POS | INT | 2 | 1 | 1 | (8.0+((13.0-18.0)-2.0))=x | 8.0 13.0 18.0 - 2.0 - + x = | 8.0:money 13.0:money 18.0:money -:money 2.0:money -:money +:money x:money =:money
EXPR: 0 | POS | INT | 2 | 1 | 37 | x=((8.0-(2.0-13.0))+18.0) | x 8.0 2.0 13.0 - - 18.0 + = | x:money 8.0:money 2.0:money 13.0:money -:money -:money 18.0:money +:money =:money
EXPR: 0 | POS | INT | 2 | 1 | 15 | x=((8.0+(2.0-13.0))+18.0) | x 8.0 2.0 13.0 - + 18.0 + = | x:money 8.0:money 2.0:money 13.0:money -:money +:money 18.0:money +:money =:money
EXPR: 1 | POS | INT | 2 | 1 | 1 | x=((8.0-(2.0-13.0))-18.0) | x 8.0 2.0 13.0 - - 18.0 - = | x:money 8.0:money 2.0:money 13.0:money -:money -:money 18.0:money -:money =:money
EXPR: 0 | POS | INT | 2 | 1 | 5 | (8.0+((13.0+2.0)-x))=18.0 | 8.0 13.0 2.0 + x - + 18.0 = | 8.0:money 13.0:money 2.0:money +:money x:money -:money +:money 18.0:money =:money
EXPR: 0 | POS | INT | 2 | 1 | 15 | ((8.0+(2.0-13.0))+18.0)=x | 8.0 2.0 13.0 - + 18.0 + x = | 8.0:money 2.0:money 13.0:money -:money +:money 18.0:money +:money x:money =:money
EXPR: 0 | POS | INT | 2 | 1 | 37 | ((8.0+13.0)+(18.0-2.0))=x | 8.0 13.0 + 18.0 2.0 - + x = | 8.0:money 13.0:money +:money 18.0:money 2.0:money -:money +:money x:money =:money
EXPR: 0 | POS | INT | 2 | 1 | 21 | ((8.0+(x-13.0))+2.0)=18.0 | 8.0 x 13.0 - + 2.0 + 18.0 = | 8.0:money x:money 13.0:money -:money +:money 2.0:money +:money 18.0:money =:money
EXPR: 0 | POS | INT | 2 | 1 | 21 | (8.0-((13.0-2.0)-x))=18.0 | 8.0 13.0 2.0 - x - - 18.0 = | 8.0:money 13.0:money 2.0:money -:money x:money -:money -:money 18.0:money =:money
EXPR: 0 | POS | INT | 2 | 1 | 21 | 8.0=(((13.0-x)-2.0)+18.0) | 8.0 13.0 x - 2.0 - 18.0 + = | 8.0:money 13.0:money x:money -:money 2.0:money -:money 18.0:money +:money =:money
EXPR: 1 | POS | INT | 2 | 1 | 1 | (8.0+((13.0-2.0)-x))=18.0 | 8.0 13.0 2.0 - x - + 18.0 = | 8.0:money 13.0:money 2.0:money -:money x:money -:money +:money 18.0:money =:money
EXPR: 0 | POS | INT | 2 | 1 | 21 | x=(((13.0-8.0)-2.0)+18.0) | x 13.0 8.0 - 2.0 - 18.0 + = | x:money 13.0:money 8.0:money -:money 2.0:money -:money 18.0:money +:money =:money
EXPR: 0 | POS | INT | 2 | 1 | 21 | x=((13.0-8.0)-(2.0-18.0)) | x 13.0 8.0 - 2.0 18.0 - - = | x:money 13.0:money 8.0:money -:money 2.0:money 18.0:money -:money -:money =:money
EXPR: 0 | POS | INT | 2 | 1 | 25 | 8.0=(((13.0-x)+2.0)+18.0) | 8.0 13.0 x - 2.0 + 18.0 + = | 8.0:money 13.0:money x:money -:money 2.0:money +:money 18.0:money +:money =:money
EXPR: 0 | POS | INT | 2 | 1 | 25 | ((x+8.0)-(13.0+2.0))=18.0 | x 8.0 + 13.0 2.0 + - 18.0 = | x:money 8.0:money +:money 13.0:money 2.0:money +:money -:money 18.0:money =:money
EXPR: 0 | POS | INT | 2 | 1 | 21 | ((x+8.0)-(13.0-2.0))=18.0 | x 8.0 + 13.0 2.0 - - 18.0 = | x:money 8.0:money +:money 13.0:money 2.0:money -:money -:money 18.0:money =:money
EXPR: 0 | POS | INT | 2 | 1 | 41 | ((x-8.0)-(13.0+2.0))=18.0 | x 8.0 - 13.0 2.0 + - 18.0 = | x:money 8.0:money -:money 13.0:money 2.0:money +:money -:money 18.0:money =:money
EXPR: 0 | POS | INT | 2 | 1 | 15 | 8.0=(((13.0+x)-2.0)-18.0) | 8.0 13.0 x + 2.0 - 18.0 - = | 8.0:money 13.0:money x:money +:money 2.0:money -:money 18.0:money -:money =:money
EXPR: 0 | POS | INT | 2 | 1 | 11 | ((x-8.0)+(13.0+2.0))=18.0 | x 8.0 - 13.0 2.0 + + 18.0 = | x:money 8.0:money -:money 13.0:money 2.0:money +:money +:money 18.0:money =:money
EXPR: 1 | POS | INT | 2 | 1 | 1 | (((8.0+13.0)-x)-2.0)=18.0 | 8.0 13.0 + x - 2.0 - 18.0 = | 8.0:money 13.0:money +:money x:money -:money 2.0:money -:money 18.0:money =:money
EXPR: 1 | POS | INT | 2 | 1 | 1 | ((8.0-(2.0-13.0))-18.0)=x | 8.0 2.0 13.0 - - 18.0 - x = | 8.0:money 2.0:money 13.0:money -:money -:money 18.0:money -:money x:money =:money
EXPR: 0 | POS | INT | 2 | 1 | 21 | (((8.0-13.0)+x)+2.0)=18.0 | 8.0 13.0 - x + 2.0 + 18.0 = | 8.0:money 13.0:money -:money x:money +:money 2.0:money +:money 18.0:money =:money
EXPR: 0 | POS | INT | 2 | 1 | 5 | (((8.0+13.0)-x)+2.0)=18.0 | 8.0 13.0 + x - 2.0 + 18.0 = | 8.0:money 13.0:money +:money x:money -:money 2.0:money +:money 18.0:money =:money
EXPR: 0 | POS | INT | 2 | 1 | 11 | 8.0=(13.0+(x+(2.0-18.0))) | 8.0 13.0 x 2.0 18.0 - + + = | 8.0:money 13.0:money x:money 2.0:money 18.0:money -:money +:money +:money =:money
EXPR: 0 | POS | INT | 2 | 1 | 25 | 8.0=(13.0-(x-(2.0+18.0))) | 8.0 13.0 x 2.0 18.0 + - - = | 8.0:money 13.0:money x:money 2.0:money 18.0:money +:money -:money -:money =:money
EXPR: 0 | POS | INT | 2 | 1 | 37 | ((x-8.0)-(13.0-2.0))=18.0 | x 8.0 - 13.0 2.0 - - 18.0 = | x:money 8.0:money -:money 13.0:money 2.0:money -:money -:money 18.0:money =:money
EXPR: 0 | POS | INT | 2 | 1 | 15 | x=(8.0-((13.0-18.0)-2.0)) | x 8.0 13.0 18.0 - 2.0 - - = | x:money 8.0:money 13.0:money 18.0:money -:money 2.0:money -:money -:money =:money
EXPR: 0 | POS | INT | 2 | 1 | 11 | (x-(8.0-(13.0+2.0)))=18.0 | x 8.0 13.0 2.0 + - - 18.0 = | x:money 8.0:money 13.0:money 2.0:money +:money -:money -:money 18.0:money =:money
EXPR: 0 | POS | INT | 2 | 1 | 25 | (x+(8.0-(13.0+2.0)))=18.0 | x 8.0 13.0 2.0 + - + 18.0 = | x:money 8.0:money 13.0:money 2.0:money +:money -:money +:money 18.0:money =:money
EXPR: 0 | POS | INT | 2 | 1 | 41 | (x-(8.0+(13.0+2.0)))=18.0 | x 8.0 13.0 2.0 + + - 18.0 = | x:money 8.0:money 13.0:money 2.0:money +:money +:money -:money 18.0:money =:money
EXPR: 0 | POS | INT | 2 | 1 | 21 | ((13.0-8.0)-(2.0-18.0))=x | 13.0 8.0 - 2.0 18.0 - - x = | 13.0:money 8.0:money -:money 2.0:money 18.0:money -:money -:money x:money =:money
EXPR: 0 | POS | INT | 2 | 1 | 5 | x=(8.0+(13.0-(18.0-2.0))) | x 8.0 13.0 18.0 2.0 - - + = | x:money 8.0:money 13.0:money 18.0:money 2.0:money -:money -:money +:money =:money
EXPR: 0 | POS | INT | 2 | 1 | 11 | x=(8.0-(13.0-(18.0-2.0))) | x 8.0 13.0 18.0 2.0 - - - = | x:money 8.0:money 13.0:money 18.0:money 2.0:money -:money -:money -:money =:money
EXPR: 0 | POS | INT | 2 | 1 | 15 | (x-(8.0-(13.0-2.0)))=18.0 | x 8.0 13.0 2.0 - - - 18.0 = | x:money 8.0:money 13.0:money 2.0:money -:money -:money -:money 18.0:money =:money
EXPR: 0 | POS | INT | 2 | 1 | 21 | (8.0-(13.0-(2.0+x)))=18.0 | 8.0 13.0 2.0 x + - - 18.0 = | 8.0:money 13.0:money 2.0:money x:money +:money -:money -:money 18.0:money =:money
EXPR: 0 | POS | INT | 2 | 1 | 5 | (8.0+(13.0+(2.0-x)))=18.0 | 8.0 13.0 2.0 x - + + 18.0 = | 8.0:money 13.0:money 2.0:money x:money -:money +:money +:money 18.0:money =:money
EXPR: 1 | POS | INT | 2 | 1 | 1 | (8.0-((x-13.0)+2.0))=18.0 | 8.0 x 13.0 - 2.0 + - 18.0 = | 8.0:money x:money 13.0:money -:money 2.0:money +:money -:money 18.0:money =:money
EXPR: 1 | POS | INT | 2 | 1 | 1 | (8.0+(13.0-(2.0+x)))=18.0 | 8.0 13.0 2.0 x + - + 18.0 = | 8.0:money 13.0:money 2.0:money x:money +:money -:money +:money 18.0:money =:money
EXPR: 0 | POS | INT | 4 | 1 | 37 | 8.0=(((2.0-13.0)-18.0)+x) | 8.0 2.0 13.0 - 18.0 - x + = | 8.0:money 2.0:money 13.0:money -:money 18.0:money -:money x:money +:money =:money
EXPR: 1 | POS | INT | 4 | 1 | 1 | (8.0-((x+2.0)-13.0))=18.0 | 8.0 x 2.0 + 13.0 - - 18.0 = | 8.0:money x:money 2.0:money +:money 13.0:money -:money -:money 18.0:money =:money
EXPR: 0 | POS | INT | 4 | 1 | 37 | (13.0+((8.0+18.0)-2.0))=x | 13.0 8.0 18.0 + 2.0 - + x = | 13.0:money 8.0:money 18.0:money +:money 2.0:money -:money +:money x:money =:money
EXPR: 0 | POS | INT | 4 | 1 | 21 | (8.0+((x+2.0)-13.0))=18.0 | 8.0 x 2.0 + 13.0 - + 18.0 = | 8.0:money x:money 2.0:money +:money 13.0:money -:money +:money 18.0:money =:money
EXPR: 0 | POS | INT | 4 | 1 | 5 | x=(13.0+((8.0-18.0)+2.0)) | x 13.0 8.0 18.0 - 2.0 + + = | x:money 13.0:money 8.0:money 18.0:money -:money 2.0:money +:money +:money =:money
EXPR: 0 | POS | INT | 4 | 1 | 37 | x=(13.0+((8.0+18.0)-2.0)) | x 13.0 8.0 18.0 + 2.0 - + = | x:money 13.0:money 8.0:money 18.0:money +:money 2.0:money -:money +:money =:money
EXPR: 0 | POS | INT | 4 | 1 | 25 | (8.0+((x-2.0)-13.0))=18.0 | 8.0 x 2.0 - 13.0 - + 18.0 = | 8.0:money x:money 2.0:money -:money 13.0:money -:money +:money 18.0:money =:money
EXPR: 0 | POS | INT | 4 | 1 | 5 | (8.0-((x-2.0)-13.0))=18.0 | 8.0 x 2.0 - 13.0 - - 18.0 = | 8.0:money x:money 2.0:money -:money 13.0:money -:money -:money 18.0:money =:money
EXPR: 0 | POS | INT | 4 | 1 | 21 | x=((13.0-8.0)+(18.0-2.0)) | x 13.0 8.0 - 18.0 2.0 - + = | x:money 13.0:money 8.0:money -:money 18.0:money 2.0:money -:money +:money =:money
EXPR: 0 | POS | INT | 4 | 1 | 25 | ((8.0+(x-13.0))-18.0)=2.0 | 8.0 x 13.0 - + 18.0 - 2.0 = | 8.0:money x:money 13.0:money -:money +:money 18.0:money -:money 2.0:money =:money
EXPR: 0 | POS | INT | 4 | 1 | 21 | (((8.0+2.0)-13.0)+x)=18.0 | 8.0 2.0 + 13.0 - x + 18.0 = | 8.0:money 2.0:money +:money 13.0:money -:money x:money +:money 18.0:money =:money
EXPR: 0 | POS | INT | 4 | 1 | 11 | (((8.0-x)-13.0)+18.0)=2.0 | 8.0 x - 13.0 - 18.0 + 2.0 = | 8.0:money x:money -:money 13.0:money -:money 18.0:money +:money 2.0:money =:money
EXPR: 0 | POS | INT | 4 | 1 | 21 | 8.0=((13.0-x)+(18.0-2.0)) | 8.0 13.0 x - 18.0 2.0 - + = | 8.0:money 13.0:money x:money -:money 18.0:money 2.0:money -:money +:money =:money
EXPR: 0 | POS | INT | 4 | 1 | 15 | 8.0=((13.0+(x-18.0))-2.0) | 8.0 13.0 x 18.0 - + 2.0 - = | 8.0:money 13.0:money x:money 18.0:money -:money +:money 2.0:money -:money =:money
EXPR: 0 | POS | INT | 4 | 1 | 11 | (((8.0-13.0)+18.0)-x)=2.0 | 8.0 13.0 - 18.0 + x - 2.0 = | 8.0:money 13.0:money -:money 18.0:money +:money x:money -:money 2.0:money =:money
EXPR: 0 | POS | INT | 4 | 1 | 25 | (((8.0+x)-13.0)-18.0)=2.0 | 8.0 x + 13.0 - 18.0 - 2.0 = | 8.0:money x:money +:money 13.0:money -:money 18.0:money -:money 2.0:money =:money
EXPR: 0 | POS | INT | 4 | 1 | 11 | 8.0=((13.0+x)-(18.0-2.0)) | 8.0 13.0 x + 18.0 2.0 - - = | 8.0:money 13.0:money x:money +:money 18.0:money 2.0:money -:money -:money =:money
EXPR: 0 | POS | INT | 4 | 1 | 11 | 8.0=((13.0+(x-18.0))+2.0) | 8.0 13.0 x 18.0 - + 2.0 + = | 8.0:money 13.0:money x:money 18.0:money -:money +:money 2.0:money +:money =:money
EXPR: 0 | POS | INT | 4 | 1 | 37 | (((8.0-x)+13.0)+18.0)=2.0 | 8.0 x - 13.0 + 18.0 + 2.0 = | 8.0:money x:money -:money 13.0:money +:money 18.0:money +:money 2.0:money =:money
EXPR: 0 | POS | INT | 4 | 1 | 25 | x=(((13.0-8.0)+18.0)+2.0) | x 13.0 8.0 - 18.0 + 2.0 + = | x:money 13.0:money 8.0:money -:money 18.0:money +:money 2.0:money +:money =:money
EXPR: 0 | POS | INT | 4 | 1 | 11 | 8.0=(((x+13.0)-18.0)+2.0) | 8.0 x 13.0 + 18.0 - 2.0 + = | 8.0:money x:money 13.0:money +:money 18.0:money -:money 2.0:money +:money =:money
EXPR: 0 | POS | INT | 4 | 1 | 21 | 13.0=(8.0+(2.0-(18.0-x))) | 13.0 8.0 2.0 18.0 x - - + = | 13.0:money 8.0:money 2.0:money 18.0:money x:money -:money -:money +:money =:money
EXPR: 0 | POS | INT | 4 | 1 | 21 | 13.0=(8.0+((x+2.0)-18.0)) | 13.0 8.0 x 2.0 + 18.0 - + = | 13.0:money 8.0:money x:money 2.0:money +:money 18.0:money -:money +:money =:money
EXPR: 0 | POS | INT | 4 | 1 | 5 | 8.0=(((x-13.0)+18.0)-2.0) | 8.0 x 13.0 - 18.0 + 2.0 - = | 8.0:money x:money 13.0:money -:money 18.0:money +:money 2.0:money -:money =:money
EXPR: 0 | POS | INT | 4 | 1 | 37 | (((8.0+13.0)+18.0)-x)=2.0 | 8.0 13.0 + 18.0 + x - 2.0 = | 8.0:money 13.0:money +:money 18.0:money +:money x:money -:money 2.0:money =:money
EXPR: 0 | POS | INT | 4 | 1 | 15 | 13.0=(8.0+(2.0+(18.0-x))) | 13.0 8.0 2.0 18.0 x - + + = | 13.0:money 8.0:money 2.0:money 18.0:money x:money -:money +:money +:money =:money
EXPR: 0 | POS | INT | 4 | 1 | 11 | 13.0=(8.0-((x+2.0)-18.0)) | 13.0 8.0 x 2.0 + 18.0 - - = | 13.0:money 8.0:money x:money 2.0:money +:money 18.0:money -:money -:money =:money
EXPR: 0 | POS | INT | 4 | 1 | 37 | 8.0=(((x-13.0)-18.0)+2.0) | 8.0 x 13.0 - 18.0 - 2.0 + = | 8.0:money x:money 13.0:money -:money 18.0:money -:money 2.0:money +:money =:money
EXPR: 0 | POS | INT | 4 | 1 | 5 | (13.0+((8.0-18.0)+2.0))=x | 13.0 8.0 18.0 - 2.0 + + x = | 13.0:money 8.0:money 18.0:money -:money 2.0:money +:money +:money x:money =:money
EXPR: 0 | POS | INT | 4 | 1 | 11 | (((13.0-8.0)+x)+2.0)=18.0 | 13.0 8.0 - x + 2.0 + 18.0 = | 13.0:money 8.0:money -:money x:money +:money 2.0:money +:money 18.0:money =:money
EXPR: 0 | POS | INT | 4 | 1 | 21 | ((8.0+x)+(2.0-13.0))=18.0 | 8.0 x + 2.0 13.0 - + 18.0 = | 8.0:money x:money +:money 2.0:money 13.0:money -:money +:money 18.0:money =:money
EXPR: 0 | POS | INT | 4 | 1 | 25 | 8.0=((13.0-(x-18.0))+2.0) | 8.0 13.0 x 18.0 - - 2.0 + = | 8.0:money 13.0:money x:money 18.0:money -:money -:money 2.0:money +:money =:money
EXPR: 1 | POS | INT | 4 | 1 | 1 | 8.0=(((x-13.0)+18.0)+2.0) | 8.0 x 13.0 - 18.0 + 2.0 + = | 8.0:money x:money 13.0:money -:money 18.0:money +:money 2.0:money +:money =:money
EXPR: 0 | POS | INT | 4 | 1 | 15 | 8.0=(((x+13.0)-18.0)-2.0) | 8.0 x 13.0 + 18.0 - 2.0 - = | 8.0:money x:money 13.0:money +:money 18.0:money -:money 2.0:money -:money =:money
EXPR: 0 | POS | INT | 4 | 1 | 25 | (8.0-((13.0+18.0)-x))=2.0 | 8.0 13.0 18.0 + x - - 2.0 = | 8.0:money 13.0:money 18.0:money +:money x:money -:money -:money 2.0:money =:money
EXPR: 0 | POS | INT | 4 | 1 | 37 | (8.0+((13.0+18.0)-x))=2.0 | 8.0 13.0 18.0 + x - + 2.0 = | 8.0:money 13.0:money 18.0:money +:money x:money -:money +:money 2.0:money =:money
EXPR: 0 | POS | INT | 4 | 1 | 11 | 8.0=(2.0+(13.0-(18.0-x))) | 8.0 2.0 13.0 18.0 x - - + = | 8.0:money 2.0:money 13.0:money 18.0:money x:money -:money -:money +:money =:money
EXPR: 1 | POS | INT | 4 | 1 | 1 | ((8.0+13.0)-(x+18.0))=2.0 | 8.0 13.0 + x 18.0 + - 2.0 = | 8.0:money 13.0:money +:money x:money 18.0:money +:money -:money 2.0:money =:money
EXPR: 0 | POS | INT | 4 | 1 | 11 | (8.0-((13.0-18.0)+x))=2.0 | 8.0 13.0 18.0 - x + - 2.0 = | 8.0:money 13.0:money 18.0:money -:money x:money +:money -:money 2.0:money =:money
EXPR: 1 | POS | INT | 4 | 1 | 1 | (((13.0-x)+8.0)-2.0)=18.0 | 13.0 x - 8.0 + 2.0 - 18.0 = | 13.0:money x:money -:money 8.0:money +:money 2.0:money -:money 18.0:money =:money
EXPR: 0 | POS | INT | 4 | 1 | 37 | ((8.0+13.0)-(x-18.0))=2.0 | 8.0 13.0 + x 18.0 - - 2.0 = | 8.0:money 13.0:money +:money x:money 18.0:money -:money -:money 2.0:money =:money
EXPR: 0 | POS | INT | 4 | 1 | 25 | 8.0=(2.0+(13.0+(18.0-x))) | 8.0 2.0 13.0 18.0 x - + + = | 8.0:money 2.0:money 13.0:money 18.0:money x:money -:money +:money +:money =:money
EXPR: 1 | POS | INT | 4 | 1 | 1 | (((8.0-x)-2.0)+13.0)=18.0 | 8.0 x - 2.0 - 13.0 + 18.0 = | 8.0:money x:money -:money 2.0:money -:money 13.0:money +:money 18.0:money =:money
EXPR: 1 | POS | INT | 4 | 1 | 1 | (8.0-((2.0-13.0)+x))=18.0 | 8.0 2.0 13.0 - x + - 18.0 = | 8.0:money 2.0:money 13.0:money -:money x:money +:money -:money 18.0:money =:money
EXPR: 1 | POS | INT | 4 | 1 | 1 | 8.0=(2.0-(13.0-(18.0+x))) | 8.0 2.0 13.0 18.0 x + - - = | 8.0:money 2.0:money 13.0:money 18.0:money x:money +:money -:money -:money =:money
EXPR: 0 | POS | INT | 4 | 1 | 25 | (x+(8.0-(13.0+18.0)))=2.0 | x 8.0 13.0 18.0 + - + 2.0 = | x:money 8.0:money 13.0:money 18.0:money +:money -:money +:money 2.0:money =:money
EXPR: 0 | POS | INT | 4 | 1 | 21 | (8.0+((2.0-13.0)+x))=18.0 | 8.0 2.0 13.0 - x + + 18.0 = | 8.0:money 2.0:money 13.0:money -:money x:money +:money +:money 18.0:money =:money
EXPR: 0 | POS | INT | 4 | 1 | 15 | (x-(8.0-(13.0-18.0)))=2.0 | x 8.0 13.0 18.0 - - - 2.0 = | x:money 8.0:money 13.0:money 18.0:money -:money -:money -:money 2.0:money =:money
EXPR: 0 | POS | INT | 4 | 1 | 5 | (x-(8.0+(13.0-18.0)))=2.0 | x 8.0 13.0 18.0 - + - 2.0 = | x:money 8.0:money 13.0:money 18.0:money -:money +:money -:money 2.0:money =:money
EXPR: 0 | POS | INT | 4 | 1 | 41 | (x-(8.0+(13.0+18.0)))=2.0 | x 8.0 13.0 18.0 + + - 2.0 = | x:money 8.0:money 13.0:money 18.0:money +:money +:money -:money 2.0:money =:money
EXPR: 0 | POS | INT | 4 | 1 | 37 | ((8.0+13.0)+(18.0-x))=2.0 | 8.0 13.0 + 18.0 x - + 2.0 = | 8.0:money 13.0:money +:money 18.0:money x:money -:money +:money 2.0:money =:money
EXPR: 0 | POS | INT | 4 | 1 | 15 | ((13.0-(8.0-x))-2.0)=18.0 | 13.0 8.0 x - - 2.0 - 18.0 = | 13.0:money 8.0:money x:money -:money -:money 2.0:money -:money 18.0:money =:money
EXPR: 0 | POS | INT | 4 | 1 | 37 | ((8.0-(x-13.0))+18.0)=2.0 | 8.0 x 13.0 - - 18.0 + 2.0 = | 8.0:money x:money 13.0:money -:money -:money 18.0:money +:money 2.0:money =:money
EXPR: 0 | POS | INT | 4 | 1 | 11 | ((8.0-(x+13.0))+18.0)=2.0 | 8.0 x 13.0 + - 18.0 + 2.0 = | 8.0:money x:money 13.0:money +:money -:money 18.0:money +:money 2.0:money =:money
EXPR: 0 | POS | INT | 4 | 1 | 5 | 13.0=(((x-8.0)-2.0)+18.0) | 13.0 x 8.0 - 2.0 - 18.0 + = | 13.0:money x:money 8.0:money -:money 2.0:money -:money 18.0:money +:money =:money
EXPR: 1 | POS | INT | 4 | 1 | 1 | ((13.0+(8.0-x))-2.0)=18.0 | 13.0 8.0 x - + 2.0 - 18.0 = | 13.0:money 8.0:money x:money -:money +:money 2.0:money -:money 18.0:money =:money
EXPR: 0 | POS | INT | 4 | 1 | 25 | 8.0=(2.0+(13.0-(x-18.0))) | 8.0 2.0 13.0 x 18.0 - - + = | 8.0:money 2.0:money 13.0:money x:money 18.0:money -:money -:money +:money =:money
EXPR: 0 | POS | INT | 4 | 1 | 5 | ((13.0+(8.0-x))+2.0)=18.0 | 13.0 8.0 x - + 2.0 + 18.0 = | 13.0:money 8.0:money x:money -:money +:money 2.0:money +:money 18.0:money =:money
EXPR: 0 | POS | INT | 4 | 1 | 11 | 8.0=(2.0+(13.0+(x-18.0))) | 8.0 2.0 13.0 x 18.0 - + + = | 8.0:money 2.0:money 13.0:money x:money 18.0:money -:money +:money +:money =:money
EXPR: 0 | POS | INT | 4 | 1 | 25 | ((8.0+(x-2.0))-13.0)=18.0 | 8.0 x 2.0 - + 13.0 - 18.0 = | 8.0:money x:money 2.0:money -:money +:money 13.0:money -:money 18.0:money =:money
EXPR: 0 | POS | INT | 4 | 1 | 25 | ((8.0-13.0)-(18.0-x))=2.0 | 8.0 13.0 - 18.0 x - - 2.0 = | 8.0:money 13.0:money -:money 18.0:money x:money -:money -:money 2.0:money =:money
EXPR: 1 | POS | INT | 4 | 1 | 1 | x=(13.0+((8.0-18.0)-2.0)) | x 13.0 8.0 18.0 - 2.0 - + = | x:money 13.0:money 8.0:money 18.0:money -:money 2.0:money -:money +:money =:money
EXPR: 0 | POS | INT | 4 | 1 | 5 | x=(13.0+(8.0-(18.0-2.0))) | x 13.0 8.0 18.0 2.0 - - + = | x:money 13.0:money 8.0:money 18.0:money 2.0:money -:money -:money +:money =:money
EXPR: 0 | POS | INT | 4 | 1 | 25 | 8.0=(((2.0-x)+13.0)+18.0) | 8.0 2.0 x - 13.0 + 18.0 + = | 8.0:money 2.0:money x:money -:money 13.0:money +:money 18.0:money +:money =:money
EXPR: 0 | POS | INT | 4 | 1 | 25 | (((x+8.0)-13.0)-18.0)=2.0 | x 8.0 + 13.0 - 18.0 - 2.0 = | x:money 8.0:money +:money 13.0:money -:money 18.0:money -:money 2.0:money =:money
EXPR: 1 | POS | INT | 4 | 1 | 1 | 8.0=(((2.0+x)-13.0)+18.0) | 8.0 2.0 x + 13.0 - 18.0 + = | 8.0:money 2.0:money x:money +:money 13.0:money -:money 18.0:money +:money =:money
EXPR: 0 | POS | INT | 4 | 1 | 25 | 13.0=(8.0+((x-2.0)-18.0)) | 13.0 8.0 x 2.0 - 18.0 - + = | 13.0:money 8.0:money x:money 2.0:money -:money 18.0:money -:money +:money =:money
EXPR: 0 | POS | INT | 4 | 1 | 25 | ((8.0+x)-(13.0+18.0))=2.0 | 8.0 x + 13.0 18.0 + - 2.0 = | 8.0:money x:money +:money 13.0:money 18.0:money +:money -:money 2.0:money =:money
EXPR: 0 | POS | INT | 4 | 1 | 21 | x=(13.0-(8.0-(18.0-2.0))) | x 13.0 8.0 18.0 2.0 - - - = | x:money 13.0:money 8.0:money 18.0:money 2.0:money -:money -:money -:money =:money
EXPR: 0 | POS | INT | 4 | 1 | 37 | x=(13.0+(8.0+(18.0-2.0))) | x 13.0 8.0 18.0 2.0 - + + = | x:money 13.0:money 8.0:money 18.0:money 2.0:money -:money +:money +:money =:money
EXPR: 0 | POS | INT | 4 | 1 | 37 | 8.0=(2.0-(13.0-(x-18.0))) | 8.0 2.0 13.0 x 18.0 - - - = | 8.0:money 2.0:money 13.0:money x:money 18.0:money -:money -:money -:money =:money
EXPR: 0 | POS | INT | 4 | 1 | 15 | ((x-8.0)-(2.0-13.0))=18.0 | x 8.0 - 2.0 13.0 - - 18.0 = | x:money 8.0:money -:money 2.0:money 13.0:money -:money -:money 18.0:money =:money
EXPR: 1 | POS | INT | 4 | 1 | 1 | ((8.0-(x-13.0))-18.0)=2.0 | 8.0 x 13.0 - - 18.0 - 2.0 = | 8.0:money x:money 13.0:money -:money -:money 18.0:money -:money 2.0:money =:money
EXPR: 0 | POS | INT | 4 | 1 | 11 | 8.0=(((2.0+x)+13.0)-18.0) | 8.0 2.0 x + 13.0 + 18.0 - = | 8.0:money 2.0:money x:money +:money 13.0:money +:money 18.0:money -:money =:money
EXPR: 0 | POS | INT | 4 | 1 | 25 | ((x+8.0)-(13.0+18.0))=2.0 | x 8.0 + 13.0 18.0 + - 2.0 = | x:money 8.0:money +:money 13.0:money 18.0:money +:money -:money 2.0:money =:money
EXPR: 0 | POS | INT | 4 | 1 | 5 | (((x-8.0)-13.0)+18.0)=2.0 | x 8.0 - 13.0 - 18.0 + 2.0 = | x:money 8.0:money -:money 13.0:money -:money 18.0:money +:money 2.0:money =:money
EXPR: 0 | POS | INT | 4 | 1 | 37 | 8.0=(((2.0+x)-13.0)-18.0) | 8.0 2.0 x + 13.0 - 18.0 - = | 8.0:money 2.0:money x:money +:money 13.0:money -:money 18.0:money -:money =:money
EXPR: 0 | POS | INT | 4 | 1 | 11 | ((x+13.0)-(8.0-2.0))=18.0 | x 13.0 + 8.0 2.0 - - 18.0 = | x:money 13.0:money +:money 8.0:money 2.0:money -:money -:money 18.0:money =:money
EXPR: 0 | POS | INT | 4 | 1 | 15 | ((x+13.0)-(8.0+2.0))=18.0 | x 13.0 + 8.0 2.0 + - 18.0 = | x:money 13.0:money +:money 8.0:money 2.0:money +:money -:money 18.0:money =:money
EXPR: 0 | POS | INT | 4 | 1 | 41 | ((x-8.0)-(13.0+18.0))=2.0 | x 8.0 - 13.0 18.0 + - 2.0 = | x:money 8.0:money -:money 13.0:money 18.0:money +:money -:money 2.0:money =:money
EXPR: 0 | POS | INT | 4 | 1 | 41 | (((x-8.0)-13.0)-18.0)=2.0 | x 8.0 - 13.0 - 18.0 - 2.0 = | x:money 8.0:money -:money 13.0:money -:money 18.0:money -:money 2.0:money =:money
EXPR: 0 | POS | INT | 4 | 1 | 15 | ((x-8.0)+(13.0-18.0))=2.0 | x 8.0 - 13.0 18.0 - + 2.0 = | x:money 8.0:money -:money 13.0:money 18.0:money -:money +:money 2.0:money =:money
EXPR: 0 | POS | INT | 4 | 1 | 41 | (13.0+((8.0+18.0)+2.0))=x | 13.0 8.0 18.0 + 2.0 + + x = | 13.0:money 8.0:money 18.0:money +:money 2.0:money +:money +:money x:money =:money
EXPR: 1 | POS | INT | 4 | 1 | 1 | 8.0=(2.0+(x-(13.0-18.0))) | 8.0 2.0 x 13.0 18.0 - - + = | 8.0:money 2.0:money x:money 13.0:money 18.0:money -:money -:money +:money =:money
EXPR: 0 | POS | INT | 4 | 1 | 37 | 13.0=((x-8.0)+(2.0-18.0)) | 13.0 x 8.0 - 2.0 18.0 - + = | 13.0:money x:money 8.0:money -:money 2.0:money 18.0:money -:money +:money =:money
EXPR: 0 | POS | INT | 4 | 1 | 11 | 8.0=(13.0+(x-(18.0-2.0))) | 8.0 13.0 x 18.0 2.0 - - + = | 8.0:money 13.0:money x:money 18.0:money 2.0:money -:money -:money +:money =:money
EXPR: 0 | POS | INT | 4 | 1 | 37 | 8.0=(2.0+(x-(13.0+18.0))) | 8.0 2.0 x 13.0 18.0 + - + = | 8.0:money 2.0:money x:money 13.0:money 18.0:money +:money -:money +:money =:money
EXPR: 0 | POS | INT | 4 | 1 | 25 | 8.0=(2.0-(x-(13.0+18.0))) | 8.0 2.0 x 13.0 18.0 + - - = | 8.0:money 2.0:money x:money 13.0:money 18.0:money +:money -:money -:money =:money
EXPR: 0 | POS | INT | 4 | 1 | 11 | 8.0=(2.0+(x+(13.0-18.0))) | 8.0 2.0 x 13.0 18.0 - + + = | 8.0:money 2.0:money x:money 13.0:money 18.0:money -:money +:money +:money =:money
EXPR: 0 | POS | INT | 4 | 1 | 5 | ((x-8.0)-(13.0-18.0))=2.0 | x 8.0 - 13.0 18.0 - - 2.0 = | x:money 8.0:money -:money 13.0:money 18.0:money -:money -:money 2.0:money =:money
EXPR: 0 | POS | INT | 4 | 1 | 37 | ((x-13.0)-(8.0-2.0))=18.0 | x 13.0 - 8.0 2.0 - - 18.0 = | x:money 13.0:money -:money 8.0:money 2.0:money -:money -:money 18.0:money =:money
EXPR: 0 | POS | INT | 4 | 1 | 15 | 13.0=(8.0+(2.0-(x-18.0))) | 13.0 8.0 2.0 x 18.0 - - + = | 13.0:money 8.0:money 2.0:money x:money 18.0:money -:money -:money +:money =:money
EXPR: 0 | POS | INT | 4 | 1 | 21 | 13.0=((x+8.0)+(2.0-18.0)) | 13.0 x 8.0 + 2.0 18.0 - + = | 13.0:money x:money 8.0:money +:money 2.0:money 18.0:money -:money +:money =:money
EXPR: 0 | POS | INT | 4 | 1 | 25 | 13.0=((x+8.0)-(2.0+18.0)) | 13.0 x 8.0 + 2.0 18.0 + - = | 13.0:money x:money 8.0:money +:money 2.0:money 18.0:money +:money -:money =:money
EXPR: 0 | POS | INT | 4 | 1 | 21 | 13.0=(8.0+(2.0+(x-18.0))) | 13.0 8.0 2.0 x 18.0 - + + = | 13.0:money 8.0:money 2.0:money x:money 18.0:money -:money +:money +:money =:money
EXPR: 0 | POS | INT | 4 | 1 | 15 | (x+((13.0-8.0)-2.0))=18.0 | x 13.0 8.0 - 2.0 - + 18.0 = | x:money 13.0:money 8.0:money -:money 2.0:money -:money +:money 18.0:money =:money
EXPR: 0 | POS | INT | 4 | 1 | 25 | 13.0=((8.0+(x-2.0))-18.0) | 13.0 8.0 x 2.0 - + 18.0 - = | 13.0:money 8.0:money x:money 2.0:money -:money +:money 18.0:money -:money =:money
EXPR: 0 | POS | INT | 4 | 1 | 21 | ((x-13.0)+(8.0+2.0))=18.0 | x 13.0 - 8.0 2.0 + + 18.0 = | x:money 13.0:money -:money 8.0:money 2.0:money +:money +:money 18.0:money =:money
EXPR: 0 | POS | INT | 4 | 1 | 37 | (x-(8.0-(2.0-13.0)))=18.0 | x 8.0 2.0 13.0 - - - 18.0 = | x:money 8.0:money 2.0:money 13.0:money -:money -:money -:money 18.0:money =:money
EXPR: 0 | POS | INT | 4 | 1 | 15 | 13.0=((8.0-(x-2.0))+18.0) | 13.0 8.0 x 2.0 - - 18.0 + = | 13.0:money 8.0:money x:money 2.0:money -:money -:money 18.0:money +:money =:money
EXPR: 0 | POS | INT | 4 | 1 | 21 | ((13.0-8.0)+(18.0-2.0))=x | 13.0 8.0 - 18.0 2.0 - + x = | 13.0:money 8.0:money -:money 18.0:money 2.0:money -:money +:money x:money =:money
EXPR: 0 | POS | INT | 4 | 1 | 11 | 13.0=(8.0-(2.0+(x-18.0))) | 13.0 8.0 2.0 x 18.0 - + - = | 13.0:money 8.0:money 2.0:money x:money 18.0:money -:money +:money -:money =:money
EXPR: 0 | POS | INT | 5 | 1 | 15 | (8.0+((18.0-13.0)+2.0))=x | 8.0 18.0 13.0 - 2.0 + + x = | 8.0:money 18.0:money 13.0:money -:money 2.0:money +:money +:money x:money =:money
EXPR: 0 | POS | INT | 5 | 1 | 11 | x=((8.0-2.0)+(18.0-13.0)) | x 8.0 2.0 - 18.0 13.0 - + = | x:money 8.0:money 2.0:money -:money 18.0:money 13.0:money -:money +:money =:money
EXPR: 1 | POS | INT | 5 | 1 | 1 | (8.0-((18.0-13.0)+2.0))=x | 8.0 18.0 13.0 - 2.0 + - x = | 8.0:money 18.0:money 13.0:money -:money 2.0:money +:money -:money x:money =:money
EXPR: 0 | POS | INT | 5 | 1 | 37 | x=((8.0+18.0)+(13.0-2.0)) | x 8.0 18.0 + 13.0 2.0 - + = | x:money 8.0:money 18.0:money +:money 13.0:money 2.0:money -:money +:money =:money
EXPR: 0 | POS | INT | 5 | 1 | 11 | x=(8.0+((18.0-13.0)-2.0)) | x 8.0 18.0 13.0 - 2.0 - + = | x:money 8.0:money 18.0:money 13.0:money -:money 2.0:money -:money +:money =:money
EXPR: 0 | POS | INT | 5 | 1 | 25 | (((13.0+2.0)-8.0)+18.0)=x | 13.0 2.0 + 8.0 - 18.0 + x = | 13.0:money 2.0:money +:money 8.0:money -:money 18.0:money +:money x:money =:money
EXPR: 0 | POS | INT | 5 | 1 | 21 | (((13.0-2.0)-8.0)+18.0)=x | 13.0 2.0 - 8.0 - 18.0 + x = | 13.0:money 2.0:money -:money 8.0:money -:money 18.0:money +:money x:money =:money
EXPR: 0 | POS | INT | 5 | 1 | 5 | (((13.0+2.0)+8.0)-18.0)=x | 13.0 2.0 + 8.0 + 18.0 - x = | 13.0:money 2.0:money +:money 8.0:money +:money 18.0:money -:money x:money =:money
EXPR: 0 | POS | INT | 5 | 1 | 15 | x=(8.0+((2.0+18.0)-13.0)) | x 8.0 2.0 18.0 + 13.0 - + = | x:money 8.0:money 2.0:money 18.0:money +:money 13.0:money -:money +:money =:money
EXPR: 0 | POS | INT | 5 | 1 | 41 | (((13.0+2.0)+8.0)+18.0)=x | 13.0 2.0 + 8.0 + 18.0 + x = | 13.0:money 2.0:money +:money 8.0:money +:money 18.0:money +:money x:money =:money
EXPR: 0 | POS | INT | 5 | 1 | 5 | (((8.0-18.0)+13.0)+2.0)=x | 8.0 18.0 - 13.0 + 2.0 + x = | 8.0:money 18.0:money -:money 13.0:money +:money 2.0:money +:money x:money =:money
EXPR: 0 | POS | INT | 5 | 1 | 11 | x=((8.0+(18.0-13.0))-2.0) | x 8.0 18.0 13.0 - + 2.0 - = | x:money 8.0:money 18.0:money 13.0:money -:money +:money 2.0:money -:money =:money
EXPR: 0 | POS | INT | 5 | 1 | 5 | x=((13.0+2.0)+(8.0-18.0)) | x 13.0 2.0 + 8.0 18.0 - + = | x:money 13.0:money 2.0:money +:money 8.0:money 18.0:money -:money +:money =:money
EXPR: 0 | POS | INT | 5 | 1 | 15 | (((8.0+2.0)+18.0)-13.0)=x | 8.0 2.0 + 18.0 + 13.0 - x = | 8.0:money 2.0:money +:money 18.0:money +:money 13.0:money -:money x:money =:money
EXPR: 0 | POS | INT | 5 | 1 | 37 | (((8.0+18.0)+13.0)-2.0)=x | 8.0 18.0 + 13.0 + 2.0 - x = | 8.0:money 18.0:money +:money 13.0:money +:money 2.0:money -:money x:money =:money
EXPR: 1 | POS | INT | 5 | 1 | 1 | (((8.0-2.0)-18.0)+13.0)=x | 8.0 2.0 - 18.0 - 13.0 + x = | 8.0:money 2.0:money -:money 18.0:money -:money 13.0:money +:money x:money =:money
EXPR: 0 | POS | INT | 5 | 1 | 5 | x=(8.0+((2.0-18.0)+13.0)) | x 8.0 2.0 18.0 - 13.0 + + = | x:money 8.0:money 2.0:money 18.0:money -:money 13.0:money +:money +:money =:money
EXPR: 0 | POS | INT | 5 | 1 | 5 | x=(2.0+((8.0+13.0)-18.0)) | x 2.0 8.0 13.0 + 18.0 - + = | x:money 2.0:money 8.0:money 13.0:money +:money 18.0:money -:money +:money =:money
EXPR: 0 | POS | INT | 5 | 1 | 25 | x=((13.0+2.0)-(8.0-18.0)) | x 13.0 2.0 + 8.0 18.0 - - = | x:money 13.0:money 2.0:money +:money 8.0:money 18.0:money -:money -:money =:money
EXPR: 0 | POS | INT | 5 | 1 | 25 | (2.0-(8.0-(13.0+18.0)))=x | 2.0 8.0 13.0 18.0 + - - x = | 2.0:money 8.0:money 13.0:money 18.0:money +:money -:money -:money x:money =:money
EXPR: 1 | POS | INT | 5 | 1 | 1 | x=((8.0-18.0)+(13.0-2.0)) | x 8.0 18.0 - 13.0 2.0 - + = | x:money 8.0:money 18.0:money -:money 13.0:money 2.0:money -:money +:money =:money
EXPR: 0 | POS | INT | 5 | 1 | 15 | x=((8.0+2.0)+(18.0-13.0)) | x 8.0 2.0 + 18.0 13.0 - + = | x:money 8.0:money 2.0:money +:money 18.0:money 13.0:money -:money +:money =:money
EXPR: 0 | POS | INT | 5 | 1 | 15 | (2.0+((8.0-13.0)+18.0))=x | 2.0 8.0 13.0 - 18.0 + + x = | 2.0:money 8.0:money 13.0:money -:money 18.0:money +:money +:money x:money =:money
EXPR: 0 | POS | INT | 5 | 1 | 5 | (2.0+((8.0+13.0)-18.0))=x | 2.0 8.0 13.0 + 18.0 - + x = | 2.0:money 8.0:money 13.0:money +:money 18.0:money -:money +:money x:money =:money
EXPR: 1 | POS | INT | 5 | 1 | 1 | (8.0-((2.0+18.0)-13.0))=x | 8.0 2.0 18.0 + 13.0 - - x = | 8.0:money 2.0:money 18.0:money +:money 13.0:money -:money -:money x:money =:money
EXPR: 0 | POS | INT | 5 | 1 | 25 | x=(((2.0-8.0)+13.0)+18.0) | x 2.0 8.0 - 13.0 + 18.0 + = | x:money 2.0:money 8.0:money -:money 13.0:money +:money 18.0:money +:money =:money
EXPR: 0 | POS | INT | 5 | 1 | 41 | (2.0+(8.0+(13.0+18.0)))=x | 2.0 8.0 13.0 18.0 + + + x = | 2.0:money 8.0:money 13.0:money 18.0:money +:money +:money +:money x:money =:money
EXPR: 0 | POS | INT | 5 | 1 | 5 | ((8.0+(2.0-18.0))+13.0)=x | 8.0 2.0 18.0 - + 13.0 + x = | 8.0:money 2.0:money 18.0:money -:money +:money 13.0:money +:money x:money =:money
EXPR: 0 | POS | INT | 5 | 1 | 41 | ((8.0+(2.0+18.0))+13.0)=x | 8.0 2.0 18.0 + + 13.0 + x = | 8.0:money 2.0:money 18.0:money +:money +:money 13.0:money +:money x:money =:money
EXPR: 0 | POS | INT | 5 | 1 | 5 | x=((8.0-18.0)+(13.0+2.0)) | x 8.0 18.0 - 13.0 2.0 + + = | x:money 8.0:money 18.0:money -:money 13.0:money 2.0:money +:money +:money =:money
EXPR: 0 | POS | INT | 5 | 1 | 5 | (8.0-((18.0-13.0)-2.0))=x | 8.0 18.0 13.0 - 2.0 - - x = | 8.0:money 18.0:money 13.0:money -:money 2.0:money -:money -:money x:money =:money
EXPR: 1 | POS | INT | 5 | 1 | 1 | (13.0-((2.0-8.0)+18.0))=x | 13.0 2.0 8.0 - 18.0 + - x = | 13.0:money 2.0:money 8.0:money -:money 18.0:money +:money -:money x:money =:money
EXPR: 1 | POS | INT | 5 | 1 | 1 | (((13.0-2.0)+8.0)-18.0)=x | 13.0 2.0 - 8.0 + 18.0 - x = | 13.0:money 2.0:money -:money 8.0:money +:money 18.0:money -:money x:money =:money
EXPR: 0 | POS | INT | 5 | 1 | 11 | (((8.0-2.0)+18.0)-13.0)=x | 8.0 2.0 - 18.0 + 13.0 - x = | 8.0:money 2.0:money -:money 18.0:money +:money 13.0:money -:money x:money =:money
EXPR: 0 | POS | INT | 5 | 1 | 15 | (((8.0+18.0)-13.0)+2.0)=x | 8.0 18.0 + 13.0 - 2.0 + x = | 8.0:money 18.0:money +:money 13.0:money -:money 2.0:money +:money x:money =:money
EXPR: 0 | POS | INT | 5 | 1 | 37 | (((13.0-2.0)+8.0)+18.0)=x | 13.0 2.0 - 8.0 + 18.0 + x = | 13.0:money 2.0:money -:money 8.0:money +:money 18.0:money +:money x:money =:money
EXPR: 1 | POS | INT | 5 | 1 | 1 | (((8.0-18.0)+13.0)-2.0)=x | 8.0 18.0 - 13.0 + 2.0 - x = | 8.0:money 18.0:money -:money 13.0:money +:money 2.0:money -:money x:money =:money
EXPR: 0 | POS | INT | 5 | 1 | 11 | (8.0+((18.0-13.0)-2.0))=x | 8.0 18.0 13.0 - 2.0 - + x = | 8.0:money 18.0:money 13.0:money -:money 2.0:money -:money +:money x:money =:money
EXPR: 0 | POS | INT | 5 | 1 | 37 | ((8.0-(2.0-18.0))+13.0)=x | 8.0 2.0 18.0 - - 13.0 + x = | 8.0:money 2.0:money 18.0:money -:money -:money 13.0:money +:money x:money =:money
EXPR: 1 | POS | INT | 5 | 1 | 1 | x=(8.0-((18.0-13.0)+2.0)) | x 8.0 18.0 13.0 - 2.0 + - = | x:money 8.0:money 18.0:money 13.0:money -:money 2.0:money +:money -:money =:money
EXPR: 0 | POS | INT | 5 | 1 | 15 | ((8.0+(18.0-13.0))+2.0)=x | 8.0 18.0 13.0 - + 2.0 + x = | 8.0:money 18.0:money 13.0:money -:money +:money 2.0:money +:money x:money =:money
EXPR: 0 | POS | INT | 5 | 1 | 5 | x=(8.0-((18.0-13.0)-2.0)) | x 8.0 18.0 13.0 - 2.0 - - = | x:money 8.0:money 18.0:money 13.0:money -:money 2.0:money -:money -:money =:money
EXPR: 0 | POS | INT | 5 | 1 | 5 | ((8.0-(18.0-13.0))+2.0)=x | 8.0 18.0 13.0 - - 2.0 + x = | 8.0:money 18.0:money 13.0:money -:money -:money 2.0:money +:money x:money =:money
EXPR: 0 | POS | INT | 5 | 1 | 15 | ((8.0+2.0)+(18.0-13.0))=x | 8.0 2.0 + 18.0 13.0 - + x = | 8.0:money 2.0:money +:money 18.0:money 13.0:money -:money +:money x:money =:money
EXPR: 0 | POS | INT | 5 | 1 | 37 | x=((13.0-(2.0-8.0))+18.0) | x 13.0 2.0 8.0 - - 18.0 + = | x:money 13.0:money 2.0:money 8.0:money -:money -:money 18.0:money +:money =:money
EXPR: 0 | POS | INT | 5 | 1 | 5 | ((8.0-18.0)+(13.0+2.0))=x | 8.0 18.0 - 13.0 2.0 + + x = | 8.0:money 18.0:money -:money 13.0:money 2.0:money +:money +:money x:money =:money
EXPR: 0 | POS | INT | 5 | 1 | 15 | (2.0+(8.0-(13.0-18.0)))=x | 2.0 8.0 13.0 18.0 - - + x = | 2.0:money 8.0:money 13.0:money 18.0:money -:money -:money +:money x:money =:money
EXPR: 0 | POS | INT | 5 | 1 | 5 | (2.0+(8.0+(13.0-18.0)))=x | 2.0 8.0 13.0 18.0 - + + x = | 2.0:money 8.0:money 13.0:money 18.0:money -:money +:money +:money x:money =:money
EXPR: 1 | POS | INT | 5 | 1 | 1 | x=((13.0-(2.0-8.0))-18.0) | x 13.0 2.0 8.0 - - 18.0 - = | x:money 13.0:money 2.0:money 8.0:money -:money -:money 18.0:money -:money =:money
EXPR: 1 | POS | INT | 5 | 1 | 1 | ((8.0-18.0)+(13.0-2.0))=x | 8.0 18.0 - 13.0 2.0 - + x = | 8.0:money 18.0:money -:money 13.0:money 2.0:money -:money +:money x:money =:money
EXPR: 0 | POS | INT | 5 | 1 | 25 | x=((13.0+(2.0-8.0))+18.0) | x 13.0 2.0 8.0 - + 18.0 + = | x:money 13.0:money 2.0:money 8.0:money -:money +:money 18.0:money +:money =:money
EXPR: 0 | POS | INT | 5 | 1 | 37 | ((8.0+18.0)+(13.0-2.0))=x | 8.0 18.0 + 13.0 2.0 - + x = | 8.0:money 18.0:money +:money 13.0:money 2.0:money -:money +:money x:money =:money
EXPR: 0 | POS | INT | 5 | 1 | 41 | ((8.0+18.0)+(13.0+2.0))=x | 8.0 18.0 + 13.0 2.0 + + x = | 8.0:money 18.0:money +:money 13.0:money 2.0:money +:money +:money x:money =:money
EXPR: 0 | POS | INT | 5 | 1 | 11 | ((8.0+(18.0-13.0))-2.0)=x | 8.0 18.0 13.0 - + 2.0 - x = | 8.0:money 18.0:money 13.0:money -:money +:money 2.0:money -:money x:money =:money
EXPR: 0 | POS | INT | 5 | 1 | 11 | (((8.0+18.0)-13.0)-2.0)=x | 8.0 18.0 + 13.0 - 2.0 - x = | 8.0:money 18.0:money +:money 13.0:money -:money 2.0:money -:money x:money =:money
EXPR: 0 | POS | INT | 6 | 1 | 11 | 13.0=((8.0-x)+(18.0-2.0)) | 13.0 8.0 x - 18.0 2.0 - + = | 13.0:money 8.0:money x:money -:money 18.0:money 2.0:money -:money +:money =:money
EXPR: 0 | POS | INT | 6 | 1 | 21 | 13.0=(((x+8.0)-18.0)+2.0) | 13.0 x 8.0 + 18.0 - 2.0 + = | 13.0:money x:money 8.0:money +:money 18.0:money -:money 2.0:money +:money =:money
EXPR: 0 | POS | INT | 6 | 1 | 15 | ((13.0+x)-(8.0+18.0))=2.0 | 13.0 x + 8.0 18.0 + - 2.0 = | 13.0:money x:money +:money 8.0:money 18.0:money +:money -:money 2.0:money =:money
EXPR: 0 | POS | INT | 6 | 1 | 21 | 13.0=(8.0+((x-18.0)+2.0)) | 13.0 8.0 x 18.0 - 2.0 + + = | 13.0:money 8.0:money x:money 18.0:money -:money 2.0:money +:money +:money =:money
EXPR: 0 | POS | INT | 6 | 1 | 15 | (((13.0-8.0)-18.0)+x)=2.0 | 13.0 8.0 - 18.0 - x + 2.0 = | 13.0:money 8.0:money -:money 18.0:money -:money x:money +:money 2.0:money =:money
EXPR: 0 | POS | INT | 6 | 1 | 25 | 13.0=(8.0+((x-18.0)-2.0)) | 13.0 8.0 x 18.0 - 2.0 - + = | 13.0:money 8.0:money x:money 18.0:money -:money 2.0:money -:money +:money =:money
EXPR: 0 | POS | INT | 6 | 1 | 37 | 13.0=(((x-8.0)-18.0)+2.0) | 13.0 x 8.0 - 18.0 - 2.0 + = | 13.0:money x:money 8.0:money -:money 18.0:money -:money 2.0:money +:money =:money
EXPR: 0 | POS | INT | 6 | 1 | 25 | (((x-13.0)+8.0)-18.0)=2.0 | x 13.0 - 8.0 + 18.0 - 2.0 = | x:money 13.0:money -:money 8.0:money +:money 18.0:money -:money 2.0:money =:money
EXPR: 0 | POS | INT | 6 | 1 | 21 | (((13.0-8.0)+18.0)-x)=2.0 | 13.0 8.0 - 18.0 + x - 2.0 = | 13.0:money 8.0:money -:money 18.0:money +:money x:money -:money 2.0:money =:money
EXPR: 0 | POS | INT | 6 | 1 | 15 | (((x+13.0)-8.0)-18.0)=2.0 | x 13.0 + 8.0 - 18.0 - 2.0 = | x:money 13.0:money +:money 8.0:money -:money 18.0:money -:money 2.0:money =:money
EXPR: 0 | POS | INT | 6 | 1 | 5 | (((x-13.0)-8.0)+18.0)=2.0 | x 13.0 - 8.0 - 18.0 + 2.0 = | x:money 13.0:money -:money 8.0:money -:money 18.0:money +:money 2.0:money =:money
EXPR: 0 | POS | INT | 6 | 1 | 15 | ((13.0-(8.0+18.0))+x)=2.0 | 13.0 8.0 18.0 + - x + 2.0 = | 13.0:money 8.0:money 18.0:money +:money -:money x:money +:money 2.0:money =:money
EXPR: 1 | POS | INT | 6 | 1 | 1 | ((13.0+(8.0-x))-18.0)=2.0 | 13.0 8.0 x - + 18.0 - 2.0 = | 13.0:money 8.0:money x:money -:money +:money 18.0:money -:money 2.0:money =:money
EXPR: 0 | POS | INT | 6 | 1 | 21 | 13.0=(((8.0+x)-18.0)+2.0) | 13.0 8.0 x + 18.0 - 2.0 + = | 13.0:money 8.0:money x:money +:money 18.0:money -:money 2.0:money +:money =:money
EXPR: 0 | POS | INT | 6 | 1 | 37 | ((13.0+(8.0-x))+18.0)=2.0 | 13.0 8.0 x - + 18.0 + 2.0 = | 13.0:money 8.0:money x:money -:money +:money 18.0:money +:money 2.0:money =:money
EXPR: 0 | POS | INT | 6 | 1 | 41 | (((x-13.0)-8.0)-18.0)=2.0 | x 13.0 - 8.0 - 18.0 - 2.0 = | x:money 13.0:money -:money 8.0:money -:money 18.0:money -:money 2.0:money =:money
EXPR: 0 | POS | INT | 6 | 1 | 21 | (((13.0-x)-8.0)+18.0)=2.0 | 13.0 x - 8.0 - 18.0 + 2.0 = | 13.0:money x:money -:money 8.0:money -:money 18.0:money +:money 2.0:money =:money
EXPR: 0 | POS | INT | 6 | 1 | 21 | ((13.0-(8.0-18.0))-x)=2.0 | 13.0 8.0 18.0 - - x - 2.0 = | 13.0:money 8.0:money 18.0:money -:money -:money x:money -:money 2.0:money =:money
EXPR: 0 | POS | INT | 6 | 1 | 15 | ((x+13.0)-(8.0+18.0))=2.0 | x 13.0 + 8.0 18.0 + - 2.0 = | x:money 13.0:money +:money 8.0:money 18.0:money +:money -:money 2.0:money =:money
EXPR: 0 | POS | INT | 6 | 1 | 11 | 13.0=(((8.0-x)+18.0)-2.0) | 13.0 8.0 x - 18.0 + 2.0 - = | 13.0:money 8.0:money x:money -:money 18.0:money +:money 2.0:money -:money =:money
EXPR: 0 | POS | INT | 6 | 1 | 41 | ((x-13.0)-(8.0+18.0))=2.0 | x 13.0 - 8.0 18.0 + - 2.0 = | x:money 13.0:money -:money 8.0:money 18.0:money +:money -:money 2.0:money =:money
EXPR: 0 | POS | INT | 6 | 1 | 41 | 13.0=(((x-8.0)-18.0)-2.0) | 13.0 x 8.0 - 18.0 - 2.0 - = | 13.0:money x:money 8.0:money -:money 18.0:money -:money 2.0:money -:money =:money
EXPR: 0 | POS | INT | 6 | 1 | 15 | 13.0=(((8.0-x)+18.0)+2.0) | 13.0 8.0 x - 18.0 + 2.0 + = | 13.0:money 8.0:money x:money -:money 18.0:money +:money 2.0:money +:money =:money
EXPR: 0 | POS | INT | 6 | 1 | 25 | ((x-13.0)+(8.0-18.0))=2.0 | x 13.0 - 8.0 18.0 - + 2.0 = | x:money 13.0:money -:money 8.0:money 18.0:money -:money +:money 2.0:money =:money
EXPR: 0 | POS | INT | 6 | 1 | 25 | 13.0=(((8.0+x)-18.0)-2.0) | 13.0 8.0 x + 18.0 - 2.0 - = | 13.0:money 8.0:money x:money +:money 18.0:money -:money 2.0:money -:money =:money
EXPR: 0 | POS | INT | 6 | 1 | 5 | ((x-13.0)-(8.0-18.0))=2.0 | x 13.0 - 8.0 18.0 - - 2.0 = | x:money 13.0:money -:money 8.0:money 18.0:money -:money -:money 2.0:money =:money
EXPR: 0 | POS | INT | 6 | 1 | 5 | 13.0=(((x-8.0)+18.0)-2.0) | 13.0 x 8.0 - 18.0 + 2.0 - = | 13.0:money x:money 8.0:money -:money 18.0:money +:money 2.0:money -:money =:money
EXPR: 0 | POS | INT | 6 | 1 | 37 | 13.0=((x-8.0)-(18.0-2.0)) | 13.0 x 8.0 - 18.0 2.0 - - = | 13.0:money x:money 8.0:money -:money 18.0:money 2.0:money -:money -:money =:money
EXPR: 0 | POS | INT | 6 | 1 | 15 | ((13.0-8.0)+(x-18.0))=2.0 | 13.0 8.0 - x 18.0 - + 2.0 = | 13.0:money 8.0:money -:money x:money 18.0:money -:money +:money 2.0:money =:money
EXPR: 0 | POS | INT | 6 | 1 | 5 | 13.0=((x-8.0)+(18.0-2.0)) | 13.0 x 8.0 - 18.0 2.0 - + = | 13.0:money x:money 8.0:money -:money 18.0:money 2.0:money -:money +:money =:money
EXPR: 0 | POS | INT | 6 | 1 | 21 | ((13.0-8.0)-(x-18.0))=2.0 | 13.0 8.0 - x 18.0 - - 2.0 = | 13.0:money 8.0:money -:money x:money 18.0:money -:money -:money 2.0:money =:money
EXPR: 0 | POS | INT | 7 | 1 | 37 | (((8.0+18.0)+13.0)-x)=2.0 | 8.0 18.0 + 13.0 + x - 2.0 = | 8.0:money 18.0:money +:money 13.0:money +:money x:money -:money 2.0:money =:money
EXPR: 1 | POS | INT | 7 | 1 | 1 | (((8.0-18.0)+13.0)-x)=2.0 | 8.0 18.0 - 13.0 + x - 2.0 = | 8.0:money 18.0:money -:money 13.0:money +:money x:money -:money 2.0:money =:money
EXPR: 0 | POS | INT | 7 | 1 | 11 | 2.0=((8.0-13.0)+(18.0-x)) | 2.0 8.0 13.0 - 18.0 x - + = | 2.0:money 8.0:money 13.0:money -:money 18.0:money x:money -:money +:money =:money
EXPR: 0 | POS | INT | 7 | 1 | 5 | 8.0=(((18.0-13.0)-2.0)+x) | 8.0 18.0 13.0 - 2.0 - x + = | 8.0:money 18.0:money 13.0:money -:money 2.0:money -:money x:money +:money =:money
EXPR: 0 | POS | INT | 7 | 1 | 11 | (((8.0+18.0)-13.0)-x)=2.0 | 8.0 18.0 + 13.0 - x - 2.0 = | 8.0:money 18.0:money +:money 13.0:money -:money x:money -:money 2.0:money =:money
EXPR: 0 | POS | INT | 7 | 1 | 37 | (8.0+((18.0-2.0)+13.0))=x | 8.0 18.0 2.0 - 13.0 + + x = | 8.0:money 18.0:money 2.0:money -:money 13.0:money +:money +:money x:money =:money
EXPR: 0 | POS | INT | 7 | 1 | 37 | x=(8.0+((18.0-2.0)+13.0)) | x 8.0 18.0 2.0 - 13.0 + + = | x:money 8.0:money 18.0:money 2.0:money -:money 13.0:money +:money +:money =:money
EXPR: 0 | POS | INT | 7 | 1 | 15 | x=((8.0+18.0)+(2.0-13.0)) | x 8.0 18.0 + 2.0 13.0 - + = | x:money 8.0:money 18.0:money +:money 2.0:money 13.0:money -:money +:money =:money
EXPR: 0 | POS | INT | 7 | 1 | 11 | x=(8.0+((18.0-2.0)-13.0)) | x 8.0 18.0 2.0 - 13.0 - + = | x:money 8.0:money 18.0:money 2.0:money -:money 13.0:money -:money +:money =:money
EXPR: 1 | POS | INT | 7 | 1 | 1 | (((8.0-18.0)-2.0)+13.0)=x | 8.0 18.0 - 2.0 - 13.0 + x = | 8.0:money 18.0:money -:money 2.0:money -:money 13.0:money +:money x:money =:money
EXPR: 0 | POS | INT | 7 | 1 | 11 | (8.0+((18.0-2.0)-13.0))=x | 8.0 18.0 2.0 - 13.0 - + x = | 8.0:money 18.0:money 2.0:money -:money 13.0:money -:money +:money x:money =:money
EXPR: 0 | POS | INT | 7 | 1 | 37 | (((8.0+18.0)-2.0)+13.0)=x | 8.0 18.0 + 2.0 - 13.0 + x = | 8.0:money 18.0:money +:money 2.0:money -:money 13.0:money +:money x:money =:money
EXPR: 0 | POS | INT | 7 | 1 | 41 | (((8.0+18.0)+2.0)+13.0)=x | 8.0 18.0 + 2.0 + 13.0 + x = | 8.0:money 18.0:money +:money 2.0:money +:money 13.0:money +:money x:money =:money
EXPR: 0 | POS | INT | 7 | 1 | 11 | (((8.0+18.0)-2.0)-13.0)=x | 8.0 18.0 + 2.0 - 13.0 - x = | 8.0:money 18.0:money +:money 2.0:money -:money 13.0:money -:money x:money =:money
EXPR: 0 | POS | INT | 7 | 1 | 5 | (8.0-((18.0-2.0)-13.0))=x | 8.0 18.0 2.0 - 13.0 - - x = | 8.0:money 18.0:money 2.0:money -:money 13.0:money -:money -:money x:money =:money
EXPR: 0 | POS | INT | 7 | 1 | 15 | (((8.0+18.0)+2.0)-13.0)=x | 8.0 18.0 + 2.0 + 13.0 - x = | 8.0:money 18.0:money +:money 2.0:money +:money 13.0:money -:money x:money =:money
EXPR: 0 | POS | INT | 7 | 1 | 11 | ((8.0-x)+(18.0-13.0))=2.0 | 8.0 x - 18.0 13.0 - + 2.0 = | 8.0:money x:money -:money 18.0:money 13.0:money -:money +:money 2.0:money =:money
EXPR: 1 | POS | INT | 7 | 1 | 1 | ((8.0-x)-(18.0-13.0))=2.0 | 8.0 x - 18.0 13.0 - - 2.0 = | 8.0:money x:money -:money 18.0:money 13.0:money -:money -:money 2.0:money =:money
EXPR: 0 | POS | INT | 7 | 1 | 21 | ((8.0+x)+(2.0-18.0))=13.0 | 8.0 x + 2.0 18.0 - + 13.0 = | 8.0:money x:money +:money 2.0:money 18.0:money -:money +:money 13.0:money =:money
EXPR: 0 | POS | INT | 7 | 1 | 11 | ((8.0+18.0)-(x+13.0))=2.0 | 8.0 18.0 + x 13.0 + - 2.0 = | 8.0:money 18.0:money +:money x:money 13.0:money +:money -:money 2.0:money =:money
EXPR: 0 | POS | INT | 7 | 1 | 11 | ((8.0-x)-(2.0-18.0))=13.0 | 8.0 x - 2.0 18.0 - - 13.0 = | 8.0:money x:money -:money 2.0:money 18.0:money -:money -:money 13.0:money =:money
EXPR: 0 | POS | INT | 7 | 1 | 15 | ((8.0+2.0)-(x-18.0))=13.0 | 8.0 2.0 + x 18.0 - - 13.0 = | 8.0:money 2.0:money +:money x:money 18.0:money -:money -:money 13.0:money =:money
EXPR: 1 | POS | INT | 7 | 1 | 1 | x=(((8.0-18.0)-2.0)+13.0) | x 8.0 18.0 - 2.0 - 13.0 + = | x:money 8.0:money 18.0:money -:money 2.0:money -:money 13.0:money +:money =:money
EXPR: 0 | POS | INT | 7 | 1 | 37 | ((8.0+18.0)-(x-13.0))=2.0 | 8.0 18.0 + x 13.0 - - 2.0 = | 8.0:money 18.0:money +:money x:money 13.0:money -:money -:money 2.0:money =:money
EXPR: 0 | POS | INT | 7 | 1 | 21 | 8.0=((18.0-x)+(13.0-2.0)) | 8.0 18.0 x - 13.0 2.0 - + = | 8.0:money 18.0:money x:money -:money 13.0:money 2.0:money -:money +:money =:money
EXPR: 0 | POS | INT | 7 | 1 | 11 | (((13.0+2.0)-8.0)+x)=18.0 | 13.0 2.0 + 8.0 - x + 18.0 = | 13.0:money 2.0:money +:money 8.0:money -:money x:money +:money 18.0:money =:money
EXPR: 0 | POS | INT | 7 | 1 | 11 | (8.0-((x+2.0)-18.0))=13.0 | 8.0 x 2.0 + 18.0 - - 13.0 = | 8.0:money x:money 2.0:money +:money 18.0:money -:money -:money 13.0:money =:money
EXPR: 0 | POS | INT | 7 | 1 | 25 | 2.0=((8.0-13.0)+(x-18.0)) | 2.0 8.0 13.0 - x 18.0 - + = | 2.0:money 8.0:money 13.0:money -:money x:money 18.0:money -:money +:money =:money
EXPR: 0 | POS | INT | 7 | 1 | 5 | x=(8.0-((18.0-2.0)-13.0)) | x 8.0 18.0 2.0 - 13.0 - - = | x:money 8.0:money 18.0:money 2.0:money -:money 13.0:money -:money -:money =:money
EXPR: 0 | POS | INT | 7 | 1 | 15 | (8.0+(2.0+(18.0-x)))=13.0 | 8.0 2.0 18.0 x - + + 13.0 = | 8.0:money 2.0:money 18.0:money x:money -:money +:money +:money 13.0:money =:money
EXPR: 1 | POS | INT | 7 | 1 | 1 | ((8.0-18.0)-(x-13.0))=2.0 | 8.0 18.0 - x 13.0 - - 2.0 = | 8.0:money 18.0:money -:money x:money 13.0:money -:money -:money 2.0:money =:money
EXPR: 1 | POS | INT | 7 | 1 | 1 | 8.0=((2.0+x)+(18.0-13.0)) | 8.0 2.0 x + 18.0 13.0 - + = | 8.0:money 2.0:money x:money +:money 18.0:money 13.0:money -:money +:money =:money
EXPR: 0 | POS | INT | 7 | 1 | 25 | ((8.0+x)-(2.0+18.0))=13.0 | 8.0 x + 2.0 18.0 + - 13.0 = | 8.0:money x:money +:money 2.0:money 18.0:money +:money -:money 13.0:money =:money
EXPR: 0 | POS | INT | 7 | 1 | 25 | (((8.0+x)-2.0)-18.0)=13.0 | 8.0 x + 2.0 - 18.0 - 13.0 = | 8.0:money x:money +:money 2.0:money -:money 18.0:money -:money 13.0:money =:money
EXPR: 0 | POS | INT | 7 | 1 | 25 | (8.0-(2.0+(18.0-x)))=13.0 | 8.0 2.0 18.0 x - + - 13.0 = | 8.0:money 2.0:money 18.0:money x:money -:money +:money -:money 13.0:money =:money
EXPR: 0 | POS | INT | 7 | 1 | 11 | (8.0-(2.0-(18.0-x)))=13.0 | 8.0 2.0 18.0 x - - - 13.0 = | 8.0:money 2.0:money 18.0:money x:money -:money -:money -:money 13.0:money =:money
EXPR: 0 | POS | INT | 7 | 1 | 15 | ((8.0-x)+(2.0+18.0))=13.0 | 8.0 x - 2.0 18.0 + + 13.0 = | 8.0:money x:money -:money 2.0:money 18.0:money +:money +:money 13.0:money =:money
EXPR: 0 | POS | INT | 7 | 1 | 15 | (x-(8.0+(18.0-13.0)))=2.0 | x 8.0 18.0 13.0 - + - 2.0 = | x:money 8.0:money 18.0:money 13.0:money -:money +:money -:money 2.0:money =:money
EXPR: 1 | POS | INT | 7 | 1 | 1 | 2.0=(((8.0+13.0)-18.0)-x) | 2.0 8.0 13.0 + 18.0 - x - = | 2.0:money 8.0:money 13.0:money +:money 18.0:money -:money x:money -:money =:money
EXPR: 0 | POS | INT | 7 | 1 | 15 | ((8.0+18.0)+(2.0-13.0))=x | 8.0 18.0 + 2.0 13.0 - + x = | 8.0:money 18.0:money +:money 2.0:money 13.0:money -:money +:money x:money =:money
EXPR: 0 | POS | INT | 7 | 1 | 37 | ((8.0+(18.0-2.0))+13.0)=x | 8.0 18.0 2.0 - + 13.0 + x = | 8.0:money 18.0:money 2.0:money -:money +:money 13.0:money +:money x:money =:money
EXPR: 0 | POS | INT | 7 | 1 | 11 | 2.0=(8.0-((x+13.0)-18.0)) | 2.0 8.0 x 13.0 + 18.0 - - = | 2.0:money 8.0:money x:money 13.0:money +:money 18.0:money -:money -:money =:money
EXPR: 0 | POS | INT | 7 | 1 | 25 | ((8.0+(x-18.0))-13.0)=2.0 | 8.0 x 18.0 - + 13.0 - 2.0 = | 8.0:money x:money 18.0:money -:money +:money 13.0:money -:money 2.0:money =:money
EXPR: 0 | POS | INT | 7 | 1 | 5 | (x-(8.0-(18.0-13.0)))=2.0 | x 8.0 18.0 13.0 - - - 2.0 = | x:money 8.0:money 18.0:money 13.0:money -:money -:money -:money 2.0:money =:money
EXPR: 0 | POS | INT | 7 | 1 | 37 | 2.0=((8.0+13.0)+(18.0-x)) | 2.0 8.0 13.0 + 18.0 x - + = | 2.0:money 8.0:money 13.0:money +:money 18.0:money x:money -:money +:money =:money
EXPR: 0 | POS | INT | 7 | 1 | 11 | ((8.0-2.0)-(x-18.0))=13.0 | 8.0 2.0 - x 18.0 - - 13.0 = | 8.0:money 2.0:money -:money x:money 18.0:money -:money -:money 13.0:money =:money
EXPR: 1 | POS | INT | 7 | 1 | 1 | 2.0=((8.0+13.0)-(x+18.0)) | 2.0 8.0 13.0 + x 18.0 + - = | 2.0:money 8.0:money 13.0:money +:money x:money 18.0:money +:money -:money =:money
EXPR: 0 | POS | INT | 7 | 1 | 37 | ((8.0+18.0)-(2.0-13.0))=x | 8.0 18.0 + 2.0 13.0 - - x = | 8.0:money 18.0:money +:money 2.0:money 13.0:money -:money -:money x:money =:money
EXPR: 0 | POS | INT | 7 | 1 | 21 | ((8.0+2.0)-(18.0-x))=13.0 | 8.0 2.0 + 18.0 x - - 13.0 = | 8.0:money 2.0:money +:money 18.0:money x:money -:money -:money 13.0:money =:money
EXPR: 0 | POS | INT | 7 | 1 | 5 | (((8.0-18.0)+2.0)+13.0)=x | 8.0 18.0 - 2.0 + 13.0 + x = | 8.0:money 18.0:money -:money 2.0:money +:money 13.0:money +:money x:money =:money
EXPR: 0 | POS | INT | 7 | 1 | 37 | 2.0=((8.0+13.0)-(x-18.0)) | 2.0 8.0 13.0 + x 18.0 - - = | 2.0:money 8.0:money 13.0:money +:money x:money 18.0:money -:money -:money =:money
EXPR: 0 | POS | INT | 7 | 1 | 25 | 2.0=((8.0+(x-13.0))-18.0) | 2.0 8.0 x 13.0 - + 18.0 - = | 2.0:money 8.0:money x:money 13.0:money -:money +:money 18.0:money -:money =:money
EXPR: 0 | POS | INT | 7 | 1 | 37 | 2.0=((8.0-(x-13.0))+18.0) | 2.0 8.0 x 13.0 - - 18.0 + = | 2.0:money 8.0:money x:money 13.0:money -:money -:money 18.0:money +:money =:money
EXPR: 1 | POS | INT | 7 | 1 | 1 | 2.0=((8.0-x)+(13.0-18.0)) | 2.0 8.0 x - 13.0 18.0 - + = | 2.0:money 8.0:money x:money -:money 13.0:money 18.0:money -:money +:money =:money
EXPR: 0 | POS | INT | 7 | 1 | 25 | 8.0=(18.0+(13.0+(2.0-x))) | 8.0 18.0 13.0 2.0 x - + + = | 8.0:money 18.0:money 13.0:money 2.0:money x:money -:money +:money +:money =:money
EXPR: 1 | POS | INT | 7 | 1 | 1 | 13.0=(((2.0-8.0)+x)+18.0) | 13.0 2.0 8.0 - x + 18.0 + = | 13.0:money 2.0:money 8.0:money -:money x:money +:money 18.0:money +:money =:money
EXPR: 0 | POS | INT | 7 | 1 | 25 | (8.0-((2.0+18.0)-x))=13.0 | 8.0 2.0 18.0 + x - - 13.0 = | 8.0:money 2.0:money 18.0:money +:money x:money -:money -:money 13.0:money =:money
EXPR: 0 | POS | INT | 7 | 1 | 11 | (8.0+((18.0-13.0)-x))=2.0 | 8.0 18.0 13.0 - x - + 2.0 = | 8.0:money 18.0:money 13.0:money -:money x:money -:money +:money 2.0:money =:money
EXPR: 0 | POS | INT | 7 | 1 | 11 | 2.0=((8.0-(x+13.0))+18.0) | 2.0 8.0 x 13.0 + - 18.0 + = | 2.0:money 8.0:money x:money 13.0:money +:money -:money 18.0:money +:money =:money
EXPR: 0 | POS | INT | 7 | 1 | 5 | 2.0=(((x-8.0)-13.0)+18.0) | 2.0 x 8.0 - 13.0 - 18.0 + = | 2.0:money x:money 8.0:money -:money 13.0:money -:money 18.0:money +:money =:money
EXPR: 0 | POS | INT | 7 | 1 | 11 | 8.0=((2.0+x)-(18.0-13.0)) | 8.0 2.0 x + 18.0 13.0 - - = | 8.0:money 2.0:money x:money +:money 18.0:money 13.0:money -:money -:money =:money
EXPR: 1 | POS | INT | 7 | 1 | 1 | 2.0=((8.0+13.0)-(18.0+x)) | 2.0 8.0 13.0 + 18.0 x + - = | 2.0:money 8.0:money 13.0:money +:money 18.0:money x:money +:money -:money =:money
EXPR: 1 | POS | INT | 7 | 1 | 1 | (((13.0-x)-2.0)+8.0)=18.0 | 13.0 x - 2.0 - 8.0 + 18.0 = | 13.0:money x:money -:money 2.0:money -:money 8.0:money +:money 18.0:money =:money
EXPR: 0 | POS | INT | 7 | 1 | 25 | 2.0=((8.0+x)-(13.0+18.0)) | 2.0 8.0 x + 13.0 18.0 + - = | 2.0:money 8.0:money x:money +:money 13.0:money 18.0:money +:money -:money =:money
EXPR: 0 | POS | INT | 7 | 1 | 21 | (8.0+((2.0-18.0)+x))=13.0 | 8.0 2.0 18.0 - x + + 13.0 = | 8.0:money 2.0:money 18.0:money -:money x:money +:money +:money 13.0:money =:money
EXPR: 0 | POS | INT | 7 | 1 | 25 | (((x+8.0)-18.0)-13.0)=2.0 | x 8.0 + 18.0 - 13.0 - 2.0 = | x:money 8.0:money +:money 18.0:money -:money 13.0:money -:money 2.0:money =:money
EXPR: 1 | POS | INT | 7 | 1 | 1 | (8.0-((18.0-13.0)+x))=2.0 | 8.0 18.0 13.0 - x + - 2.0 = | 8.0:money 18.0:money 13.0:money -:money x:money +:money -:money 2.0:money =:money
EXPR: 0 | POS | INT | 7 | 1 | 21 | 8.0=(18.0+(13.0-(2.0+x))) | 8.0 18.0 13.0 2.0 x + - + = | 8.0:money 18.0:money 13.0:money 2.0:money x:money +:money -:money +:money =:money
EXPR: 0 | POS | INT | 7 | 1 | 5 | 8.0=(18.0-(13.0+(2.0-x))) | 8.0 18.0 13.0 2.0 x - + - = | 8.0:money 18.0:money 13.0:money 2.0:money x:money -:money +:money -:money =:money
EXPR: 0 | POS | INT | 7 | 1 | 37 | 2.0=(((8.0+13.0)-x)+18.0) | 2.0 8.0 13.0 + x - 18.0 + = | 2.0:money 8.0:money 13.0:money +:money x:money -:money 18.0:money +:money =:money
EXPR: 0 | POS | INT | 7 | 1 | 21 | (((8.0+2.0)+x)-18.0)=13.0 | 8.0 2.0 + x + 18.0 - 13.0 = | 8.0:money 2.0:money +:money x:money +:money 18.0:money -:money 13.0:money =:money
EXPR: 0 | POS | INT | 7 | 1 | 11 | (8.0-((2.0-18.0)+x))=13.0 | 8.0 2.0 18.0 - x + - 13.0 = | 8.0:money 2.0:money 18.0:money -:money x:money +:money -:money 13.0:money =:money
EXPR: 0 | POS | INT | 7 | 1 | 15 | (((x-8.0)-18.0)+13.0)=2.0 | x 8.0 - 18.0 - 13.0 + 2.0 = | x:money 8.0:money -:money 18.0:money -:money 13.0:money +:money 2.0:money =:money
EXPR: 0 | POS | INT | 7 | 1 | 11 | 2.0=(((8.0-13.0)+18.0)-x) | 2.0 8.0 13.0 - 18.0 + x - = | 2.0:money 8.0:money 13.0:money -:money 18.0:money +:money x:money -:money =:money
EXPR: 0 | POS | INT | 7 | 1 | 25 | 2.0=(((8.0-13.0)+x)-18.0) | 2.0 8.0 13.0 - x + 18.0 - = | 2.0:money 8.0:money 13.0:money -:money x:money +:money 18.0:money -:money =:money
EXPR: 0 | POS | INT | 7 | 1 | 25 | ((8.0-2.0)-(18.0-x))=13.0 | 8.0 2.0 - 18.0 x - - 13.0 = | 8.0:money 2.0:money -:money 18.0:money x:money -:money -:money 13.0:money =:money
EXPR: 0 | POS | INT | 7 | 1 | 5 | (((x-8.0)+18.0)-13.0)=2.0 | x 8.0 - 18.0 + 13.0 - 2.0 = | x:money 8.0:money -:money 18.0:money +:money 13.0:money -:money 2.0:money =:money
EXPR: 0 | POS | INT | 7 | 1 | 25 | ((8.0-18.0)+(x-13.0))=2.0 | 8.0 18.0 - x 13.0 - + 2.0 = | 8.0:money 18.0:money -:money x:money 13.0:money -:money +:money 2.0:money =:money
EXPR: 0 | POS | INT | 7 | 1 | 15 | (8.0+((2.0+18.0)-x))=13.0 | 8.0 2.0 18.0 + x - + 13.0 = | 8.0:money 2.0:money 18.0:money +:money x:money -:money +:money 13.0:money =:money
EXPR: 0 | POS | INT | 7 | 1 | 41 | 2.0=(x-((8.0+13.0)+18.0)) | 2.0 x 8.0 13.0 + 18.0 + - = | 2.0:money x:money 8.0:money 13.0:money +:money 18.0:money +:money -:money =:money
EXPR: 0 | POS | INT | 7 | 1 | 41 | (((x-8.0)-18.0)-13.0)=2.0 | x 8.0 - 18.0 - 13.0 - 2.0 = | x:money 8.0:money -:money 18.0:money -:money 13.0:money -:money 2.0:money =:money
EXPR: 0 | POS | INT | 7 | 1 | 5 | 8.0=((18.0-13.0)-(2.0-x)) | 8.0 18.0 13.0 - 2.0 x - - = | 8.0:money 18.0:money 13.0:money -:money 2.0:money x:money -:money -:money =:money
EXPR: 1 | POS | INT | 7 | 1 | 1 | 8.0=((18.0-13.0)+(2.0+x)) | 8.0 18.0 13.0 - 2.0 x + + = | 8.0:money 18.0:money 13.0:money -:money 2.0:money x:money +:money +:money =:money
EXPR: 0 | POS | INT | 7 | 1 | 15 | 13.0=(2.0+(8.0-(x-18.0))) | 13.0 2.0 8.0 x 18.0 - - + = | 13.0:money 2.0:money 8.0:money x:money 18.0:money -:money -:money +:money =:money
EXPR: 0 | POS | INT | 7 | 1 | 11 | (((2.0-8.0)+13.0)+x)=18.0 | 2.0 8.0 - 13.0 + x + 18.0 = | 2.0:money 8.0:money -:money 13.0:money +:money x:money +:money 18.0:money =:money
EXPR: 0 | POS | INT | 7 | 1 | 25 | 8.0=(18.0+(13.0-(x-2.0))) | 8.0 18.0 13.0 x 2.0 - - + = | 8.0:money 18.0:money 13.0:money x:money 2.0:money -:money -:money +:money =:money
EXPR: 1 | POS | INT | 7 | 1 | 1 | 8.0=(18.0-(13.0-(x+2.0))) | 8.0 18.0 13.0 x 2.0 + - - = | 8.0:money 18.0:money 13.0:money x:money 2.0:money +:money -:money -:money =:money
EXPR: 1 | POS | INT | 7 | 1 | 1 | 8.0=(((2.0+x)+18.0)-13.0) | 8.0 2.0 x + 18.0 + 13.0 - = | 8.0:money 2.0:money x:money +:money 18.0:money +:money 13.0:money -:money =:money
EXPR: 0 | POS | INT | 7 | 1 | 25 | 8.0=(((2.0-x)+18.0)+13.0) | 8.0 2.0 x - 18.0 + 13.0 + = | 8.0:money 2.0:money x:money -:money 18.0:money +:money 13.0:money +:money =:money
EXPR: 0 | POS | INT | 7 | 1 | 15 | 2.0=(x-((8.0-13.0)+18.0)) | 2.0 x 8.0 13.0 - 18.0 + - = | 2.0:money x:money 8.0:money 13.0:money -:money 18.0:money +:money -:money =:money
EXPR: 0 | POS | INT | 7 | 1 | 25 | 8.0=(((18.0-x)+13.0)+2.0) | 8.0 18.0 x - 13.0 + 2.0 + = | 8.0:money 18.0:money x:money -:money 13.0:money +:money 2.0:money +:money =:money
EXPR: 0 | POS | INT | 7 | 1 | 25 | (((8.0-18.0)-13.0)+x)=2.0 | 8.0 18.0 - 13.0 - x + 2.0 = | 8.0:money 18.0:money -:money 13.0:money -:money x:money +:money 2.0:money =:money
EXPR: 1 | POS | INT | 7 | 1 | 1 | 8.0=(((18.0+x)-13.0)+2.0) | 8.0 18.0 x + 13.0 - 2.0 + = | 8.0:money 18.0:money x:money +:money 13.0:money -:money 2.0:money +:money =:money
EXPR: 1 | POS | INT | 7 | 1 | 1 | 13.0=(2.0-(8.0-(x+18.0))) | 13.0 2.0 8.0 x 18.0 + - - = | 13.0:money 2.0:money 8.0:money x:money 18.0:money +:money -:money -:money =:money
EXPR: 0 | POS | INT | 7 | 1 | 11 | 8.0=(((2.0+x)-18.0)+13.0) | 8.0 2.0 x + 18.0 - 13.0 + = | 8.0:money 2.0:money x:money +:money 18.0:money -:money 13.0:money +:money =:money
EXPR: 0 | POS | INT | 7 | 1 | 15 | ((13.0+(x-2.0))-8.0)=18.0 | 13.0 x 2.0 - + 8.0 - 18.0 = | 13.0:money x:money 2.0:money -:money +:money 8.0:money -:money 18.0:money =:money
EXPR: 0 | POS | INT | 7 | 1 | 37 | 13.0=(2.0-(8.0-(x-18.0))) | 13.0 2.0 8.0 x 18.0 - - - = | 13.0:money 2.0:money 8.0:money x:money 18.0:money -:money -:money -:money =:money
EXPR: 0 | POS | INT | 7 | 1 | 21 | ((2.0+(8.0+x))-13.0)=18.0 | 2.0 8.0 x + + 13.0 - 18.0 = | 2.0:money 8.0:money x:money +:money +:money 13.0:money -:money 18.0:money =:money
EXPR: 0 | POS | INT | 7 | 1 | 21 | 13.0=(((2.0+x)+8.0)-18.0) | 13.0 2.0 x + 8.0 + 18.0 - = | 13.0:money 2.0:money x:money +:money 8.0:money +:money 18.0:money -:money =:money
EXPR: 0 | POS | INT | 7 | 1 | 37 | ((x+2.0)-(8.0+13.0))=18.0 | x 2.0 + 8.0 13.0 + - 18.0 = | x:money 2.0:money +:money 8.0:money 13.0:money +:money -:money 18.0:money =:money
EXPR: 0 | POS | INT | 7 | 1 | 21 | 13.0=(2.0+(8.0+(x-18.0))) | 13.0 2.0 8.0 x 18.0 - + + = | 13.0:money 2.0:money 8.0:money x:money 18.0:money -:money +:money +:money =:money
EXPR: 1 | POS | INT | 7 | 1 | 1 | 13.0=(((2.0-8.0)+18.0)+x) | 13.0 2.0 8.0 - 18.0 + x + = | 13.0:money 2.0:money 8.0:money -:money 18.0:money +:money x:money +:money =:money
EXPR: 0 | POS | INT | 7 | 1 | 15 | x=((2.0-13.0)+(8.0+18.0)) | x 2.0 13.0 - 8.0 18.0 + + = | x:money 2.0:money 13.0:money -:money 8.0:money 18.0:money +:money +:money =:money
EXPR: 0 | POS | INT | 7 | 1 | 41 | ((x-2.0)-(8.0+13.0))=18.0 | x 2.0 - 8.0 13.0 + - 18.0 = | x:money 2.0:money -:money 8.0:money 13.0:money +:money -:money 18.0:money =:money
EXPR: 0 | POS | INT | 7 | 1 | 37 | (((2.0-8.0)-13.0)+x)=18.0 | 2.0 8.0 - 13.0 - x + 18.0 = | 2.0:money 8.0:money -:money 13.0:money -:money x:money +:money 18.0:money =:money
EXPR: 0 | POS | INT | 7 | 1 | 25 | 2.0=(x+((8.0-13.0)-18.0)) | 2.0 x 8.0 13.0 - 18.0 - + = | 2.0:money x:money 8.0:money 13.0:money -:money 18.0:money -:money +:money =:money
EXPR: 0 | POS | INT | 7 | 1 | 25 | ((x-13.0)-(2.0-8.0))=18.0 | x 13.0 - 2.0 8.0 - - 18.0 = | x:money 13.0:money -:money 2.0:money 8.0:money -:money -:money 18.0:money =:money
EXPR: 0 | POS | INT | 7 | 1 | 11 | (((8.0+18.0)-x)-13.0)=2.0 | 8.0 18.0 + x - 13.0 - 2.0 = | 8.0:money 18.0:money +:money x:money -:money 13.0:money -:money 2.0:money =:money
EXPR: 0 | POS | INT | 7 | 1 | 11 | ((13.0+(x+2.0))-8.0)=18.0 | 13.0 x 2.0 + + 8.0 - 18.0 = | 13.0:money x:money 2.0:money +:money +:money 8.0:money -:money 18.0:money =:money
EXPR: 0 | POS | INT | 7 | 1 | 15 | ((x-2.0)-(8.0-13.0))=18.0 | x 2.0 - 8.0 13.0 - - 18.0 = | x:money 2.0:money -:money 8.0:money 13.0:money -:money -:money 18.0:money =:money
EXPR: 0 | POS | INT | 7 | 1 | 11 | (((8.0-2.0)-x)+18.0)=13.0 | 8.0 2.0 - x - 18.0 + 13.0 = | 8.0:money 2.0:money -:money x:money -:money 18.0:money +:money 13.0:money =:money
EXPR: 0 | POS | INT | 7 | 1 | 37 | (((8.0+18.0)-x)+13.0)=2.0 | 8.0 18.0 + x - 13.0 + 2.0 = | 8.0:money 18.0:money +:money x:money -:money 13.0:money +:money 2.0:money =:money
EXPR: 0 | POS | INT | 7 | 1 | 37 | (((2.0+x)-8.0)-13.0)=18.0 | 2.0 x + 8.0 - 13.0 - 18.0 = | 2.0:money x:money +:money 8.0:money -:money 13.0:money -:money 18.0:money =:money
EXPR: 0 | POS | INT | 7 | 1 | 5 | (((2.0-x)+8.0)+13.0)=18.0 | 2.0 x - 8.0 + 13.0 + 18.0 = | 2.0:money x:money -:money 8.0:money +:money 13.0:money +:money 18.0:money =:money
EXPR: 0 | POS | INT | 7 | 1 | 37 | 2.0=(8.0+(13.0-(x-18.0))) | 2.0 8.0 13.0 x 18.0 - - + = | 2.0:money 8.0:money 13.0:money x:money 18.0:money -:money -:money +:money =:money
EXPR: 1 | POS | INT | 7 | 1 | 1 | 2.0=(8.0+(13.0-(x+18.0))) | 2.0 8.0 13.0 x 18.0 + - + = | 2.0:money 8.0:money 13.0:money x:money 18.0:money +:money -:money +:money =:money
NET 467 unique, non-negative, integer-valued solutions found out of 1000 total solutions
