parameters: n=7 l=3 k=1 p=5 q=2 m=9
TOTAL 1000 solutions found
SOLN: CORRECT | POS/NEG | INT/FRA | OBJ-SCORE | TRUE-ANS | ANS | INFIX | POSTFIX | TYPED-POSTFIX
EXPR: 0 | POS | INT | 0 | 32 | 41 | x=((53+7)-19) | x 53 7 + 19 - = | x:cupcake 53:cupcake 7:cupcake +:cupcake 19:cupcake -:cupcake =:cupcake
EXPR: 0 | POS | INT | 0 | 32 | 27 | x=(53-(7+19)) | x 53 7 19 + - = | x:cupcake 53:cupcake 7:cupcake 19:cupcake +:cupcake -:cupcake =:cupcake
EXPR: 0 | POS | INT | 0 | 32 | 1140 | x=((53+7)*19) | x 53 7 + 19 * = | x:cupcake 53:cupcake 7:cupcake +:cupcake 19:cupcake *:cupcake =:cupcake
EXPR: 0 | POS | INT | 0 | 32 | 1378 | x=(53*(7+19)) | x 53 7 19 + * = | x:cupcake 53:cupcake 7:cupcake 19:cupcake +:cupcake *:cupcake =:cupcake
EXPR: 0 | POS | INT | 0 | 32 | 79 | x=(53+(7+19)) | x 53 7 19 + + = | x:cupcake 53:cupcake 7:cupcake 19:cupcake +:cupcake +:cupcake =:cupcake
EXPR: 0 | POS | INT | 0 | 32 | 65 | x=(53-(7-19)) | x 53 7 19 - - = | x:cupcake 53:cupcake 7:cupcake 19:cupcake -:cupcake -:cupcake =:cupcake
EXPR: 0 | POS | INT | 0 | 32 | 352 | x=((53*7)-19) | x 53 7 * 19 - = | x:cupcake 53:cupcake 7:cupcake *:cupcake 19:cupcake -:cupcake =:cupcake
EXPR: 0 | POS | INT | 0 | 32 | 27 | x=((53-7)-19) | x 53 7 - 19 - = | x:cupcake 53:cupcake 7:cupcake -:cupcake 19:cupcake -:cupcake =:cupcake
EXPR: 0 | POS | INT | 0 | 32 | 41 | x=(53+(7-19)) | x 53 7 19 - + = | x:cupcake 53:cupcake 7:cupcake 19:cupcake -:cupcake +:cupcake =:cupcake
EXPR: 0 | POS | INT | 0 | 32 | 186 | x=(53+(7*19)) | x 53 7 19 * + = | x:cupcake 53:cupcake 7:cupcake 19:cupcake *:cupcake +:cupcake =:cupcake
EXPR: 0 | POS | INT | 0 | 32 | 874 | x=((53-7)*19) | x 53 7 - 19 * = | x:cupcake 53:cupcake 7:cupcake -:cupcake 19:cupcake *:cupcake =:cupcake
EXPR: 0 | POS | INT | 0 | 32 | 65 | x=((53-7)+19) | x 53 7 - 19 + = | x:cupcake 53:cupcake 7:cupcake -:cupcake 19:cupcake +:cupcake =:cupcake
EXPR: 0 | POS | INT | 0 | 32 | 27 | ((53-7)-19)=x | 53 7 - 19 - x = | 53:cupcake 7:cupcake -:cupcake 19:cupcake -:cupcake x:cupcake =:cupcake
EXPR: 0 | POS | INT | 0 | 32 | 41 | ((53+7)-19)=x | 53 7 + 19 - x = | 53:cupcake 7:cupcake +:cupcake 19:cupcake -:cupcake x:cupcake =:cupcake
EXPR: 0 | POS | INT | 0 | 32 | 79 | x=((53+7)+19) | x 53 7 + 19 + = | x:cupcake 53:cupcake 7:cupcake +:cupcake 19:cupcake +:cupcake =:cupcake
EXPR: 0 | POS | INT | 0 | 32 | 390 | x=((53*7)+19) | x 53 7 * 19 + = | x:cupcake 53:cupcake 7:cupcake *:cupcake 19:cupcake +:cupcake =:cupcake
EXPR: 0 | POS | INT | 0 | 32 | 352 | ((53*7)-19)=x | 53 7 * 19 - x = | 53:cupcake 7:cupcake *:cupcake 19:cupcake -:cupcake x:cupcake =:cupcake
EXPR: 0 | POS | INT | 0 | 32 | 65 | ((53-7)+19)=x | 53 7 - 19 + x = | 53:cupcake 7:cupcake -:cupcake 19:cupcake +:cupcake x:cupcake =:cupcake
EXPR: 0 | POS | INT | 0 | 32 | 874 | ((53-7)*19)=x | 53 7 - 19 * x = | 53:cupcake 7:cupcake -:cupcake 19:cupcake *:cupcake x:cupcake =:cupcake
EXPR: 0 | POS | INT | 0 | 32 | 79 | ((53+7)+19)=x | 53 7 + 19 + x = | 53:cupcake 7:cupcake +:cupcake 19:cupcake +:cupcake x:cupcake =:cupcake
EXPR: 0 | POS | INT | 0 | 32 | 1140 | ((53+7)*19)=x | 53 7 + 19 * x = | 53:cupcake 7:cupcake +:cupcake 19:cupcake *:cupcake x:cupcake =:cupcake
EXPR: 0 | POS | INT | 0 | 32 | 390 | ((53*7)+19)=x | 53 7 * 19 + x = | 53:cupcake 7:cupcake *:cupcake 19:cupcake +:cupcake x:cupcake =:cupcake
EXPR: 0 | POS | INT | 0 | 32 | 41 | (53+(7-19))=x | 53 7 19 - + x = | 53:cupcake 7:cupcake 19:cupcake -:cupcake +:cupcake x:cupcake =:cupcake
EXPR: 0 | POS | INT | 0 | 32 | 65 | (53-(7-19))=x | 53 7 19 - - x = | 53:cupcake 7:cupcake 19:cupcake -:cupcake -:cupcake x:cupcake =:cupcake
EXPR: 0 | POS | INT | 0 | 32 | 186 | (53+(7*19))=x | 53 7 19 * + x = | 53:cupcake 7:cupcake 19:cupcake *:cupcake +:cupcake x:cupcake =:cupcake
EXPR: 0 | POS | INT | 0 | 32 | 1378 | (53*(7+19))=x | 53 7 19 + * x = | 53:cupcake 7:cupcake 19:cupcake +:cupcake *:cupcake x:cupcake =:cupcake
EXPR: 0 | POS | INT | 0 | 32 | 27 | (53-(7+19))=x | 53 7 19 + - x = | 53:cupcake 7:cupcake 19:cupcake +:cupcake -:cupcake x:cupcake =:cupcake
EXPR: 0 | POS | INT | 0 | 32 | 79 | (53+(7+19))=x | 53 7 19 + + x = | 53:cupcake 7:cupcake 19:cupcake +:cupcake +:cupcake x:cupcake =:cupcake
EXPR: 0 | POS | INT | 2 | 32 | 636 | x=(53*(19-7)) | x 53 19 7 - * = | x:cupcake 53:cupcake 19:cupcake 7:cupcake -:cupcake *:cupcake =:cupcake
EXPR: 0 | POS | INT | 2 | 32 | 41 | x=(53-(19-7)) | x 53 19 7 - - = | x:cupcake 53:cupcake 19:cupcake 7:cupcake -:cupcake -:cupcake =:cupcake
EXPR: 0 | POS | INT | 2 | 32 | 504 | x=((53+19)*7) | x 53 19 + 7 * = | x:cupcake 53:cupcake 19:cupcake +:cupcake 7:cupcake *:cupcake =:cupcake
EXPR: 0 | POS | INT | 2 | 32 | 1000 | x=((53*19)-7) | x 53 19 * 7 - = | x:cupcake 53:cupcake 19:cupcake *:cupcake 7:cupcake -:cupcake =:cupcake
EXPR: 0 | POS | INT | 2 | 32 | 65 | x=((53+19)-7) | x 53 19 + 7 - = | x:cupcake 53:cupcake 19:cupcake +:cupcake 7:cupcake -:cupcake =:cupcake
EXPR: 0 | POS | INT | 2 | 32 | 27 | x=((53-19)-7) | x 53 19 - 7 - = | x:cupcake 53:cupcake 19:cupcake -:cupcake 7:cupcake -:cupcake =:cupcake
EXPR: 0 | POS | INT | 2 | 32 | 65 | x=(53+(19-7)) | x 53 19 7 - + = | x:cupcake 53:cupcake 19:cupcake 7:cupcake -:cupcake +:cupcake =:cupcake
EXPR: 0 | POS | INT | 2 | 32 | 27 | ((53-x)-7)=19 | 53 x - 7 - 19 = | 53:cupcake x:cupcake -:cupcake 7:cupcake -:cupcake 19:cupcake =:cupcake
EXPR: 0 | POS | INT | 2 | 32 | 65 | 53=((7-19)+x) | 53 7 19 - x + = | 53:cupcake 7:cupcake 19:cupcake -:cupcake x:cupcake +:cupcake =:cupcake
EXPR: 0 | POS | INT | 2 | 32 | 238 | x=((53-19)*7) | x 53 19 - 7 * = | x:cupcake 53:cupcake 19:cupcake -:cupcake 7:cupcake *:cupcake =:cupcake
EXPR: 0 | POS | INT | 2 | 32 | 65 | ((53+19)-7)=x | 53 19 + 7 - x = | 53:cupcake 19:cupcake +:cupcake 7:cupcake -:cupcake x:cupcake =:cupcake
EXPR: 0 | POS | INT | 2 | 32 | 41 | ((53-19)+7)=x | 53 19 - 7 + x = | 53:cupcake 19:cupcake -:cupcake 7:cupcake +:cupcake x:cupcake =:cupcake
EXPR: 0 | POS | INT | 2 | 32 | 1014 | x=((53*19)+7) | x 53 19 * 7 + = | x:cupcake 53:cupcake 19:cupcake *:cupcake 7:cupcake +:cupcake =:cupcake
EXPR: 0 | POS | INT | 2 | 32 | 238 | ((53-19)*7)=x | 53 19 - 7 * x = | 53:cupcake 19:cupcake -:cupcake 7:cupcake *:cupcake x:cupcake =:cupcake
EXPR: 0 | POS | INT | 2 | 32 | 79 | ((53+19)+7)=x | 53 19 + 7 + x = | 53:cupcake 19:cupcake +:cupcake 7:cupcake +:cupcake x:cupcake =:cupcake
EXPR: 0 | POS | INT | 2 | 32 | 41 | x=((53-19)+7) | x 53 19 - 7 + = | x:cupcake 53:cupcake 19:cupcake -:cupcake 7:cupcake +:cupcake =:cupcake
EXPR: 0 | POS | INT | 2 | 32 | 27 | ((53-19)-7)=x | 53 19 - 7 - x = | 53:cupcake 19:cupcake -:cupcake 7:cupcake -:cupcake x:cupcake =:cupcake
EXPR: 0 | POS | INT | 2 | 32 | 65 | 53=((x+7)-19) | 53 x 7 + 19 - = | 53:cupcake x:cupcake 7:cupcake +:cupcake 19:cupcake -:cupcake =:cupcake
EXPR: 0 | POS | INT | 2 | 32 | 504 | ((53+19)*7)=x | 53 19 + 7 * x = | 53:cupcake 19:cupcake +:cupcake 7:cupcake *:cupcake x:cupcake =:cupcake
EXPR: 0 | POS | INT | 2 | 32 | 79 | x=((53+19)+7) | x 53 19 + 7 + = | x:cupcake 53:cupcake 19:cupcake +:cupcake 7:cupcake +:cupcake =:cupcake
EXPR: 0 | POS | INT | 2 | 32 | 1014 | ((53*19)+7)=x | 53 19 * 7 + x = | 53:cupcake 19:cupcake *:cupcake 7:cupcake +:cupcake x:cupcake =:cupcake
EXPR: 0 | POS | INT | 2 | 32 | 1000 | ((53*19)-7)=x | 53 19 * 7 - x = | 53:cupcake 19:cupcake *:cupcake 7:cupcake -:cupcake x:cupcake =:cupcake
EXPR: 0 | POS | INT | 2 | 32 | 41 | ((53-x)+7)=19 | 53 x - 7 + 19 = | 53:cupcake x:cupcake -:cupcake 7:cupcake +:cupcake 19:cupcake =:cupcake
EXPR: 0 | POS | INT | 2 | 32 | 80 | ((x+53)/7)=19 | x 53 + 7 / 19 = | x:cupcake 53:cupcake +:cupcake 7:cupcake /:cupcake 19:cupcake =:cupcake
EXPR: 0 | POS | INT | 2 | 32 | 41 | (7+(53-19))=x | 7 53 19 - + x = | 7:cupcake 53:cupcake 19:cupcake -:cupcake +:cupcake x:cupcake =:cupcake
EXPR: 0 | POS | INT | 2 | 32 | 79 | (x-(53+7))=19 | x 53 7 + - 19 = | x:cupcake 53:cupcake 7:cupcake +:cupcake -:cupcake 19:cupcake =:cupcake
EXPR: 0 | POS | INT | 2 | 32 | 186 | ((x-53)/7)=19 | x 53 - 7 / 19 = | x:cupcake 53:cupcake -:cupcake 7:cupcake /:cupcake 19:cupcake =:cupcake
EXPR: 0 | POS | INT | 2 | 32 | 504 | 53=((x/7)-19) | 53 x 7 / 19 - = | 53:cupcake x:cupcake 7:cupcake /:cupcake 19:cupcake -:cupcake =:cupcake
EXPR: 0 | POS | INT | 2 | 32 | 390 | (x-(53*7))=19 | x 53 7 * - 19 = | x:cupcake 53:cupcake 7:cupcake *:cupcake -:cupcake 19:cupcake =:cupcake
EXPR: 0 | POS | INT | 2 | 32 | 1000 | 53=((7+x)/19) | 53 7 x + 19 / = | 53:cupcake 7:cupcake x:cupcake +:cupcake 19:cupcake /:cupcake =:cupcake
EXPR: 0 | POS | INT | 2 | 32 | 27 | ((53-7)-x)=19 | 53 7 - x - 19 = | 53:cupcake 7:cupcake -:cupcake x:cupcake -:cupcake 19:cupcake =:cupcake
EXPR: 0 | POS | INT | 2 | 32 | 79 | 53=((x-7)-19) | 53 x 7 - 19 - = | 53:cupcake x:cupcake 7:cupcake -:cupcake 19:cupcake -:cupcake =:cupcake
EXPR: 0 | POS | INT | 2 | 32 | 238 | (7*(53-19))=x | 7 53 19 - * x = | 7:cupcake 53:cupcake 19:cupcake -:cupcake *:cupcake x:cupcake =:cupcake
EXPR: 0 | POS | INT | 2 | 32 | 41 | (53-(19-7))=x | 53 19 7 - - x = | 53:cupcake 19:cupcake 7:cupcake -:cupcake -:cupcake x:cupcake =:cupcake
EXPR: 0 | POS | INT | 2 | 32 | 636 | ((x/53)+7)=19 | x 53 / 7 + 19 = | x:cupcake 53:cupcake /:cupcake 7:cupcake +:cupcake 19:cupcake =:cupcake
EXPR: 0 | POS | INT | 2 | 32 | 1378 | ((x/53)-7)=19 | x 53 / 7 - 19 = | x:cupcake 53:cupcake /:cupcake 7:cupcake -:cupcake 19:cupcake =:cupcake
EXPR: 0 | POS | INT | 2 | 32 | 27 | (53-(x+7))=19 | 53 x 7 + - 19 = | 53:cupcake x:cupcake 7:cupcake +:cupcake -:cupcake 19:cupcake =:cupcake
EXPR: 0 | POS | INT | 2 | 32 | 79 | (7+(53+19))=x | 7 53 19 + + x = | 7:cupcake 53:cupcake 19:cupcake +:cupcake +:cupcake x:cupcake =:cupcake
EXPR: 0 | POS | INT | 2 | 32 | 79 | ((x-53)-7)=19 | x 53 - 7 - 19 = | x:cupcake 53:cupcake -:cupcake 7:cupcake -:cupcake 19:cupcake =:cupcake
EXPR: 0 | POS | INT | 2 | 32 | 504 | x=(7*(53+19)) | x 7 53 19 + * = | x:cupcake 7:cupcake 53:cupcake 19:cupcake +:cupcake *:cupcake =:cupcake
EXPR: 0 | POS | INT | 2 | 32 | 41 | ((53+7)-x)=19 | 53 7 + x - 19 = | 53:cupcake 7:cupcake +:cupcake x:cupcake -:cupcake 19:cupcake =:cupcake
EXPR: 0 | POS | INT | 2 | 32 | 1014 | (7+(53*19))=x | 7 53 19 * + x = | 7:cupcake 53:cupcake 19:cupcake *:cupcake +:cupcake x:cupcake =:cupcake
EXPR: 0 | POS | INT | 2 | 32 | 65 | 53=(7-(19-x)) | 53 7 19 x - - = | 53:cupcake 7:cupcake 19:cupcake x:cupcake -:cupcake -:cupcake =:cupcake
EXPR: 0 | POS | INT | 2 | 32 | 41 | (53-(x-7))=19 | 53 x 7 - - 19 = | 53:cupcake x:cupcake 7:cupcake -:cupcake -:cupcake 19:cupcake =:cupcake
EXPR: 0 | POS | INT | 2 | 32 | 65 | 53=((7+x)-19) | 53 7 x + 19 - = | 53:cupcake 7:cupcake x:cupcake +:cupcake 19:cupcake -:cupcake =:cupcake
EXPR: 0 | POS | INT | 2 | 32 | 41 | 53=((x-7)+19) | 53 x 7 - 19 + = | 53:cupcake x:cupcake 7:cupcake -:cupcake 19:cupcake +:cupcake =:cupcake
EXPR: 0 | POS | INT | 2 | 32 | 352 | ((53*7)-x)=19 | 53 7 * x - 19 = | 53:cupcake 7:cupcake *:cupcake x:cupcake -:cupcake 19:cupcake =:cupcake
EXPR: 0 | POS | INT | 2 | 32 | 238 | (53-(x/7))=19 | 53 x 7 / - 19 = | 53:cupcake x:cupcake 7:cupcake /:cupcake -:cupcake 19:cupcake =:cupcake
EXPR: 0 | POS | INT | 2 | 32 | 27 | 53=((x+7)+19) | 53 x 7 + 19 + = | 53:cupcake x:cupcake 7:cupcake +:cupcake 19:cupcake +:cupcake =:cupcake
EXPR: 0 | POS | INT | 2 | 32 | 65 | (53+(19-7))=x | 53 19 7 - + x = | 53:cupcake 19:cupcake 7:cupcake -:cupcake +:cupcake x:cupcake =:cupcake
EXPR: 0 | POS | INT | 2 | 32 | 79 | x=(7+(53+19)) | x 7 53 19 + + = | x:cupcake 7:cupcake 53:cupcake 19:cupcake +:cupcake +:cupcake =:cupcake
EXPR: 0 | POS | INT | 2 | 32 | 65 | (x-(53-7))=19 | x 53 7 - - 19 = | x:cupcake 53:cupcake 7:cupcake -:cupcake -:cupcake 19:cupcake =:cupcake
EXPR: 0 | POS | INT | 2 | 32 | 1014 | 53=((x-7)/19) | 53 x 7 - 19 / = | 53:cupcake x:cupcake 7:cupcake -:cupcake 19:cupcake /:cupcake =:cupcake
EXPR: 0 | POS | INT | 2 | 32 | 27 | (53-(7+x))=19 | 53 7 x + - 19 = | 53:cupcake 7:cupcake x:cupcake +:cupcake -:cupcake 19:cupcake =:cupcake
EXPR: 0 | POS | INT | 2 | 32 | 27 | 53=((7+19)+x) | 53 7 19 + x + = | 53:cupcake 7:cupcake 19:cupcake +:cupcake x:cupcake +:cupcake =:cupcake
EXPR: 0 | POS | INT | 2 | 32 | 65 | ((x-53)+7)=19 | x 53 - 7 + 19 = | x:cupcake 53:cupcake -:cupcake 7:cupcake +:cupcake 19:cupcake =:cupcake
EXPR: 0 | POS | INT | 2 | 32 | 65 | 53=(x+(7-19)) | 53 x 7 19 - + = | 53:cupcake x:cupcake 7:cupcake 19:cupcake -:cupcake +:cupcake =:cupcake
EXPR: 0 | POS | INT | 2 | 32 | 27 | 53=(x+(7+19)) | 53 x 7 19 + + = | 53:cupcake x:cupcake 7:cupcake 19:cupcake +:cupcake +:cupcake =:cupcake
EXPR: 0 | POS | INT | 2 | 32 | 1000 | 53=((x+7)/19) | 53 x 7 + 19 / = | 53:cupcake x:cupcake 7:cupcake +:cupcake 19:cupcake /:cupcake =:cupcake
EXPR: 0 | POS | INT | 2 | 32 | 504 | (7*(53+19))=x | 7 53 19 + * x = | 7:cupcake 53:cupcake 19:cupcake +:cupcake *:cupcake x:cupcake =:cupcake
EXPR: 0 | POS | INT | 2 | 32 | 27 | 53=(7+(19+x)) | 53 7 19 x + + = | 53:cupcake 7:cupcake 19:cupcake x:cupcake +:cupcake +:cupcake =:cupcake
EXPR: 0 | POS | INT | 2 | 32 | 80 | 53=((7*19)-x) | 53 7 19 * x - = | 53:cupcake 7:cupcake 19:cupcake *:cupcake x:cupcake -:cupcake =:cupcake
EXPR: 0 | POS | INT | 2 | 32 | 79 | 53=(x-(7+19)) | 53 x 7 19 + - = | 53:cupcake x:cupcake 7:cupcake 19:cupcake +:cupcake -:cupcake =:cupcake
EXPR: 0 | POS | INT | 2 | 32 | 27 | 53=((7+x)+19) | 53 7 x + 19 + = | 53:cupcake 7:cupcake x:cupcake +:cupcake 19:cupcake +:cupcake =:cupcake
EXPR: 0 | POS | INT | 2 | 32 | 1140 | (x/(53+7))=19 | x 53 7 + / 19 = | x:cupcake 53:cupcake 7:cupcake +:cupcake /:cupcake 19:cupcake =:cupcake
EXPR: 0 | POS | INT | 2 | 32 | 80 | ((53+x)/7)=19 | 53 x + 7 / 19 = | 53:cupcake x:cupcake +:cupcake 7:cupcake /:cupcake 19:cupcake =:cupcake
EXPR: 0 | POS | INT | 2 | 32 | 186 | 53=(x-(7*19)) | 53 x 7 19 * - = | 53:cupcake x:cupcake 7:cupcake 19:cupcake *:cupcake -:cupcake =:cupcake
EXPR: 0 | POS | INT | 2 | 32 | 874 | (x/(53-7))=19 | x 53 7 - / 19 = | x:cupcake 53:cupcake 7:cupcake -:cupcake /:cupcake 19:cupcake =:cupcake
EXPR: 0 | POS | INT | 2 | 32 | 238 | x=(7*(53-19)) | x 7 53 19 - * = | x:cupcake 7:cupcake 53:cupcake 19:cupcake -:cupcake *:cupcake =:cupcake
EXPR: 0 | POS | INT | 2 | 32 | 41 | x=(7+(53-19)) | x 7 53 19 - + = | x:cupcake 7:cupcake 53:cupcake 19:cupcake -:cupcake +:cupcake =:cupcake
EXPR: 0 | POS | INT | 2 | 32 | 41 | 53=(x-(7-19)) | 53 x 7 19 - - = | 53:cupcake x:cupcake 7:cupcake 19:cupcake -:cupcake -:cupcake =:cupcake
EXPR: 0 | POS | INT | 2 | 32 | 1014 | x=(7+(53*19)) | x 7 53 19 * + = | x:cupcake 7:cupcake 53:cupcake 19:cupcake *:cupcake +:cupcake =:cupcake
EXPR: 0 | POS | INT | 2 | 32 | 874 | 53=(7+(x/19)) | 53 7 x 19 / + = | 53:cupcake 7:cupcake x:cupcake 19:cupcake /:cupcake +:cupcake =:cupcake
EXPR: 0 | POS | INT | 2 | 32 | 65 | 53=(7+(x-19)) | 53 7 x 19 - + = | 53:cupcake 7:cupcake x:cupcake 19:cupcake -:cupcake +:cupcake =:cupcake
EXPR: 0 | POS | INT | 2 | 32 | 41 | (53+(7-x))=19 | 53 7 x - + 19 = | 53:cupcake 7:cupcake x:cupcake -:cupcake +:cupcake 19:cupcake =:cupcake
EXPR: 0 | POS | INT | 2 | 32 | 238 | 53=((x/7)+19) | 53 x 7 / 19 + = | 53:cupcake x:cupcake 7:cupcake /:cupcake 19:cupcake +:cupcake =:cupcake
EXPR: 0 | POS | INT | 2 | 32 | 1378 | 53=(x/(7+19)) | 53 x 7 19 + / = | 53:cupcake x:cupcake 7:cupcake 19:cupcake +:cupcake /:cupcake =:cupcake
EXPR: 0 | POS | INT | 2 | 32 | 27 | 53=(7+(x+19)) | 53 7 x 19 + + = | 53:cupcake 7:cupcake x:cupcake 19:cupcake +:cupcake +:cupcake =:cupcake
EXPR: 0 | POS | INT | 2 | 32 | 636 | (53*(19-7))=x | 53 19 7 - * x = | 53:cupcake 19:cupcake 7:cupcake -:cupcake *:cupcake x:cupcake =:cupcake
EXPR: 0 | POS | INT | 4 | 32 | 65 | 7=(53+(19-x)) | 7 53 19 x - + = | 7:cupcake 53:cupcake 19:cupcake x:cupcake -:cupcake +:cupcake =:cupcake
EXPR: 0 | POS | INT | 4 | 32 | 27 | ((53-x)-19)=7 | 53 x - 19 - 7 = | 53:cupcake x:cupcake -:cupcake 19:cupcake -:cupcake 7:cupcake =:cupcake
EXPR: 0 | POS | INT | 4 | 32 | 80 | 7=((53+x)/19) | 7 53 x + 19 / = | 7:cupcake 53:cupcake x:cupcake +:cupcake 19:cupcake /:cupcake =:cupcake
EXPR: 0 | POS | INT | 4 | 32 | 65 | 7=((53+19)-x) | 7 53 19 + x - = | 7:cupcake 53:cupcake 19:cupcake +:cupcake x:cupcake -:cupcake =:cupcake
EXPR: 0 | POS | INT | 4 | 32 | 65 | (x+(7-53))=19 | x 7 53 - + 19 = | x:cupcake 7:cupcake 53:cupcake -:cupcake +:cupcake 19:cupcake =:cupcake
EXPR: 0 | POS | INT | 4 | 32 | 65 | ((53-x)+19)=7 | 53 x - 19 + 7 = | 53:cupcake x:cupcake -:cupcake 19:cupcake +:cupcake 7:cupcake =:cupcake
EXPR: 0 | POS | INT | 4 | 32 | 65 | 7=((53-x)+19) | 7 53 x - 19 + = | 7:cupcake 53:cupcake x:cupcake -:cupcake 19:cupcake +:cupcake =:cupcake
EXPR: 0 | POS | INT | 4 | 32 | 1140 | 53=((x/19)-7) | 53 x 19 / 7 - = | 53:cupcake x:cupcake 19:cupcake /:cupcake 7:cupcake -:cupcake =:cupcake
EXPR: 0 | POS | INT | 4 | 32 | 1014 | (x-(53*19))=7 | x 53 19 * - 7 = | x:cupcake 53:cupcake 19:cupcake *:cupcake -:cupcake 7:cupcake =:cupcake
EXPR: 0 | POS | INT | 4 | 32 | 352 | 53=((19+x)/7) | 53 19 x + 7 / = | 53:cupcake 19:cupcake x:cupcake +:cupcake 7:cupcake /:cupcake =:cupcake
EXPR: 0 | POS | INT | 4 | 32 | 41 | (7-(x-53))=19 | 7 x 53 - - 19 = | 7:cupcake x:cupcake 53:cupcake -:cupcake -:cupcake 19:cupcake =:cupcake
EXPR: 0 | POS | INT | 4 | 32 | 79 | 53=((x-19)-7) | 53 x 19 - 7 - = | 53:cupcake x:cupcake 19:cupcake -:cupcake 7:cupcake -:cupcake =:cupcake
EXPR: 0 | POS | INT | 4 | 32 | 79 | (x-(53+19))=7 | x 53 19 + - 7 = | x:cupcake 53:cupcake 19:cupcake +:cupcake -:cupcake 7:cupcake =:cupcake
EXPR: 0 | POS | INT | 4 | 32 | 27 | (53-(x+19))=7 | 53 x 19 + - 7 = | 53:cupcake x:cupcake 19:cupcake +:cupcake -:cupcake 7:cupcake =:cupcake
EXPR: 0 | POS | INT | 4 | 32 | 79 | 7=((x-53)-19) | 7 x 53 - 19 - = | 7:cupcake x:cupcake 53:cupcake -:cupcake 19:cupcake -:cupcake =:cupcake
EXPR: 0 | POS | INT | 4 | 32 | 65 | ((53+19)-x)=7 | 53 19 + x - 7 = | 53:cupcake 19:cupcake +:cupcake x:cupcake -:cupcake 7:cupcake =:cupcake
EXPR: 0 | POS | INT | 4 | 32 | 1378 | 7=((x/53)-19) | 7 x 53 / 19 - = | 7:cupcake x:cupcake 53:cupcake /:cupcake 19:cupcake -:cupcake =:cupcake
EXPR: 0 | POS | INT | 4 | 32 | 1378 | ((x/53)-19)=7 | x 53 / 19 - 7 = | x:cupcake 53:cupcake /:cupcake 19:cupcake -:cupcake 7:cupcake =:cupcake
EXPR: 0 | POS | INT | 4 | 32 | 41 | 53=((19-7)+x) | 53 19 7 - x + = | 53:cupcake 19:cupcake 7:cupcake -:cupcake x:cupcake +:cupcake =:cupcake
EXPR: 0 | POS | INT | 4 | 32 | 27 | 7=(53-(19+x)) | 7 53 19 x + - = | 7:cupcake 53:cupcake 19:cupcake x:cupcake +:cupcake -:cupcake =:cupcake
EXPR: 0 | POS | INT | 4 | 32 | 65 | (53-(x-19))=7 | 53 x 19 - - 7 = | 53:cupcake x:cupcake 19:cupcake -:cupcake -:cupcake 7:cupcake =:cupcake
EXPR: 0 | POS | INT | 4 | 32 | 1000 | ((x+7)/53)=19 | x 7 + 53 / 19 = | x:cupcake 7:cupcake +:cupcake 53:cupcake /:cupcake 19:cupcake =:cupcake
EXPR: 0 | POS | INT | 4 | 32 | 65 | 53=((x-19)+7) | 53 x 19 - 7 + = | 53:cupcake x:cupcake 19:cupcake -:cupcake 7:cupcake +:cupcake =:cupcake
EXPR: 0 | POS | INT | 4 | 32 | 874 | (53-(x/19))=7 | 53 x 19 / - 7 = | 53:cupcake x:cupcake 19:cupcake /:cupcake -:cupcake 7:cupcake =:cupcake
EXPR: 0 | POS | INT | 4 | 32 | 41 | 53=((19+x)-7) | 53 19 x + 7 - = | 53:cupcake 19:cupcake x:cupcake +:cupcake 7:cupcake -:cupcake =:cupcake
EXPR: 0 | POS | INT | 4 | 32 | 27 | ((53-19)-x)=7 | 53 19 - x - 7 = | 53:cupcake 19:cupcake -:cupcake x:cupcake -:cupcake 7:cupcake =:cupcake
EXPR: 0 | POS | INT | 4 | 32 | 65 | ((x+7)-53)=19 | x 7 + 53 - 19 = | x:cupcake 7:cupcake +:cupcake 53:cupcake -:cupcake 19:cupcake =:cupcake
EXPR: 0 | POS | INT | 4 | 32 | 27 | 53=((x+19)+7) | 53 x 19 + 7 + = | 53:cupcake x:cupcake 19:cupcake +:cupcake 7:cupcake +:cupcake =:cupcake
EXPR: 0 | POS | INT | 4 | 32 | 636 | (7+(x/53))=19 | 7 x 53 / + 19 = | 7:cupcake x:cupcake 53:cupcake /:cupcake +:cupcake 19:cupcake =:cupcake
EXPR: 0 | POS | INT | 4 | 32 | 41 | 53=((x+19)-7) | 53 x 19 + 7 - = | 53:cupcake x:cupcake 19:cupcake +:cupcake 7:cupcake -:cupcake =:cupcake
EXPR: 0 | POS | INT | 4 | 32 | 1000 | ((53*19)-x)=7 | 53 19 * x - 7 = | 53:cupcake 19:cupcake *:cupcake x:cupcake -:cupcake 7:cupcake =:cupcake
EXPR: 0 | POS | INT | 4 | 32 | 80 | ((53+x)/19)=7 | 53 x + 19 / 7 = | 53:cupcake x:cupcake +:cupcake 19:cupcake /:cupcake 7:cupcake =:cupcake
EXPR: 0 | POS | INT | 4 | 32 | 65 | ((7-53)+x)=19 | 7 53 - x + 19 = | 7:cupcake 53:cupcake -:cupcake x:cupcake +:cupcake 19:cupcake =:cupcake
EXPR: 0 | POS | INT | 4 | 32 | 27 | 7=((53-19)-x) | 7 53 19 - x - = | 7:cupcake 53:cupcake 19:cupcake -:cupcake x:cupcake -:cupcake =:cupcake
EXPR: 0 | POS | INT | 4 | 32 | 65 | ((7+x)-53)=19 | 7 x + 53 - 19 = | 7:cupcake x:cupcake +:cupcake 53:cupcake -:cupcake 19:cupcake =:cupcake
EXPR: 0 | POS | INT | 4 | 32 | 65 | (7-(53-x))=19 | 7 53 x - - 19 = | 7:cupcake 53:cupcake x:cupcake -:cupcake -:cupcake 19:cupcake =:cupcake
EXPR: 0 | POS | INT | 4 | 32 | 1014 | ((x-7)/53)=19 | x 7 - 53 / 19 = | x:cupcake 7:cupcake -:cupcake 53:cupcake /:cupcake 19:cupcake =:cupcake
EXPR: 0 | POS | INT | 4 | 32 | 41 | 7=((x-53)+19) | 7 x 53 - 19 + = | 7:cupcake x:cupcake 53:cupcake -:cupcake 19:cupcake +:cupcake =:cupcake
EXPR: 0 | POS | INT | 4 | 32 | 41 | (x-(53-19))=7 | x 53 19 - - 7 = | x:cupcake 53:cupcake 19:cupcake -:cupcake -:cupcake 7:cupcake =:cupcake
EXPR: 0 | POS | INT | 4 | 32 | 41 | ((7-x)+53)=19 | 7 x - 53 + 19 = | 7:cupcake x:cupcake -:cupcake 53:cupcake +:cupcake 19:cupcake =:cupcake
EXPR: 0 | POS | INT | 4 | 32 | 390 | 53=((x-19)/7) | 53 x 19 - 7 / = | 53:cupcake x:cupcake 19:cupcake -:cupcake 7:cupcake /:cupcake =:cupcake
EXPR: 0 | POS | INT | 4 | 32 | 27 | (53-(19+x))=7 | 53 19 x + - 7 = | 53:cupcake 19:cupcake x:cupcake +:cupcake -:cupcake 7:cupcake =:cupcake
EXPR: 0 | POS | INT | 4 | 32 | 27 | 7=(53-(x+19)) | 7 53 x 19 + - = | 7:cupcake 53:cupcake x:cupcake 19:cupcake +:cupcake -:cupcake =:cupcake
EXPR: 0 | POS | INT | 4 | 32 | 79 | ((x-7)-53)=19 | x 7 - 53 - 19 = | x:cupcake 7:cupcake -:cupcake 53:cupcake -:cupcake 19:cupcake =:cupcake
EXPR: 0 | POS | INT | 4 | 32 | 874 | 7=(53-(x/19)) | 7 53 x 19 / - = | 7:cupcake 53:cupcake x:cupcake 19:cupcake /:cupcake -:cupcake =:cupcake
EXPR: 0 | POS | INT | 4 | 32 | 80 | ((x+53)/19)=7 | x 53 + 19 / 7 = | x:cupcake 53:cupcake +:cupcake 19:cupcake /:cupcake 7:cupcake =:cupcake
EXPR: 0 | POS | INT | 4 | 32 | 1000 | 7=((53*19)-x) | 7 53 19 * x - = | 7:cupcake 53:cupcake 19:cupcake *:cupcake x:cupcake -:cupcake =:cupcake
EXPR: 0 | POS | INT | 4 | 32 | 41 | (7+(53-x))=19 | 7 53 x - + 19 = | 7:cupcake 53:cupcake x:cupcake -:cupcake +:cupcake 19:cupcake =:cupcake
EXPR: 0 | POS | INT | 4 | 32 | 27 | 53=((19+x)+7) | 53 19 x + 7 + = | 53:cupcake 19:cupcake x:cupcake +:cupcake 7:cupcake +:cupcake =:cupcake
EXPR: 0 | POS | INT | 4 | 32 | 504 | ((x/7)-53)=19 | x 7 / 53 - 19 = | x:cupcake 7:cupcake /:cupcake 53:cupcake -:cupcake 19:cupcake =:cupcake
EXPR: 0 | POS | INT | 4 | 32 | 504 | (x/(53+19))=7 | x 53 19 + / 7 = | x:cupcake 53:cupcake 19:cupcake +:cupcake /:cupcake 7:cupcake =:cupcake
EXPR: 0 | POS | INT | 4 | 32 | 27 | 53=(19+(7+x)) | 53 19 7 x + + = | 53:cupcake 19:cupcake 7:cupcake x:cupcake +:cupcake +:cupcake =:cupcake
EXPR: 0 | POS | INT | 4 | 32 | 41 | 53=(x+(19-7)) | 53 x 19 7 - + = | 53:cupcake x:cupcake 19:cupcake 7:cupcake -:cupcake +:cupcake =:cupcake
EXPR: 0 | POS | INT | 4 | 32 | 238 | 7=(x/(53-19)) | 7 x 53 19 - / = | 7:cupcake x:cupcake 53:cupcake 19:cupcake -:cupcake /:cupcake =:cupcake
EXPR: 0 | POS | INT | 4 | 32 | 504 | 7=(x/(53+19)) | 7 x 53 19 + / = | 7:cupcake x:cupcake 53:cupcake 19:cupcake +:cupcake /:cupcake =:cupcake
EXPR: 0 | POS | INT | 4 | 32 | 186 | 7=((x-53)/19) | 7 x 53 - 19 / = | 7:cupcake x:cupcake 53:cupcake -:cupcake 19:cupcake /:cupcake =:cupcake
EXPR: 0 | POS | INT | 4 | 32 | 352 | 53=((x+19)/7) | 53 x 19 + 7 / = | 53:cupcake x:cupcake 19:cupcake +:cupcake 7:cupcake /:cupcake =:cupcake
EXPR: 0 | POS | INT | 4 | 32 | 41 | 53=(19-(7-x)) | 53 19 7 x - - = | 53:cupcake 19:cupcake 7:cupcake x:cupcake -:cupcake -:cupcake =:cupcake
EXPR: 0 | POS | INT | 4 | 32 | 41 | ((x-53)+19)=7 | x 53 - 19 + 7 = | x:cupcake 53:cupcake -:cupcake 19:cupcake +:cupcake 7:cupcake =:cupcake
EXPR: 0 | POS | INT | 4 | 32 | 238 | (x/(53-19))=7 | x 53 19 - / 7 = | x:cupcake 53:cupcake 19:cupcake -:cupcake /:cupcake 7:cupcake =:cupcake
EXPR: 0 | POS | INT | 4 | 32 | 186 | ((x-53)/19)=7 | x 53 - 19 / 7 = | x:cupcake 53:cupcake -:cupcake 19:cupcake /:cupcake 7:cupcake =:cupcake
EXPR: 0 | POS | INT | 4 | 32 | 27 | 7=((53-x)-19) | 7 53 x - 19 - = | 7:cupcake 53:cupcake x:cupcake -:cupcake 19:cupcake -:cupcake =:cupcake
EXPR: 0 | POS | INT | 4 | 32 | 1014 | 7=(x-(53*19)) | 7 x 53 19 * - = | 7:cupcake x:cupcake 53:cupcake 19:cupcake *:cupcake -:cupcake =:cupcake
EXPR: 0 | POS | INT | 4 | 32 | 1000 | ((7+x)/53)=19 | 7 x + 53 / 19 = | 7:cupcake x:cupcake +:cupcake 53:cupcake /:cupcake 19:cupcake =:cupcake
EXPR: 0 | POS | INT | 4 | 32 | 65 | 53=(x-(19-7)) | 53 x 19 7 - - = | 53:cupcake x:cupcake 19:cupcake 7:cupcake -:cupcake -:cupcake =:cupcake
EXPR: 0 | POS | INT | 4 | 32 | 41 | 53=(19+(x-7)) | 53 19 x 7 - + = | 53:cupcake 19:cupcake x:cupcake 7:cupcake -:cupcake +:cupcake =:cupcake
EXPR: 0 | POS | INT | 4 | 32 | 238 | 53=(19+(x/7)) | 53 19 x 7 / + = | 53:cupcake 19:cupcake x:cupcake 7:cupcake /:cupcake +:cupcake =:cupcake
EXPR: 0 | POS | INT | 4 | 32 | 41 | 7=(x-(53-19)) | 7 x 53 19 - - = | 7:cupcake x:cupcake 53:cupcake 19:cupcake -:cupcake -:cupcake =:cupcake
EXPR: 0 | POS | INT | 4 | 32 | 79 | 7=(x-(53+19)) | 7 x 53 19 + - = | 7:cupcake x:cupcake 53:cupcake 19:cupcake +:cupcake -:cupcake =:cupcake
EXPR: 0 | POS | INT | 4 | 32 | 80 | 7=((x+53)/19) | 7 x 53 + 19 / = | 7:cupcake x:cupcake 53:cupcake +:cupcake 19:cupcake /:cupcake =:cupcake
EXPR: 0 | POS | INT | 4 | 32 | 65 | 7=(53-(x-19)) | 7 53 x 19 - - = | 7:cupcake 53:cupcake x:cupcake 19:cupcake -:cupcake -:cupcake =:cupcake
EXPR: 0 | POS | INT | 4 | 32 | 65 | (7+(x-53))=19 | 7 x 53 - + 19 = | 7:cupcake x:cupcake 53:cupcake -:cupcake +:cupcake 19:cupcake =:cupcake
EXPR: 0 | POS | INT | 4 | 32 | 874 | 53=((x/19)+7) | 53 x 19 / 7 + = | 53:cupcake x:cupcake 19:cupcake /:cupcake 7:cupcake +:cupcake =:cupcake
EXPR: 0 | POS | INT | 4 | 32 | 636 | 53=(x/(19-7)) | 53 x 19 7 - / = | 53:cupcake x:cupcake 19:cupcake 7:cupcake -:cupcake /:cupcake =:cupcake
EXPR: 0 | POS | INT | 4 | 32 | 65 | (53+(19-x))=7 | 53 19 x - + 7 = | 53:cupcake 19:cupcake x:cupcake -:cupcake +:cupcake 7:cupcake =:cupcake
EXPR: 0 | POS | INT | 4 | 32 | 27 | 53=(19+(x+7)) | 53 19 x 7 + + = | 53:cupcake 19:cupcake x:cupcake 7:cupcake +:cupcake +:cupcake =:cupcake
EXPR: 0 | POS | INT | 4 | 32 | 79 | ((x-53)-19)=7 | x 53 - 19 - 7 = | x:cupcake 53:cupcake -:cupcake 19:cupcake -:cupcake 7:cupcake =:cupcake
EXPR: 0 | POS | INT | 5 | 32 | 1378 | x=((7+19)*53) | x 7 19 + 53 * = | x:cupcake 7:cupcake 19:cupcake +:cupcake 53:cupcake *:cupcake =:cupcake
EXPR: 0 | POS | INT | 5 | 32 | 41 | x=(7-(19-53)) | x 7 19 53 - - = | x:cupcake 7:cupcake 19:cupcake 53:cupcake -:cupcake -:cupcake =:cupcake
EXPR: 0 | POS | INT | 5 | 32 | 80 | x=((7*19)-53) | x 7 19 * 53 - = | x:cupcake 7:cupcake 19:cupcake *:cupcake 53:cupcake -:cupcake =:cupcake
EXPR: 0 | POS | INT | 5 | 32 | 79 | x=((7+19)+53) | x 7 19 + 53 + = | x:cupcake 7:cupcake 19:cupcake +:cupcake 53:cupcake +:cupcake =:cupcake
EXPR: 0 | POS | INT | 5 | 32 | 41 | x=((7-19)+53) | x 7 19 - 53 + = | x:cupcake 7:cupcake 19:cupcake -:cupcake 53:cupcake +:cupcake =:cupcake
EXPR: 0 | POS | INT | 5 | 32 | 186 | x=((7*19)+53) | x 7 19 * 53 + = | x:cupcake 7:cupcake 19:cupcake *:cupcake 53:cupcake +:cupcake =:cupcake
EXPR: 0 | POS | INT | 5 | 32 | 65 | (19+(53-7))=x | 19 53 7 - + x = | 19:cupcake 53:cupcake 7:cupcake -:cupcake +:cupcake x:cupcake =:cupcake
EXPR: 0 | POS | INT | 5 | 32 | 874 | (19*(53-7))=x | 19 53 7 - * x = | 19:cupcake 53:cupcake 7:cupcake -:cupcake *:cupcake x:cupcake =:cupcake
EXPR: 0 | POS | INT | 5 | 32 | 1140 | (19*(53+7))=x | 19 53 7 + * x = | 19:cupcake 53:cupcake 7:cupcake +:cupcake *:cupcake x:cupcake =:cupcake
EXPR: 0 | POS | INT | 5 | 32 | 390 | (19+(53*7))=x | 19 53 7 * + x = | 19:cupcake 53:cupcake 7:cupcake *:cupcake +:cupcake x:cupcake =:cupcake
EXPR: 0 | POS | INT | 5 | 32 | 79 | (19+(53+7))=x | 19 53 7 + + x = | 19:cupcake 53:cupcake 7:cupcake +:cupcake +:cupcake x:cupcake =:cupcake
EXPR: 0 | POS | INT | 5 | 32 | 1140 | x=(19*(53+7)) | x 19 53 7 + * = | x:cupcake 19:cupcake 53:cupcake 7:cupcake +:cupcake *:cupcake =:cupcake
EXPR: 0 | POS | INT | 5 | 32 | 41 | ((7-19)+53)=x | 7 19 - 53 + x = | 7:cupcake 19:cupcake -:cupcake 53:cupcake +:cupcake x:cupcake =:cupcake
EXPR: 0 | POS | INT | 5 | 32 | 79 | ((7+19)+53)=x | 7 19 + 53 + x = | 7:cupcake 19:cupcake +:cupcake 53:cupcake +:cupcake x:cupcake =:cupcake
EXPR: 0 | POS | INT | 5 | 32 | 1378 | ((7+19)*53)=x | 7 19 + 53 * x = | 7:cupcake 19:cupcake +:cupcake 53:cupcake *:cupcake x:cupcake =:cupcake
EXPR: 0 | POS | INT | 5 | 32 | 80 | ((7*19)-53)=x | 7 19 * 53 - x = | 7:cupcake 19:cupcake *:cupcake 53:cupcake -:cupcake x:cupcake =:cupcake
EXPR: 0 | POS | INT | 5 | 32 | 186 | ((7*19)+53)=x | 7 19 * 53 + x = | 7:cupcake 19:cupcake *:cupcake 53:cupcake +:cupcake x:cupcake =:cupcake
EXPR: 0 | POS | INT | 5 | 32 | 79 | x=(19+(53+7)) | x 19 53 7 + + = | x:cupcake 19:cupcake 53:cupcake 7:cupcake +:cupcake +:cupcake =:cupcake
EXPR: 0 | POS | INT | 5 | 32 | 41 | (7-(19-53))=x | 7 19 53 - - x = | 7:cupcake 19:cupcake 53:cupcake -:cupcake -:cupcake x:cupcake =:cupcake
EXPR: 0 | POS | INT | 5 | 32 | 65 | x=(19+(53-7)) | x 19 53 7 - + = | x:cupcake 19:cupcake 53:cupcake 7:cupcake -:cupcake +:cupcake =:cupcake
EXPR: 0 | POS | INT | 5 | 32 | 390 | x=(19+(53*7)) | x 19 53 7 * + = | x:cupcake 19:cupcake 53:cupcake 7:cupcake *:cupcake +:cupcake =:cupcake
EXPR: 0 | POS | INT | 5 | 32 | 874 | x=(19*(53-7)) | x 19 53 7 - * = | x:cupcake 19:cupcake 53:cupcake 7:cupcake -:cupcake *:cupcake =:cupcake
EXPR: 0 | POS | INT | 7 | 32 | 41 | 7=((x+19)-53) | 7 x 19 + 53 - = | 7:cupcake x:cupcake 19:cupcake +:cupcake 53:cupcake -:cupcake =:cupcake
EXPR: 0 | POS | INT | 7 | 32 | 80 | 19=((53+x)/7) | 19 53 x + 7 / = | 19:cupcake 53:cupcake x:cupcake +:cupcake 7:cupcake /:cupcake =:cupcake
EXPR: 0 | POS | INT | 7 | 32 | 41 | 19=(53+(7-x)) | 19 53 7 x - + = | 19:cupcake 53:cupcake 7:cupcake x:cupcake -:cupcake +:cupcake =:cupcake
EXPR: 0 | POS | INT | 7 | 32 | 41 | 19=((53+7)-x) | 19 53 7 + x - = | 19:cupcake 53:cupcake 7:cupcake +:cupcake x:cupcake -:cupcake =:cupcake
EXPR: 0 | POS | INT | 7 | 32 | 65 | (19-(7-53))=x | 19 7 53 - - x = | 19:cupcake 7:cupcake 53:cupcake -:cupcake -:cupcake x:cupcake =:cupcake
EXPR: 0 | POS | INT | 7 | 32 | 41 | (x+(19-53))=7 | x 19 53 - + 7 = | x:cupcake 19:cupcake 53:cupcake -:cupcake +:cupcake 7:cupcake =:cupcake
EXPR: 0 | POS | INT | 7 | 32 | 65 | ((7+x)-19)=53 | 7 x + 19 - 53 = | 7:cupcake x:cupcake +:cupcake 19:cupcake -:cupcake 53:cupcake =:cupcake
EXPR: 0 | POS | INT | 7 | 32 | 41 | 19=((53-x)+7) | 19 53 x - 7 + = | 19:cupcake 53:cupcake x:cupcake -:cupcake 7:cupcake +:cupcake =:cupcake
EXPR: 0 | POS | INT | 7 | 32 | 1140 | 7=((x/19)-53) | 7 x 19 / 53 - = | 7:cupcake x:cupcake 19:cupcake /:cupcake 53:cupcake -:cupcake =:cupcake
EXPR: 0 | POS | INT | 7 | 32 | 186 | (x-(7*19))=53 | x 7 19 * - 53 = | x:cupcake 7:cupcake 19:cupcake *:cupcake -:cupcake 53:cupcake =:cupcake
EXPR: 0 | POS | INT | 7 | 32 | 352 | 7=((19+x)/53) | 7 19 x + 53 / = | 7:cupcake 19:cupcake x:cupcake +:cupcake 53:cupcake /:cupcake =:cupcake
EXPR: 0 | POS | INT | 7 | 32 | 874 | 19=(x/(53-7)) | 19 x 53 7 - / = | 19:cupcake x:cupcake 53:cupcake 7:cupcake -:cupcake /:cupcake =:cupcake
EXPR: 0 | POS | INT | 7 | 32 | 65 | (19-(x-53))=7 | 19 x 53 - - 7 = | 19:cupcake x:cupcake 53:cupcake -:cupcake -:cupcake 7:cupcake =:cupcake
EXPR: 0 | POS | INT | 7 | 32 | 79 | 7=((x-19)-53) | 7 x 19 - 53 - = | 7:cupcake x:cupcake 19:cupcake -:cupcake 53:cupcake -:cupcake =:cupcake
EXPR: 0 | POS | INT | 7 | 32 | 27 | ((7+x)+19)=53 | 7 x + 19 + 53 = | 7:cupcake x:cupcake +:cupcake 19:cupcake +:cupcake 53:cupcake =:cupcake
EXPR: 0 | POS | INT | 7 | 32 | 79 | 19=(x-(53+7)) | 19 x 53 7 + - = | 19:cupcake x:cupcake 53:cupcake 7:cupcake +:cupcake -:cupcake =:cupcake
EXPR: 0 | POS | INT | 7 | 32 | 238 | ((x/7)+19)=53 | x 7 / 19 + 53 = | x:cupcake 7:cupcake /:cupcake 19:cupcake +:cupcake 53:cupcake =:cupcake
EXPR: 0 | POS | INT | 7 | 32 | 79 | 19=((x-53)-7) | 19 x 53 - 7 - = | 19:cupcake x:cupcake 53:cupcake -:cupcake 7:cupcake -:cupcake =:cupcake
EXPR: 0 | POS | INT | 7 | 32 | 27 | (7+(x+19))=53 | 7 x 19 + + 53 = | 7:cupcake x:cupcake 19:cupcake +:cupcake +:cupcake 53:cupcake =:cupcake
EXPR: 0 | POS | INT | 7 | 32 | 1378 | 19=((x/53)-7) | 19 x 53 / 7 - = | 19:cupcake x:cupcake 53:cupcake /:cupcake 7:cupcake -:cupcake =:cupcake
EXPR: 0 | POS | INT | 7 | 32 | 504 | ((x/7)-19)=53 | x 7 / 19 - 53 = | x:cupcake 7:cupcake /:cupcake 19:cupcake -:cupcake 53:cupcake =:cupcake
EXPR: 0 | POS | INT | 7 | 32 | 41 | 7=(x+(19-53)) | 7 x 19 53 - + = | 7:cupcake x:cupcake 19:cupcake 53:cupcake -:cupcake +:cupcake =:cupcake
EXPR: 0 | POS | INT | 7 | 32 | 65 | ((7-19)+x)=53 | 7 19 - x + 53 = | 7:cupcake 19:cupcake -:cupcake x:cupcake +:cupcake 53:cupcake =:cupcake
EXPR: 0 | POS | INT | 7 | 32 | 352 | ((x+19)/53)=7 | x 19 + 53 / 7 = | x:cupcake 19:cupcake +:cupcake 53:cupcake /:cupcake 7:cupcake =:cupcake
EXPR: 0 | POS | INT | 7 | 32 | 41 | 7=((19+x)-53) | 7 19 x + 53 - = | 7:cupcake 19:cupcake x:cupcake +:cupcake 53:cupcake -:cupcake =:cupcake
EXPR: 0 | POS | INT | 7 | 32 | 80 | ((7*19)-x)=53 | 7 19 * x - 53 = | 7:cupcake 19:cupcake *:cupcake x:cupcake -:cupcake 53:cupcake =:cupcake
EXPR: 0 | POS | INT | 7 | 32 | 636 | (19-(x/53))=7 | 19 x 53 / - 7 = | 19:cupcake x:cupcake 53:cupcake /:cupcake -:cupcake 7:cupcake =:cupcake
EXPR: 0 | POS | INT | 7 | 32 | 65 | 19=(x-(53-7)) | 19 x 53 7 - - = | 19:cupcake x:cupcake 53:cupcake 7:cupcake -:cupcake -:cupcake =:cupcake
EXPR: 0 | POS | INT | 7 | 32 | 41 | ((x+19)-53)=7 | x 19 + 53 - 7 = | x:cupcake 19:cupcake +:cupcake 53:cupcake -:cupcake 7:cupcake =:cupcake
EXPR: 0 | POS | INT | 7 | 32 | 874 | (7+(x/19))=53 | 7 x 19 / + 53 = | 7:cupcake x:cupcake 19:cupcake /:cupcake +:cupcake 53:cupcake =:cupcake
EXPR: 0 | POS | INT | 7 | 32 | 79 | (x-(7+19))=53 | x 7 19 + - 53 = | x:cupcake 7:cupcake 19:cupcake +:cupcake -:cupcake 53:cupcake =:cupcake
EXPR: 0 | POS | INT | 7 | 32 | 1000 | ((7+x)/19)=53 | 7 x + 19 / 53 = | 7:cupcake x:cupcake +:cupcake 19:cupcake /:cupcake 53:cupcake =:cupcake
EXPR: 0 | POS | INT | 7 | 32 | 65 | ((19-7)+53)=x | 19 7 - 53 + x = | 19:cupcake 7:cupcake -:cupcake 53:cupcake +:cupcake x:cupcake =:cupcake
EXPR: 0 | POS | INT | 7 | 32 | 27 | (x+(7+19))=53 | x 7 19 + + 53 = | x:cupcake 7:cupcake 19:cupcake +:cupcake +:cupcake 53:cupcake =:cupcake
EXPR: 0 | POS | INT | 7 | 32 | 41 | ((19-53)+x)=7 | 19 53 - x + 7 = | 19:cupcake 53:cupcake -:cupcake x:cupcake +:cupcake 7:cupcake =:cupcake
EXPR: 0 | POS | INT | 7 | 32 | 41 | ((19+x)-53)=7 | 19 x + 53 - 7 = | 19:cupcake x:cupcake +:cupcake 53:cupcake -:cupcake 7:cupcake =:cupcake
EXPR: 0 | POS | INT | 7 | 32 | 41 | 7=((19-53)+x) | 7 19 53 - x + = | 7:cupcake 19:cupcake 53:cupcake -:cupcake x:cupcake +:cupcake =:cupcake
EXPR: 0 | POS | INT | 7 | 32 | 636 | ((19-7)*53)=x | 19 7 - 53 * x = | 19:cupcake 7:cupcake -:cupcake 53:cupcake *:cupcake x:cupcake =:cupcake
EXPR: 0 | POS | INT | 7 | 32 | 41 | (19-(53-x))=7 | 19 53 x - - 7 = | 19:cupcake 53:cupcake x:cupcake -:cupcake -:cupcake 7:cupcake =:cupcake
EXPR: 0 | POS | INT | 7 | 32 | 390 | ((x-19)/53)=7 | x 19 - 53 / 7 = | x:cupcake 19:cupcake -:cupcake 53:cupcake /:cupcake 7:cupcake =:cupcake
EXPR: 0 | POS | INT | 7 | 32 | 27 | 19=(53-(7+x)) | 19 53 7 x + - = | 19:cupcake 53:cupcake 7:cupcake x:cupcake +:cupcake -:cupcake =:cupcake
EXPR: 0 | POS | INT | 7 | 32 | 65 | x=(19-(7-53)) | x 19 7 53 - - = | x:cupcake 19:cupcake 7:cupcake 53:cupcake -:cupcake -:cupcake =:cupcake
EXPR: 0 | POS | INT | 7 | 32 | 65 | 19=((x-53)+7) | 19 x 53 - 7 + = | 19:cupcake x:cupcake 53:cupcake -:cupcake 7:cupcake +:cupcake =:cupcake
EXPR: 0 | POS | INT | 7 | 32 | 41 | (x-(7-19))=53 | x 7 19 - - 53 = | x:cupcake 7:cupcake 19:cupcake -:cupcake -:cupcake 53:cupcake =:cupcake
EXPR: 0 | POS | INT | 7 | 32 | 65 | ((19-x)+53)=7 | 19 x - 53 + 7 = | 19:cupcake x:cupcake -:cupcake 53:cupcake +:cupcake 7:cupcake =:cupcake
EXPR: 0 | POS | INT | 7 | 32 | 636 | x=((19-7)*53) | x 19 7 - 53 * = | x:cupcake 19:cupcake 7:cupcake -:cupcake 53:cupcake *:cupcake =:cupcake
EXPR: 0 | POS | INT | 7 | 32 | 390 | 7=((x-19)/53) | 7 x 19 - 53 / = | 7:cupcake x:cupcake 19:cupcake -:cupcake 53:cupcake /:cupcake =:cupcake
EXPR: 0 | POS | INT | 7 | 32 | 65 | (7+(x-19))=53 | 7 x 19 - + 53 = | 7:cupcake x:cupcake 19:cupcake -:cupcake +:cupcake 53:cupcake =:cupcake
EXPR: 0 | POS | INT | 7 | 32 | 65 | 7=((19-x)+53) | 7 19 x - 53 + = | 7:cupcake 19:cupcake x:cupcake -:cupcake 53:cupcake +:cupcake =:cupcake
EXPR: 0 | POS | INT | 7 | 32 | 27 | (7+(19+x))=53 | 7 19 x + + 53 = | 7:cupcake 19:cupcake x:cupcake +:cupcake +:cupcake 53:cupcake =:cupcake
EXPR: 0 | POS | INT | 7 | 32 | 352 | 7=((x+19)/53) | 7 x 19 + 53 / = | 7:cupcake x:cupcake 19:cupcake +:cupcake 53:cupcake /:cupcake =:cupcake
EXPR: 0 | POS | INT | 7 | 32 | 79 | ((x-19)-53)=7 | x 19 - 53 - 7 = | x:cupcake 19:cupcake -:cupcake 53:cupcake -:cupcake 7:cupcake =:cupcake
EXPR: 0 | POS | INT | 7 | 32 | 27 | 19=((53-7)-x) | 19 53 7 - x - = | 19:cupcake 53:cupcake 7:cupcake -:cupcake x:cupcake -:cupcake =:cupcake
EXPR: 0 | POS | INT | 7 | 32 | 1000 | ((x+7)/19)=53 | x 7 + 19 / 53 = | x:cupcake 7:cupcake +:cupcake 19:cupcake /:cupcake 53:cupcake =:cupcake
EXPR: 0 | POS | INT | 7 | 32 | 27 | 19=(53-(x+7)) | 19 53 x 7 + - = | 19:cupcake 53:cupcake x:cupcake 7:cupcake +:cupcake -:cupcake =:cupcake
EXPR: 0 | POS | INT | 7 | 32 | 27 | ((7+19)+x)=53 | 7 19 + x + 53 = | 7:cupcake 19:cupcake +:cupcake x:cupcake +:cupcake 53:cupcake =:cupcake
EXPR: 0 | POS | INT | 7 | 32 | 65 | (19+(53-x))=7 | 19 53 x - + 7 = | 19:cupcake 53:cupcake x:cupcake -:cupcake +:cupcake 7:cupcake =:cupcake
EXPR: 0 | POS | INT | 7 | 32 | 238 | 19=(53-(x/7)) | 19 53 x 7 / - = | 19:cupcake 53:cupcake x:cupcake 7:cupcake /:cupcake -:cupcake =:cupcake
EXPR: 0 | POS | INT | 7 | 32 | 390 | 19=(x-(53*7)) | 19 x 53 7 * - = | 19:cupcake x:cupcake 53:cupcake 7:cupcake *:cupcake -:cupcake =:cupcake
EXPR: 0 | POS | INT | 7 | 32 | 1378 | (x/(7+19))=53 | x 7 19 + / 53 = | x:cupcake 7:cupcake 19:cupcake +:cupcake /:cupcake 53:cupcake =:cupcake
NET 266 unique, non-negative, integer-valued solutions found out of 1000 total solutions
