parameters: n=5 l=2 k=1 p=5 q=1 m=8
TOTAL 56 solutions found
SOLN: CORRECT | POS/NEG | INT/FRA | OBJ-SCORE | TRUE-ANS | ANS | INFIX | POSTFIX | TYPED-POSTFIX
EXPR: 1 | POS | FRA | 0 | 3.25 | 3.25 | (1.125+2.125)=x | 1.125 2.125 + x = | 1.125:lap 2.125:lap +:lap x:lap =:lap
EXPR: 0 | POS | FRA | 0 | 3.25 | 2.390625 | x=(1.125*2.125) | x 1.125 2.125 * = | x:lap 1.125:lap 2.125:lap *:lap =:lap
EXPR: 0 | POS | FRA | 0 | 3.25 | 0.529411764705882 | x=(1.125/2.125) | x 1.125 2.125 / = | x:lap 1.125:lap 2.125:lap /:lap =:lap
EXPR: 0 | POS | FRA | 0 | 3.25 | 0.529411764705882 | (1.125/2.125)=x | 1.125 2.125 / x = | 1.125:lap 2.125:lap /:lap x:lap =:lap
EXPR: 0 | POS | FRA | 0 | 3.25 | 2.390625 | (1.125*2.125)=x | 1.125 2.125 * x = | 1.125:lap 2.125:lap *:lap x:lap =:lap
EXPR: 1 | POS | FRA | 0 | 3.25 | 3.25 | x=(1.125+2.125) | x 1.125 2.125 + = | x:lap 1.125:lap 2.125:lap +:lap =:lap
EXPR: 0 | POS | INT | 2 | 3.25 | 1 | (x+1.125)=2.125 | x 1.125 + 2.125 = | x:lap 1.125:lap +:lap 2.125:lap =:lap
EXPR: 1 | POS | FRA | 2 | 3.25 | 3.25 | 1.125=(x-2.125) | 1.125 x 2.125 - = | 1.125:lap x:lap 2.125:lap -:lap =:lap
EXPR: 0 | POS | INT | 2 | 3.25 | 1 | x=(2.125-1.125) | x 2.125 1.125 - = | x:lap 2.125:lap 1.125:lap -:lap =:lap
EXPR: 0 | POS | INT | 2 | 3.25 | 1 | (1.125+x)=2.125 | 1.125 x + 2.125 = | 1.125:lap x:lap +:lap 2.125:lap =:lap
EXPR: 0 | POS | FRA | 2 | 3.25 | 0.529411764705882 | 1.125=(x*2.125) | 1.125 x 2.125 * = | 1.125:lap x:lap 2.125:lap *:lap =:lap
EXPR: 0 | POS | FRA | 2 | 3.25 | 2.390625 | 1.125=(x/2.125) | 1.125 x 2.125 / = | 1.125:lap x:lap 2.125:lap /:lap =:lap
EXPR: 0 | POS | FRA | 2 | 3.25 | 1.88888888888889 | x=(2.125/1.125) | x 2.125 1.125 / = | x:lap 2.125:lap 1.125:lap /:lap =:lap
EXPR: 0 | POS | FRA | 2 | 3.25 | 0.529411764705882 | (1.125/x)=2.125 | 1.125 x / 2.125 = | 1.125:lap x:lap /:lap 2.125:lap =:lap
EXPR: 0 | POS | INT | 2 | 3.25 | 1 | (2.125-1.125)=x | 2.125 1.125 - x = | 2.125:lap 1.125:lap -:lap x:lap =:lap
EXPR: 1 | POS | FRA | 2 | 3.25 | 3.25 | (x-1.125)=2.125 | x 1.125 - 2.125 = | x:lap 1.125:lap -:lap 2.125:lap =:lap
EXPR: 0 | POS | FRA | 2 | 3.25 | 1.88888888888889 | (1.125*x)=2.125 | 1.125 x * 2.125 = | 1.125:lap x:lap *:lap 2.125:lap =:lap
EXPR: 0 | POS | FRA | 2 | 3.25 | 2.390625 | (x/1.125)=2.125 | x 1.125 / 2.125 = | x:lap 1.125:lap /:lap 2.125:lap =:lap
EXPR: 0 | POS | FRA | 2 | 3.25 | 1.88888888888889 | (x*1.125)=2.125 | x 1.125 * 2.125 = | x:lap 1.125:lap *:lap 2.125:lap =:lap
EXPR: 0 | POS | FRA | 2 | 3.25 | 1.88888888888889 | (2.125/1.125)=x | 2.125 1.125 / x = | 2.125:lap 1.125:lap /:lap x:lap =:lap
EXPR: 0 | POS | INT | 2 | 3.25 | 1 | 1.125=(2.125-x) | 1.125 2.125 x - = | 1.125:lap 2.125:lap x:lap -:lap =:lap
EXPR: 0 | POS | FRA | 2 | 3.25 | 0.529411764705882 | 1.125=(2.125*x) | 1.125 2.125 x * = | 1.125:lap 2.125:lap x:lap *:lap =:lap
EXPR: 0 | POS | FRA | 2 | 3.25 | 1.88888888888889 | 1.125=(2.125/x) | 1.125 2.125 x / = | 1.125:lap 2.125:lap x:lap /:lap =:lap
EXPR: 0 | POS | INT | 4 | 3.25 | 1 | 2.125=(x+1.125) | 2.125 x 1.125 + = | 2.125:lap x:lap 1.125:lap +:lap =:lap
EXPR: 1 | POS | FRA | 4 | 3.25 | 3.25 | 2.125=(x-1.125) | 2.125 x 1.125 - = | 2.125:lap x:lap 1.125:lap -:lap =:lap
EXPR: 0 | POS | INT | 4 | 3.25 | 1 | (2.125-x)=1.125 | 2.125 x - 1.125 = | 2.125:lap x:lap -:lap 1.125:lap =:lap
EXPR: 0 | POS | FRA | 4 | 3.25 | 1.88888888888889 | (2.125/x)=1.125 | 2.125 x / 1.125 = | 2.125:lap x:lap /:lap 1.125:lap =:lap
EXPR: 1 | POS | FRA | 4 | 3.25 | 3.25 | (x-2.125)=1.125 | x 2.125 - 1.125 = | x:lap 2.125:lap -:lap 1.125:lap =:lap
EXPR: 0 | POS | FRA | 4 | 3.25 | 1.88888888888889 | 2.125=(x*1.125) | 2.125 x 1.125 * = | 2.125:lap x:lap 1.125:lap *:lap =:lap
EXPR: 0 | POS | FRA | 4 | 3.25 | 2.390625 | 2.125=(x/1.125) | 2.125 x 1.125 / = | 2.125:lap x:lap 1.125:lap /:lap =:lap
EXPR: 0 | POS | FRA | 4 | 3.25 | 0.529411764705882 | (x*2.125)=1.125 | x 2.125 * 1.125 = | x:lap 2.125:lap *:lap 1.125:lap =:lap
EXPR: 0 | POS | FRA | 4 | 3.25 | 0.529411764705882 | (2.125*x)=1.125 | 2.125 x * 1.125 = | 2.125:lap x:lap *:lap 1.125:lap =:lap
EXPR: 0 | POS | INT | 4 | 3.25 | 1 | 2.125=(1.125+x) | 2.125 1.125 x + = | 2.125:lap 1.125:lap x:lap +:lap =:lap
EXPR: 0 | POS | FRA | 4 | 3.25 | 2.390625 | (x/2.125)=1.125 | x 2.125 / 1.125 = | x:lap 2.125:lap /:lap 1.125:lap =:lap
EXPR: 0 | POS | FRA | 4 | 3.25 | 1.88888888888889 | 2.125=(1.125*x) | 2.125 1.125 x * = | 2.125:lap 1.125:lap x:lap *:lap =:lap
EXPR: 0 | POS | FRA | 4 | 3.25 | 0.529411764705882 | 2.125=(1.125/x) | 2.125 1.125 x / = | 2.125:lap 1.125:lap x:lap /:lap =:lap
NET 36 unique, non-negative solutions found out of 56 total solutions
