parameters: n=5 l=2 k=1 p=5 q=1 m=8
TOTAL 56 solutions found
SOLN: CORRECT | POS/NEG | INT/FRA | OBJ-SCORE | TRUE-ANS | ANS | INFIX | POSTFIX | TYPED-POSTFIX
EXPR: 0 | POS | FRA | 0 | 2.75 | 14.75 | (8.75+6)=x | 8.75 6 + x = | 8.75:bucket 6:bucket +:bucket x:bucket =:bucket
EXPR: 1 | POS | FRA | 0 | 2.75 | 2.75 | x=(8.75-6) | x 8.75 6 - = | x:bucket 8.75:bucket 6:bucket -:bucket =:bucket
EXPR: 0 | POS | FRA | 0 | 2.75 | 52.5 | x=(8.75*6) | x 8.75 6 * = | x:bucket 8.75:bucket 6:bucket *:bucket =:bucket
EXPR: 0 | POS | FRA | 0 | 2.75 | 1.45833333333333 | x=(8.75/6) | x 8.75 6 / = | x:bucket 8.75:bucket 6:bucket /:bucket =:bucket
EXPR: 1 | POS | FRA | 0 | 2.75 | 2.75 | (8.75-6)=x | 8.75 6 - x = | 8.75:bucket 6:bucket -:bucket x:bucket =:bucket
EXPR: 0 | POS | FRA | 0 | 2.75 | 1.45833333333333 | (8.75/6)=x | 8.75 6 / x = | 8.75:bucket 6:bucket /:bucket x:bucket =:bucket
EXPR: 0 | POS | FRA | 0 | 2.75 | 52.5 | (8.75*6)=x | 8.75 6 * x = | 8.75:bucket 6:bucket *:bucket x:bucket =:bucket
EXPR: 0 | POS | FRA | 0 | 2.75 | 14.75 | x=(8.75+6) | x 8.75 6 + = | x:bucket 8.75:bucket 6:bucket +:bucket =:bucket
EXPR: 1 | POS | FRA | 2 | 2.75 | 2.75 | 8.75=(x+6) | 8.75 x 6 + = | 8.75:bucket x:bucket 6:bucket +:bucket =:bucket
EXPR: 0 | POS | FRA | 2 | 2.75 | 14.75 | 8.75=(x-6) | 8.75 x 6 - = | 8.75:bucket x:bucket 6:bucket -:bucket =:bucket
EXPR: 0 | POS | FRA | 2 | 2.75 | 1.45833333333333 | 8.75=(x*6) | 8.75 x 6 * = | 8.75:bucket x:bucket 6:bucket *:bucket =:bucket
EXPR: 0 | POS | FRA | 2 | 2.75 | 52.5 | 8.75=(x/6) | 8.75 x 6 / = | 8.75:bucket x:bucket 6:bucket /:bucket =:bucket
EXPR: 0 | POS | FRA | 2 | 2.75 | 0.685714285714286 | x=(6/8.75) | x 6 8.75 / = | x:bucket 6:bucket 8.75:bucket /:bucket =:bucket
EXPR: 1 | POS | FRA | 2 | 2.75 | 2.75 | (8.75-x)=6 | 8.75 x - 6 = | 8.75:bucket x:bucket -:bucket 6:bucket =:bucket
EXPR: 0 | POS | FRA | 2 | 2.75 | 1.45833333333333 | (8.75/x)=6 | 8.75 x / 6 = | 8.75:bucket x:bucket /:bucket 6:bucket =:bucket
EXPR: 0 | POS | FRA | 2 | 2.75 | 14.75 | (x-8.75)=6 | x 8.75 - 6 = | x:bucket 8.75:bucket -:bucket 6:bucket =:bucket
EXPR: 0 | POS | FRA | 2 | 2.75 | 0.685714285714286 | (8.75*x)=6 | 8.75 x * 6 = | 8.75:bucket x:bucket *:bucket 6:bucket =:bucket
EXPR: 0 | POS | FRA | 2 | 2.75 | 52.5 | (x/8.75)=6 | x 8.75 / 6 = | x:bucket 8.75:bucket /:bucket 6:bucket =:bucket
EXPR: 0 | POS | FRA | 2 | 2.75 | 0.685714285714286 | (x*8.75)=6 | x 8.75 * 6 = | x:bucket 8.75:bucket *:bucket 6:bucket =:bucket
EXPR: 0 | POS | FRA | 2 | 2.75 | 0.685714285714286 | (6/8.75)=x | 6 8.75 / x = | 6:bucket 8.75:bucket /:bucket x:bucket =:bucket
EXPR: 1 | POS | FRA | 2 | 2.75 | 2.75 | 8.75=(6+x) | 8.75 6 x + = | 8.75:bucket 6:bucket x:bucket +:bucket =:bucket
EXPR: 0 | POS | FRA | 2 | 2.75 | 1.45833333333333 | 8.75=(6*x) | 8.75 6 x * = | 8.75:bucket 6:bucket x:bucket *:bucket =:bucket
EXPR: 0 | POS | FRA | 2 | 2.75 | 0.685714285714286 | 8.75=(6/x) | 8.75 6 x / = | 8.75:bucket 6:bucket x:bucket /:bucket =:bucket
EXPR: 1 | POS | FRA | 4 | 2.75 | 2.75 | (x+6)=8.75 | x 6 + 8.75 = | x:bucket 6:bucket +:bucket 8.75:bucket =:bucket
EXPR: 1 | POS | FRA | 4 | 2.75 | 2.75 | (6+x)=8.75 | 6 x + 8.75 = | 6:bucket x:bucket +:bucket 8.75:bucket =:bucket
EXPR: 0 | POS | FRA | 4 | 2.75 | 14.75 | 6=(x-8.75) | 6 x 8.75 - = | 6:bucket x:bucket 8.75:bucket -:bucket =:bucket
EXPR: 0 | POS | FRA | 4 | 2.75 | 0.685714285714286 | (6/x)=8.75 | 6 x / 8.75 = | 6:bucket x:bucket /:bucket 8.75:bucket =:bucket
EXPR: 0 | POS | FRA | 4 | 2.75 | 14.75 | (x-6)=8.75 | x 6 - 8.75 = | x:bucket 6:bucket -:bucket 8.75:bucket =:bucket
EXPR: 0 | POS | FRA | 4 | 2.75 | 0.685714285714286 | 6=(x*8.75) | 6 x 8.75 * = | 6:bucket x:bucket 8.75:bucket *:bucket =:bucket
EXPR: 0 | POS | FRA | 4 | 2.75 | 52.5 | 6=(x/8.75) | 6 x 8.75 / = | 6:bucket x:bucket 8.75:bucket /:bucket =:bucket
EXPR: 0 | POS | FRA | 4 | 2.75 | 1.45833333333333 | (x*6)=8.75 | x 6 * 8.75 = | x:bucket 6:bucket *:bucket 8.75:bucket =:bucket
EXPR: 0 | POS | FRA | 4 | 2.75 | 1.45833333333333 | (6*x)=8.75 | 6 x * 8.75 = | 6:bucket x:bucket *:bucket 8.75:bucket =:bucket
EXPR: 0 | POS | FRA | 4 | 2.75 | 52.5 | (x/6)=8.75 | x 6 / 8.75 = | x:bucket 6:bucket /:bucket 8.75:bucket =:bucket
EXPR: 1 | POS | FRA | 4 | 2.75 | 2.75 | 6=(8.75-x) | 6 8.75 x - = | 6:bucket 8.75:bucket x:bucket -:bucket =:bucket
EXPR: 0 | POS | FRA | 4 | 2.75 | 0.685714285714286 | 6=(8.75*x) | 6 8.75 x * = | 6:bucket 8.75:bucket x:bucket *:bucket =:bucket
EXPR: 0 | POS | FRA | 4 | 2.75 | 1.45833333333333 | 6=(8.75/x) | 6 8.75 x / = | 6:bucket 8.75:bucket x:bucket /:bucket =:bucket
NET 36 unique, non-negative solutions found out of 56 total solutions
