parameters: n=5 l=2 k=1 p=5 q=1 m=8
TOTAL 56 solutions found
SOLN: CORRECT | POS/NEG | INT/FRA | OBJ-SCORE | TRUE-ANS | ANS | INFIX | POSTFIX | TYPED-POSTFIX
EXPR: 1 | POS | FRA | 0 | 0.53 | 0.53 | (0.32+0.21)=x | 0.32 0.21 + x = | 0.32:inch 0.21:inch +:inch x:inch =:inch
EXPR: 0 | POS | FRA | 0 | 0.53 | 0.11 | x=(0.32-0.21) | x 0.32 0.21 - = | x:inch 0.32:inch 0.21:inch -:inch =:inch
EXPR: 0 | POS | FRA | 0 | 0.53 | 0.0672 | x=(0.32*0.21) | x 0.32 0.21 * = | x:inch 0.32:inch 0.21:inch *:inch =:inch
EXPR: 0 | POS | FRA | 0 | 0.53 | 1.52380952380952 | x=(0.32/0.21) | x 0.32 0.21 / = | x:inch 0.32:inch 0.21:inch /:inch =:inch
EXPR: 0 | POS | FRA | 0 | 0.53 | 0.11 | (0.32-0.21)=x | 0.32 0.21 - x = | 0.32:inch 0.21:inch -:inch x:inch =:inch
EXPR: 0 | POS | FRA | 0 | 0.53 | 1.52380952380952 | (0.32/0.21)=x | 0.32 0.21 / x = | 0.32:inch 0.21:inch /:inch x:inch =:inch
EXPR: 0 | POS | FRA | 0 | 0.53 | 0.0672 | (0.32*0.21)=x | 0.32 0.21 * x = | 0.32:inch 0.21:inch *:inch x:inch =:inch
EXPR: 1 | POS | FRA | 0 | 0.53 | 0.53 | x=(0.32+0.21) | x 0.32 0.21 + = | x:inch 0.32:inch 0.21:inch +:inch =:inch
EXPR: 0 | POS | FRA | 2 | 0.53 | 0.11 | 0.32=(x+0.21) | 0.32 x 0.21 + = | 0.32:inch x:inch 0.21:inch +:inch =:inch
EXPR: 1 | POS | FRA | 2 | 0.53 | 0.53 | 0.32=(x-0.21) | 0.32 x 0.21 - = | 0.32:inch x:inch 0.21:inch -:inch =:inch
EXPR: 0 | POS | FRA | 2 | 0.53 | 1.52380952380952 | 0.32=(x*0.21) | 0.32 x 0.21 * = | 0.32:inch x:inch 0.21:inch *:inch =:inch
EXPR: 0 | POS | FRA | 2 | 0.53 | 0.0672 | 0.32=(x/0.21) | 0.32 x 0.21 / = | 0.32:inch x:inch 0.21:inch /:inch =:inch
EXPR: 0 | POS | FRA | 2 | 0.53 | 0.65625 | x=(0.21/0.32) | x 0.21 0.32 / = | x:inch 0.21:inch 0.32:inch /:inch =:inch
EXPR: 0 | POS | FRA | 2 | 0.53 | 0.11 | (0.32-x)=0.21 | 0.32 x - 0.21 = | 0.32:inch x:inch -:inch 0.21:inch =:inch
EXPR: 0 | POS | FRA | 2 | 0.53 | 1.52380952380952 | (0.32/x)=0.21 | 0.32 x / 0.21 = | 0.32:inch x:inch /:inch 0.21:inch =:inch
EXPR: 1 | POS | FRA | 2 | 0.53 | 0.53 | (x-0.32)=0.21 | x 0.32 - 0.21 = | x:inch 0.32:inch -:inch 0.21:inch =:inch
EXPR: 0 | POS | FRA | 2 | 0.53 | 0.65625 | (0.32*x)=0.21 | 0.32 x * 0.21 = | 0.32:inch x:inch *:inch 0.21:inch =:inch
EXPR: 0 | POS | FRA | 2 | 0.53 | 0.0672 | (x/0.32)=0.21 | x 0.32 / 0.21 = | x:inch 0.32:inch /:inch 0.21:inch =:inch
EXPR: 0 | POS | FRA | 2 | 0.53 | 0.65625 | (x*0.32)=0.21 | x 0.32 * 0.21 = | x:inch 0.32:inch *:inch 0.21:inch =:inch
EXPR: 0 | POS | FRA | 2 | 0.53 | 0.65625 | (0.21/0.32)=x | 0.21 0.32 / x = | 0.21:inch 0.32:inch /:inch x:inch =:inch
EXPR: 0 | POS | FRA | 2 | 0.53 | 0.11 | 0.32=(0.21+x) | 0.32 0.21 x + = | 0.32:inch 0.21:inch x:inch +:inch =:inch
EXPR: 0 | POS | FRA | 2 | 0.53 | 1.52380952380952 | 0.32=(0.21*x) | 0.32 0.21 x * = | 0.32:inch 0.21:inch x:inch *:inch =:inch
EXPR: 0 | POS | FRA | 2 | 0.53 | 0.65625 | 0.32=(0.21/x) | 0.32 0.21 x / = | 0.32:inch 0.21:inch x:inch /:inch =:inch
EXPR: 0 | POS | FRA | 4 | 0.53 | 0.11 | (x+0.21)=0.32 | x 0.21 + 0.32 = | x:inch 0.21:inch +:inch 0.32:inch =:inch
EXPR: 0 | POS | FRA | 4 | 0.53 | 0.11 | (0.21+x)=0.32 | 0.21 x + 0.32 = | 0.21:inch x:inch +:inch 0.32:inch =:inch
EXPR: 1 | POS | FRA | 4 | 0.53 | 0.53 | 0.21=(x-0.32) | 0.21 x 0.32 - = | 0.21:inch x:inch 0.32:inch -:inch =:inch
EXPR: 0 | POS | FRA | 4 | 0.53 | 0.65625 | (0.21/x)=0.32 | 0.21 x / 0.32 = | 0.21:inch x:inch /:inch 0.32:inch =:inch
EXPR: 1 | POS | FRA | 4 | 0.53 | 0.53 | (x-0.21)=0.32 | x 0.21 - 0.32 = | x:inch 0.21:inch -:inch 0.32:inch =:inch
EXPR: 0 | POS | FRA | 4 | 0.53 | 0.65625 | 0.21=(x*0.32) | 0.21 x 0.32 * = | 0.21:inch x:inch 0.32:inch *:inch =:inch
EXPR: 0 | POS | FRA | 4 | 0.53 | 0.0672 | 0.21=(x/0.32) | 0.21 x 0.32 / = | 0.21:inch x:inch 0.32:inch /:inch =:inch
EXPR: 0 | POS | FRA | 4 | 0.53 | 1.52380952380952 | (x*0.21)=0.32 | x 0.21 * 0.32 = | x:inch 0.21:inch *:inch 0.32:inch =:inch
EXPR: 0 | POS | FRA | 4 | 0.53 | 1.52380952380952 | (0.21*x)=0.32 | 0.21 x * 0.32 = | 0.21:inch x:inch *:inch 0.32:inch =:inch
EXPR: 0 | POS | FRA | 4 | 0.53 | 0.0672 | (x/0.21)=0.32 | x 0.21 / 0.32 = | x:inch 0.21:inch /:inch 0.32:inch =:inch
EXPR: 0 | POS | FRA | 4 | 0.53 | 0.11 | 0.21=(0.32-x) | 0.21 0.32 x - = | 0.21:inch 0.32:inch x:inch -:inch =:inch
EXPR: 0 | POS | FRA | 4 | 0.53 | 0.65625 | 0.21=(0.32*x) | 0.21 0.32 x * = | 0.21:inch 0.32:inch x:inch *:inch =:inch
EXPR: 0 | POS | FRA | 4 | 0.53 | 1.52380952380952 | 0.21=(0.32/x) | 0.21 0.32 x / = | 0.21:inch 0.32:inch x:inch /:inch =:inch
NET 36 unique, non-negative solutions found out of 56 total solutions
